12.3027 	WARNING 	Import Error: No module named 'psychtoolbox'. Using event module for keyboard component.
16.7196 	WARNING 	User requested fullscreen with size [1920 1080], but screen is actually [1280, 800]. Using actual size
19.1231 	WARNING 	Couldn't measure a consistent frame rate.
  - Is your graphics card set to sync to vertical blank?
  - Are you running other processes on your computer?

19.1237 	EXP 	Created window1 = Window(allowGUI=False, allowStencil=False, args=UNKNOWN, autoLog=True, bitsMode=UNKNOWN, blendMode='avg', color=array([0., 0., 0.]), colorSpace='rgb', fullscr=<method-wrapper '__getattribute__' of attributeSetter object at 0x12949dbe0>, gamma=None, kwargs=UNKNOWN, lms=UNKNOWN, monitor=<psychopy.monitors.calibTools.Monitor object at 0x1294f5c18>, multiSample=False, name='window1', numSamples=2, pos=[0.0, 0.0], screen=0, size=array([2560, 1600]), stereo=False, units='height', useFBO=True, useRetina=True, viewOri=0.0, viewPos=None, viewScale=None, waitBlanking=True, winType='pyglet')
19.4349 	EXP 	Created prac_instr_text = TextStim(__class__=<class 'psychopy.visual.text.TextStim'>, alignHoriz='center', alignVert='center', antialias=True, autoLog=True, bold=False, color='white', colorSpace='named', contrast=1.0, depth=0.0, flipHoriz=False, flipVert=False, font='Arial', fontFiles=[], height=0.04, italic=False, languageStyle='LTR', name='prac_instr_text', opacity=1.0, ori=0, pos=array([0., 0.]), rgb=array([255., 255., 255.]), text=str(...), units='height', win=Window(...), wrapWidth=1)
19.4371 	EXP 	Created prac_trial_faceImage = ImageStim(__class__=<class 'psychopy.visual.image.ImageStim'>, autoLog=True, color=array([1., 1., 1.]), colorSpace='rgb', contrast=1.0, depth=-1.0, flipHoriz=False, flipVert=False, image='sin', interpolate=True, mask=None, maskParams=None, name='prac_trial_faceImage', opacity=1.0, ori=0.0, pos=array([0., 0.]), size=array([0.5, 0.5]), texRes=128, units='height', win=Window(...))
19.4547 	EXP 	Created prac_trial_nameText = TextStim(__class__=<class 'psychopy.visual.text.TextStim'>, alignHoriz='center', alignVert='center', antialias=True, autoLog=True, bold=False, color='white', colorSpace='named', contrast=1.0, depth=-2.0, flipHoriz=False, flipVert=False, font='Arial', fontFiles=[], height=0.1, italic=False, languageStyle='LTR', name='prac_trial_nameText', opacity=1.0, ori=0, pos=array([ 0. , -0.1]), rgb=array([255., 255., 255.]), text='default text', units='height', win=Window(...), wrapWidth=1)
19.4608 	EXP 	Created pract_trial_feedback_text = TextStim(__class__=<class 'psychopy.visual.text.TextStim'>, alignHoriz='center', alignVert='center', antialias=True, autoLog=True, bold=False, color='white', colorSpace='named', contrast=1.0, depth=0.0, flipHoriz=False, flipVert=False, font='Arial', fontFiles=[], height=0.1, italic=False, languageStyle='LTR', name='pract_trial_feedback_text', opacity=1.0, ori=0, pos=array([0., 0.]), rgb=array([255., 255., 255.]), text='Time Out', units='height', win=Window(...), wrapWidth=1)
19.4616 	EXP 	Created prac_trial_blank_text = TextStim(__class__=<class 'psychopy.visual.text.TextStim'>, alignHoriz='center', alignVert='center', antialias=True, autoLog=True, bold=False, color='white', colorSpace='named', contrast=1.0, depth=-1.0, flipHoriz=False, flipVert=False, font='Arial', fontFiles=[], height=0.1, italic=False, languageStyle='LTR', name='prac_trial_blank_text', opacity=1.0, ori=0, pos=array([0., 0.]), rgb=array([255., 255., 255.]), text='', units='height', win=Window(...), wrapWidth=1)
19.4942 	EXP 	Created prac_accuracy_text = TextStim(__class__=<class 'psychopy.visual.text.TextStim'>, alignHoriz='center', alignVert='center', antialias=True, autoLog=True, bold=False, color='white', colorSpace='named', contrast=1.0, depth=0.0, flipHoriz=False, flipVert=False, font='Arial', fontFiles=[], height=0.05, italic=False, languageStyle='LTR', name='prac_accuracy_text', opacity=1.0, ori=0, pos=array([0., 0.]), rgb=array([255., 255., 255.]), text=str(...), units='height', win=Window(...), wrapWidth=1)
19.5564 	EXP 	Created instr_text = TextStim(__class__=<class 'psychopy.visual.text.TextStim'>, alignHoriz='center', alignVert='center', antialias=True, autoLog=True, bold=False, color='white', colorSpace='named', contrast=1.0, depth=0.0, flipHoriz=False, flipVert=False, font='Arial', fontFiles=[], height=0.04, italic=False, languageStyle='LTR', name='instr_text', opacity=1.0, ori=0, pos=array([0., 0.]), rgb=array([255., 255., 255.]), text=str(...), units='height', win=Window(...), wrapWidth=1)
19.5585 	EXP 	Created trial_faceImage = ImageStim(__class__=<class 'psychopy.visual.image.ImageStim'>, autoLog=True, color=array([1., 1., 1.]), colorSpace='rgb', contrast=1.0, depth=-1.0, flipHoriz=False, flipVert=False, image='sin', interpolate=True, mask=None, maskParams=None, name='trial_faceImage', opacity=1.0, ori=0.0, pos=array([0., 0.]), size=array([0.5, 0.5]), texRes=128, units='height', win=Window(...))
19.5638 	EXP 	Created trial_nameText = TextStim(__class__=<class 'psychopy.visual.text.TextStim'>, alignHoriz='center', alignVert='center', antialias=True, autoLog=True, bold=False, color='white', colorSpace='named', contrast=1.0, depth=-2.0, flipHoriz=False, flipVert=False, font='Arial', fontFiles=[], height=0.1, italic=False, languageStyle='LTR', name='trial_nameText', opacity=1.0, ori=0, pos=array([ 0. , -0.1]), rgb=array([255., 255., 255.]), text='default text', units='height', win=Window(...), wrapWidth=1)
19.5679 	EXP 	Created trial_feedback_text = TextStim(__class__=<class 'psychopy.visual.text.TextStim'>, alignHoriz='center', alignVert='center', antialias=True, autoLog=True, bold=False, color='white', colorSpace='named', contrast=1.0, depth=0.0, flipHoriz=False, flipVert=False, font='Arial', fontFiles=[], height=0.1, italic=False, languageStyle='LTR', name='trial_feedback_text', opacity=1.0, ori=0, pos=array([0., 0.]), rgb=array([255., 255., 255.]), text='Time Out', units='height', win=Window(...), wrapWidth=1)
19.5686 	EXP 	Created trial_blank_text = TextStim(__class__=<class 'psychopy.visual.text.TextStim'>, alignHoriz='center', alignVert='center', antialias=True, autoLog=True, bold=False, color='white', colorSpace='named', contrast=1.0, depth=-1.0, flipHoriz=False, flipVert=False, font='Arial', fontFiles=[], height=0.1, italic=False, languageStyle='LTR', name='trial_blank_text', opacity=1.0, ori=0, pos=array([0., 0.]), rgb=array([255., 255., 255.]), text='', units='height', win=Window(...), wrapWidth=1)
19.5895 	EXP 	Created break_text = TextStim(__class__=<class 'psychopy.visual.text.TextStim'>, alignHoriz='center', alignVert='center', antialias=True, autoLog=True, bold=False, color='white', colorSpace='named', contrast=1.0, depth=0.0, flipHoriz=False, flipVert=False, font='Arial', fontFiles=[], height=0.05, italic=False, languageStyle='LTR', name='break_text', opacity=1.0, ori=0, pos=array([0., 0.]), rgb=array([255., 255., 255.]), text=str(...), units='height', win=Window(...), wrapWidth=1)
19.6086 	WARNING 	t of last frame was 485.69ms (=1/2)
19.6086 	EXP 	prac_instr_text: autoDraw = True
19.6309 	WARNING 	t of last frame was 22.24ms (=1/44)
19.8900 	WARNING 	t of last frame was 20.48ms (=1/48)
20.9240 	WARNING 	t of last frame was 20.21ms (=1/49)
21.6249 	WARNING 	Multiple dropped frames have occurred - I'll stop bothering you about them!
22.1538 	DATA 	Keypress: v
22.8158 	DATA 	Keypress: b
23.4521 	DATA 	Keypress: space
23.4894 	EXP 	prac_instr_text: autoDraw = False
23.4894 	EXP 	instr_text: autoDraw = True
25.0464 	DATA 	Keypress: space
25.1460 	EXP 	instr_text: autoDraw = False
25.1460 	EXP 	trial_faceImage: size = array([0.405  , 0.50625])
25.1460 	EXP 	trial_faceImage: image = './images/Cruise.jpg'
25.1460 	EXP 	trial_nameText: text = 'Cruise'
25.2788 	EXP 	trial_feedback_text: text = 'Time Out'
25.2788 	EXP 	trial_faceImage: autoDraw = True
25.2788 	EXP 	trial_nameText: autoDraw = True
25.2958 	EXP 	trial_feedback_text: text = 'Time Out'
25.3089 	EXP 	trial_feedback_text: text = 'Time Out'
25.3272 	EXP 	trial_feedback_text: text = 'Time Out'
25.3454 	EXP 	trial_feedback_text: text = 'Time Out'
25.3595 	EXP 	trial_feedback_text: text = 'Time Out'
25.3781 	EXP 	trial_feedback_text: text = 'Time Out'
25.3920 	EXP 	trial_feedback_text: text = 'Time Out'
25.4108 	EXP 	trial_feedback_text: text = 'Time Out'
25.4264 	EXP 	trial_feedback_text: text = 'Time Out'
25.4453 	EXP 	trial_feedback_text: text = 'Time Out'
25.4591 	EXP 	trial_feedback_text: text = 'Time Out'
25.4777 	EXP 	trial_feedback_text: text = 'Time Out'
25.4917 	EXP 	trial_feedback_text: text = 'Time Out'
25.5110 	EXP 	trial_feedback_text: text = 'Time Out'
25.5252 	EXP 	trial_feedback_text: text = 'Time Out'
25.5441 	EXP 	trial_feedback_text: text = 'Time Out'
25.5580 	EXP 	trial_feedback_text: text = 'Time Out'
25.5773 	EXP 	trial_feedback_text: text = 'Time Out'
25.5915 	EXP 	trial_feedback_text: text = 'Time Out'
25.6109 	EXP 	trial_feedback_text: text = 'Time Out'
25.6249 	EXP 	trial_feedback_text: text = 'Time Out'
25.6438 	EXP 	trial_feedback_text: text = 'Time Out'
25.6587 	EXP 	trial_feedback_text: text = 'Time Out'
25.6765 	EXP 	trial_feedback_text: text = 'Time Out'
25.6917 	EXP 	trial_feedback_text: text = 'Time Out'
25.7113 	EXP 	trial_feedback_text: text = 'Time Out'
25.7262 	EXP 	trial_feedback_text: text = 'Time Out'
25.7450 	EXP 	trial_feedback_text: text = 'Time Out'
25.7601 	EXP 	trial_feedback_text: text = 'Time Out'
25.7798 	EXP 	trial_feedback_text: text = 'Time Out'
25.7960 	EXP 	trial_feedback_text: text = 'Time Out'
25.8158 	EXP 	trial_feedback_text: text = 'Time Out'
25.8313 	EXP 	trial_feedback_text: text = 'Time Out'
25.8566 	EXP 	trial_feedback_text: text = 'Time Out'
25.8763 	EXP 	trial_feedback_text: text = 'Time Out'
25.8926 	EXP 	trial_feedback_text: text = 'Time Out'
25.9127 	EXP 	trial_feedback_text: text = 'Time Out'
25.9280 	EXP 	trial_feedback_text: text = 'Time Out'
25.9474 	EXP 	trial_feedback_text: text = 'Time Out'
25.9636 	EXP 	trial_feedback_text: text = 'Time Out'
25.9826 	EXP 	trial_feedback_text: text = 'Time Out'
26.0010 	EXP 	trial_feedback_text: text = 'Time Out'
26.0233 	EXP 	trial_feedback_text: text = 'Time Out'
26.0443 	EXP 	trial_feedback_text: text = 'Time Out'
26.0610 	EXP 	trial_feedback_text: text = 'Time Out'
26.0806 	EXP 	trial_feedback_text: text = 'Time Out'
26.0852 	DATA 	Keypress: escape
26.0990 	EXP 	trial_feedback_text: text = 'Time Out'
26.3897 	EXP 	window1: mouseVisible = True
