13.6870 	WARNING 	Import Error: No module named 'psychtoolbox'. Using event module for keyboard component.
17.4647 	WARNING 	User requested fullscreen with size [1920 1080], but screen is actually [1280, 800]. Using actual size
18.3754 	EXP 	Created window1 = Window(allowGUI=False, allowStencil=False, args=UNKNOWN, autoLog=True, bitsMode=UNKNOWN, blendMode='avg', color=array([0., 0., 0.]), colorSpace='rgb', fullscr=<method-wrapper '__getattribute__' of attributeSetter object at 0x11c7ae630>, gamma=None, kwargs=UNKNOWN, lms=UNKNOWN, monitor=<psychopy.monitors.calibTools.Monitor object at 0x11c8055c0>, multiSample=False, name='window1', numSamples=2, pos=[0.0, 0.0], screen=0, size=array([2560, 1600]), stereo=False, units='height', useFBO=True, useRetina=True, viewOri=0.0, viewPos=None, viewScale=None, waitBlanking=True, winType='pyglet')
18.6980 	EXP 	Created instr_text = TextStim(__class__=<class 'psychopy.visual.text.TextStim'>, alignHoriz='center', alignVert='center', antialias=True, autoLog=True, bold=False, color='white', colorSpace='named', contrast=1.0, depth=0.0, flipHoriz=False, flipVert=False, font='Arial', fontFiles=[], height=0.04, italic=False, languageStyle='LTR', name='instr_text', opacity=1.0, ori=0, pos=array([0., 0.]), rgb=array([255., 255., 255.]), text=str(...), units='height', win=Window(...), wrapWidth=1)
18.7011 	EXP 	Created trial_faceImage = ImageStim(__class__=<class 'psychopy.visual.image.ImageStim'>, autoLog=True, color=array([1., 1., 1.]), colorSpace='rgb', contrast=1.0, depth=-1.0, flipHoriz=False, flipVert=False, image='sin', interpolate=True, mask=None, maskParams=None, name='trial_faceImage', opacity=1.0, ori=0.0, pos=array([0., 0.]), size=array([0.5, 0.5]), texRes=128, units='height', win=Window(...))
18.7132 	EXP 	Created trial_nameText = TextStim(__class__=<class 'psychopy.visual.text.TextStim'>, alignHoriz='center', alignVert='center', antialias=True, autoLog=True, bold=False, color='white', colorSpace='named', contrast=1.0, depth=-2.0, flipHoriz=False, flipVert=False, font='Arial', fontFiles=[], height=0.1, italic=False, languageStyle='LTR', name='trial_nameText', opacity=1.0, ori=0, pos=array([ 0. , -0.1]), rgb=array([255., 255., 255.]), text='default text', units='height', win=Window(...), wrapWidth=1)
18.7202 	EXP 	Created trial_feedback_text = TextStim(__class__=<class 'psychopy.visual.text.TextStim'>, alignHoriz='center', alignVert='center', antialias=True, autoLog=True, bold=False, color='white', colorSpace='named', contrast=1.0, depth=0.0, flipHoriz=False, flipVert=False, font='Arial', fontFiles=[], height=0.1, italic=False, languageStyle='LTR', name='trial_feedback_text', opacity=1.0, ori=0, pos=array([0., 0.]), rgb=array([255., 255., 255.]), text='Time Out', units='height', win=Window(...), wrapWidth=1)
18.7209 	EXP 	Created trial_blank_text = TextStim(__class__=<class 'psychopy.visual.text.TextStim'>, alignHoriz='center', alignVert='center', antialias=True, autoLog=True, bold=False, color='white', colorSpace='named', contrast=1.0, depth=-1.0, flipHoriz=False, flipVert=False, font='Arial', fontFiles=[], height=0.1, italic=False, languageStyle='LTR', name='trial_blank_text', opacity=1.0, ori=0, pos=array([0., 0.]), rgb=array([255., 255., 255.]), text='', units='height', win=Window(...), wrapWidth=1)
18.7498 	EXP 	Created break_text = TextStim(__class__=<class 'psychopy.visual.text.TextStim'>, alignHoriz='center', alignVert='center', antialias=True, autoLog=True, bold=False, color='white', colorSpace='named', contrast=1.0, depth=0.0, flipHoriz=False, flipVert=False, font='Arial', fontFiles=[], height=0.05, italic=False, languageStyle='LTR', name='break_text', opacity=1.0, ori=0, pos=array([0., 0.]), rgb=array([255., 255., 255.]), text=str(...), units='height', win=Window(...), wrapWidth=1)
18.7853 	EXP 	Created BYETEXT = TextStim(__class__=<class 'psychopy.visual.text.TextStim'>, alignHoriz='center', alignVert='center', antialias=True, autoLog=True, bold=False, color='white', colorSpace='named', contrast=1.0, depth=0.0, flipHoriz=False, flipVert=False, font='Arial', fontFiles=[], height=0.1, italic=False, languageStyle='LTR', name='BYETEXT', opacity=1.0, ori=0, pos=array([0., 0.]), rgb=array([255., 255., 255.]), text=str(...), units='height', win=Window(...), wrapWidth=1)
18.8103 	EXP 	instr_text: autoDraw = True
21.8813 	DATA 	Keypress: space
21.9916 	EXP 	instr_text: autoDraw = False
21.9916 	EXP 	trial_faceImage: size = array([0.405  , 0.50625])
21.9916 	EXP 	trial_faceImage: image = './images/Damon.jpg'
21.9916 	EXP 	trial_nameText: text = 'Damon'
22.1246 	EXP 	trial_feedback_text: text = 'Time Out'
22.1246 	EXP 	trial_faceImage: autoDraw = True
22.1246 	EXP 	trial_nameText: autoDraw = True
22.1422 	EXP 	trial_feedback_text: text = 'Time Out'
22.1628 	EXP 	trial_feedback_text: text = 'Time Out'
22.1812 	EXP 	trial_feedback_text: text = 'Time Out'
22.1997 	EXP 	trial_feedback_text: text = 'Time Out'
22.2258 	EXP 	trial_feedback_text: text = 'Time Out'
22.2441 	EXP 	trial_feedback_text: text = 'Time Out'
22.2634 	EXP 	trial_feedback_text: text = 'Time Out'
22.2829 	EXP 	trial_feedback_text: text = 'Time Out'
22.3012 	EXP 	trial_feedback_text: text = 'Time Out'
22.3253 	EXP 	trial_feedback_text: text = 'Time Out'
22.3449 	EXP 	trial_feedback_text: text = 'Time Out'
22.3653 	EXP 	trial_feedback_text: text = 'Time Out'
22.3830 	EXP 	trial_feedback_text: text = 'Time Out'
22.3999 	EXP 	trial_feedback_text: text = 'Time Out'
22.4248 	EXP 	trial_feedback_text: text = 'Time Out'
22.4436 	EXP 	trial_feedback_text: text = 'Time Out'
22.4613 	EXP 	trial_feedback_text: text = 'Time Out'
22.4808 	EXP 	trial_feedback_text: text = 'Time Out'
22.4972 	EXP 	trial_feedback_text: text = 'Time Out'
22.5249 	EXP 	trial_feedback_text: text = 'Time Out'
22.5435 	EXP 	trial_feedback_text: text = 'Time Out'
22.5622 	EXP 	trial_feedback_text: text = 'Time Out'
22.5803 	EXP 	trial_feedback_text: text = 'Time Out'
22.5967 	EXP 	trial_feedback_text: text = 'Time Out'
22.6252 	EXP 	trial_feedback_text: text = 'Time Out'
22.6434 	EXP 	trial_feedback_text: text = 'Time Out'
22.6607 	EXP 	trial_feedback_text: text = 'Time Out'
22.6796 	EXP 	trial_feedback_text: text = 'Time Out'
22.6968 	EXP 	trial_feedback_text: text = 'Time Out'
22.7186 	EXP 	trial_feedback_text: text = 'Time Out'
22.7434 	EXP 	trial_feedback_text: text = 'Time Out'
22.7631 	EXP 	trial_feedback_text: text = 'Time Out'
22.7822 	EXP 	trial_feedback_text: text = 'Time Out'
22.8004 	EXP 	trial_feedback_text: text = 'Time Out'
22.8259 	EXP 	trial_feedback_text: text = 'Time Out'
22.8432 	EXP 	trial_feedback_text: text = 'Time Out'
22.8640 	EXP 	trial_feedback_text: text = 'Time Out'
22.8839 	EXP 	trial_feedback_text: text = 'Time Out'
22.8870 	DATA 	Keypress: v
22.9143 	EXP 	trial_feedback_text: text = 'Time Out'
22.9143 	EXP 	trial_feedback_text: text = 'Correct'
22.9143 	EXP 	trial_faceImage: autoDraw = False
22.9143 	EXP 	trial_nameText: autoDraw = False
22.9143 	EXP 	trial_feedback_text: autoDraw = True
23.4116 	EXP 	trial_feedback_text: autoDraw = False
23.4265 	EXP 	trial_blank_text: autoDraw = True
24.4306 	EXP 	trial_blank_text: autoDraw = False
24.4306 	EXP 	trial_feedback_text: autoDraw = False
24.4306 	EXP 	trial_blank_text: autoDraw = False
24.4306 	EXP 	trial_faceImage: size = array([0.405  , 0.50625])
24.4306 	EXP 	trial_faceImage: image = './images/Damon.jpg'
24.4306 	EXP 	trial_nameText: text = 'Clooney'
24.6340 	EXP 	trial_feedback_text: text = 'Time Out'
24.6340 	EXP 	trial_faceImage: autoDraw = True
24.6340 	EXP 	trial_nameText: autoDraw = True
24.6615 	EXP 	trial_feedback_text: text = 'Time Out'
24.6809 	EXP 	trial_feedback_text: text = 'Time Out'
24.7003 	EXP 	trial_feedback_text: text = 'Time Out'
24.7276 	EXP 	trial_feedback_text: text = 'Time Out'
24.7452 	EXP 	trial_feedback_text: text = 'Time Out'
24.7651 	EXP 	trial_feedback_text: text = 'Time Out'
24.7834 	EXP 	trial_feedback_text: text = 'Time Out'
24.8094 	EXP 	trial_feedback_text: text = 'Time Out'
24.8281 	EXP 	trial_feedback_text: text = 'Time Out'
24.8439 	EXP 	trial_feedback_text: text = 'Time Out'
24.8632 	EXP 	trial_feedback_text: text = 'Time Out'
24.8796 	EXP 	trial_feedback_text: text = 'Time Out'
24.8969 	EXP 	trial_feedback_text: text = 'Time Out'
24.9161 	EXP 	trial_feedback_text: text = 'Time Out'
24.9427 	EXP 	trial_feedback_text: text = 'Time Out'
24.9618 	EXP 	trial_feedback_text: text = 'Time Out'
24.9800 	EXP 	trial_feedback_text: text = 'Time Out'
24.9973 	EXP 	trial_feedback_text: text = 'Time Out'
25.0162 	EXP 	trial_feedback_text: text = 'Time Out'
25.0333 	EXP 	trial_feedback_text: text = 'Time Out'
25.0503 	EXP 	trial_feedback_text: text = 'Time Out'
25.0763 	EXP 	trial_feedback_text: text = 'Time Out'
25.0945 	EXP 	trial_feedback_text: text = 'Time Out'
25.1125 	EXP 	trial_feedback_text: text = 'Time Out'
25.1315 	EXP 	trial_feedback_text: text = 'Time Out'
25.1492 	EXP 	trial_feedback_text: text = 'Time Out'
25.1757 	EXP 	trial_feedback_text: text = 'Time Out'
25.1962 	EXP 	trial_feedback_text: text = 'Time Out'
25.2157 	EXP 	trial_feedback_text: text = 'Time Out'
25.2329 	EXP 	trial_feedback_text: text = 'Time Out'
25.2613 	EXP 	trial_feedback_text: text = 'Time Out'
25.2651 	DATA 	Keypress: v
25.2947 	EXP 	trial_feedback_text: text = 'Time Out'
25.2947 	EXP 	trial_feedback_text: text = 'Correct'
25.2947 	EXP 	trial_faceImage: autoDraw = False
25.2947 	EXP 	trial_nameText: autoDraw = False
25.2947 	EXP 	trial_feedback_text: autoDraw = True
25.7770 	EXP 	trial_feedback_text: autoDraw = False
25.7947 	EXP 	trial_blank_text: autoDraw = True
26.7949 	EXP 	trial_blank_text: autoDraw = False
26.7949 	EXP 	trial_feedback_text: autoDraw = False
26.7949 	EXP 	trial_blank_text: autoDraw = False
26.7949 	EXP 	trial_faceImage: size = array([0.405  , 0.50625])
26.7949 	EXP 	trial_faceImage: image = './images/Damon.jpg'
26.7949 	EXP 	trial_nameText: text = 'Cruise'
26.9994 	EXP 	trial_feedback_text: text = 'Time Out'
26.9994 	EXP 	trial_faceImage: autoDraw = True
26.9994 	EXP 	trial_nameText: autoDraw = True
27.0297 	EXP 	trial_feedback_text: text = 'Time Out'
27.0462 	EXP 	trial_feedback_text: text = 'Time Out'
27.0682 	EXP 	trial_feedback_text: text = 'Time Out'
27.0847 	EXP 	trial_feedback_text: text = 'Time Out'
27.1112 	EXP 	trial_feedback_text: text = 'Time Out'
27.1298 	EXP 	trial_feedback_text: text = 'Time Out'
27.1469 	EXP 	trial_feedback_text: text = 'Time Out'
27.1674 	EXP 	trial_feedback_text: text = 'Time Out'
27.1838 	EXP 	trial_feedback_text: text = 'Time Out'
27.2121 	EXP 	trial_feedback_text: text = 'Time Out'
27.2314 	EXP 	trial_feedback_text: text = 'Time Out'
27.2481 	EXP 	trial_feedback_text: text = 'Time Out'
27.2678 	EXP 	trial_feedback_text: text = 'Time Out'
27.2845 	EXP 	trial_feedback_text: text = 'Time Out'
27.3116 	EXP 	trial_feedback_text: text = 'Time Out'
27.3323 	EXP 	trial_feedback_text: text = 'Time Out'
27.3497 	EXP 	trial_feedback_text: text = 'Time Out'
27.3784 	EXP 	trial_feedback_text: text = 'Time Out'
27.3809 	DATA 	Keypress: v
27.4117 	EXP 	trial_feedback_text: text = 'Time Out'
27.4117 	EXP 	trial_feedback_text: text = 'Correct'
27.4117 	EXP 	trial_faceImage: autoDraw = False
27.4117 	EXP 	trial_nameText: autoDraw = False
27.4117 	EXP 	trial_feedback_text: autoDraw = True
27.8955 	EXP 	trial_feedback_text: autoDraw = False
27.9119 	EXP 	trial_blank_text: autoDraw = True
28.9158 	EXP 	trial_blank_text: autoDraw = False
28.9158 	EXP 	trial_feedback_text: autoDraw = False
28.9158 	EXP 	trial_blank_text: autoDraw = False
28.9158 	EXP 	trial_faceImage: size = array([0.405  , 0.50625])
28.9158 	EXP 	trial_faceImage: image = './images/Clooney.jpg'
28.9158 	EXP 	trial_nameText: text = 'Clooney'
29.1298 	EXP 	trial_feedback_text: text = 'Time Out'
29.1298 	EXP 	trial_faceImage: autoDraw = True
29.1298 	EXP 	trial_nameText: autoDraw = True
29.1465 	EXP 	trial_feedback_text: text = 'Time Out'
29.1675 	EXP 	trial_feedback_text: text = 'Time Out'
29.1957 	EXP 	trial_feedback_text: text = 'Time Out'
29.2147 	EXP 	trial_feedback_text: text = 'Time Out'
29.2337 	EXP 	trial_feedback_text: text = 'Time Out'
29.2515 	EXP 	trial_feedback_text: text = 'Time Out'
29.2777 	EXP 	trial_feedback_text: text = 'Time Out'
29.2961 	EXP 	trial_feedback_text: text = 'Time Out'
29.3170 	EXP 	trial_feedback_text: text = 'Time Out'
29.3358 	EXP 	trial_feedback_text: text = 'Time Out'
29.3632 	EXP 	trial_feedback_text: text = 'Time Out'
29.3815 	EXP 	trial_feedback_text: text = 'Time Out'
29.3999 	EXP 	trial_feedback_text: text = 'Time Out'
29.4186 	EXP 	trial_feedback_text: text = 'Time Out'
29.4448 	EXP 	trial_feedback_text: text = 'Time Out'
29.4642 	EXP 	trial_feedback_text: text = 'Time Out'
29.4844 	EXP 	trial_feedback_text: text = 'Time Out'
29.5118 	EXP 	trial_feedback_text: text = 'Time Out'
29.5321 	EXP 	trial_feedback_text: text = 'Time Out'
29.5500 	EXP 	trial_feedback_text: text = 'Time Out'
29.5786 	EXP 	trial_feedback_text: text = 'Time Out'
29.5822 	DATA 	Keypress: b
29.6122 	EXP 	trial_feedback_text: text = 'Time Out'
29.6122 	EXP 	trial_feedback_text: text = 'Incorrect'
29.6122 	EXP 	trial_faceImage: autoDraw = False
29.6122 	EXP 	trial_nameText: autoDraw = False
29.6122 	EXP 	trial_feedback_text: autoDraw = True
30.1124 	EXP 	trial_feedback_text: autoDraw = False
30.1124 	EXP 	trial_blank_text: autoDraw = True
31.1137 	EXP 	trial_blank_text: autoDraw = False
31.1137 	EXP 	trial_feedback_text: autoDraw = False
31.1137 	EXP 	trial_blank_text: autoDraw = False
31.1137 	EXP 	trial_faceImage: size = array([0.405  , 0.50625])
31.1137 	EXP 	trial_faceImage: image = './images/Cruise.jpg'
31.1137 	EXP 	trial_nameText: text = 'Cruise'
31.3294 	EXP 	trial_feedback_text: text = 'Time Out'
31.3294 	EXP 	trial_faceImage: autoDraw = True
31.3294 	EXP 	trial_nameText: autoDraw = True
31.3459 	EXP 	trial_feedback_text: text = 'Time Out'
31.3657 	EXP 	trial_feedback_text: text = 'Time Out'
31.3821 	EXP 	trial_feedback_text: text = 'Time Out'
31.3997 	EXP 	trial_feedback_text: text = 'Time Out'
31.4170 	EXP 	trial_feedback_text: text = 'Time Out'
31.4339 	EXP 	trial_feedback_text: text = 'Time Out'
31.4507 	EXP 	trial_feedback_text: text = 'Time Out'
31.4710 	EXP 	trial_feedback_text: text = 'Time Out'
31.4977 	EXP 	trial_feedback_text: text = 'Time Out'
31.5156 	EXP 	trial_feedback_text: text = 'Time Out'
31.5339 	EXP 	trial_feedback_text: text = 'Time Out'
31.5509 	EXP 	trial_feedback_text: text = 'Time Out'
31.5686 	EXP 	trial_feedback_text: text = 'Time Out'
31.5971 	EXP 	trial_feedback_text: text = 'Time Out'
31.6149 	EXP 	trial_feedback_text: text = 'Time Out'
31.6338 	EXP 	trial_feedback_text: text = 'Time Out'
31.6508 	EXP 	trial_feedback_text: text = 'Time Out'
31.6677 	EXP 	trial_feedback_text: text = 'Time Out'
31.6840 	EXP 	trial_feedback_text: text = 'Time Out'
31.7011 	EXP 	trial_feedback_text: text = 'Time Out'
31.7181 	EXP 	trial_feedback_text: text = 'Time Out'
31.7356 	EXP 	trial_feedback_text: text = 'Time Out'
31.7633 	EXP 	trial_feedback_text: text = 'Time Out'
31.7809 	EXP 	trial_feedback_text: text = 'Time Out'
31.7988 	EXP 	trial_feedback_text: text = 'Time Out'
31.8161 	EXP 	trial_feedback_text: text = 'Time Out'
31.8344 	EXP 	trial_feedback_text: text = 'Time Out'
31.8513 	EXP 	trial_feedback_text: text = 'Time Out'
31.8691 	EXP 	trial_feedback_text: text = 'Time Out'
31.8858 	EXP 	trial_feedback_text: text = 'Time Out'
31.9121 	EXP 	trial_feedback_text: text = 'Time Out'
31.9342 	EXP 	trial_feedback_text: text = 'Time Out'
31.9366 	DATA 	Keypress: b
31.9640 	EXP 	trial_feedback_text: text = 'Time Out'
31.9640 	EXP 	trial_feedback_text: text = 'Correct'
31.9640 	EXP 	trial_faceImage: autoDraw = False
31.9640 	EXP 	trial_nameText: autoDraw = False
31.9640 	EXP 	trial_feedback_text: autoDraw = True
32.4651 	EXP 	trial_feedback_text: autoDraw = False
32.4651 	EXP 	trial_blank_text: autoDraw = True
33.4628 	EXP 	trial_blank_text: autoDraw = False
33.4628 	EXP 	trial_feedback_text: autoDraw = False
33.4628 	EXP 	trial_blank_text: autoDraw = False
33.4628 	EXP 	trial_faceImage: size = array([0.405  , 0.50625])
33.4628 	EXP 	trial_faceImage: image = './images/Cruise.jpg'
33.4628 	EXP 	trial_nameText: text = 'Clooney'
33.6790 	EXP 	trial_feedback_text: text = 'Time Out'
33.6790 	EXP 	trial_faceImage: autoDraw = True
33.6790 	EXP 	trial_nameText: autoDraw = True
33.7002 	EXP 	trial_feedback_text: text = 'Time Out'
33.7194 	EXP 	trial_feedback_text: text = 'Time Out'
33.7362 	EXP 	trial_feedback_text: text = 'Time Out'
33.7543 	EXP 	trial_feedback_text: text = 'Time Out'
33.7809 	EXP 	trial_feedback_text: text = 'Time Out'
33.7992 	EXP 	trial_feedback_text: text = 'Time Out'
33.8214 	EXP 	trial_feedback_text: text = 'Time Out'
33.8456 	EXP 	trial_feedback_text: text = 'Time Out'
33.8664 	EXP 	trial_feedback_text: text = 'Time Out'
33.8828 	EXP 	trial_feedback_text: text = 'Time Out'
33.9031 	EXP 	trial_feedback_text: text = 'Time Out'
33.9303 	EXP 	trial_feedback_text: text = 'Time Out'
33.9492 	EXP 	trial_feedback_text: text = 'Time Out'
33.9674 	EXP 	trial_feedback_text: text = 'Time Out'
33.9869 	EXP 	trial_feedback_text: text = 'Time Out'
34.0055 	EXP 	trial_feedback_text: text = 'Time Out'
34.0299 	EXP 	trial_feedback_text: text = 'Time Out'
34.0482 	EXP 	trial_feedback_text: text = 'Time Out'
34.0696 	EXP 	trial_feedback_text: text = 'Time Out'
34.0965 	EXP 	trial_feedback_text: text = 'Time Out'
34.1161 	EXP 	trial_feedback_text: text = 'Time Out'
34.1203 	DATA 	Keypress: b
34.1464 	EXP 	trial_feedback_text: text = 'Time Out'
34.1799 	EXP 	trial_feedback_text: text = 'Time Out'
34.1799 	EXP 	trial_feedback_text: text = 'Correct'
34.1799 	EXP 	trial_faceImage: autoDraw = False
34.1799 	EXP 	trial_nameText: autoDraw = False
34.1799 	EXP 	trial_feedback_text: autoDraw = True
34.6668 	EXP 	trial_feedback_text: autoDraw = False
34.6826 	EXP 	trial_blank_text: autoDraw = True
35.6794 	EXP 	trial_blank_text: autoDraw = False
35.6794 	EXP 	trial_feedback_text: autoDraw = False
35.6794 	EXP 	trial_blank_text: autoDraw = False
35.6794 	EXP 	trial_faceImage: size = array([0.405  , 0.50625])
35.6794 	EXP 	trial_faceImage: image = './images/Clooney.jpg'
35.6794 	EXP 	trial_nameText: text = 'Cruise'
35.8979 	EXP 	trial_feedback_text: text = 'Time Out'
35.8979 	EXP 	trial_faceImage: autoDraw = True
35.8979 	EXP 	trial_nameText: autoDraw = True
35.9184 	EXP 	trial_feedback_text: text = 'Time Out'
35.9364 	EXP 	trial_feedback_text: text = 'Time Out'
35.9546 	EXP 	trial_feedback_text: text = 'Time Out'
35.9790 	EXP 	trial_feedback_text: text = 'Time Out'
35.9984 	EXP 	trial_feedback_text: text = 'Time Out'
36.0174 	EXP 	trial_feedback_text: text = 'Time Out'
36.0359 	EXP 	trial_feedback_text: text = 'Time Out'
36.0544 	EXP 	trial_feedback_text: text = 'Time Out'
36.0791 	EXP 	trial_feedback_text: text = 'Time Out'
36.0990 	EXP 	trial_feedback_text: text = 'Time Out'
36.1179 	EXP 	trial_feedback_text: text = 'Time Out'
36.1356 	EXP 	trial_feedback_text: text = 'Time Out'
36.1532 	EXP 	trial_feedback_text: text = 'Time Out'
36.1716 	EXP 	trial_feedback_text: text = 'Time Out'
36.1968 	EXP 	trial_feedback_text: text = 'Time Out'
36.2166 	EXP 	trial_feedback_text: text = 'Time Out'
36.2359 	EXP 	trial_feedback_text: text = 'Time Out'
36.2542 	EXP 	trial_feedback_text: text = 'Time Out'
36.2796 	EXP 	trial_feedback_text: text = 'Time Out'
36.2839 	DATA 	Keypress: n
36.3035 	EXP 	trial_feedback_text: text = 'Time Out'
36.3306 	EXP 	trial_feedback_text: text = 'Time Out'
36.3306 	EXP 	trial_feedback_text: text = 'Correct'
36.3306 	EXP 	trial_faceImage: autoDraw = False
36.3306 	EXP 	trial_nameText: autoDraw = False
36.3306 	EXP 	trial_feedback_text: autoDraw = True
36.8322 	EXP 	trial_feedback_text: autoDraw = False
36.8322 	EXP 	trial_blank_text: autoDraw = True
37.8455 	EXP 	trial_blank_text: autoDraw = False
37.8455 	EXP 	trial_feedback_text: autoDraw = False
37.8455 	EXP 	trial_blank_text: autoDraw = False
37.8455 	EXP 	trial_faceImage: size = array([0.405  , 0.50625])
37.8455 	EXP 	trial_faceImage: image = './images/Cruise.jpg'
37.8455 	EXP 	trial_nameText: text = 'Damon'
38.0563 	EXP 	trial_feedback_text: text = 'Time Out'
38.0563 	EXP 	trial_faceImage: autoDraw = True
38.0563 	EXP 	trial_nameText: autoDraw = True
38.0786 	EXP 	trial_feedback_text: text = 'Time Out'
38.0988 	EXP 	trial_feedback_text: text = 'Time Out'
38.1176 	EXP 	trial_feedback_text: text = 'Time Out'
38.1344 	EXP 	trial_feedback_text: text = 'Time Out'
38.1508 	EXP 	trial_feedback_text: text = 'Time Out'
38.1709 	EXP 	trial_feedback_text: text = 'Time Out'
38.1879 	EXP 	trial_feedback_text: text = 'Time Out'
38.2058 	EXP 	trial_feedback_text: text = 'Time Out'
38.2296 	EXP 	trial_feedback_text: text = 'Time Out'
38.2493 	EXP 	trial_feedback_text: text = 'Time Out'
38.2709 	EXP 	trial_feedback_text: text = 'Time Out'
38.2878 	EXP 	trial_feedback_text: text = 'Time Out'
38.3127 	EXP 	trial_feedback_text: text = 'Time Out'
38.3323 	EXP 	trial_feedback_text: text = 'Time Out'
38.3502 	EXP 	trial_feedback_text: text = 'Time Out'
38.3686 	EXP 	trial_feedback_text: text = 'Time Out'
38.3847 	EXP 	trial_feedback_text: text = 'Time Out'
38.4022 	EXP 	trial_feedback_text: text = 'Time Out'
38.4197 	EXP 	trial_feedback_text: text = 'Time Out'
38.4372 	EXP 	trial_feedback_text: text = 'Time Out'
38.4553 	EXP 	trial_feedback_text: text = 'Time Out'
38.4786 	EXP 	trial_feedback_text: text = 'Time Out'
38.4967 	EXP 	trial_feedback_text: text = 'Time Out'
38.5148 	EXP 	trial_feedback_text: text = 'Time Out'
38.5322 	EXP 	trial_feedback_text: text = 'Time Out'
38.5486 	EXP 	trial_feedback_text: text = 'Time Out'
38.5664 	EXP 	trial_feedback_text: text = 'Time Out'
38.5835 	EXP 	trial_feedback_text: text = 'Time Out'
38.6008 	EXP 	trial_feedback_text: text = 'Time Out'
38.6184 	EXP 	trial_feedback_text: text = 'Time Out'
38.6462 	EXP 	trial_feedback_text: text = 'Time Out'
38.6655 	EXP 	trial_feedback_text: text = 'Time Out'
38.6820 	EXP 	trial_feedback_text: text = 'Time Out'
38.6995 	EXP 	trial_feedback_text: text = 'Time Out'
38.7029 	DATA 	Keypress: b
38.7301 	EXP 	trial_feedback_text: text = 'Time Out'
38.7301 	EXP 	trial_feedback_text: text = 'Correct'
38.7301 	EXP 	trial_faceImage: autoDraw = False
38.7301 	EXP 	trial_nameText: autoDraw = False
38.7301 	EXP 	trial_feedback_text: autoDraw = True
39.2301 	EXP 	trial_feedback_text: autoDraw = False
39.2461 	EXP 	trial_blank_text: autoDraw = True
40.2323 	EXP 	trial_blank_text: autoDraw = False
40.2323 	EXP 	trial_feedback_text: autoDraw = False
40.2323 	EXP 	trial_blank_text: autoDraw = False
40.2323 	EXP 	trial_faceImage: size = array([0.405  , 0.50625])
40.2323 	EXP 	trial_faceImage: image = './images/Clooney.jpg'
40.2323 	EXP 	trial_nameText: text = 'Damon'
40.4563 	EXP 	trial_feedback_text: text = 'Time Out'
40.4563 	EXP 	trial_faceImage: autoDraw = True
40.4563 	EXP 	trial_nameText: autoDraw = True
40.4803 	EXP 	trial_feedback_text: text = 'Time Out'
40.4980 	EXP 	trial_feedback_text: text = 'Time Out'
40.5174 	EXP 	trial_feedback_text: text = 'Time Out'
40.5357 	EXP 	trial_feedback_text: text = 'Time Out'
40.5535 	EXP 	trial_feedback_text: text = 'Time Out'
40.5723 	EXP 	trial_feedback_text: text = 'Time Out'
40.5905 	EXP 	trial_feedback_text: text = 'Time Out'
40.6128 	EXP 	trial_feedback_text: text = 'Time Out'
40.6317 	EXP 	trial_feedback_text: text = 'Time Out'
40.6490 	EXP 	trial_feedback_text: text = 'Time Out'
40.6679 	EXP 	trial_feedback_text: text = 'Time Out'
40.6860 	EXP 	trial_feedback_text: text = 'Time Out'
40.7042 	EXP 	trial_feedback_text: text = 'Time Out'
40.7224 	EXP 	trial_feedback_text: text = 'Time Out'
40.7447 	EXP 	trial_feedback_text: text = 'Time Out'
40.7650 	EXP 	trial_feedback_text: text = 'Time Out'
40.7821 	EXP 	trial_feedback_text: text = 'Time Out'
40.8009 	EXP 	trial_feedback_text: text = 'Time Out'
40.8207 	EXP 	trial_feedback_text: text = 'Time Out'
40.8237 	DATA 	Keypress: n
40.8467 	EXP 	trial_feedback_text: text = 'Time Out'
40.8467 	EXP 	trial_feedback_text: text = 'Correct'
40.8467 	EXP 	trial_faceImage: autoDraw = False
40.8467 	EXP 	trial_nameText: autoDraw = False
40.8467 	EXP 	trial_feedback_text: autoDraw = True
41.3445 	EXP 	trial_feedback_text: autoDraw = False
41.3640 	EXP 	trial_blank_text: autoDraw = True
42.3451 	EXP 	trial_blank_text: autoDraw = False
42.3451 	EXP 	trial_feedback_text: autoDraw = False
42.3451 	EXP 	trial_blank_text: autoDraw = False
42.3451 	EXP 	break_text: autoDraw = True
43.3330 	DATA 	Keypress: space
48.4451 	DATA 	Keypress: space
48.4728 	EXP 	break_text: autoDraw = False
48.4728 	EXP 	trial_faceImage: size = array([0.405  , 0.50625])
48.4728 	EXP 	trial_faceImage: image = './images/Cruise.jpg'
48.4728 	EXP 	trial_nameText: text = 'Damon'
48.6879 	EXP 	trial_feedback_text: text = 'Time Out'
48.6879 	EXP 	trial_faceImage: autoDraw = True
48.6879 	EXP 	trial_nameText: autoDraw = True
48.7063 	EXP 	trial_feedback_text: text = 'Time Out'
48.7253 	EXP 	trial_feedback_text: text = 'Time Out'
48.7444 	EXP 	trial_feedback_text: text = 'Time Out'
48.7634 	EXP 	trial_feedback_text: text = 'Time Out'
48.7817 	EXP 	trial_feedback_text: text = 'Time Out'
48.7998 	EXP 	trial_feedback_text: text = 'Time Out'
48.8183 	EXP 	trial_feedback_text: text = 'Time Out'
48.8384 	EXP 	trial_feedback_text: text = 'Time Out'
48.8557 	EXP 	trial_feedback_text: text = 'Time Out'
48.8726 	EXP 	trial_feedback_text: text = 'Time Out'
48.8922 	EXP 	trial_feedback_text: text = 'Time Out'
48.9117 	EXP 	trial_feedback_text: text = 'Time Out'
48.9305 	EXP 	trial_feedback_text: text = 'Time Out'
48.9492 	EXP 	trial_feedback_text: text = 'Time Out'
48.9681 	EXP 	trial_feedback_text: text = 'Time Out'
48.9879 	EXP 	trial_feedback_text: text = 'Time Out'
49.0057 	EXP 	trial_feedback_text: text = 'Time Out'
49.0239 	EXP 	trial_feedback_text: text = 'Time Out'
49.0405 	EXP 	trial_feedback_text: text = 'Time Out'
49.0572 	EXP 	trial_feedback_text: text = 'Time Out'
49.0752 	EXP 	trial_feedback_text: text = 'Time Out'
49.0917 	EXP 	trial_feedback_text: text = 'Time Out'
49.1088 	EXP 	trial_feedback_text: text = 'Time Out'
49.1255 	EXP 	trial_feedback_text: text = 'Time Out'
49.1434 	EXP 	trial_feedback_text: text = 'Time Out'
49.1611 	EXP 	trial_feedback_text: text = 'Time Out'
49.1788 	EXP 	trial_feedback_text: text = 'Time Out'
49.1958 	EXP 	trial_feedback_text: text = 'Time Out'
49.2131 	EXP 	trial_feedback_text: text = 'Time Out'
49.2291 	EXP 	trial_feedback_text: text = 'Time Out'
49.2460 	EXP 	trial_feedback_text: text = 'Time Out'
49.2622 	EXP 	trial_feedback_text: text = 'Time Out'
49.2802 	EXP 	trial_feedback_text: text = 'Time Out'
49.2955 	EXP 	trial_feedback_text: text = 'Time Out'
49.3128 	EXP 	trial_feedback_text: text = 'Time Out'
49.3291 	EXP 	trial_feedback_text: text = 'Time Out'
49.3464 	EXP 	trial_feedback_text: text = 'Time Out'
49.3644 	EXP 	trial_feedback_text: text = 'Time Out'
49.3821 	EXP 	trial_feedback_text: text = 'Time Out'
49.3982 	EXP 	trial_feedback_text: text = 'Time Out'
49.4148 	EXP 	trial_feedback_text: text = 'Time Out'
49.4307 	EXP 	trial_feedback_text: text = 'Time Out'
49.4483 	EXP 	trial_feedback_text: text = 'Time Out'
49.4642 	EXP 	trial_feedback_text: text = 'Time Out'
49.4822 	EXP 	trial_feedback_text: text = 'Time Out'
49.4981 	EXP 	trial_feedback_text: text = 'Time Out'
49.5157 	EXP 	trial_feedback_text: text = 'Time Out'
49.5318 	EXP 	trial_feedback_text: text = 'Time Out'
49.5484 	EXP 	trial_feedback_text: text = 'Time Out'
49.5656 	EXP 	trial_feedback_text: text = 'Time Out'
49.5829 	EXP 	trial_feedback_text: text = 'Time Out'
49.5996 	EXP 	trial_feedback_text: text = 'Time Out'
49.6175 	EXP 	trial_feedback_text: text = 'Time Out'
49.6342 	EXP 	trial_feedback_text: text = 'Time Out'
49.6515 	EXP 	trial_feedback_text: text = 'Time Out'
49.6658 	EXP 	trial_faceImage: autoDraw = False
49.6658 	EXP 	trial_nameText: autoDraw = False
49.6658 	EXP 	trial_faceImage: autoDraw = False
49.6658 	EXP 	trial_nameText: autoDraw = False
49.6658 	EXP 	trial_feedback_text: autoDraw = True
50.1721 	EXP 	trial_feedback_text: autoDraw = False
50.1721 	EXP 	trial_blank_text: autoDraw = True
50.8919 	DATA 	Keypress: escape
51.1993 	EXP 	window1: mouseVisible = True
