11.3281 	WARNING 	Import Error: No module named 'psychtoolbox'. Using event module for keyboard component.
13.6895 	WARNING 	User requested fullscreen with size [1920 1080], but screen is actually [1280, 800]. Using actual size
15.5202 	EXP 	Created window1 = Window(allowGUI=False, allowStencil=False, args=UNKNOWN, autoLog=True, bitsMode=UNKNOWN, blendMode='avg', color=array([0., 0., 0.]), colorSpace='rgb', fullscr=<method-wrapper '__getattribute__' of attributeSetter object at 0x11db40358>, gamma=None, kwargs=UNKNOWN, lms=UNKNOWN, monitor=<psychopy.monitors.calibTools.Monitor object at 0x11db984a8>, multiSample=False, name='window1', numSamples=2, pos=[0.0, 0.0], screen=0, size=array([2560, 1600]), stereo=False, units='height', useFBO=True, useRetina=True, viewOri=0.0, viewPos=None, viewScale=None, waitBlanking=True, winType='pyglet')
15.8289 	EXP 	Created instr_text = TextStim(__class__=<class 'psychopy.visual.text.TextStim'>, alignHoriz='center', alignVert='center', antialias=True, autoLog=True, bold=False, color='white', colorSpace='named', contrast=1.0, depth=0.0, flipHoriz=False, flipVert=False, font='Arial', fontFiles=[], height=0.04, italic=False, languageStyle='LTR', name='instr_text', opacity=1.0, ori=0, pos=array([0., 0.]), rgb=array([255., 255., 255.]), text=str(...), units='height', win=Window(...), wrapWidth=1)
15.8319 	EXP 	Created trial_faceImage = ImageStim(__class__=<class 'psychopy.visual.image.ImageStim'>, autoLog=True, color=array([1., 1., 1.]), colorSpace='rgb', contrast=1.0, depth=-1.0, flipHoriz=False, flipVert=False, image='sin', interpolate=True, mask=None, maskParams=None, name='trial_faceImage', opacity=1.0, ori=0.0, pos=array([0., 0.]), size=array([0.5, 0.5]), texRes=128, units='height', win=Window(...))
15.8469 	EXP 	Created trial_nameText = TextStim(__class__=<class 'psychopy.visual.text.TextStim'>, alignHoriz='center', alignVert='center', antialias=True, autoLog=True, bold=False, color='white', colorSpace='named', contrast=1.0, depth=-2.0, flipHoriz=False, flipVert=False, font='Arial', fontFiles=[], height=0.1, italic=False, languageStyle='LTR', name='trial_nameText', opacity=1.0, ori=0, pos=array([ 0. , -0.1]), rgb=array([255., 255., 255.]), text='default text', units='height', win=Window(...), wrapWidth=1)
15.8569 	EXP 	Created trial_feedback_text = TextStim(__class__=<class 'psychopy.visual.text.TextStim'>, alignHoriz='center', alignVert='center', antialias=True, autoLog=True, bold=False, color='white', colorSpace='named', contrast=1.0, depth=0.0, flipHoriz=False, flipVert=False, font='Arial', fontFiles=[], height=0.1, italic=False, languageStyle='LTR', name='trial_feedback_text', opacity=1.0, ori=0, pos=array([0., 0.]), rgb=array([255., 255., 255.]), text='Time Out', units='height', win=Window(...), wrapWidth=1)
15.8578 	EXP 	Created trial_blank_text = TextStim(__class__=<class 'psychopy.visual.text.TextStim'>, alignHoriz='center', alignVert='center', antialias=True, autoLog=True, bold=False, color='white', colorSpace='named', contrast=1.0, depth=-1.0, flipHoriz=False, flipVert=False, font='Arial', fontFiles=[], height=0.1, italic=False, languageStyle='LTR', name='trial_blank_text', opacity=1.0, ori=0, pos=array([0., 0.]), rgb=array([255., 255., 255.]), text='', units='height', win=Window(...), wrapWidth=1)
15.8899 	EXP 	Created break_text = TextStim(__class__=<class 'psychopy.visual.text.TextStim'>, alignHoriz='center', alignVert='center', antialias=True, autoLog=True, bold=False, color='white', colorSpace='named', contrast=1.0, depth=0.0, flipHoriz=False, flipVert=False, font='Arial', fontFiles=[], height=0.05, italic=False, languageStyle='LTR', name='break_text', opacity=1.0, ori=0, pos=array([0., 0.]), rgb=array([255., 255., 255.]), text=str(...), units='height', win=Window(...), wrapWidth=1)
15.9085 	EXP 	instr_text: autoDraw = True
16.9091 	DATA 	Keypress: space
17.0693 	EXP 	instr_text: autoDraw = False
17.0693 	EXP 	trial_faceImage: size = array([0.405  , 0.50625])
17.0693 	EXP 	trial_faceImage: image = './images/Cruise.jpg'
17.0693 	EXP 	trial_nameText: text = 'Clooney'
17.1396 	EXP 	trial_feedback_text: text = 'Time Out'
17.1396 	EXP 	trial_faceImage: autoDraw = True
17.1396 	EXP 	trial_nameText: autoDraw = True
17.1572 	EXP 	trial_feedback_text: text = 'Time Out'
17.1754 	EXP 	trial_feedback_text: text = 'Time Out'
17.2017 	EXP 	trial_feedback_text: text = 'Time Out'
17.2220 	EXP 	trial_feedback_text: text = 'Time Out'
17.2362 	EXP 	trial_feedback_text: text = 'Time Out'
17.2533 	EXP 	trial_feedback_text: text = 'Time Out'
17.2708 	EXP 	trial_feedback_text: text = 'Time Out'
17.2872 	EXP 	trial_feedback_text: text = 'Time Out'
17.3029 	EXP 	trial_feedback_text: text = 'Time Out'
17.3206 	EXP 	trial_feedback_text: text = 'Time Out'
17.3387 	EXP 	trial_feedback_text: text = 'Time Out'
17.3548 	EXP 	trial_feedback_text: text = 'Time Out'
17.3722 	EXP 	trial_feedback_text: text = 'Time Out'
17.3887 	EXP 	trial_feedback_text: text = 'Time Out'
17.4049 	EXP 	trial_feedback_text: text = 'Time Out'
17.4238 	EXP 	trial_feedback_text: text = 'Time Out'
17.4375 	EXP 	trial_feedback_text: text = 'Time Out'
17.4562 	EXP 	trial_feedback_text: text = 'Time Out'
17.4732 	EXP 	trial_feedback_text: text = 'Time Out'
17.4898 	EXP 	trial_feedback_text: text = 'Time Out'
17.5055 	EXP 	trial_feedback_text: text = 'Time Out'
17.5228 	EXP 	trial_feedback_text: text = 'Time Out'
17.5380 	EXP 	trial_feedback_text: text = 'Time Out'
17.5557 	EXP 	trial_feedback_text: text = 'Time Out'
17.5716 	EXP 	trial_feedback_text: text = 'Time Out'
17.5877 	EXP 	trial_feedback_text: text = 'Time Out'
17.6029 	EXP 	trial_feedback_text: text = 'Time Out'
17.6225 	EXP 	trial_feedback_text: text = 'Time Out'
17.6388 	EXP 	trial_feedback_text: text = 'Time Out'
17.6574 	EXP 	trial_feedback_text: text = 'Time Out'
17.6725 	EXP 	trial_feedback_text: text = 'Time Out'
17.6914 	EXP 	trial_feedback_text: text = 'Time Out'
17.7079 	EXP 	trial_feedback_text: text = 'Time Out'
17.7259 	EXP 	trial_feedback_text: text = 'Time Out'
17.7422 	EXP 	trial_feedback_text: text = 'Time Out'
17.7685 	EXP 	trial_feedback_text: text = 'Time Out'
17.7863 	EXP 	trial_feedback_text: text = 'Time Out'
17.8028 	EXP 	trial_feedback_text: text = 'Time Out'
17.8208 	EXP 	trial_feedback_text: text = 'Time Out'
17.8373 	EXP 	trial_feedback_text: text = 'Time Out'
17.8556 	EXP 	trial_feedback_text: text = 'Time Out'
17.8730 	EXP 	trial_feedback_text: text = 'Time Out'
17.8909 	EXP 	trial_feedback_text: text = 'Time Out'
17.9079 	EXP 	trial_feedback_text: text = 'Time Out'
17.9258 	EXP 	trial_feedback_text: text = 'Time Out'
17.9423 	EXP 	trial_feedback_text: text = 'Time Out'
17.9686 	EXP 	trial_feedback_text: text = 'Time Out'
17.9860 	EXP 	trial_feedback_text: text = 'Time Out'
18.0047 	EXP 	trial_feedback_text: text = 'Time Out'
18.0081 	DATA 	Keypress: b
18.0344 	EXP 	trial_feedback_text: text = 'Time Out'
18.0344 	EXP 	trial_feedback_text: text = 'Correct'
18.0344 	EXP 	trial_faceImage: autoDraw = False
18.0344 	EXP 	trial_nameText: autoDraw = False
18.0344 	EXP 	trial_feedback_text: autoDraw = True
18.5353 	EXP 	trial_feedback_text: autoDraw = False
18.5353 	EXP 	trial_blank_text: autoDraw = True
19.5546 	EXP 	trial_blank_text: autoDraw = False
19.5546 	EXP 	trial_feedback_text: autoDraw = False
19.5546 	EXP 	trial_blank_text: autoDraw = False
19.5546 	EXP 	trial_faceImage: size = array([0.405  , 0.50625])
19.5546 	EXP 	trial_faceImage: image = './images/Cruise.jpg'
19.5546 	EXP 	trial_nameText: text = 'Cruise'
19.7602 	EXP 	trial_feedback_text: text = 'Time Out'
19.7602 	EXP 	trial_faceImage: autoDraw = True
19.7602 	EXP 	trial_nameText: autoDraw = True
19.7871 	EXP 	trial_feedback_text: text = 'Time Out'
19.8042 	EXP 	trial_feedback_text: text = 'Time Out'
19.8236 	EXP 	trial_feedback_text: text = 'Time Out'
19.8397 	EXP 	trial_feedback_text: text = 'Time Out'
19.8586 	EXP 	trial_feedback_text: text = 'Time Out'
19.8755 	EXP 	trial_feedback_text: text = 'Time Out'
19.9031 	EXP 	trial_feedback_text: text = 'Time Out'
19.9223 	EXP 	trial_feedback_text: text = 'Time Out'
19.9385 	EXP 	trial_feedback_text: text = 'Time Out'
19.9567 	EXP 	trial_feedback_text: text = 'Time Out'
19.9739 	EXP 	trial_feedback_text: text = 'Time Out'
19.9923 	EXP 	trial_feedback_text: text = 'Time Out'
20.0100 	EXP 	trial_feedback_text: text = 'Time Out'
20.0359 	EXP 	trial_feedback_text: text = 'Time Out'
20.0548 	EXP 	trial_feedback_text: text = 'Time Out'
20.0732 	EXP 	trial_feedback_text: text = 'Time Out'
20.0915 	EXP 	trial_feedback_text: text = 'Time Out'
20.1082 	EXP 	trial_feedback_text: text = 'Time Out'
20.1259 	EXP 	trial_feedback_text: text = 'Time Out'
20.1421 	EXP 	trial_feedback_text: text = 'Time Out'
20.1603 	EXP 	trial_feedback_text: text = 'Time Out'
20.1866 	EXP 	trial_feedback_text: text = 'Time Out'
20.2037 	EXP 	trial_feedback_text: text = 'Time Out'
20.2220 	EXP 	trial_feedback_text: text = 'Time Out'
20.2461 	EXP 	trial_feedback_text: text = 'Time Out'
20.2699 	EXP 	trial_feedback_text: text = 'Time Out'
20.2869 	EXP 	trial_feedback_text: text = 'Time Out'
20.3031 	EXP 	trial_feedback_text: text = 'Time Out'
20.3211 	EXP 	trial_feedback_text: text = 'Time Out'
20.3368 	EXP 	trial_feedback_text: text = 'Time Out'
20.3545 	EXP 	trial_feedback_text: text = 'Time Out'
20.3597 	DATA 	Keypress: b
20.3749 	EXP 	trial_feedback_text: text = 'Time Out'
20.4034 	EXP 	trial_feedback_text: text = 'Time Out'
20.4034 	EXP 	trial_feedback_text: text = 'Correct'
20.4034 	EXP 	trial_faceImage: autoDraw = False
20.4034 	EXP 	trial_nameText: autoDraw = False
20.4034 	EXP 	trial_feedback_text: autoDraw = True
20.8878 	EXP 	trial_feedback_text: autoDraw = False
20.9045 	EXP 	trial_blank_text: autoDraw = True
21.9226 	EXP 	trial_blank_text: autoDraw = False
21.9226 	EXP 	trial_feedback_text: autoDraw = False
21.9226 	EXP 	trial_blank_text: autoDraw = False
21.9226 	EXP 	trial_faceImage: size = array([0.405  , 0.50625])
21.9226 	EXP 	trial_faceImage: image = './images/Cruise.jpg'
21.9226 	EXP 	trial_nameText: text = 'Damon'
22.1084 	EXP 	trial_feedback_text: text = 'Time Out'
22.1084 	EXP 	trial_faceImage: autoDraw = True
22.1084 	EXP 	trial_nameText: autoDraw = True
22.1253 	EXP 	trial_feedback_text: text = 'Time Out'
22.1405 	EXP 	trial_feedback_text: text = 'Time Out'
22.1581 	EXP 	trial_feedback_text: text = 'Time Out'
22.1729 	EXP 	trial_feedback_text: text = 'Time Out'
22.1911 	EXP 	trial_feedback_text: text = 'Time Out'
22.2072 	EXP 	trial_feedback_text: text = 'Time Out'
22.2273 	EXP 	trial_feedback_text: text = 'Time Out'
22.2540 	EXP 	trial_feedback_text: text = 'Time Out'
22.2699 	EXP 	trial_feedback_text: text = 'Time Out'
22.2867 	EXP 	trial_feedback_text: text = 'Time Out'
22.3020 	EXP 	trial_feedback_text: text = 'Time Out'
22.3212 	EXP 	trial_feedback_text: text = 'Time Out'
22.3377 	EXP 	trial_feedback_text: text = 'Time Out'
22.3575 	EXP 	trial_feedback_text: text = 'Time Out'
22.3721 	EXP 	trial_feedback_text: text = 'Time Out'
22.3880 	EXP 	trial_feedback_text: text = 'Time Out'
22.4046 	EXP 	trial_feedback_text: text = 'Time Out'
22.4211 	EXP 	trial_feedback_text: text = 'Time Out'
22.4362 	EXP 	trial_feedback_text: text = 'Time Out'
22.4558 	EXP 	trial_feedback_text: text = 'Time Out'
22.4717 	EXP 	trial_feedback_text: text = 'Time Out'
22.4880 	EXP 	trial_feedback_text: text = 'Time Out'
22.5037 	EXP 	trial_feedback_text: text = 'Time Out'
22.5202 	EXP 	trial_feedback_text: text = 'Time Out'
22.5357 	EXP 	trial_feedback_text: text = 'Time Out'
22.5537 	EXP 	trial_feedback_text: text = 'Time Out'
22.5696 	EXP 	trial_feedback_text: text = 'Time Out'
22.5875 	EXP 	trial_feedback_text: text = 'Time Out'
22.6027 	EXP 	trial_feedback_text: text = 'Time Out'
22.6205 	EXP 	trial_feedback_text: text = 'Time Out'
22.6361 	EXP 	trial_feedback_text: text = 'Time Out'
22.6549 	EXP 	trial_feedback_text: text = 'Time Out'
22.6704 	EXP 	trial_feedback_text: text = 'Time Out'
22.6885 	EXP 	trial_feedback_text: text = 'Time Out'
22.7043 	EXP 	trial_feedback_text: text = 'Time Out'
22.7225 	EXP 	trial_feedback_text: text = 'Time Out'
22.7377 	EXP 	trial_feedback_text: text = 'Time Out'
22.7411 	DATA 	Keypress: b
22.7696 	EXP 	trial_feedback_text: text = 'Time Out'
22.7696 	EXP 	trial_feedback_text: text = 'Correct'
22.7696 	EXP 	trial_faceImage: autoDraw = False
22.7696 	EXP 	trial_nameText: autoDraw = False
22.7696 	EXP 	trial_feedback_text: autoDraw = True
23.2555 	EXP 	trial_feedback_text: autoDraw = False
23.2706 	EXP 	trial_blank_text: autoDraw = True
24.2880 	EXP 	trial_blank_text: autoDraw = False
24.2880 	EXP 	trial_feedback_text: autoDraw = False
24.2880 	EXP 	trial_blank_text: autoDraw = False
24.2880 	EXP 	trial_faceImage: size = array([0.405  , 0.50625])
24.2880 	EXP 	trial_faceImage: image = './images/Damon.jpg'
24.2880 	EXP 	trial_nameText: text = 'Clooney'
24.4882 	EXP 	trial_feedback_text: text = 'Time Out'
24.4882 	EXP 	trial_faceImage: autoDraw = True
24.4882 	EXP 	trial_nameText: autoDraw = True
24.5060 	EXP 	trial_feedback_text: text = 'Time Out'
24.5262 	EXP 	trial_feedback_text: text = 'Time Out'
24.5428 	EXP 	trial_feedback_text: text = 'Time Out'
24.5619 	EXP 	trial_feedback_text: text = 'Time Out'
24.5874 	EXP 	trial_feedback_text: text = 'Time Out'
24.6060 	EXP 	trial_feedback_text: text = 'Time Out'
24.6262 	EXP 	trial_feedback_text: text = 'Time Out'
24.6426 	EXP 	trial_feedback_text: text = 'Time Out'
24.6610 	EXP 	trial_feedback_text: text = 'Time Out'
24.6878 	EXP 	trial_feedback_text: text = 'Time Out'
24.7056 	EXP 	trial_feedback_text: text = 'Time Out'
24.7259 	EXP 	trial_feedback_text: text = 'Time Out'
24.7429 	EXP 	trial_feedback_text: text = 'Time Out'
24.7626 	EXP 	trial_feedback_text: text = 'Time Out'
24.7868 	EXP 	trial_feedback_text: text = 'Time Out'
24.8047 	EXP 	trial_feedback_text: text = 'Time Out'
24.8252 	EXP 	trial_feedback_text: text = 'Time Out'
24.8416 	EXP 	trial_feedback_text: text = 'Time Out'
24.8611 	EXP 	trial_feedback_text: text = 'Time Out'
24.8782 	EXP 	trial_feedback_text: text = 'Time Out'
24.9031 	EXP 	trial_feedback_text: text = 'Time Out'
24.9258 	EXP 	trial_feedback_text: text = 'Time Out'
24.9421 	EXP 	trial_feedback_text: text = 'Time Out'
24.9624 	EXP 	trial_feedback_text: text = 'Time Out'
24.9881 	EXP 	trial_feedback_text: text = 'Time Out'
25.0068 	EXP 	trial_feedback_text: text = 'Time Out'
25.0277 	EXP 	trial_feedback_text: text = 'Time Out'
25.0445 	EXP 	trial_feedback_text: text = 'Time Out'
25.0626 	EXP 	trial_feedback_text: text = 'Time Out'
25.0873 	EXP 	trial_feedback_text: text = 'Time Out'
25.1060 	EXP 	trial_feedback_text: text = 'Time Out'
25.1276 	EXP 	trial_feedback_text: text = 'Time Out'
25.1323 	DATA 	Keypress: n
25.1556 	EXP 	trial_feedback_text: text = 'Time Out'
25.1877 	EXP 	trial_feedback_text: text = 'Time Out'
25.1877 	EXP 	trial_feedback_text: text = 'Correct'
25.1877 	EXP 	trial_faceImage: autoDraw = False
25.1877 	EXP 	trial_nameText: autoDraw = False
25.1877 	EXP 	trial_feedback_text: autoDraw = True
25.6756 	EXP 	trial_feedback_text: autoDraw = False
25.6928 	EXP 	trial_blank_text: autoDraw = True
26.6863 	EXP 	trial_blank_text: autoDraw = False
26.6863 	EXP 	trial_feedback_text: autoDraw = False
26.6863 	EXP 	trial_blank_text: autoDraw = False
26.6863 	EXP 	trial_faceImage: size = array([0.405  , 0.50625])
26.6863 	EXP 	trial_faceImage: image = './images/Clooney.jpg'
26.6863 	EXP 	trial_nameText: text = 'Clooney'
26.8940 	EXP 	trial_feedback_text: text = 'Time Out'
26.8940 	EXP 	trial_faceImage: autoDraw = True
26.8940 	EXP 	trial_nameText: autoDraw = True
26.9094 	EXP 	trial_feedback_text: text = 'Time Out'
26.9265 	EXP 	trial_feedback_text: text = 'Time Out'
26.9416 	EXP 	trial_feedback_text: text = 'Time Out'
26.9594 	EXP 	trial_feedback_text: text = 'Time Out'
26.9741 	EXP 	trial_feedback_text: text = 'Time Out'
26.9922 	EXP 	trial_feedback_text: text = 'Time Out'
27.0083 	EXP 	trial_feedback_text: text = 'Time Out'
27.0257 	EXP 	trial_feedback_text: text = 'Time Out'
27.0404 	EXP 	trial_feedback_text: text = 'Time Out'
27.0578 	EXP 	trial_feedback_text: text = 'Time Out'
27.0736 	EXP 	trial_feedback_text: text = 'Time Out'
27.0914 	EXP 	trial_feedback_text: text = 'Time Out'
27.1070 	EXP 	trial_feedback_text: text = 'Time Out'
27.1246 	EXP 	trial_feedback_text: text = 'Time Out'
27.1395 	EXP 	trial_feedback_text: text = 'Time Out'
27.1572 	EXP 	trial_feedback_text: text = 'Time Out'
27.1726 	EXP 	trial_feedback_text: text = 'Time Out'
27.1907 	EXP 	trial_feedback_text: text = 'Time Out'
27.2058 	EXP 	trial_feedback_text: text = 'Time Out'
27.2241 	EXP 	trial_feedback_text: text = 'Time Out'
27.2390 	EXP 	trial_feedback_text: text = 'Time Out'
27.2573 	EXP 	trial_feedback_text: text = 'Time Out'
27.2741 	EXP 	trial_feedback_text: text = 'Time Out'
27.2920 	EXP 	trial_feedback_text: text = 'Time Out'
27.3087 	EXP 	trial_feedback_text: text = 'Time Out'
27.3296 	EXP 	trial_feedback_text: text = 'Time Out'
27.3452 	EXP 	trial_feedback_text: text = 'Time Out'
27.3601 	EXP 	trial_feedback_text: text = 'Time Out'
27.3779 	EXP 	trial_feedback_text: text = 'Time Out'
27.3941 	EXP 	trial_feedback_text: text = 'Time Out'
27.3967 	DATA 	Keypress: v
27.4228 	EXP 	trial_feedback_text: text = 'Time Out'
27.4228 	EXP 	trial_feedback_text: text = 'Correct'
27.4228 	EXP 	trial_faceImage: autoDraw = False
27.4228 	EXP 	trial_nameText: autoDraw = False
27.4228 	EXP 	trial_feedback_text: autoDraw = True
27.9241 	EXP 	trial_feedback_text: autoDraw = False
27.9241 	EXP 	trial_blank_text: autoDraw = True
28.9359 	EXP 	trial_blank_text: autoDraw = False
28.9359 	EXP 	trial_feedback_text: autoDraw = False
28.9359 	EXP 	trial_blank_text: autoDraw = False
28.9359 	EXP 	trial_faceImage: size = array([0.405  , 0.50625])
28.9359 	EXP 	trial_faceImage: image = './images/Clooney.jpg'
28.9359 	EXP 	trial_nameText: text = 'Damon'
29.1450 	EXP 	trial_feedback_text: text = 'Time Out'
29.1450 	EXP 	trial_faceImage: autoDraw = True
29.1450 	EXP 	trial_nameText: autoDraw = True
29.1615 	EXP 	trial_feedback_text: text = 'Time Out'
29.1774 	EXP 	trial_feedback_text: text = 'Time Out'
29.1930 	EXP 	trial_feedback_text: text = 'Time Out'
29.2088 	EXP 	trial_feedback_text: text = 'Time Out'
29.2273 	EXP 	trial_feedback_text: text = 'Time Out'
29.2415 	EXP 	trial_feedback_text: text = 'Time Out'
29.2606 	EXP 	trial_feedback_text: text = 'Time Out'
29.2761 	EXP 	trial_feedback_text: text = 'Time Out'
29.2920 	EXP 	trial_feedback_text: text = 'Time Out'
29.3114 	EXP 	trial_feedback_text: text = 'Time Out'
29.3290 	EXP 	trial_feedback_text: text = 'Time Out'
29.3442 	EXP 	trial_feedback_text: text = 'Time Out'
29.3594 	EXP 	trial_feedback_text: text = 'Time Out'
29.3788 	EXP 	trial_feedback_text: text = 'Time Out'
29.3952 	EXP 	trial_feedback_text: text = 'Time Out'
29.4107 	EXP 	trial_feedback_text: text = 'Time Out'
29.4256 	EXP 	trial_feedback_text: text = 'Time Out'
29.4434 	EXP 	trial_feedback_text: text = 'Time Out'
29.4593 	EXP 	trial_feedback_text: text = 'Time Out'
29.4771 	EXP 	trial_feedback_text: text = 'Time Out'
29.4926 	EXP 	trial_feedback_text: text = 'Time Out'
29.5106 	EXP 	trial_feedback_text: text = 'Time Out'
29.5258 	EXP 	trial_feedback_text: text = 'Time Out'
29.5454 	EXP 	trial_feedback_text: text = 'Time Out'
29.5620 	EXP 	trial_feedback_text: text = 'Time Out'
29.5784 	EXP 	trial_feedback_text: text = 'Time Out'
29.5943 	EXP 	trial_feedback_text: text = 'Time Out'
29.6117 	EXP 	trial_feedback_text: text = 'Time Out'
29.6272 	EXP 	trial_feedback_text: text = 'Time Out'
29.6426 	EXP 	trial_feedback_text: text = 'Time Out'
29.6584 	EXP 	trial_feedback_text: text = 'Time Out'
29.6756 	EXP 	trial_feedback_text: text = 'Time Out'
29.6924 	EXP 	trial_feedback_text: text = 'Time Out'
29.6955 	DATA 	Keypress: v
29.7204 	EXP 	trial_feedback_text: text = 'Time Out'
29.7204 	EXP 	trial_feedback_text: text = 'Correct'
29.7204 	EXP 	trial_faceImage: autoDraw = False
29.7204 	EXP 	trial_nameText: autoDraw = False
29.7204 	EXP 	trial_feedback_text: autoDraw = True
30.2210 	EXP 	trial_feedback_text: autoDraw = False
30.2210 	EXP 	trial_blank_text: autoDraw = True
31.2225 	EXP 	trial_blank_text: autoDraw = False
31.2225 	EXP 	trial_feedback_text: autoDraw = False
31.2225 	EXP 	trial_blank_text: autoDraw = False
31.2225 	EXP 	trial_faceImage: size = array([0.405  , 0.50625])
31.2225 	EXP 	trial_faceImage: image = './images/Damon.jpg'
31.2225 	EXP 	trial_nameText: text = 'Damon'
31.4238 	EXP 	trial_feedback_text: text = 'Time Out'
31.4238 	EXP 	trial_faceImage: autoDraw = True
31.4238 	EXP 	trial_nameText: autoDraw = True
31.4393 	EXP 	trial_feedback_text: text = 'Time Out'
31.4547 	EXP 	trial_feedback_text: text = 'Time Out'
31.4708 	EXP 	trial_feedback_text: text = 'Time Out'
31.4866 	EXP 	trial_feedback_text: text = 'Time Out'
31.5028 	EXP 	trial_feedback_text: text = 'Time Out'
31.5202 	EXP 	trial_feedback_text: text = 'Time Out'
31.5360 	EXP 	trial_feedback_text: text = 'Time Out'
31.5535 	EXP 	trial_feedback_text: text = 'Time Out'
31.5708 	EXP 	trial_feedback_text: text = 'Time Out'
31.5867 	EXP 	trial_feedback_text: text = 'Time Out'
31.6050 	EXP 	trial_feedback_text: text = 'Time Out'
31.6207 	EXP 	trial_feedback_text: text = 'Time Out'
31.6371 	EXP 	trial_feedback_text: text = 'Time Out'
31.6537 	EXP 	trial_feedback_text: text = 'Time Out'
31.6720 	EXP 	trial_feedback_text: text = 'Time Out'
31.6874 	EXP 	trial_feedback_text: text = 'Time Out'
31.7036 	EXP 	trial_feedback_text: text = 'Time Out'
31.7206 	EXP 	trial_feedback_text: text = 'Time Out'
31.7390 	EXP 	trial_feedback_text: text = 'Time Out'
31.7544 	EXP 	trial_feedback_text: text = 'Time Out'
31.7720 	EXP 	trial_feedback_text: text = 'Time Out'
31.7879 	EXP 	trial_feedback_text: text = 'Time Out'
31.8050 	EXP 	trial_feedback_text: text = 'Time Out'
31.8212 	EXP 	trial_feedback_text: text = 'Time Out'
31.8373 	EXP 	trial_feedback_text: text = 'Time Out'
31.8525 	EXP 	trial_feedback_text: text = 'Time Out'
31.8718 	EXP 	trial_feedback_text: text = 'Time Out'
31.8882 	EXP 	trial_feedback_text: text = 'Time Out'
31.9054 	EXP 	trial_feedback_text: text = 'Time Out'
31.9219 	EXP 	trial_feedback_text: text = 'Time Out'
31.9380 	EXP 	trial_feedback_text: text = 'Time Out'
31.9540 	EXP 	trial_feedback_text: text = 'Time Out'
31.9716 	EXP 	trial_feedback_text: text = 'Time Out'
31.9875 	EXP 	trial_feedback_text: text = 'Time Out'
32.0041 	EXP 	trial_feedback_text: text = 'Time Out'
32.0203 	EXP 	trial_feedback_text: text = 'Time Out'
32.0381 	EXP 	trial_feedback_text: text = 'Time Out'
32.0539 	EXP 	trial_feedback_text: text = 'Time Out'
32.0697 	EXP 	trial_feedback_text: text = 'Time Out'
32.0867 	EXP 	trial_feedback_text: text = 'Time Out'
32.1040 	EXP 	trial_feedback_text: text = 'Time Out'
32.1191 	EXP 	trial_feedback_text: text = 'Time Out'
32.1375 	EXP 	trial_feedback_text: text = 'Time Out'
32.1526 	EXP 	trial_feedback_text: text = 'Time Out'
32.1711 	EXP 	trial_feedback_text: text = 'Time Out'
32.1871 	EXP 	trial_feedback_text: text = 'Time Out'
32.2046 	EXP 	trial_feedback_text: text = 'Time Out'
32.2222 	EXP 	trial_feedback_text: text = 'Time Out'
32.2246 	DATA 	Keypress: n
32.2461 	EXP 	trial_feedback_text: text = 'Time Out'
32.2461 	EXP 	trial_feedback_text: text = 'Correct'
32.2461 	EXP 	trial_faceImage: autoDraw = False
32.2461 	EXP 	trial_nameText: autoDraw = False
32.2461 	EXP 	trial_feedback_text: autoDraw = True
32.7417 	EXP 	trial_feedback_text: autoDraw = False
32.7597 	EXP 	trial_blank_text: autoDraw = True
33.7520 	EXP 	trial_blank_text: autoDraw = False
33.7520 	EXP 	trial_feedback_text: autoDraw = False
33.7520 	EXP 	trial_blank_text: autoDraw = False
33.7520 	EXP 	trial_faceImage: size = array([0.405  , 0.50625])
33.7520 	EXP 	trial_faceImage: image = './images/Clooney.jpg'
33.7520 	EXP 	trial_nameText: text = 'Cruise'
33.9569 	EXP 	trial_feedback_text: text = 'Time Out'
33.9569 	EXP 	trial_faceImage: autoDraw = True
33.9569 	EXP 	trial_nameText: autoDraw = True
33.9729 	EXP 	trial_feedback_text: text = 'Time Out'
33.9879 	EXP 	trial_feedback_text: text = 'Time Out'
34.0047 	EXP 	trial_feedback_text: text = 'Time Out'
34.0203 	EXP 	trial_feedback_text: text = 'Time Out'
34.0374 	EXP 	trial_feedback_text: text = 'Time Out'
34.0527 	EXP 	trial_feedback_text: text = 'Time Out'
34.0711 	EXP 	trial_feedback_text: text = 'Time Out'
34.0863 	EXP 	trial_feedback_text: text = 'Time Out'
34.1035 	EXP 	trial_feedback_text: text = 'Time Out'
34.1196 	EXP 	trial_feedback_text: text = 'Time Out'
34.1371 	EXP 	trial_feedback_text: text = 'Time Out'
34.1530 	EXP 	trial_feedback_text: text = 'Time Out'
34.1716 	EXP 	trial_feedback_text: text = 'Time Out'
34.1865 	EXP 	trial_feedback_text: text = 'Time Out'
34.2031 	EXP 	trial_feedback_text: text = 'Time Out'
34.2190 	EXP 	trial_feedback_text: text = 'Time Out'
34.2377 	EXP 	trial_feedback_text: text = 'Time Out'
34.2534 	EXP 	trial_feedback_text: text = 'Time Out'
34.2716 	EXP 	trial_feedback_text: text = 'Time Out'
34.2869 	EXP 	trial_feedback_text: text = 'Time Out'
34.3054 	EXP 	trial_feedback_text: text = 'Time Out'
34.3208 	EXP 	trial_feedback_text: text = 'Time Out'
34.3381 	EXP 	trial_feedback_text: text = 'Time Out'
34.3534 	EXP 	trial_feedback_text: text = 'Time Out'
34.3702 	EXP 	trial_feedback_text: text = 'Time Out'
34.3862 	EXP 	trial_feedback_text: text = 'Time Out'
34.4024 	EXP 	trial_feedback_text: text = 'Time Out'
34.4193 	EXP 	trial_feedback_text: text = 'Time Out'
34.4378 	EXP 	trial_feedback_text: text = 'Time Out'
34.4524 	EXP 	trial_feedback_text: text = 'Time Out'
34.4714 	EXP 	trial_feedback_text: text = 'Time Out'
34.4870 	EXP 	trial_feedback_text: text = 'Time Out'
34.5038 	EXP 	trial_feedback_text: text = 'Time Out'
34.5198 	EXP 	trial_feedback_text: text = 'Time Out'
34.5365 	EXP 	trial_feedback_text: text = 'Time Out'
34.5525 	EXP 	trial_feedback_text: text = 'Time Out'
34.5701 	EXP 	trial_feedback_text: text = 'Time Out'
34.5848 	EXP 	trial_feedback_text: text = 'Time Out'
34.6046 	EXP 	trial_feedback_text: text = 'Time Out'
34.6206 	EXP 	trial_feedback_text: text = 'Time Out'
34.6376 	EXP 	trial_feedback_text: text = 'Time Out'
34.6544 	EXP 	trial_feedback_text: text = 'Time Out'
34.6721 	EXP 	trial_feedback_text: text = 'Time Out'
34.6893 	EXP 	trial_feedback_text: text = 'Time Out'
34.7069 	EXP 	trial_feedback_text: text = 'Time Out'
34.7238 	EXP 	trial_feedback_text: text = 'Time Out'
34.7417 	EXP 	trial_feedback_text: text = 'Time Out'
34.7452 	DATA 	Keypress: v
34.7777 	EXP 	trial_feedback_text: text = 'Time Out'
34.7777 	EXP 	trial_feedback_text: text = 'Correct'
34.7777 	EXP 	trial_faceImage: autoDraw = False
34.7777 	EXP 	trial_nameText: autoDraw = False
34.7777 	EXP 	trial_feedback_text: autoDraw = True
35.2709 	EXP 	trial_feedback_text: autoDraw = False
35.2864 	EXP 	trial_blank_text: autoDraw = True
36.2745 	EXP 	trial_blank_text: autoDraw = False
36.2745 	EXP 	trial_feedback_text: autoDraw = False
36.2745 	EXP 	trial_blank_text: autoDraw = False
36.2745 	EXP 	trial_faceImage: size = array([0.405  , 0.50625])
36.2745 	EXP 	trial_faceImage: image = './images/Damon.jpg'
36.2745 	EXP 	trial_nameText: text = 'Cruise'
36.4865 	EXP 	trial_feedback_text: text = 'Time Out'
36.4865 	EXP 	trial_faceImage: autoDraw = True
36.4865 	EXP 	trial_nameText: autoDraw = True
36.5051 	EXP 	trial_feedback_text: text = 'Time Out'
36.5221 	EXP 	trial_feedback_text: text = 'Time Out'
36.5396 	EXP 	trial_feedback_text: text = 'Time Out'
36.5562 	EXP 	trial_feedback_text: text = 'Time Out'
36.5743 	EXP 	trial_feedback_text: text = 'Time Out'
36.5896 	EXP 	trial_feedback_text: text = 'Time Out'
36.6063 	EXP 	trial_feedback_text: text = 'Time Out'
36.6238 	EXP 	trial_feedback_text: text = 'Time Out'
36.6398 	EXP 	trial_feedback_text: text = 'Time Out'
36.6555 	EXP 	trial_feedback_text: text = 'Time Out'
36.6737 	EXP 	trial_feedback_text: text = 'Time Out'
36.6882 	EXP 	trial_feedback_text: text = 'Time Out'
36.7048 	EXP 	trial_feedback_text: text = 'Time Out'
36.7209 	EXP 	trial_feedback_text: text = 'Time Out'
36.7387 	EXP 	trial_feedback_text: text = 'Time Out'
36.7542 	EXP 	trial_feedback_text: text = 'Time Out'
36.7729 	EXP 	trial_feedback_text: text = 'Time Out'
36.7872 	EXP 	trial_feedback_text: text = 'Time Out'
36.8040 	EXP 	trial_feedback_text: text = 'Time Out'
36.8203 	EXP 	trial_feedback_text: text = 'Time Out'
36.8365 	EXP 	trial_feedback_text: text = 'Time Out'
36.8523 	EXP 	trial_feedback_text: text = 'Time Out'
36.8707 	EXP 	trial_feedback_text: text = 'Time Out'
36.8857 	EXP 	trial_feedback_text: text = 'Time Out'
36.9044 	EXP 	trial_feedback_text: text = 'Time Out'
36.9205 	EXP 	trial_feedback_text: text = 'Time Out'
36.9376 	EXP 	trial_feedback_text: text = 'Time Out'
36.9548 	EXP 	trial_feedback_text: text = 'Time Out'
36.9734 	EXP 	trial_feedback_text: text = 'Time Out'
36.9882 	EXP 	trial_feedback_text: text = 'Time Out'
37.0051 	EXP 	trial_feedback_text: text = 'Time Out'
37.0215 	EXP 	trial_feedback_text: text = 'Time Out'
37.0378 	EXP 	trial_feedback_text: text = 'Time Out'
37.0529 	EXP 	trial_feedback_text: text = 'Time Out'
37.0718 	EXP 	trial_feedback_text: text = 'Time Out'
37.0869 	EXP 	trial_feedback_text: text = 'Time Out'
37.1043 	EXP 	trial_feedback_text: text = 'Time Out'
37.1070 	DATA 	Keypress: n
37.1314 	EXP 	trial_feedback_text: text = 'Time Out'
37.1314 	EXP 	trial_feedback_text: text = 'Correct'
37.1314 	EXP 	trial_faceImage: autoDraw = False
37.1314 	EXP 	trial_nameText: autoDraw = False
37.1314 	EXP 	trial_feedback_text: autoDraw = True
37.6279 	EXP 	trial_feedback_text: autoDraw = False
37.6440 	EXP 	trial_blank_text: autoDraw = True
38.6287 	EXP 	trial_blank_text: autoDraw = False
38.6287 	EXP 	trial_feedback_text: autoDraw = False
38.6287 	EXP 	trial_blank_text: autoDraw = False
38.6287 	EXP 	break_text: autoDraw = True
40.1480 	DATA 	Keypress: space
46.4028 	DATA 	Keypress: b
58.6211 	EXP 	break_text: autoDraw = False
58.6211 	EXP 	break_text: autoDraw = False
58.9238 	EXP 	window1: mouseVisible = True
