11.7081 	WARNING 	Import Error: No module named 'psychtoolbox'. Using event module for keyboard component.
15.6032 	WARNING 	User requested fullscreen with size [1920 1080], but screen is actually [1280, 800]. Using actual size
18.2092 	WARNING 	Couldn't measure a consistent frame rate.
  - Is your graphics card set to sync to vertical blank?
  - Are you running other processes on your computer?

18.2096 	EXP 	Created window1 = Window(allowGUI=False, allowStencil=False, args=UNKNOWN, autoLog=True, bitsMode=UNKNOWN, blendMode='avg', color=array([0., 0., 0.]), colorSpace='rgb', fullscr=<method-wrapper '__getattribute__' of attributeSetter object at 0x11e6aed30>, gamma=None, kwargs=UNKNOWN, lms=UNKNOWN, monitor=<psychopy.monitors.calibTools.Monitor object at 0x11f47c0f0>, multiSample=False, name='window1', numSamples=2, pos=[0.0, 0.0], screen=0, size=array([2560, 1600]), stereo=False, units='height', useFBO=True, useRetina=True, viewOri=0.0, viewPos=None, viewScale=None, waitBlanking=True, winType='pyglet')
18.4612 	EXP 	Created prac_instr_text = TextStim(__class__=<class 'psychopy.visual.text.TextStim'>, alignHoriz='center', alignVert='center', antialias=True, autoLog=True, bold=False, color='white', colorSpace='named', contrast=1.0, depth=0.0, flipHoriz=False, flipVert=False, font='Arial', fontFiles=[], height=0.04, italic=False, languageStyle='LTR', name='prac_instr_text', opacity=1.0, ori=0, pos=array([0., 0.]), rgb=array([255., 255., 255.]), text=str(...), units='height', win=Window(...), wrapWidth=1)
18.4632 	EXP 	Created prac_trial_faceImage = ImageStim(__class__=<class 'psychopy.visual.image.ImageStim'>, autoLog=True, color=array([1., 1., 1.]), colorSpace='rgb', contrast=1.0, depth=-1.0, flipHoriz=False, flipVert=False, image='sin', interpolate=True, mask=None, maskParams=None, name='prac_trial_faceImage', opacity=1.0, ori=0.0, pos=array([0., 0.]), size=array([0.5, 0.5]), texRes=128, units='height', win=Window(...))
18.4746 	EXP 	Created prac_trial_nameText = TextStim(__class__=<class 'psychopy.visual.text.TextStim'>, alignHoriz='center', alignVert='center', antialias=True, autoLog=True, bold=False, color='white', colorSpace='named', contrast=1.0, depth=-2.0, flipHoriz=False, flipVert=False, font='Arial', fontFiles=[], height=0.1, italic=False, languageStyle='LTR', name='prac_trial_nameText', opacity=1.0, ori=0, pos=array([ 0. , -0.1]), rgb=array([255., 255., 255.]), text='default text', units='height', win=Window(...), wrapWidth=1)
18.4802 	EXP 	Created pract_trial_feedback_text = TextStim(__class__=<class 'psychopy.visual.text.TextStim'>, alignHoriz='center', alignVert='center', antialias=True, autoLog=True, bold=False, color='white', colorSpace='named', contrast=1.0, depth=0.0, flipHoriz=False, flipVert=False, font='Arial', fontFiles=[], height=0.1, italic=False, languageStyle='LTR', name='pract_trial_feedback_text', opacity=1.0, ori=0, pos=array([0., 0.]), rgb=array([255., 255., 255.]), text='Time Out', units='height', win=Window(...), wrapWidth=1)
18.4810 	EXP 	Created prac_trial_blank_text = TextStim(__class__=<class 'psychopy.visual.text.TextStim'>, alignHoriz='center', alignVert='center', antialias=True, autoLog=True, bold=False, color='white', colorSpace='named', contrast=1.0, depth=-1.0, flipHoriz=False, flipVert=False, font='Arial', fontFiles=[], height=0.1, italic=False, languageStyle='LTR', name='prac_trial_blank_text', opacity=1.0, ori=0, pos=array([0., 0.]), rgb=array([255., 255., 255.]), text='', units='height', win=Window(...), wrapWidth=1)
18.5123 	EXP 	Created prac_accuracy_text = TextStim(__class__=<class 'psychopy.visual.text.TextStim'>, alignHoriz='center', alignVert='center', antialias=True, autoLog=True, bold=False, color='white', colorSpace='named', contrast=1.0, depth=0.0, flipHoriz=False, flipVert=False, font='Arial', fontFiles=[], height=0.05, italic=False, languageStyle='LTR', name='prac_accuracy_text', opacity=1.0, ori=0, pos=array([0., 0.]), rgb=array([255., 255., 255.]), text=str(...), units='height', win=Window(...), wrapWidth=1)
18.5721 	EXP 	Created instr_text = TextStim(__class__=<class 'psychopy.visual.text.TextStim'>, alignHoriz='center', alignVert='center', antialias=True, autoLog=True, bold=False, color='white', colorSpace='named', contrast=1.0, depth=0.0, flipHoriz=False, flipVert=False, font='Arial', fontFiles=[], height=0.04, italic=False, languageStyle='LTR', name='instr_text', opacity=1.0, ori=0, pos=array([0., 0.]), rgb=array([255., 255., 255.]), text=str(...), units='height', win=Window(...), wrapWidth=1)
18.5742 	EXP 	Created trial_faceImage = ImageStim(__class__=<class 'psychopy.visual.image.ImageStim'>, autoLog=True, color=array([1., 1., 1.]), colorSpace='rgb', contrast=1.0, depth=-1.0, flipHoriz=False, flipVert=False, image='sin', interpolate=True, mask=None, maskParams=None, name='trial_faceImage', opacity=1.0, ori=0.0, pos=array([0., 0.]), size=array([0.5, 0.5]), texRes=128, units='height', win=Window(...))
18.5782 	EXP 	Created trial_nameText = TextStim(__class__=<class 'psychopy.visual.text.TextStim'>, alignHoriz='center', alignVert='center', antialias=True, autoLog=True, bold=False, color='white', colorSpace='named', contrast=1.0, depth=-2.0, flipHoriz=False, flipVert=False, font='Arial', fontFiles=[], height=0.1, italic=False, languageStyle='LTR', name='trial_nameText', opacity=1.0, ori=0, pos=array([ 0. , -0.1]), rgb=array([255., 255., 255.]), text='default text', units='height', win=Window(...), wrapWidth=1)
18.5818 	EXP 	Created trial_feedback_text = TextStim(__class__=<class 'psychopy.visual.text.TextStim'>, alignHoriz='center', alignVert='center', antialias=True, autoLog=True, bold=False, color='white', colorSpace='named', contrast=1.0, depth=0.0, flipHoriz=False, flipVert=False, font='Arial', fontFiles=[], height=0.1, italic=False, languageStyle='LTR', name='trial_feedback_text', opacity=1.0, ori=0, pos=array([0., 0.]), rgb=array([255., 255., 255.]), text='Time Out', units='height', win=Window(...), wrapWidth=1)
18.5824 	EXP 	Created trial_blank_text = TextStim(__class__=<class 'psychopy.visual.text.TextStim'>, alignHoriz='center', alignVert='center', antialias=True, autoLog=True, bold=False, color='white', colorSpace='named', contrast=1.0, depth=-1.0, flipHoriz=False, flipVert=False, font='Arial', fontFiles=[], height=0.1, italic=False, languageStyle='LTR', name='trial_blank_text', opacity=1.0, ori=0, pos=array([0., 0.]), rgb=array([255., 255., 255.]), text='', units='height', win=Window(...), wrapWidth=1)
18.6017 	EXP 	Created break_text = TextStim(__class__=<class 'psychopy.visual.text.TextStim'>, alignHoriz='center', alignVert='center', antialias=True, autoLog=True, bold=False, color='white', colorSpace='named', contrast=1.0, depth=0.0, flipHoriz=False, flipVert=False, font='Arial', fontFiles=[], height=0.05, italic=False, languageStyle='LTR', name='break_text', opacity=1.0, ori=0, pos=array([0., 0.]), rgb=array([255., 255., 255.]), text=str(...), units='height', win=Window(...), wrapWidth=1)
18.6192 	WARNING 	t of last frame was 410.28ms (=1/2)
18.6192 	EXP 	prac_instr_text: autoDraw = True
18.6397 	WARNING 	t of last frame was 20.50ms (=1/48)
18.8914 	WARNING 	t of last frame was 27.04ms (=1/36)
19.2322 	DATA 	Keypress: space
19.3285 	WARNING 	t of last frame was 101.21ms (=1/9)
19.3285 	EXP 	prac_instr_text: autoDraw = False
19.3285 	EXP 	prac_trial_faceImage: size = array([0.405  , 0.50625])
19.3285 	EXP 	prac_trial_faceImage: image = './images/Damon.jpg'
19.3285 	EXP 	prac_trial_nameText: text = 'XXXXX'
19.4127 	WARNING 	Multiple dropped frames have occurred - I'll stop bothering you about them!
19.4703 	EXP 	pract_trial_feedback_text: text = 'Time Out'
19.4703 	EXP 	prac_trial_faceImage: autoDraw = True
19.4703 	EXP 	prac_trial_nameText: autoDraw = True
19.4870 	EXP 	pract_trial_feedback_text: text = 'Time Out'
19.5063 	EXP 	pract_trial_feedback_text: text = 'Time Out'
19.5259 	EXP 	pract_trial_feedback_text: text = 'Time Out'
19.5466 	EXP 	pract_trial_feedback_text: text = 'Time Out'
19.5635 	EXP 	pract_trial_feedback_text: text = 'Time Out'
19.5832 	EXP 	pract_trial_feedback_text: text = 'Time Out'
19.6016 	EXP 	pract_trial_feedback_text: text = 'Time Out'
19.6209 	EXP 	pract_trial_feedback_text: text = 'Time Out'
19.6451 	EXP 	pract_trial_feedback_text: text = 'Time Out'
19.6620 	EXP 	pract_trial_feedback_text: text = 'Time Out'
19.6832 	EXP 	pract_trial_feedback_text: text = 'Time Out'
19.7008 	EXP 	pract_trial_feedback_text: text = 'Time Out'
19.7201 	EXP 	pract_trial_feedback_text: text = 'Time Out'
19.7408 	EXP 	pract_trial_feedback_text: text = 'Time Out'
19.7586 	EXP 	pract_trial_feedback_text: text = 'Time Out'
19.7789 	EXP 	pract_trial_feedback_text: text = 'Time Out'
19.7958 	EXP 	pract_trial_feedback_text: text = 'Time Out'
19.8154 	EXP 	pract_trial_feedback_text: text = 'Time Out'
19.8353 	EXP 	prac_trial_faceImage: autoDraw = False
19.8353 	EXP 	prac_trial_nameText: autoDraw = False
19.8353 	EXP 	pract_trial_feedback_text: autoDraw = True
20.3488 	EXP 	pract_trial_feedback_text: autoDraw = False
20.3488 	EXP 	prac_trial_blank_text: autoDraw = True
21.3504 	EXP 	pract_trial_feedback_text: autoDraw = False
21.3504 	EXP 	prac_trial_blank_text: autoDraw = False
21.3504 	EXP 	prac_trial_faceImage: size = array([0.405  , 0.50625])
21.3504 	EXP 	prac_trial_faceImage: image = './images/Cruise.jpg'
21.3504 	EXP 	prac_trial_nameText: text = 'XXXXX'
21.5336 	EXP 	pract_trial_feedback_text: text = 'Time Out'
21.5336 	EXP 	prac_trial_faceImage: autoDraw = True
21.5336 	EXP 	prac_trial_nameText: autoDraw = True
21.5526 	EXP 	pract_trial_feedback_text: text = 'Time Out'
21.5733 	EXP 	pract_trial_feedback_text: text = 'Time Out'
21.5914 	EXP 	pract_trial_feedback_text: text = 'Time Out'
21.6131 	EXP 	pract_trial_feedback_text: text = 'Time Out'
21.6302 	EXP 	pract_trial_feedback_text: text = 'Time Out'
21.6518 	EXP 	pract_trial_feedback_text: text = 'Time Out'
21.6702 	EXP 	pract_trial_feedback_text: text = 'Time Out'
21.6923 	EXP 	pract_trial_feedback_text: text = 'Time Out'
21.7144 	EXP 	pract_trial_feedback_text: text = 'Time Out'
21.7315 	EXP 	pract_trial_feedback_text: text = 'Time Out'
21.7516 	EXP 	pract_trial_feedback_text: text = 'Time Out'
21.7690 	EXP 	pract_trial_feedback_text: text = 'Time Out'
21.7878 	EXP 	pract_trial_feedback_text: text = 'Time Out'
21.8095 	EXP 	pract_trial_feedback_text: text = 'Time Out'
21.8271 	EXP 	pract_trial_feedback_text: text = 'Time Out'
21.8486 	EXP 	pract_trial_feedback_text: text = 'Time Out'
21.8668 	EXP 	pract_trial_feedback_text: text = 'Time Out'
21.8871 	EXP 	pract_trial_feedback_text: text = 'Time Out'
21.9090 	EXP 	pract_trial_feedback_text: text = 'Time Out'
21.9264 	EXP 	pract_trial_feedback_text: text = 'Time Out'
21.9466 	EXP 	pract_trial_feedback_text: text = 'Time Out'
21.9638 	EXP 	pract_trial_feedback_text: text = 'Time Out'
21.9851 	EXP 	pract_trial_feedback_text: text = 'Time Out'
22.0034 	EXP 	pract_trial_feedback_text: text = 'Time Out'
22.0256 	EXP 	pract_trial_feedback_text: text = 'Time Out'
22.0473 	EXP 	pract_trial_feedback_text: text = 'Time Out'
22.0652 	EXP 	pract_trial_feedback_text: text = 'Time Out'
22.0875 	EXP 	pract_trial_feedback_text: text = 'Time Out'
22.1091 	EXP 	pract_trial_feedback_text: text = 'Time Out'
22.1263 	EXP 	pract_trial_feedback_text: text = 'Time Out'
22.1464 	EXP 	pract_trial_feedback_text: text = 'Time Out'
22.1632 	EXP 	pract_trial_feedback_text: text = 'Time Out'
22.1835 	EXP 	pract_trial_feedback_text: text = 'Time Out'
22.2022 	EXP 	pract_trial_feedback_text: text = 'Time Out'
22.2209 	EXP 	pract_trial_feedback_text: text = 'Time Out'
22.2411 	EXP 	pract_trial_feedback_text: text = 'Time Out'
22.2592 	EXP 	pract_trial_feedback_text: text = 'Time Out'
22.2796 	EXP 	pract_trial_feedback_text: text = 'Time Out'
22.2963 	EXP 	pract_trial_feedback_text: text = 'Time Out'
22.3138 	EXP 	pract_trial_feedback_text: text = 'Time Out'
22.3341 	EXP 	pract_trial_feedback_text: text = 'Time Out'
22.3548 	EXP 	pract_trial_feedback_text: text = 'Time Out'
22.3768 	EXP 	pract_trial_feedback_text: text = 'Time Out'
22.3949 	EXP 	pract_trial_feedback_text: text = 'Time Out'
22.4163 	EXP 	pract_trial_feedback_text: text = 'Time Out'
22.4337 	EXP 	pract_trial_feedback_text: text = 'Time Out'
22.4544 	EXP 	pract_trial_feedback_text: text = 'Time Out'
22.4729 	EXP 	pract_trial_feedback_text: text = 'Time Out'
22.4940 	EXP 	pract_trial_feedback_text: text = 'Time Out'
22.5151 	EXP 	pract_trial_feedback_text: text = 'Time Out'
22.5332 	EXP 	prac_trial_faceImage: autoDraw = False
22.5332 	EXP 	prac_trial_nameText: autoDraw = False
22.5332 	EXP 	pract_trial_feedback_text: autoDraw = True
23.0361 	EXP 	pract_trial_feedback_text: autoDraw = False
23.0361 	EXP 	prac_trial_blank_text: autoDraw = True
24.0248 	EXP 	pract_trial_feedback_text: autoDraw = False
24.0248 	EXP 	prac_trial_blank_text: autoDraw = False
24.0248 	EXP 	prac_trial_faceImage: size = array([0.405  , 0.50625])
24.0248 	EXP 	prac_trial_faceImage: image = './images/Damon.jpg'
24.0248 	EXP 	prac_trial_nameText: text = 'XXXXX'
24.2338 	EXP 	pract_trial_feedback_text: text = 'Time Out'
24.2338 	EXP 	prac_trial_faceImage: autoDraw = True
24.2338 	EXP 	prac_trial_nameText: autoDraw = True
24.2530 	EXP 	pract_trial_feedback_text: text = 'Time Out'
24.2693 	EXP 	pract_trial_feedback_text: text = 'Time Out'
24.2878 	EXP 	pract_trial_feedback_text: text = 'Time Out'
24.3047 	EXP 	pract_trial_feedback_text: text = 'Time Out'
24.3236 	EXP 	pract_trial_feedback_text: text = 'Time Out'
24.3489 	EXP 	pract_trial_feedback_text: text = 'Time Out'
24.3694 	EXP 	pract_trial_feedback_text: text = 'Time Out'
24.3862 	EXP 	pract_trial_feedback_text: text = 'Time Out'
24.4039 	EXP 	pract_trial_feedback_text: text = 'Time Out'
24.4216 	EXP 	pract_trial_feedback_text: text = 'Time Out'
24.4421 	EXP 	pract_trial_feedback_text: text = 'Time Out'
24.4586 	EXP 	pract_trial_feedback_text: text = 'Time Out'
24.4790 	EXP 	pract_trial_feedback_text: text = 'Time Out'
24.4958 	EXP 	pract_trial_feedback_text: text = 'Time Out'
24.5144 	EXP 	pract_trial_feedback_text: text = 'Time Out'
24.5313 	EXP 	pract_trial_feedback_text: text = 'Time Out'
24.5581 	EXP 	pract_trial_feedback_text: text = 'Time Out'
24.5789 	EXP 	pract_trial_feedback_text: text = 'Time Out'
24.5966 	EXP 	pract_trial_feedback_text: text = 'Time Out'
24.6141 	EXP 	pract_trial_feedback_text: text = 'Time Out'
24.6298 	EXP 	pract_trial_feedback_text: text = 'Time Out'
24.6487 	EXP 	pract_trial_feedback_text: text = 'Time Out'
24.6640 	EXP 	pract_trial_feedback_text: text = 'Time Out'
24.6828 	EXP 	pract_trial_feedback_text: text = 'Time Out'
24.6994 	EXP 	pract_trial_feedback_text: text = 'Time Out'
24.7186 	EXP 	pract_trial_feedback_text: text = 'Time Out'
24.7342 	EXP 	pract_trial_feedback_text: text = 'Time Out'
24.7528 	EXP 	pract_trial_feedback_text: text = 'Time Out'
24.7686 	EXP 	pract_trial_feedback_text: text = 'Time Out'
24.7887 	EXP 	pract_trial_feedback_text: text = 'Time Out'
24.8053 	EXP 	pract_trial_feedback_text: text = 'Time Out'
24.8256 	EXP 	pract_trial_feedback_text: text = 'Time Out'
24.8460 	EXP 	pract_trial_feedback_text: text = 'Time Out'
24.8620 	EXP 	pract_trial_feedback_text: text = 'Time Out'
24.8803 	EXP 	pract_trial_feedback_text: text = 'Time Out'
24.8967 	EXP 	pract_trial_feedback_text: text = 'Time Out'
24.9147 	EXP 	pract_trial_feedback_text: text = 'Time Out'
24.9310 	EXP 	pract_trial_feedback_text: text = 'Time Out'
24.9496 	EXP 	pract_trial_feedback_text: text = 'Time Out'
24.9663 	EXP 	pract_trial_feedback_text: text = 'Time Out'
24.9850 	EXP 	pract_trial_feedback_text: text = 'Time Out'
25.0011 	EXP 	pract_trial_feedback_text: text = 'Time Out'
25.0200 	EXP 	pract_trial_feedback_text: text = 'Time Out'
25.0360 	EXP 	pract_trial_feedback_text: text = 'Time Out'
25.0562 	EXP 	pract_trial_feedback_text: text = 'Time Out'
25.0725 	EXP 	pract_trial_feedback_text: text = 'Time Out'
25.0926 	EXP 	pract_trial_feedback_text: text = 'Time Out'
25.1127 	EXP 	pract_trial_feedback_text: text = 'Time Out'
25.1295 	EXP 	pract_trial_feedback_text: text = 'Time Out'
25.1498 	EXP 	pract_trial_feedback_text: text = 'Time Out'
25.1776 	EXP 	pract_trial_feedback_text: text = 'Time Out'
25.1952 	EXP 	pract_trial_feedback_text: text = 'Time Out'
25.2128 	EXP 	pract_trial_feedback_text: text = 'Time Out'
25.2336 	EXP 	prac_trial_faceImage: autoDraw = False
25.2336 	EXP 	prac_trial_nameText: autoDraw = False
25.2336 	EXP 	pract_trial_feedback_text: autoDraw = True
25.7332 	EXP 	pract_trial_feedback_text: autoDraw = False
25.7332 	EXP 	prac_trial_blank_text: autoDraw = True
26.7380 	EXP 	pract_trial_feedback_text: autoDraw = False
26.7380 	EXP 	prac_trial_blank_text: autoDraw = False
26.7380 	EXP 	prac_trial_faceImage: size = array([0.405  , 0.50625])
26.7380 	EXP 	prac_trial_faceImage: image = './images/Cruise.jpg'
26.7380 	EXP 	prac_trial_nameText: text = 'XXXXX'
26.9547 	EXP 	pract_trial_feedback_text: text = 'Time Out'
26.9547 	EXP 	prac_trial_faceImage: autoDraw = True
26.9547 	EXP 	prac_trial_nameText: autoDraw = True
26.9706 	EXP 	pract_trial_feedback_text: text = 'Time Out'
26.9903 	EXP 	pract_trial_feedback_text: text = 'Time Out'
27.0063 	EXP 	pract_trial_feedback_text: text = 'Time Out'
27.0254 	EXP 	pract_trial_feedback_text: text = 'Time Out'
27.0453 	EXP 	pract_trial_feedback_text: text = 'Time Out'
27.0608 	EXP 	pract_trial_feedback_text: text = 'Time Out'
27.0795 	EXP 	pract_trial_feedback_text: text = 'Time Out'
27.0948 	EXP 	pract_trial_feedback_text: text = 'Time Out'
27.1146 	EXP 	pract_trial_feedback_text: text = 'Time Out'
27.1306 	EXP 	pract_trial_feedback_text: text = 'Time Out'
27.1493 	EXP 	pract_trial_feedback_text: text = 'Time Out'
27.1671 	EXP 	pract_trial_feedback_text: text = 'Time Out'
27.1850 	EXP 	pract_trial_feedback_text: text = 'Time Out'
27.2009 	EXP 	pract_trial_feedback_text: text = 'Time Out'
27.2191 	EXP 	pract_trial_feedback_text: text = 'Time Out'
27.2346 	EXP 	pract_trial_feedback_text: text = 'Time Out'
27.2526 	EXP 	pract_trial_feedback_text: text = 'Time Out'
27.2683 	EXP 	pract_trial_feedback_text: text = 'Time Out'
27.2869 	EXP 	pract_trial_feedback_text: text = 'Time Out'
27.3026 	EXP 	pract_trial_feedback_text: text = 'Time Out'
27.3214 	EXP 	pract_trial_feedback_text: text = 'Time Out'
27.3394 	EXP 	pract_trial_feedback_text: text = 'Time Out'
27.3434 	DATA 	Keypress: v
27.3635 	EXP 	pract_trial_feedback_text: text = 'Time Out'
27.3919 	EXP 	pract_trial_feedback_text: text = 'Time Out'
27.3919 	EXP 	pract_trial_feedback_text: text = 'Correct'
27.3919 	EXP 	prac_trial_faceImage: autoDraw = False
27.3919 	EXP 	prac_trial_nameText: autoDraw = False
27.3919 	EXP 	pract_trial_feedback_text: autoDraw = True
27.9021 	EXP 	pract_trial_feedback_text: autoDraw = False
27.9021 	EXP 	prac_trial_blank_text: autoDraw = True
28.9217 	EXP 	prac_trial_blank_text: autoDraw = False
28.9217 	EXP 	pract_trial_feedback_text: autoDraw = False
28.9217 	EXP 	prac_trial_blank_text: autoDraw = False
28.9217 	EXP 	prac_trial_faceImage: size = array([0.405  , 0.50625])
28.9217 	EXP 	prac_trial_faceImage: image = './images/Clooney.jpg'
28.9217 	EXP 	prac_trial_nameText: text = 'XXXXX'
29.1242 	EXP 	pract_trial_feedback_text: text = 'Time Out'
29.1242 	EXP 	prac_trial_faceImage: autoDraw = True
29.1242 	EXP 	prac_trial_nameText: autoDraw = True
29.1406 	EXP 	pract_trial_feedback_text: text = 'Time Out'
29.1588 	EXP 	pract_trial_feedback_text: text = 'Time Out'
29.1759 	EXP 	pract_trial_feedback_text: text = 'Time Out'
29.2007 	EXP 	pract_trial_feedback_text: text = 'Time Out'
29.2206 	EXP 	pract_trial_feedback_text: text = 'Time Out'
29.2361 	EXP 	pract_trial_feedback_text: text = 'Time Out'
29.2570 	EXP 	pract_trial_feedback_text: text = 'Time Out'
29.2720 	EXP 	pract_trial_feedback_text: text = 'Time Out'
29.2906 	EXP 	pract_trial_feedback_text: text = 'Time Out'
29.3060 	EXP 	pract_trial_feedback_text: text = 'Time Out'
29.3250 	EXP 	pract_trial_feedback_text: text = 'Time Out'
29.3406 	EXP 	pract_trial_feedback_text: text = 'Time Out'
29.3586 	EXP 	pract_trial_feedback_text: text = 'Time Out'
29.3748 	EXP 	pract_trial_feedback_text: text = 'Time Out'
29.3936 	EXP 	pract_trial_feedback_text: text = 'Time Out'
29.4189 	EXP 	pract_trial_feedback_text: text = 'Time Out'
29.4374 	EXP 	pract_trial_feedback_text: text = 'Time Out'
29.4564 	EXP 	pract_trial_feedback_text: text = 'Time Out'
29.4736 	EXP 	pract_trial_feedback_text: text = 'Time Out'
29.4937 	EXP 	pract_trial_feedback_text: text = 'Time Out'
29.5109 	EXP 	pract_trial_feedback_text: text = 'Time Out'
29.5302 	EXP 	pract_trial_feedback_text: text = 'Time Out'
29.5476 	EXP 	pract_trial_feedback_text: text = 'Time Out'
29.5682 	EXP 	pract_trial_feedback_text: text = 'Time Out'
29.5896 	EXP 	pract_trial_feedback_text: text = 'Time Out'
29.6060 	EXP 	pract_trial_feedback_text: text = 'Time Out'
29.6248 	EXP 	pract_trial_feedback_text: text = 'Time Out'
29.6416 	EXP 	pract_trial_feedback_text: text = 'Time Out'
29.6594 	EXP 	pract_trial_feedback_text: text = 'Time Out'
29.6755 	EXP 	pract_trial_feedback_text: text = 'Time Out'
29.6936 	EXP 	pract_trial_feedback_text: text = 'Time Out'
29.7094 	EXP 	pract_trial_feedback_text: text = 'Time Out'
29.7351 	EXP 	pract_trial_feedback_text: text = 'Time Out'
29.7559 	EXP 	pract_trial_feedback_text: text = 'Time Out'
29.7713 	EXP 	pract_trial_feedback_text: text = 'Time Out'
29.7742 	DATA 	Keypress: b
29.8016 	EXP 	pract_trial_feedback_text: text = 'Time Out'
29.8016 	EXP 	pract_trial_feedback_text: text = 'Incorrect'
29.8016 	EXP 	prac_trial_faceImage: autoDraw = False
29.8016 	EXP 	prac_trial_nameText: autoDraw = False
29.8016 	EXP 	pract_trial_feedback_text: autoDraw = True
30.3024 	EXP 	pract_trial_feedback_text: autoDraw = False
30.3024 	EXP 	prac_trial_blank_text: autoDraw = True
31.3081 	EXP 	prac_trial_blank_text: autoDraw = False
31.3081 	EXP 	pract_trial_feedback_text: autoDraw = False
31.3081 	EXP 	prac_trial_blank_text: autoDraw = False
31.3081 	EXP 	prac_trial_faceImage: size = array([0.405  , 0.50625])
31.3081 	EXP 	prac_trial_faceImage: image = './images/Clooney.jpg'
31.3081 	EXP 	prac_trial_nameText: text = 'XXXXX'
31.5271 	EXP 	pract_trial_feedback_text: text = 'Time Out'
31.5271 	EXP 	prac_trial_faceImage: autoDraw = True
31.5271 	EXP 	prac_trial_nameText: autoDraw = True
31.5438 	EXP 	pract_trial_feedback_text: text = 'Time Out'
31.5689 	EXP 	pract_trial_feedback_text: text = 'Time Out'
31.5862 	EXP 	pract_trial_feedback_text: text = 'Time Out'
31.6060 	EXP 	pract_trial_feedback_text: text = 'Time Out'
31.6263 	EXP 	pract_trial_feedback_text: text = 'Time Out'
31.6434 	EXP 	pract_trial_feedback_text: text = 'Time Out'
31.6635 	EXP 	pract_trial_feedback_text: text = 'Time Out'
31.6811 	EXP 	pract_trial_feedback_text: text = 'Time Out'
31.7027 	EXP 	pract_trial_feedback_text: text = 'Time Out'
31.7228 	EXP 	pract_trial_feedback_text: text = 'Time Out'
31.7395 	EXP 	pract_trial_feedback_text: text = 'Time Out'
31.7597 	EXP 	pract_trial_feedback_text: text = 'Time Out'
31.7759 	EXP 	pract_trial_feedback_text: text = 'Time Out'
31.7965 	EXP 	pract_trial_feedback_text: text = 'Time Out'
31.8128 	EXP 	pract_trial_feedback_text: text = 'Time Out'
31.8327 	EXP 	pract_trial_feedback_text: text = 'Time Out'
31.8561 	EXP 	pract_trial_feedback_text: text = 'Time Out'
31.8734 	EXP 	pract_trial_feedback_text: text = 'Time Out'
31.8914 	EXP 	pract_trial_feedback_text: text = 'Time Out'
31.9109 	EXP 	pract_trial_feedback_text: text = 'Time Out'
31.9362 	EXP 	pract_trial_feedback_text: text = 'Time Out'
31.9542 	EXP 	pract_trial_feedback_text: text = 'Time Out'
31.9756 	EXP 	pract_trial_feedback_text: text = 'Time Out'
31.9962 	EXP 	pract_trial_feedback_text: text = 'Time Out'
32.0136 	EXP 	pract_trial_feedback_text: text = 'Time Out'
32.0363 	EXP 	pract_trial_feedback_text: text = 'Time Out'
32.0589 	EXP 	pract_trial_feedback_text: text = 'Time Out'
32.0755 	EXP 	pract_trial_feedback_text: text = 'Time Out'
32.0963 	EXP 	pract_trial_feedback_text: text = 'Time Out'
32.1153 	EXP 	pract_trial_feedback_text: text = 'Time Out'
32.1356 	EXP 	pract_trial_feedback_text: text = 'Time Out'
32.1560 	EXP 	pract_trial_feedback_text: text = 'Time Out'
32.1741 	EXP 	pract_trial_feedback_text: text = 'Time Out'
32.1943 	EXP 	pract_trial_feedback_text: text = 'Time Out'
32.1978 	DATA 	Keypress: n
32.2230 	EXP 	pract_trial_feedback_text: text = 'Time Out'
32.2230 	EXP 	pract_trial_feedback_text: text = 'Correct'
32.2230 	EXP 	prac_trial_faceImage: autoDraw = False
32.2230 	EXP 	prac_trial_nameText: autoDraw = False
32.2230 	EXP 	pract_trial_feedback_text: autoDraw = True
32.7223 	EXP 	pract_trial_feedback_text: autoDraw = False
32.7223 	EXP 	prac_trial_blank_text: autoDraw = True
33.7263 	EXP 	prac_trial_blank_text: autoDraw = False
33.7263 	EXP 	pract_trial_feedback_text: autoDraw = False
33.7263 	EXP 	prac_trial_blank_text: autoDraw = False
33.7263 	EXP 	prac_trial_faceImage: size = array([0.405  , 0.50625])
33.7263 	EXP 	prac_trial_faceImage: image = './images/Damon.jpg'
33.7263 	EXP 	prac_trial_nameText: text = 'XXXXX'
33.9442 	EXP 	pract_trial_feedback_text: text = 'Time Out'
33.9442 	EXP 	prac_trial_faceImage: autoDraw = True
33.9442 	EXP 	prac_trial_nameText: autoDraw = True
33.9624 	EXP 	pract_trial_feedback_text: text = 'Time Out'
33.9782 	EXP 	pract_trial_feedback_text: text = 'Time Out'
34.0038 	EXP 	pract_trial_feedback_text: text = 'Time Out'
34.0203 	EXP 	pract_trial_feedback_text: text = 'Time Out'
34.0382 	EXP 	pract_trial_feedback_text: text = 'Time Out'
34.0544 	EXP 	pract_trial_feedback_text: text = 'Time Out'
34.0750 	EXP 	pract_trial_feedback_text: text = 'Time Out'
34.0922 	EXP 	pract_trial_feedback_text: text = 'Time Out'
34.1099 	EXP 	pract_trial_feedback_text: text = 'Time Out'
34.1289 	EXP 	pract_trial_feedback_text: text = 'Time Out'
34.1456 	EXP 	pract_trial_feedback_text: text = 'Time Out'
34.1697 	EXP 	pract_trial_feedback_text: text = 'Time Out'
34.1891 	EXP 	pract_trial_feedback_text: text = 'Time Out'
34.2049 	EXP 	pract_trial_feedback_text: text = 'Time Out'
34.2209 	EXP 	pract_trial_feedback_text: text = 'Time Out'
34.2417 	EXP 	pract_trial_feedback_text: text = 'Time Out'
34.2584 	EXP 	pract_trial_feedback_text: text = 'Time Out'
34.2757 	EXP 	pract_trial_feedback_text: text = 'Time Out'
34.2945 	EXP 	pract_trial_feedback_text: text = 'Time Out'
34.3101 	EXP 	pract_trial_feedback_text: text = 'Time Out'
34.3289 	EXP 	pract_trial_feedback_text: text = 'Time Out'
34.3444 	EXP 	pract_trial_feedback_text: text = 'Time Out'
34.3632 	EXP 	pract_trial_feedback_text: text = 'Time Out'
34.3783 	EXP 	pract_trial_feedback_text: text = 'Time Out'
34.4042 	EXP 	pract_trial_feedback_text: text = 'Time Out'
34.4213 	EXP 	pract_trial_feedback_text: text = 'Time Out'
34.4389 	EXP 	pract_trial_feedback_text: text = 'Time Out'
34.4544 	EXP 	pract_trial_feedback_text: text = 'Time Out'
34.4741 	EXP 	pract_trial_feedback_text: text = 'Time Out'
34.4904 	EXP 	pract_trial_feedback_text: text = 'Time Out'
34.5082 	EXP 	pract_trial_feedback_text: text = 'Time Out'
34.5275 	EXP 	pract_trial_feedback_text: text = 'Time Out'
34.5428 	EXP 	pract_trial_feedback_text: text = 'Time Out'
34.5620 	EXP 	pract_trial_feedback_text: text = 'Time Out'
34.5774 	EXP 	pract_trial_feedback_text: text = 'Time Out'
34.6037 	EXP 	pract_trial_feedback_text: text = 'Time Out'
34.6066 	DATA 	Keypress: b
34.6368 	EXP 	pract_trial_feedback_text: text = 'Time Out'
34.6368 	EXP 	pract_trial_feedback_text: text = 'Correct'
34.6368 	EXP 	prac_trial_faceImage: autoDraw = False
34.6368 	EXP 	prac_trial_nameText: autoDraw = False
34.6368 	EXP 	pract_trial_feedback_text: autoDraw = True
35.1383 	EXP 	pract_trial_feedback_text: autoDraw = False
35.1383 	EXP 	prac_trial_blank_text: autoDraw = True
36.1476 	EXP 	prac_trial_blank_text: autoDraw = False
36.1476 	EXP 	pract_trial_feedback_text: autoDraw = False
36.1476 	EXP 	prac_trial_blank_text: autoDraw = False
36.1476 	EXP 	prac_trial_faceImage: size = array([0.405  , 0.50625])
36.1476 	EXP 	prac_trial_faceImage: image = './images/Cruise.jpg'
36.1476 	EXP 	prac_trial_nameText: text = 'XXXXX'
36.3746 	EXP 	pract_trial_feedback_text: text = 'Time Out'
36.3746 	EXP 	prac_trial_faceImage: autoDraw = True
36.3746 	EXP 	prac_trial_nameText: autoDraw = True
36.3933 	EXP 	pract_trial_feedback_text: text = 'Time Out'
36.4138 	EXP 	pract_trial_feedback_text: text = 'Time Out'
36.4302 	EXP 	pract_trial_feedback_text: text = 'Time Out'
36.4550 	EXP 	pract_trial_feedback_text: text = 'Time Out'
36.4715 	EXP 	pract_trial_feedback_text: text = 'Time Out'
36.4913 	EXP 	pract_trial_feedback_text: text = 'Time Out'
36.5064 	EXP 	pract_trial_feedback_text: text = 'Time Out'
36.5243 	EXP 	pract_trial_feedback_text: text = 'Time Out'
36.5403 	EXP 	pract_trial_feedback_text: text = 'Time Out'
36.5592 	EXP 	pract_trial_feedback_text: text = 'Time Out'
36.5753 	EXP 	pract_trial_feedback_text: text = 'Time Out'
36.5933 	EXP 	pract_trial_feedback_text: text = 'Time Out'
36.6122 	EXP 	pract_trial_feedback_text: text = 'Time Out'
36.6275 	EXP 	pract_trial_feedback_text: text = 'Time Out'
36.6470 	EXP 	pract_trial_feedback_text: text = 'Time Out'
36.6623 	EXP 	pract_trial_feedback_text: text = 'Time Out'
36.6813 	EXP 	pract_trial_feedback_text: text = 'Time Out'
36.6961 	EXP 	pract_trial_feedback_text: text = 'Time Out'
36.7213 	EXP 	pract_trial_feedback_text: text = 'Time Out'
36.7403 	EXP 	pract_trial_feedback_text: text = 'Time Out'
36.7563 	EXP 	pract_trial_feedback_text: text = 'Time Out'
36.7722 	EXP 	pract_trial_feedback_text: text = 'Time Out'
36.7916 	EXP 	pract_trial_feedback_text: text = 'Time Out'
36.8116 	EXP 	pract_trial_feedback_text: text = 'Time Out'
36.8275 	EXP 	pract_trial_feedback_text: text = 'Time Out'
36.8300 	DATA 	Keypress: v
36.8577 	EXP 	pract_trial_feedback_text: text = 'Time Out'
36.8577 	EXP 	pract_trial_feedback_text: text = 'Correct'
36.8577 	EXP 	prac_trial_faceImage: autoDraw = False
36.8577 	EXP 	prac_trial_nameText: autoDraw = False
36.8577 	EXP 	pract_trial_feedback_text: autoDraw = True
37.3553 	EXP 	pract_trial_feedback_text: autoDraw = False
37.3553 	EXP 	prac_trial_blank_text: autoDraw = True
38.3629 	EXP 	prac_trial_blank_text: autoDraw = False
38.3629 	EXP 	pract_trial_feedback_text: autoDraw = False
38.3629 	EXP 	prac_trial_blank_text: autoDraw = False
38.3629 	EXP 	prac_trial_faceImage: size = array([0.405  , 0.50625])
38.3629 	EXP 	prac_trial_faceImage: image = './images/Cruise.jpg'
38.3629 	EXP 	prac_trial_nameText: text = 'XXXXX'
38.5784 	EXP 	pract_trial_feedback_text: text = 'Time Out'
38.5784 	EXP 	prac_trial_faceImage: autoDraw = True
38.5784 	EXP 	prac_trial_nameText: autoDraw = True
38.5969 	EXP 	pract_trial_feedback_text: text = 'Time Out'
38.6132 	EXP 	pract_trial_feedback_text: text = 'Time Out'
38.6319 	EXP 	pract_trial_feedback_text: text = 'Time Out'
38.6478 	EXP 	pract_trial_feedback_text: text = 'Time Out'
38.6725 	EXP 	pract_trial_feedback_text: text = 'Time Out'
38.6929 	EXP 	pract_trial_feedback_text: text = 'Time Out'
38.7084 	EXP 	pract_trial_feedback_text: text = 'Time Out'
38.7282 	EXP 	pract_trial_feedback_text: text = 'Time Out'
38.7436 	EXP 	pract_trial_feedback_text: text = 'Time Out'
38.7622 	EXP 	pract_trial_feedback_text: text = 'Time Out'
38.7788 	EXP 	pract_trial_feedback_text: text = 'Time Out'
38.7976 	EXP 	pract_trial_feedback_text: text = 'Time Out'
38.8133 	EXP 	pract_trial_feedback_text: text = 'Time Out'
38.8320 	EXP 	pract_trial_feedback_text: text = 'Time Out'
38.8472 	EXP 	pract_trial_feedback_text: text = 'Time Out'
38.8660 	EXP 	pract_trial_feedback_text: text = 'Time Out'
38.8920 	EXP 	pract_trial_feedback_text: text = 'Time Out'
38.9082 	EXP 	pract_trial_feedback_text: text = 'Time Out'
38.9271 	EXP 	pract_trial_feedback_text: text = 'Time Out'
38.9441 	EXP 	pract_trial_feedback_text: text = 'Time Out'
38.9625 	EXP 	pract_trial_feedback_text: text = 'Time Out'
38.9783 	EXP 	pract_trial_feedback_text: text = 'Time Out'
38.9969 	EXP 	pract_trial_feedback_text: text = 'Time Out'
39.0132 	EXP 	pract_trial_feedback_text: text = 'Time Out'
39.0323 	EXP 	pract_trial_feedback_text: text = 'Time Out'
39.0602 	EXP 	pract_trial_feedback_text: text = 'Time Out'
39.0642 	DATA 	Keypress: v
39.0799 	EXP 	pract_trial_feedback_text: text = 'Time Out'
39.1057 	EXP 	pract_trial_feedback_text: text = 'Time Out'
39.1057 	EXP 	pract_trial_feedback_text: text = 'Correct'
39.1057 	EXP 	prac_trial_faceImage: autoDraw = False
39.1057 	EXP 	prac_trial_nameText: autoDraw = False
39.1057 	EXP 	pract_trial_feedback_text: autoDraw = True
39.6084 	EXP 	pract_trial_feedback_text: autoDraw = False
39.6084 	EXP 	prac_trial_blank_text: autoDraw = True
40.6109 	EXP 	prac_trial_blank_text: autoDraw = False
40.6109 	EXP 	pract_trial_feedback_text: autoDraw = False
40.6109 	EXP 	prac_trial_blank_text: autoDraw = False
40.6109 	EXP 	prac_trial_faceImage: size = array([0.405  , 0.50625])
40.6109 	EXP 	prac_trial_faceImage: image = './images/Clooney.jpg'
40.6109 	EXP 	prac_trial_nameText: text = 'XXXXX'
40.8264 	EXP 	pract_trial_feedback_text: text = 'Time Out'
40.8264 	EXP 	prac_trial_faceImage: autoDraw = True
40.8264 	EXP 	prac_trial_nameText: autoDraw = True
40.8428 	EXP 	pract_trial_feedback_text: text = 'Time Out'
40.8633 	EXP 	pract_trial_feedback_text: text = 'Time Out'
40.8792 	EXP 	pract_trial_feedback_text: text = 'Time Out'
40.9015 	EXP 	pract_trial_feedback_text: text = 'Time Out'
40.9266 	EXP 	pract_trial_feedback_text: text = 'Time Out'
40.9441 	EXP 	pract_trial_feedback_text: text = 'Time Out'
40.9640 	EXP 	pract_trial_feedback_text: text = 'Time Out'
40.9807 	EXP 	pract_trial_feedback_text: text = 'Time Out'
41.0005 	EXP 	pract_trial_feedback_text: text = 'Time Out'
41.0266 	EXP 	pract_trial_feedback_text: text = 'Time Out'
41.0430 	EXP 	pract_trial_feedback_text: text = 'Time Out'
41.0625 	EXP 	pract_trial_feedback_text: text = 'Time Out'
41.0778 	EXP 	pract_trial_feedback_text: text = 'Time Out'
41.0974 	EXP 	pract_trial_feedback_text: text = 'Time Out'
41.1141 	EXP 	pract_trial_feedback_text: text = 'Time Out'
41.1339 	EXP 	pract_trial_feedback_text: text = 'Time Out'
41.1595 	EXP 	pract_trial_feedback_text: text = 'Time Out'
41.1753 	EXP 	pract_trial_feedback_text: text = 'Time Out'
41.1949 	EXP 	pract_trial_feedback_text: text = 'Time Out'
41.2109 	EXP 	pract_trial_feedback_text: text = 'Time Out'
41.2298 	EXP 	pract_trial_feedback_text: text = 'Time Out'
41.2468 	EXP 	pract_trial_feedback_text: text = 'Time Out'
41.2657 	EXP 	pract_trial_feedback_text: text = 'Time Out'
41.2683 	DATA 	Keypress: n
41.2960 	EXP 	pract_trial_feedback_text: text = 'Time Out'
41.2960 	EXP 	pract_trial_feedback_text: text = 'Correct'
41.2960 	EXP 	prac_trial_faceImage: autoDraw = False
41.2960 	EXP 	prac_trial_nameText: autoDraw = False
41.2960 	EXP 	pract_trial_feedback_text: autoDraw = True
41.8092 	EXP 	pract_trial_feedback_text: autoDraw = False
41.8092 	EXP 	prac_trial_blank_text: autoDraw = True
42.8118 	EXP 	prac_trial_blank_text: autoDraw = False
42.8118 	EXP 	pract_trial_feedback_text: autoDraw = False
42.8118 	EXP 	prac_trial_blank_text: autoDraw = False
42.8118 	EXP 	prac_trial_faceImage: size = array([0.405  , 0.50625])
42.8118 	EXP 	prac_trial_faceImage: image = './images/Cruise.jpg'
42.8118 	EXP 	prac_trial_nameText: text = 'XXXXX'
43.0278 	EXP 	pract_trial_feedback_text: text = 'Time Out'
43.0278 	EXP 	prac_trial_faceImage: autoDraw = True
43.0278 	EXP 	prac_trial_nameText: autoDraw = True
43.0443 	EXP 	pract_trial_feedback_text: text = 'Time Out'
43.0632 	EXP 	pract_trial_feedback_text: text = 'Time Out'
43.0789 	EXP 	pract_trial_feedback_text: text = 'Time Out'
43.0975 	EXP 	pract_trial_feedback_text: text = 'Time Out'
43.1134 	EXP 	pract_trial_feedback_text: text = 'Time Out'
43.1315 	EXP 	pract_trial_feedback_text: text = 'Time Out'
43.1473 	EXP 	pract_trial_feedback_text: text = 'Time Out'
43.1652 	EXP 	pract_trial_feedback_text: text = 'Time Out'
43.1813 	EXP 	pract_trial_feedback_text: text = 'Time Out'
43.1998 	EXP 	pract_trial_feedback_text: text = 'Time Out'
43.2274 	EXP 	pract_trial_feedback_text: text = 'Time Out'
43.2429 	EXP 	pract_trial_feedback_text: text = 'Time Out'
43.2618 	EXP 	pract_trial_feedback_text: text = 'Time Out'
43.2778 	EXP 	pract_trial_feedback_text: text = 'Time Out'
43.2956 	EXP 	pract_trial_feedback_text: text = 'Time Out'
43.3116 	EXP 	pract_trial_feedback_text: text = 'Time Out'
43.3305 	EXP 	pract_trial_feedback_text: text = 'Time Out'
43.3477 	EXP 	pract_trial_feedback_text: text = 'Time Out'
43.3657 	EXP 	pract_trial_feedback_text: text = 'Time Out'
43.3945 	EXP 	pract_trial_feedback_text: text = 'Time Out'
43.4094 	EXP 	pract_trial_feedback_text: text = 'Time Out'
43.4288 	EXP 	pract_trial_feedback_text: text = 'Time Out'
43.4444 	EXP 	pract_trial_feedback_text: text = 'Time Out'
43.4636 	EXP 	pract_trial_feedback_text: text = 'Time Out'
43.4794 	EXP 	pract_trial_feedback_text: text = 'Time Out'
43.4977 	EXP 	pract_trial_feedback_text: text = 'Time Out'
43.5142 	EXP 	pract_trial_feedback_text: text = 'Time Out'
43.5335 	EXP 	pract_trial_feedback_text: text = 'Time Out'
43.5614 	EXP 	pract_trial_feedback_text: text = 'Time Out'
43.5764 	EXP 	pract_trial_feedback_text: text = 'Time Out'
43.5972 	EXP 	pract_trial_feedback_text: text = 'Time Out'
43.6133 	EXP 	pract_trial_feedback_text: text = 'Time Out'
43.6317 	EXP 	pract_trial_feedback_text: text = 'Time Out'
43.6478 	EXP 	pract_trial_feedback_text: text = 'Time Out'
43.6657 	EXP 	pract_trial_feedback_text: text = 'Time Out'
43.6942 	EXP 	pract_trial_feedback_text: text = 'Time Out'
43.7093 	EXP 	pract_trial_feedback_text: text = 'Time Out'
43.7293 	EXP 	pract_trial_feedback_text: text = 'Time Out'
43.7446 	EXP 	pract_trial_feedback_text: text = 'Time Out'
43.7633 	EXP 	pract_trial_feedback_text: text = 'Time Out'
43.7787 	EXP 	pract_trial_feedback_text: text = 'Time Out'
43.7975 	EXP 	pract_trial_feedback_text: text = 'Time Out'
43.8143 	EXP 	pract_trial_feedback_text: text = 'Time Out'
43.8321 	EXP 	pract_trial_feedback_text: text = 'Time Out'
43.8615 	EXP 	pract_trial_feedback_text: text = 'Time Out'
43.8769 	EXP 	pract_trial_feedback_text: text = 'Time Out'
43.8958 	EXP 	pract_trial_feedback_text: text = 'Time Out'
43.9113 	EXP 	pract_trial_feedback_text: text = 'Time Out'
43.9308 	EXP 	pract_trial_feedback_text: text = 'Time Out'
43.9342 	DATA 	Keypress: v
43.9595 	EXP 	pract_trial_feedback_text: text = 'Time Out'
43.9595 	EXP 	pract_trial_feedback_text: text = 'Correct'
43.9595 	EXP 	prac_trial_faceImage: autoDraw = False
43.9595 	EXP 	prac_trial_nameText: autoDraw = False
43.9595 	EXP 	pract_trial_feedback_text: autoDraw = True
44.4622 	EXP 	pract_trial_feedback_text: autoDraw = False
44.4622 	EXP 	prac_trial_blank_text: autoDraw = True
45.4659 	EXP 	prac_trial_blank_text: autoDraw = False
45.4659 	EXP 	pract_trial_feedback_text: autoDraw = False
45.4659 	EXP 	prac_trial_blank_text: autoDraw = False
45.4659 	EXP 	prac_trial_faceImage: size = array([0.405  , 0.50625])
45.4659 	EXP 	prac_trial_faceImage: image = './images/Cruise.jpg'
45.4659 	EXP 	prac_trial_nameText: text = 'XXXXX'
45.6941 	EXP 	pract_trial_feedback_text: text = 'Time Out'
45.6941 	EXP 	prac_trial_faceImage: autoDraw = True
45.6941 	EXP 	prac_trial_nameText: autoDraw = True
45.7113 	EXP 	pract_trial_feedback_text: text = 'Time Out'
45.7308 	EXP 	pract_trial_feedback_text: text = 'Time Out'
45.7460 	EXP 	pract_trial_feedback_text: text = 'Time Out'
45.7645 	EXP 	pract_trial_feedback_text: text = 'Time Out'
45.7807 	EXP 	pract_trial_feedback_text: text = 'Time Out'
45.7990 	EXP 	pract_trial_feedback_text: text = 'Time Out'
45.8154 	EXP 	pract_trial_feedback_text: text = 'Time Out'
45.8336 	EXP 	pract_trial_feedback_text: text = 'Time Out'
45.8599 	EXP 	pract_trial_feedback_text: text = 'Time Out'
45.8774 	EXP 	pract_trial_feedback_text: text = 'Time Out'
45.8968 	EXP 	pract_trial_feedback_text: text = 'Time Out'
45.9117 	EXP 	pract_trial_feedback_text: text = 'Time Out'
45.9310 	EXP 	pract_trial_feedback_text: text = 'Time Out'
45.9465 	EXP 	pract_trial_feedback_text: text = 'Time Out'
45.9656 	EXP 	pract_trial_feedback_text: text = 'Time Out'
45.9824 	EXP 	pract_trial_feedback_text: text = 'Time Out'
46.0026 	EXP 	pract_trial_feedback_text: text = 'Time Out'
46.0286 	EXP 	pract_trial_feedback_text: text = 'Time Out'
46.0445 	EXP 	pract_trial_feedback_text: text = 'Time Out'
46.0644 	EXP 	pract_trial_feedback_text: text = 'Time Out'
46.0797 	EXP 	pract_trial_feedback_text: text = 'Time Out'
46.0997 	EXP 	pract_trial_feedback_text: text = 'Time Out'
46.1159 	EXP 	pract_trial_feedback_text: text = 'Time Out'
46.1352 	EXP 	pract_trial_feedback_text: text = 'Time Out'
46.1606 	EXP 	pract_trial_feedback_text: text = 'Time Out'
46.1783 	EXP 	pract_trial_feedback_text: text = 'Time Out'
46.1991 	EXP 	pract_trial_feedback_text: text = 'Time Out'
46.2163 	EXP 	pract_trial_feedback_text: text = 'Time Out'
46.2363 	EXP 	pract_trial_feedback_text: text = 'Time Out'
46.2603 	EXP 	pract_trial_feedback_text: text = 'Time Out'
46.2781 	EXP 	pract_trial_feedback_text: text = 'Time Out'
46.2989 	EXP 	pract_trial_feedback_text: text = 'Time Out'
46.3152 	EXP 	pract_trial_feedback_text: text = 'Time Out'
46.3344 	EXP 	pract_trial_feedback_text: text = 'Time Out'
46.3603 	EXP 	pract_trial_feedback_text: text = 'Time Out'
46.3633 	DATA 	Keypress: b
46.3947 	EXP 	pract_trial_feedback_text: text = 'Time Out'
46.3947 	EXP 	pract_trial_feedback_text: text = 'Incorrect'
46.3947 	EXP 	prac_trial_faceImage: autoDraw = False
46.3947 	EXP 	prac_trial_nameText: autoDraw = False
46.3947 	EXP 	pract_trial_feedback_text: autoDraw = True
46.8976 	EXP 	pract_trial_feedback_text: autoDraw = False
46.8976 	EXP 	prac_trial_blank_text: autoDraw = True
47.8985 	EXP 	prac_trial_blank_text: autoDraw = False
47.8985 	EXP 	pract_trial_feedback_text: autoDraw = False
47.8985 	EXP 	prac_trial_blank_text: autoDraw = False
47.8985 	EXP 	prac_trial_faceImage: size = array([0.405  , 0.50625])
47.8985 	EXP 	prac_trial_faceImage: image = './images/Clooney.jpg'
47.8985 	EXP 	prac_trial_nameText: text = 'XXXXX'
48.1146 	EXP 	pract_trial_feedback_text: text = 'Time Out'
48.1146 	EXP 	prac_trial_faceImage: autoDraw = True
48.1146 	EXP 	prac_trial_nameText: autoDraw = True
48.1305 	EXP 	pract_trial_feedback_text: text = 'Time Out'
48.1506 	EXP 	pract_trial_feedback_text: text = 'Time Out'
48.1691 	EXP 	pract_trial_feedback_text: text = 'Time Out'
48.1913 	EXP 	pract_trial_feedback_text: text = 'Time Out'
48.2105 	EXP 	pract_trial_feedback_text: text = 'Time Out'
48.2272 	EXP 	pract_trial_feedback_text: text = 'Time Out'
48.2475 	EXP 	pract_trial_feedback_text: text = 'Time Out'
48.2642 	EXP 	pract_trial_feedback_text: text = 'Time Out'
48.2833 	EXP 	pract_trial_feedback_text: text = 'Time Out'
48.2991 	EXP 	pract_trial_feedback_text: text = 'Time Out'
48.3192 	EXP 	pract_trial_feedback_text: text = 'Time Out'
48.3442 	EXP 	pract_trial_feedback_text: text = 'Time Out'
48.3609 	EXP 	pract_trial_feedback_text: text = 'Time Out'
48.3810 	EXP 	pract_trial_feedback_text: text = 'Time Out'
48.3971 	EXP 	pract_trial_feedback_text: text = 'Time Out'
48.4161 	EXP 	pract_trial_feedback_text: text = 'Time Out'
48.4325 	EXP 	pract_trial_feedback_text: text = 'Time Out'
48.4516 	EXP 	pract_trial_feedback_text: text = 'Time Out'
48.4744 	EXP 	pract_trial_feedback_text: text = 'Time Out'
48.4936 	EXP 	pract_trial_feedback_text: text = 'Time Out'
48.5141 	EXP 	pract_trial_feedback_text: text = 'Time Out'
48.5310 	EXP 	pract_trial_feedback_text: text = 'Time Out'
48.5512 	EXP 	pract_trial_feedback_text: text = 'Time Out'
48.5749 	EXP 	pract_trial_feedback_text: text = 'Time Out'
48.5780 	DATA 	Keypress: n
48.6117 	EXP 	pract_trial_feedback_text: text = 'Time Out'
48.6117 	EXP 	pract_trial_feedback_text: text = 'Correct'
48.6117 	EXP 	prac_trial_faceImage: autoDraw = False
48.6117 	EXP 	prac_trial_nameText: autoDraw = False
48.6117 	EXP 	pract_trial_feedback_text: autoDraw = True
49.1116 	EXP 	pract_trial_feedback_text: autoDraw = False
49.1116 	EXP 	prac_trial_blank_text: autoDraw = True
50.1151 	EXP 	prac_trial_blank_text: autoDraw = False
50.1151 	EXP 	pract_trial_feedback_text: autoDraw = False
50.1151 	EXP 	prac_trial_blank_text: autoDraw = False
50.1151 	EXP 	prac_trial_faceImage: size = array([0.405  , 0.50625])
50.1151 	EXP 	prac_trial_faceImage: image = './images/Damon.jpg'
50.1151 	EXP 	prac_trial_nameText: text = 'XXXXX'
50.3322 	EXP 	pract_trial_feedback_text: text = 'Time Out'
50.3322 	EXP 	prac_trial_faceImage: autoDraw = True
50.3322 	EXP 	prac_trial_nameText: autoDraw = True
50.3512 	EXP 	pract_trial_feedback_text: text = 'Time Out'
50.3671 	EXP 	pract_trial_feedback_text: text = 'Time Out'
50.3860 	EXP 	pract_trial_feedback_text: text = 'Time Out'
50.4108 	EXP 	pract_trial_feedback_text: text = 'Time Out'
50.4275 	EXP 	pract_trial_feedback_text: text = 'Time Out'
50.4478 	EXP 	pract_trial_feedback_text: text = 'Time Out'
50.4637 	EXP 	pract_trial_feedback_text: text = 'Time Out'
50.4829 	EXP 	pract_trial_feedback_text: text = 'Time Out'
50.4985 	EXP 	pract_trial_feedback_text: text = 'Time Out'
50.5177 	EXP 	pract_trial_feedback_text: text = 'Time Out'
50.5336 	EXP 	pract_trial_feedback_text: text = 'Time Out'
50.5520 	EXP 	pract_trial_feedback_text: text = 'Time Out'
50.5748 	EXP 	pract_trial_feedback_text: text = 'Time Out'
50.5944 	EXP 	pract_trial_feedback_text: text = 'Time Out'
50.6149 	EXP 	pract_trial_feedback_text: text = 'Time Out'
50.6305 	EXP 	pract_trial_feedback_text: text = 'Time Out'
50.6498 	EXP 	pract_trial_feedback_text: text = 'Time Out'
50.6659 	EXP 	pract_trial_feedback_text: text = 'Time Out'
50.6848 	EXP 	pract_trial_feedback_text: text = 'Time Out'
50.7008 	EXP 	pract_trial_feedback_text: text = 'Time Out'
50.7193 	EXP 	pract_trial_feedback_text: text = 'Time Out'
50.7441 	EXP 	pract_trial_feedback_text: text = 'Time Out'
50.7600 	EXP 	pract_trial_feedback_text: text = 'Time Out'
50.7782 	EXP 	pract_trial_feedback_text: text = 'Time Out'
50.7944 	EXP 	pract_trial_feedback_text: text = 'Time Out'
50.8135 	EXP 	pract_trial_feedback_text: text = 'Time Out'
50.8296 	EXP 	pract_trial_feedback_text: text = 'Time Out'
50.8496 	EXP 	pract_trial_feedback_text: text = 'Time Out'
50.8666 	EXP 	pract_trial_feedback_text: text = 'Time Out'
50.8862 	EXP 	pract_trial_feedback_text: text = 'Time Out'
50.9106 	EXP 	pract_trial_feedback_text: text = 'Time Out'
50.9270 	EXP 	pract_trial_feedback_text: text = 'Time Out'
50.9301 	DATA 	Keypress: b
50.9580 	EXP 	pract_trial_feedback_text: text = 'Time Out'
50.9580 	EXP 	pract_trial_feedback_text: text = 'Correct'
50.9580 	EXP 	prac_trial_faceImage: autoDraw = False
50.9580 	EXP 	prac_trial_nameText: autoDraw = False
50.9580 	EXP 	pract_trial_feedback_text: autoDraw = True
51.4602 	EXP 	pract_trial_feedback_text: autoDraw = False
51.4602 	EXP 	prac_trial_blank_text: autoDraw = True
52.4634 	EXP 	prac_trial_blank_text: autoDraw = False
52.4634 	EXP 	pract_trial_feedback_text: autoDraw = False
52.4634 	EXP 	prac_trial_blank_text: autoDraw = False
52.4634 	EXP 	prac_trial_faceImage: size = array([0.405  , 0.50625])
52.4634 	EXP 	prac_trial_faceImage: image = './images/Cruise.jpg'
52.4634 	EXP 	prac_trial_nameText: text = 'XXXXX'
52.6861 	EXP 	pract_trial_feedback_text: text = 'Time Out'
52.6861 	EXP 	prac_trial_faceImage: autoDraw = True
52.6861 	EXP 	prac_trial_nameText: autoDraw = True
52.7025 	EXP 	pract_trial_feedback_text: text = 'Time Out'
52.7245 	EXP 	pract_trial_feedback_text: text = 'Time Out'
52.7443 	EXP 	pract_trial_feedback_text: text = 'Time Out'
52.7609 	EXP 	pract_trial_feedback_text: text = 'Time Out'
52.7797 	EXP 	pract_trial_feedback_text: text = 'Time Out'
52.7969 	EXP 	pract_trial_feedback_text: text = 'Time Out'
52.8160 	EXP 	pract_trial_feedback_text: text = 'Time Out'
52.8322 	EXP 	pract_trial_feedback_text: text = 'Time Out'
52.8522 	EXP 	pract_trial_feedback_text: text = 'Time Out'
52.8689 	EXP 	pract_trial_feedback_text: text = 'Time Out'
52.8913 	EXP 	pract_trial_feedback_text: text = 'Time Out'
52.9117 	EXP 	pract_trial_feedback_text: text = 'Time Out'
52.9277 	EXP 	pract_trial_feedback_text: text = 'Time Out'
52.9484 	EXP 	pract_trial_feedback_text: text = 'Time Out'
52.9642 	EXP 	pract_trial_feedback_text: text = 'Time Out'
52.9829 	EXP 	pract_trial_feedback_text: text = 'Time Out'
53.0005 	EXP 	pract_trial_feedback_text: text = 'Time Out'
53.0191 	EXP 	pract_trial_feedback_text: text = 'Time Out'
53.0352 	EXP 	pract_trial_feedback_text: text = 'Time Out'
53.0578 	EXP 	pract_trial_feedback_text: text = 'Time Out'
53.0774 	EXP 	pract_trial_feedback_text: text = 'Time Out'
53.0929 	EXP 	pract_trial_feedback_text: text = 'Time Out'
53.1122 	EXP 	pract_trial_feedback_text: text = 'Time Out'
53.1149 	DATA 	Keypress: v
53.1351 	EXP 	pract_trial_feedback_text: text = 'Time Out'
53.1351 	EXP 	pract_trial_feedback_text: text = 'Correct'
53.1351 	EXP 	prac_trial_faceImage: autoDraw = False
53.1351 	EXP 	prac_trial_nameText: autoDraw = False
53.1351 	EXP 	pract_trial_feedback_text: autoDraw = True
53.6476 	EXP 	pract_trial_feedback_text: autoDraw = False
53.6476 	EXP 	prac_trial_blank_text: autoDraw = True
54.6537 	EXP 	prac_trial_blank_text: autoDraw = False
54.6537 	EXP 	pract_trial_feedback_text: autoDraw = False
54.6537 	EXP 	prac_trial_blank_text: autoDraw = False
54.6537 	EXP 	prac_trial_faceImage: size = array([0.405  , 0.50625])
54.6537 	EXP 	prac_trial_faceImage: image = './images/Cruise.jpg'
54.6537 	EXP 	prac_trial_nameText: text = 'XXXXX'
54.8691 	EXP 	pract_trial_feedback_text: text = 'Time Out'
54.8691 	EXP 	prac_trial_faceImage: autoDraw = True
54.8691 	EXP 	prac_trial_nameText: autoDraw = True
54.8873 	EXP 	pract_trial_feedback_text: text = 'Time Out'
54.9031 	EXP 	pract_trial_feedback_text: text = 'Time Out'
54.9237 	EXP 	pract_trial_feedback_text: text = 'Time Out'
54.9446 	EXP 	pract_trial_feedback_text: text = 'Time Out'
54.9597 	EXP 	pract_trial_feedback_text: text = 'Time Out'
54.9791 	EXP 	pract_trial_feedback_text: text = 'Time Out'
54.9949 	EXP 	pract_trial_feedback_text: text = 'Time Out'
55.0134 	EXP 	pract_trial_feedback_text: text = 'Time Out'
55.0291 	EXP 	pract_trial_feedback_text: text = 'Time Out'
55.0491 	EXP 	pract_trial_feedback_text: text = 'Time Out'
55.0653 	EXP 	pract_trial_feedback_text: text = 'Time Out'
55.0835 	EXP 	pract_trial_feedback_text: text = 'Time Out'
55.0999 	EXP 	pract_trial_feedback_text: text = 'Time Out'
55.1184 	EXP 	pract_trial_feedback_text: text = 'Time Out'
55.1349 	EXP 	pract_trial_feedback_text: text = 'Time Out'
55.1532 	EXP 	pract_trial_feedback_text: text = 'Time Out'
55.1689 	EXP 	pract_trial_feedback_text: text = 'Time Out'
55.1872 	EXP 	pract_trial_feedback_text: text = 'Time Out'
55.2032 	EXP 	pract_trial_feedback_text: text = 'Time Out'
55.2229 	EXP 	pract_trial_feedback_text: text = 'Time Out'
55.2438 	EXP 	pract_trial_feedback_text: text = 'Time Out'
55.2591 	EXP 	pract_trial_feedback_text: text = 'Time Out'
55.2788 	EXP 	pract_trial_feedback_text: text = 'Time Out'
55.2949 	EXP 	pract_trial_feedback_text: text = 'Time Out'
55.3139 	EXP 	pract_trial_feedback_text: text = 'Time Out'
55.3327 	EXP 	pract_trial_feedback_text: text = 'Time Out'
55.3571 	EXP 	pract_trial_feedback_text: text = 'Time Out'
55.3779 	EXP 	pract_trial_feedback_text: text = 'Time Out'
55.3833 	DATA 	Keypress: v
55.3990 	EXP 	pract_trial_feedback_text: text = 'Time Out'
55.4237 	EXP 	pract_trial_feedback_text: text = 'Time Out'
55.4237 	EXP 	pract_trial_feedback_text: text = 'Correct'
55.4237 	EXP 	prac_trial_faceImage: autoDraw = False
55.4237 	EXP 	prac_trial_nameText: autoDraw = False
55.4237 	EXP 	pract_trial_feedback_text: autoDraw = True
55.9280 	EXP 	pract_trial_feedback_text: autoDraw = False
55.9280 	EXP 	prac_trial_blank_text: autoDraw = True
56.9275 	EXP 	prac_trial_blank_text: autoDraw = False
56.9275 	EXP 	pract_trial_feedback_text: autoDraw = False
56.9275 	EXP 	prac_trial_blank_text: autoDraw = False
56.9275 	EXP 	prac_trial_faceImage: size = array([0.405  , 0.50625])
56.9275 	EXP 	prac_trial_faceImage: image = './images/Clooney.jpg'
56.9275 	EXP 	prac_trial_nameText: text = 'XXXXX'
57.1482 	EXP 	pract_trial_feedback_text: text = 'Time Out'
57.1482 	EXP 	prac_trial_faceImage: autoDraw = True
57.1482 	EXP 	prac_trial_nameText: autoDraw = True
57.1646 	EXP 	pract_trial_feedback_text: text = 'Time Out'
57.1830 	EXP 	pract_trial_feedback_text: text = 'Time Out'
57.2020 	EXP 	pract_trial_feedback_text: text = 'Time Out'
57.2233 	EXP 	pract_trial_feedback_text: text = 'Time Out'
57.2434 	EXP 	pract_trial_feedback_text: text = 'Time Out'
57.2582 	EXP 	pract_trial_feedback_text: text = 'Time Out'
57.2788 	EXP 	pract_trial_feedback_text: text = 'Time Out'
57.2944 	EXP 	pract_trial_feedback_text: text = 'Time Out'
57.3128 	EXP 	pract_trial_feedback_text: text = 'Time Out'
57.3288 	EXP 	pract_trial_feedback_text: text = 'Time Out'
57.3473 	EXP 	pract_trial_feedback_text: text = 'Time Out'
57.3630 	EXP 	pract_trial_feedback_text: text = 'Time Out'
57.3817 	EXP 	pract_trial_feedback_text: text = 'Time Out'
57.3973 	EXP 	pract_trial_feedback_text: text = 'Time Out'
57.4160 	EXP 	pract_trial_feedback_text: text = 'Time Out'
57.4317 	EXP 	pract_trial_feedback_text: text = 'Time Out'
57.4511 	EXP 	pract_trial_feedback_text: text = 'Time Out'
57.4663 	EXP 	pract_trial_feedback_text: text = 'Time Out'
57.4840 	EXP 	pract_trial_feedback_text: text = 'Time Out'
57.4996 	EXP 	pract_trial_feedback_text: text = 'Time Out'
57.5180 	EXP 	pract_trial_feedback_text: text = 'Time Out'
57.5331 	EXP 	pract_trial_feedback_text: text = 'Time Out'
57.5522 	EXP 	pract_trial_feedback_text: text = 'Time Out'
57.5677 	EXP 	pract_trial_feedback_text: text = 'Time Out'
57.5865 	EXP 	pract_trial_feedback_text: text = 'Time Out'
57.6017 	EXP 	pract_trial_feedback_text: text = 'Time Out'
57.6209 	EXP 	pract_trial_feedback_text: text = 'Time Out'
57.6369 	EXP 	pract_trial_feedback_text: text = 'Time Out'
57.6549 	EXP 	pract_trial_feedback_text: text = 'Time Out'
57.6715 	EXP 	pract_trial_feedback_text: text = 'Time Out'
57.6897 	EXP 	pract_trial_feedback_text: text = 'Time Out'
57.7096 	EXP 	pract_trial_feedback_text: text = 'Time Out'
57.7249 	EXP 	pract_trial_feedback_text: text = 'Time Out'
57.7419 	EXP 	pract_trial_feedback_text: text = 'Time Out'
57.7600 	EXP 	pract_trial_feedback_text: text = 'Time Out'
57.7791 	EXP 	pract_trial_feedback_text: text = 'Time Out'
57.7951 	EXP 	pract_trial_feedback_text: text = 'Time Out'
57.8140 	EXP 	pract_trial_feedback_text: text = 'Time Out'
57.8316 	EXP 	pract_trial_feedback_text: text = 'Time Out'
57.8582 	EXP 	pract_trial_feedback_text: text = 'Time Out'
57.8626 	DATA 	Keypress: n
57.8790 	EXP 	pract_trial_feedback_text: text = 'Time Out'
57.9030 	EXP 	pract_trial_feedback_text: text = 'Time Out'
57.9030 	EXP 	pract_trial_feedback_text: text = 'Correct'
57.9030 	EXP 	prac_trial_faceImage: autoDraw = False
57.9030 	EXP 	prac_trial_nameText: autoDraw = False
57.9030 	EXP 	pract_trial_feedback_text: autoDraw = True
58.4189 	EXP 	pract_trial_feedback_text: autoDraw = False
58.4189 	EXP 	prac_trial_blank_text: autoDraw = True
59.4238 	EXP 	prac_trial_blank_text: autoDraw = False
59.4238 	EXP 	pract_trial_feedback_text: autoDraw = False
59.4238 	EXP 	prac_trial_blank_text: autoDraw = False
59.4238 	EXP 	prac_trial_faceImage: size = array([0.405  , 0.50625])
59.4238 	EXP 	prac_trial_faceImage: image = './images/Cruise.jpg'
59.4238 	EXP 	prac_trial_nameText: text = 'XXXXX'
59.6391 	EXP 	pract_trial_feedback_text: text = 'Time Out'
59.6391 	EXP 	prac_trial_faceImage: autoDraw = True
59.6391 	EXP 	prac_trial_nameText: autoDraw = True
59.6583 	EXP 	pract_trial_feedback_text: text = 'Time Out'
59.6744 	EXP 	pract_trial_feedback_text: text = 'Time Out'
59.6985 	EXP 	pract_trial_feedback_text: text = 'Time Out'
59.7183 	EXP 	pract_trial_feedback_text: text = 'Time Out'
59.7333 	EXP 	pract_trial_feedback_text: text = 'Time Out'
59.7534 	EXP 	pract_trial_feedback_text: text = 'Time Out'
59.7691 	EXP 	pract_trial_feedback_text: text = 'Time Out'
59.7884 	EXP 	pract_trial_feedback_text: text = 'Time Out'
59.8039 	EXP 	pract_trial_feedback_text: text = 'Time Out'
59.8235 	EXP 	pract_trial_feedback_text: text = 'Time Out'
59.8402 	EXP 	pract_trial_feedback_text: text = 'Time Out'
59.8656 	EXP 	pract_trial_feedback_text: text = 'Time Out'
59.8860 	EXP 	pract_trial_feedback_text: text = 'Time Out'
59.9014 	EXP 	pract_trial_feedback_text: text = 'Time Out'
59.9189 	EXP 	pract_trial_feedback_text: text = 'Time Out'
59.9361 	EXP 	pract_trial_feedback_text: text = 'Time Out'
59.9552 	EXP 	pract_trial_feedback_text: text = 'Time Out'
59.9709 	EXP 	pract_trial_feedback_text: text = 'Time Out'
59.9905 	EXP 	pract_trial_feedback_text: text = 'Time Out'
60.0076 	EXP 	pract_trial_feedback_text: text = 'Time Out'
60.0331 	EXP 	pract_trial_feedback_text: text = 'Time Out'
60.0503 	EXP 	pract_trial_feedback_text: text = 'Time Out'
60.0691 	EXP 	pract_trial_feedback_text: text = 'Time Out'
60.0887 	EXP 	pract_trial_feedback_text: text = 'Time Out'
60.1044 	EXP 	pract_trial_feedback_text: text = 'Time Out'
60.1235 	EXP 	pract_trial_feedback_text: text = 'Time Out'
60.1391 	EXP 	pract_trial_feedback_text: text = 'Time Out'
60.1575 	EXP 	pract_trial_feedback_text: text = 'Time Out'
60.1744 	EXP 	pract_trial_feedback_text: text = 'Time Out'
60.1993 	EXP 	pract_trial_feedback_text: text = 'Time Out'
60.2171 	EXP 	pract_trial_feedback_text: text = 'Time Out'
60.2351 	EXP 	pract_trial_feedback_text: text = 'Time Out'
60.2558 	EXP 	pract_trial_feedback_text: text = 'Time Out'
60.2612 	DATA 	Keypress: v
60.2772 	EXP 	pract_trial_feedback_text: text = 'Time Out'
60.3023 	EXP 	pract_trial_feedback_text: text = 'Time Out'
60.3023 	EXP 	pract_trial_feedback_text: text = 'Correct'
60.3023 	EXP 	prac_trial_faceImage: autoDraw = False
60.3023 	EXP 	prac_trial_nameText: autoDraw = False
60.3023 	EXP 	pract_trial_feedback_text: autoDraw = True
60.8163 	EXP 	pract_trial_feedback_text: autoDraw = False
60.8163 	EXP 	prac_trial_blank_text: autoDraw = True
61.8246 	EXP 	prac_trial_blank_text: autoDraw = False
61.8246 	EXP 	pract_trial_feedback_text: autoDraw = False
61.8246 	EXP 	prac_trial_blank_text: autoDraw = False
61.8246 	EXP 	prac_trial_faceImage: size = array([0.405  , 0.50625])
61.8246 	EXP 	prac_trial_faceImage: image = './images/Clooney.jpg'
61.8246 	EXP 	prac_trial_nameText: text = 'XXXXX'
62.0292 	EXP 	pract_trial_feedback_text: text = 'Time Out'
62.0292 	EXP 	prac_trial_faceImage: autoDraw = True
62.0292 	EXP 	prac_trial_nameText: autoDraw = True
62.0469 	EXP 	pract_trial_feedback_text: text = 'Time Out'
62.0668 	EXP 	pract_trial_feedback_text: text = 'Time Out'
62.0844 	EXP 	pract_trial_feedback_text: text = 'Time Out'
62.1031 	EXP 	pract_trial_feedback_text: text = 'Time Out'
62.1225 	EXP 	pract_trial_feedback_text: text = 'Time Out'
62.1405 	EXP 	pract_trial_feedback_text: text = 'Time Out'
62.1584 	EXP 	pract_trial_feedback_text: text = 'Time Out'
62.1784 	EXP 	pract_trial_feedback_text: text = 'Time Out'
62.1992 	EXP 	pract_trial_feedback_text: text = 'Time Out'
62.2197 	EXP 	pract_trial_feedback_text: text = 'Time Out'
62.2368 	EXP 	pract_trial_feedback_text: text = 'Time Out'
62.2566 	EXP 	pract_trial_feedback_text: text = 'Time Out'
62.2726 	EXP 	pract_trial_feedback_text: text = 'Time Out'
62.2929 	EXP 	pract_trial_feedback_text: text = 'Time Out'
62.3084 	EXP 	pract_trial_feedback_text: text = 'Time Out'
62.3282 	EXP 	pract_trial_feedback_text: text = 'Time Out'
62.3434 	EXP 	pract_trial_feedback_text: text = 'Time Out'
62.3616 	EXP 	pract_trial_feedback_text: text = 'Time Out'
62.3769 	EXP 	pract_trial_feedback_text: text = 'Time Out'
62.3961 	EXP 	pract_trial_feedback_text: text = 'Time Out'
62.4121 	EXP 	pract_trial_feedback_text: text = 'Time Out'
62.4312 	EXP 	pract_trial_feedback_text: text = 'Time Out'
62.4479 	EXP 	pract_trial_feedback_text: text = 'Time Out'
62.4665 	EXP 	pract_trial_feedback_text: text = 'Time Out'
62.4840 	EXP 	pract_trial_feedback_text: text = 'Time Out'
62.5044 	EXP 	pract_trial_feedback_text: text = 'Time Out'
62.5232 	EXP 	pract_trial_feedback_text: text = 'Time Out'
62.5404 	EXP 	pract_trial_feedback_text: text = 'Time Out'
62.5610 	EXP 	pract_trial_feedback_text: text = 'Time Out'
62.5758 	EXP 	pract_trial_feedback_text: text = 'Time Out'
62.5945 	EXP 	pract_trial_feedback_text: text = 'Time Out'
62.6093 	EXP 	pract_trial_feedback_text: text = 'Time Out'
62.6280 	EXP 	pract_trial_feedback_text: text = 'Time Out'
62.6434 	EXP 	pract_trial_feedback_text: text = 'Time Out'
62.6617 	EXP 	pract_trial_feedback_text: text = 'Time Out'
62.6770 	EXP 	pract_trial_feedback_text: text = 'Time Out'
62.6958 	EXP 	pract_trial_feedback_text: text = 'Time Out'
62.7113 	EXP 	pract_trial_feedback_text: text = 'Time Out'
62.7297 	EXP 	pract_trial_feedback_text: text = 'Time Out'
62.7456 	EXP 	pract_trial_feedback_text: text = 'Time Out'
62.7641 	EXP 	pract_trial_feedback_text: text = 'Time Out'
62.7810 	EXP 	pract_trial_feedback_text: text = 'Time Out'
62.7858 	DATA 	Keypress: b
62.8031 	EXP 	pract_trial_feedback_text: text = 'Time Out'
62.8270 	EXP 	pract_trial_feedback_text: text = 'Time Out'
62.8270 	EXP 	pract_trial_feedback_text: text = 'Incorrect'
62.8270 	EXP 	prac_trial_faceImage: autoDraw = False
62.8270 	EXP 	prac_trial_nameText: autoDraw = False
62.8270 	EXP 	pract_trial_feedback_text: autoDraw = True
63.3343 	EXP 	pract_trial_feedback_text: autoDraw = False
63.3343 	EXP 	prac_trial_blank_text: autoDraw = True
64.3383 	EXP 	prac_trial_blank_text: autoDraw = False
64.3383 	EXP 	pract_trial_feedback_text: autoDraw = False
64.3383 	EXP 	prac_trial_blank_text: autoDraw = False
64.3383 	EXP 	prac_trial_faceImage: size = array([0.405  , 0.50625])
64.3383 	EXP 	prac_trial_faceImage: image = './images/Cruise.jpg'
64.3383 	EXP 	prac_trial_nameText: text = 'XXXXX'
64.5440 	EXP 	pract_trial_feedback_text: text = 'Time Out'
64.5440 	EXP 	prac_trial_faceImage: autoDraw = True
64.5440 	EXP 	prac_trial_nameText: autoDraw = True
64.5645 	EXP 	pract_trial_feedback_text: text = 'Time Out'
64.5800 	EXP 	pract_trial_feedback_text: text = 'Time Out'
64.5985 	EXP 	pract_trial_feedback_text: text = 'Time Out'
64.6143 	EXP 	pract_trial_feedback_text: text = 'Time Out'
64.6331 	EXP 	pract_trial_feedback_text: text = 'Time Out'
64.6545 	EXP 	pract_trial_feedback_text: text = 'Time Out'
64.6703 	EXP 	pract_trial_feedback_text: text = 'Time Out'
64.6867 	EXP 	pract_trial_feedback_text: text = 'Time Out'
64.7044 	EXP 	pract_trial_feedback_text: text = 'Time Out'
64.7201 	EXP 	pract_trial_feedback_text: text = 'Time Out'
64.7377 	EXP 	pract_trial_feedback_text: text = 'Time Out'
64.7539 	EXP 	pract_trial_feedback_text: text = 'Time Out'
64.7715 	EXP 	pract_trial_feedback_text: text = 'Time Out'
64.7870 	EXP 	pract_trial_feedback_text: text = 'Time Out'
64.8069 	EXP 	pract_trial_feedback_text: text = 'Time Out'
64.8256 	EXP 	pract_trial_feedback_text: text = 'Time Out'
64.8433 	EXP 	pract_trial_feedback_text: text = 'Time Out'
64.8627 	EXP 	pract_trial_feedback_text: text = 'Time Out'
64.8779 	EXP 	pract_trial_feedback_text: text = 'Time Out'
64.8966 	EXP 	pract_trial_feedback_text: text = 'Time Out'
64.9118 	EXP 	pract_trial_feedback_text: text = 'Time Out'
64.9306 	EXP 	pract_trial_feedback_text: text = 'Time Out'
64.9463 	EXP 	pract_trial_feedback_text: text = 'Time Out'
64.9648 	EXP 	pract_trial_feedback_text: text = 'Time Out'
64.9807 	EXP 	pract_trial_feedback_text: text = 'Time Out'
64.9987 	EXP 	pract_trial_feedback_text: text = 'Time Out'
65.0207 	EXP 	pract_trial_feedback_text: text = 'Time Out'
65.0370 	EXP 	pract_trial_feedback_text: text = 'Time Out'
65.0533 	EXP 	pract_trial_feedback_text: text = 'Time Out'
65.0711 	EXP 	pract_trial_feedback_text: text = 'Time Out'
65.0872 	EXP 	pract_trial_feedback_text: text = 'Time Out'
65.1076 	EXP 	pract_trial_feedback_text: text = 'Time Out'
65.1130 	DATA 	Keypress: v
65.1294 	EXP 	pract_trial_feedback_text: text = 'Time Out'
65.1545 	EXP 	pract_trial_feedback_text: text = 'Time Out'
65.1545 	EXP 	pract_trial_feedback_text: text = 'Correct'
65.1545 	EXP 	prac_trial_faceImage: autoDraw = False
65.1545 	EXP 	prac_trial_nameText: autoDraw = False
65.1545 	EXP 	pract_trial_feedback_text: autoDraw = True
65.6535 	EXP 	pract_trial_feedback_text: autoDraw = False
65.6535 	EXP 	prac_trial_blank_text: autoDraw = True
66.6592 	EXP 	prac_trial_blank_text: autoDraw = False
66.6592 	EXP 	pract_trial_feedback_text: autoDraw = False
66.6592 	EXP 	prac_trial_blank_text: autoDraw = False
66.6592 	EXP 	prac_trial_faceImage: size = array([0.405  , 0.50625])
66.6592 	EXP 	prac_trial_faceImage: image = './images/Clooney.jpg'
66.6592 	EXP 	prac_trial_nameText: text = 'XXXXX'
66.8758 	EXP 	pract_trial_feedback_text: text = 'Time Out'
66.8758 	EXP 	prac_trial_faceImage: autoDraw = True
66.8758 	EXP 	prac_trial_nameText: autoDraw = True
66.8948 	EXP 	pract_trial_feedback_text: text = 'Time Out'
66.9102 	EXP 	pract_trial_feedback_text: text = 'Time Out'
66.9351 	EXP 	pract_trial_feedback_text: text = 'Time Out'
66.9548 	EXP 	pract_trial_feedback_text: text = 'Time Out'
66.9707 	EXP 	pract_trial_feedback_text: text = 'Time Out'
66.9870 	EXP 	pract_trial_feedback_text: text = 'Time Out'
67.0048 	EXP 	pract_trial_feedback_text: text = 'Time Out'
67.0202 	EXP 	pract_trial_feedback_text: text = 'Time Out'
67.0400 	EXP 	pract_trial_feedback_text: text = 'Time Out'
67.0566 	EXP 	pract_trial_feedback_text: text = 'Time Out'
67.0759 	EXP 	pract_trial_feedback_text: text = 'Time Out'
67.0962 	EXP 	pract_trial_feedback_text: text = 'Time Out'
67.1113 	EXP 	pract_trial_feedback_text: text = 'Time Out'
67.1310 	EXP 	pract_trial_feedback_text: text = 'Time Out'
67.1461 	EXP 	pract_trial_feedback_text: text = 'Time Out'
67.1650 	EXP 	pract_trial_feedback_text: text = 'Time Out'
67.1801 	EXP 	pract_trial_feedback_text: text = 'Time Out'
67.2003 	EXP 	pract_trial_feedback_text: text = 'Time Out'
67.2216 	EXP 	pract_trial_feedback_text: text = 'Time Out'
67.2385 	EXP 	pract_trial_feedback_text: text = 'Time Out'
67.2542 	EXP 	pract_trial_feedback_text: text = 'Time Out'
67.2736 	EXP 	pract_trial_feedback_text: text = 'Time Out'
67.2906 	EXP 	pract_trial_feedback_text: text = 'Time Out'
67.3115 	EXP 	pract_trial_feedback_text: text = 'Time Out'
67.3380 	EXP 	pract_trial_feedback_text: text = 'Time Out'
67.3543 	EXP 	pract_trial_feedback_text: text = 'Time Out'
67.3745 	EXP 	pract_trial_feedback_text: text = 'Time Out'
67.3909 	EXP 	pract_trial_feedback_text: text = 'Time Out'
67.4101 	EXP 	pract_trial_feedback_text: text = 'Time Out'
67.4365 	EXP 	pract_trial_feedback_text: text = 'Time Out'
67.4528 	EXP 	pract_trial_feedback_text: text = 'Time Out'
67.4730 	EXP 	pract_trial_feedback_text: text = 'Time Out'
67.4905 	EXP 	pract_trial_feedback_text: text = 'Time Out'
67.5108 	EXP 	pract_trial_feedback_text: text = 'Time Out'
67.5319 	EXP 	pract_trial_feedback_text: text = 'Time Out'
67.5468 	EXP 	pract_trial_feedback_text: text = 'Time Out'
67.5661 	EXP 	pract_trial_feedback_text: text = 'Time Out'
67.5688 	DATA 	Keypress: n
67.5891 	EXP 	pract_trial_feedback_text: text = 'Time Out'
67.5891 	EXP 	pract_trial_feedback_text: text = 'Correct'
67.5891 	EXP 	prac_trial_faceImage: autoDraw = False
67.5891 	EXP 	prac_trial_nameText: autoDraw = False
67.5891 	EXP 	pract_trial_feedback_text: autoDraw = True
68.1053 	EXP 	pract_trial_feedback_text: autoDraw = False
68.1053 	EXP 	prac_trial_blank_text: autoDraw = True
69.1086 	EXP 	prac_trial_blank_text: autoDraw = False
69.1086 	EXP 	pract_trial_feedback_text: autoDraw = False
69.1086 	EXP 	prac_trial_blank_text: autoDraw = False
69.1086 	EXP 	prac_trial_faceImage: size = array([0.405  , 0.50625])
69.1086 	EXP 	prac_trial_faceImage: image = './images/Clooney.jpg'
69.1086 	EXP 	prac_trial_nameText: text = 'XXXXX'
69.3147 	EXP 	pract_trial_feedback_text: text = 'Time Out'
69.3147 	EXP 	prac_trial_faceImage: autoDraw = True
69.3147 	EXP 	prac_trial_nameText: autoDraw = True
69.3365 	EXP 	pract_trial_feedback_text: text = 'Time Out'
69.3580 	EXP 	pract_trial_feedback_text: text = 'Time Out'
69.3751 	EXP 	pract_trial_feedback_text: text = 'Time Out'
69.3966 	EXP 	pract_trial_feedback_text: text = 'Time Out'
69.4149 	EXP 	pract_trial_feedback_text: text = 'Time Out'
69.4376 	EXP 	pract_trial_feedback_text: text = 'Time Out'
69.4560 	EXP 	pract_trial_feedback_text: text = 'Time Out'
69.4744 	EXP 	pract_trial_feedback_text: text = 'Time Out'
69.4944 	EXP 	pract_trial_feedback_text: text = 'Time Out'
69.5111 	EXP 	pract_trial_feedback_text: text = 'Time Out'
69.5315 	EXP 	pract_trial_feedback_text: text = 'Time Out'
69.5486 	EXP 	pract_trial_feedback_text: text = 'Time Out'
69.5704 	EXP 	pract_trial_feedback_text: text = 'Time Out'
69.5930 	EXP 	pract_trial_feedback_text: text = 'Time Out'
69.6108 	EXP 	pract_trial_feedback_text: text = 'Time Out'
69.6319 	EXP 	pract_trial_feedback_text: text = 'Time Out'
69.6588 	EXP 	pract_trial_feedback_text: text = 'Time Out'
69.6764 	EXP 	pract_trial_feedback_text: text = 'Time Out'
69.6974 	EXP 	pract_trial_feedback_text: text = 'Time Out'
69.7139 	EXP 	pract_trial_feedback_text: text = 'Time Out'
69.7377 	EXP 	pract_trial_feedback_text: text = 'Time Out'
69.7597 	EXP 	pract_trial_feedback_text: text = 'Time Out'
69.7762 	EXP 	pract_trial_feedback_text: text = 'Time Out'
69.7963 	EXP 	pract_trial_feedback_text: text = 'Time Out'
69.8123 	EXP 	pract_trial_feedback_text: text = 'Time Out'
69.8313 	EXP 	pract_trial_feedback_text: text = 'Time Out'
69.8581 	EXP 	pract_trial_feedback_text: text = 'Time Out'
69.8745 	EXP 	pract_trial_feedback_text: text = 'Time Out'
69.8944 	EXP 	pract_trial_feedback_text: text = 'Time Out'
69.9117 	EXP 	pract_trial_feedback_text: text = 'Time Out'
69.9326 	EXP 	pract_trial_feedback_text: text = 'Time Out'
69.9575 	EXP 	pract_trial_feedback_text: text = 'Time Out'
69.9747 	EXP 	pract_trial_feedback_text: text = 'Time Out'
69.9953 	EXP 	pract_trial_feedback_text: text = 'Time Out'
70.0122 	EXP 	pract_trial_feedback_text: text = 'Time Out'
70.0380 	EXP 	pract_trial_feedback_text: text = 'Time Out'
70.0596 	EXP 	pract_trial_feedback_text: text = 'Time Out'
70.0622 	DATA 	Keypress: n
70.0917 	EXP 	pract_trial_feedback_text: text = 'Time Out'
70.0917 	EXP 	pract_trial_feedback_text: text = 'Correct'
70.0917 	EXP 	prac_trial_faceImage: autoDraw = False
70.0917 	EXP 	prac_trial_nameText: autoDraw = False
70.0917 	EXP 	pract_trial_feedback_text: autoDraw = True
70.5914 	EXP 	pract_trial_feedback_text: autoDraw = False
70.5914 	EXP 	prac_trial_blank_text: autoDraw = True
71.5961 	EXP 	prac_trial_blank_text: autoDraw = False
71.5961 	EXP 	pract_trial_feedback_text: autoDraw = False
71.5961 	EXP 	prac_trial_blank_text: autoDraw = False
71.5961 	EXP 	prac_trial_faceImage: size = array([0.405  , 0.50625])
71.5961 	EXP 	prac_trial_faceImage: image = './images/Damon.jpg'
71.5961 	EXP 	prac_trial_nameText: text = 'XXXXX'
71.8260 	EXP 	pract_trial_feedback_text: text = 'Time Out'
71.8260 	EXP 	prac_trial_faceImage: autoDraw = True
71.8260 	EXP 	prac_trial_nameText: autoDraw = True
71.8426 	EXP 	pract_trial_feedback_text: text = 'Time Out'
71.8641 	EXP 	pract_trial_feedback_text: text = 'Time Out'
71.8810 	EXP 	pract_trial_feedback_text: text = 'Time Out'
71.9059 	EXP 	pract_trial_feedback_text: text = 'Time Out'
71.9261 	EXP 	pract_trial_feedback_text: text = 'Time Out'
71.9427 	EXP 	pract_trial_feedback_text: text = 'Time Out'
71.9636 	EXP 	pract_trial_feedback_text: text = 'Time Out'
71.9793 	EXP 	pract_trial_feedback_text: text = 'Time Out'
71.9983 	EXP 	pract_trial_feedback_text: text = 'Time Out'
72.0140 	EXP 	pract_trial_feedback_text: text = 'Time Out'
72.0388 	EXP 	pract_trial_feedback_text: text = 'Time Out'
72.0604 	EXP 	pract_trial_feedback_text: text = 'Time Out'
72.0753 	EXP 	pract_trial_feedback_text: text = 'Time Out'
72.0946 	EXP 	pract_trial_feedback_text: text = 'Time Out'
72.1113 	EXP 	pract_trial_feedback_text: text = 'Time Out'
72.1297 	EXP 	pract_trial_feedback_text: text = 'Time Out'
72.1471 	EXP 	pract_trial_feedback_text: text = 'Time Out'
72.1709 	EXP 	pract_trial_feedback_text: text = 'Time Out'
72.1927 	EXP 	pract_trial_feedback_text: text = 'Time Out'
72.2090 	EXP 	pract_trial_feedback_text: text = 'Time Out'
72.2268 	EXP 	pract_trial_feedback_text: text = 'Time Out'
72.2433 	EXP 	pract_trial_feedback_text: text = 'Time Out'
72.2637 	EXP 	pract_trial_feedback_text: text = 'Time Out'
72.2806 	EXP 	pract_trial_feedback_text: text = 'Time Out'
72.3050 	EXP 	pract_trial_feedback_text: text = 'Time Out'
72.3255 	EXP 	pract_trial_feedback_text: text = 'Time Out'
72.3409 	EXP 	pract_trial_feedback_text: text = 'Time Out'
72.3612 	EXP 	pract_trial_feedback_text: text = 'Time Out'
72.3776 	EXP 	pract_trial_feedback_text: text = 'Time Out'
72.3970 	EXP 	pract_trial_feedback_text: text = 'Time Out'
72.4133 	EXP 	pract_trial_feedback_text: text = 'Time Out'
72.4392 	EXP 	pract_trial_feedback_text: text = 'Time Out'
72.4607 	EXP 	pract_trial_feedback_text: text = 'Time Out'
72.4770 	EXP 	pract_trial_feedback_text: text = 'Time Out'
72.4992 	EXP 	pract_trial_feedback_text: text = 'Time Out'
72.5259 	EXP 	pract_trial_feedback_text: text = 'Time Out'
72.5416 	EXP 	pract_trial_feedback_text: text = 'Time Out'
72.5616 	EXP 	pract_trial_feedback_text: text = 'Time Out'
72.5657 	DATA 	Keypress: b
72.5801 	EXP 	pract_trial_feedback_text: text = 'Time Out'
72.6063 	EXP 	pract_trial_feedback_text: text = 'Time Out'
72.6063 	EXP 	pract_trial_feedback_text: text = 'Correct'
72.6063 	EXP 	prac_trial_faceImage: autoDraw = False
72.6063 	EXP 	prac_trial_nameText: autoDraw = False
72.6063 	EXP 	pract_trial_feedback_text: autoDraw = True
73.1072 	EXP 	pract_trial_feedback_text: autoDraw = False
73.1072 	EXP 	prac_trial_blank_text: autoDraw = True
74.1269 	EXP 	prac_trial_blank_text: autoDraw = False
74.1269 	EXP 	pract_trial_feedback_text: autoDraw = False
74.1269 	EXP 	prac_trial_blank_text: autoDraw = False
74.1269 	EXP 	prac_trial_faceImage: size = array([0.405  , 0.50625])
74.1269 	EXP 	prac_trial_faceImage: image = './images/Clooney.jpg'
74.1269 	EXP 	prac_trial_nameText: text = 'XXXXX'
74.3397 	EXP 	pract_trial_feedback_text: text = 'Time Out'
74.3397 	EXP 	prac_trial_faceImage: autoDraw = True
74.3397 	EXP 	prac_trial_nameText: autoDraw = True
74.3616 	EXP 	pract_trial_feedback_text: text = 'Time Out'
74.3784 	EXP 	pract_trial_feedback_text: text = 'Time Out'
74.3960 	EXP 	pract_trial_feedback_text: text = 'Time Out'
74.4170 	EXP 	pract_trial_feedback_text: text = 'Time Out'
74.4400 	EXP 	pract_trial_feedback_text: text = 'Time Out'
74.4613 	EXP 	pract_trial_feedback_text: text = 'Time Out'
74.4767 	EXP 	pract_trial_feedback_text: text = 'Time Out'
74.4946 	EXP 	pract_trial_feedback_text: text = 'Time Out'
74.5143 	EXP 	pract_trial_feedback_text: text = 'Time Out'
74.5326 	EXP 	pract_trial_feedback_text: text = 'Time Out'
74.5596 	EXP 	pract_trial_feedback_text: text = 'Time Out'
74.5766 	EXP 	pract_trial_feedback_text: text = 'Time Out'
74.5938 	EXP 	pract_trial_feedback_text: text = 'Time Out'
74.6125 	EXP 	pract_trial_feedback_text: text = 'Time Out'
74.6281 	EXP 	pract_trial_feedback_text: text = 'Time Out'
74.6458 	EXP 	pract_trial_feedback_text: text = 'Time Out'
74.6645 	EXP 	pract_trial_feedback_text: text = 'Time Out'
74.6928 	EXP 	pract_trial_feedback_text: text = 'Time Out'
74.7103 	EXP 	pract_trial_feedback_text: text = 'Time Out'
74.7298 	EXP 	pract_trial_feedback_text: text = 'Time Out'
74.7459 	EXP 	pract_trial_feedback_text: text = 'Time Out'
74.7649 	EXP 	pract_trial_feedback_text: text = 'Time Out'
74.7931 	EXP 	pract_trial_feedback_text: text = 'Time Out'
74.8102 	EXP 	pract_trial_feedback_text: text = 'Time Out'
74.8282 	EXP 	pract_trial_feedback_text: text = 'Time Out'
74.8476 	EXP 	pract_trial_feedback_text: text = 'Time Out'
74.8721 	EXP 	pract_trial_feedback_text: text = 'Time Out'
74.8935 	EXP 	pract_trial_feedback_text: text = 'Time Out'
74.9106 	EXP 	pract_trial_feedback_text: text = 'Time Out'
74.9278 	EXP 	pract_trial_feedback_text: text = 'Time Out'
74.9470 	EXP 	pract_trial_feedback_text: text = 'Time Out'
74.9666 	EXP 	pract_trial_feedback_text: text = 'Time Out'
74.9928 	EXP 	pract_trial_feedback_text: text = 'Time Out'
75.0103 	EXP 	pract_trial_feedback_text: text = 'Time Out'
75.0293 	EXP 	pract_trial_feedback_text: text = 'Time Out'
75.0455 	EXP 	pract_trial_feedback_text: text = 'Time Out'
75.0653 	EXP 	pract_trial_feedback_text: text = 'Time Out'
75.0928 	EXP 	pract_trial_feedback_text: text = 'Time Out'
75.1110 	EXP 	pract_trial_feedback_text: text = 'Time Out'
75.1317 	EXP 	pract_trial_feedback_text: text = 'Time Out'
75.1355 	DATA 	Keypress: n
75.1628 	EXP 	pract_trial_feedback_text: text = 'Time Out'
75.1628 	EXP 	pract_trial_feedback_text: text = 'Correct'
75.1628 	EXP 	prac_trial_faceImage: autoDraw = False
75.1628 	EXP 	prac_trial_nameText: autoDraw = False
75.1628 	EXP 	pract_trial_feedback_text: autoDraw = True
75.6735 	EXP 	pract_trial_feedback_text: autoDraw = False
75.6735 	EXP 	prac_trial_blank_text: autoDraw = True
76.6778 	EXP 	prac_trial_blank_text: autoDraw = False
76.6778 	EXP 	pract_trial_feedback_text: autoDraw = False
76.6778 	EXP 	prac_trial_blank_text: autoDraw = False
76.6778 	EXP 	prac_trial_faceImage: size = array([0.405  , 0.50625])
76.6778 	EXP 	prac_trial_faceImage: image = './images/Damon.jpg'
76.6778 	EXP 	prac_trial_nameText: text = 'XXXXX'
76.8980 	EXP 	pract_trial_feedback_text: text = 'Time Out'
76.8980 	EXP 	prac_trial_faceImage: autoDraw = True
76.8980 	EXP 	prac_trial_nameText: autoDraw = True
76.9264 	EXP 	pract_trial_feedback_text: text = 'Time Out'
76.9431 	EXP 	pract_trial_feedback_text: text = 'Time Out'
76.9635 	EXP 	pract_trial_feedback_text: text = 'Time Out'
76.9791 	EXP 	pract_trial_feedback_text: text = 'Time Out'
76.9992 	EXP 	pract_trial_feedback_text: text = 'Time Out'
77.0276 	EXP 	pract_trial_feedback_text: text = 'Time Out'
77.0451 	EXP 	pract_trial_feedback_text: text = 'Time Out'
77.0669 	EXP 	pract_trial_feedback_text: text = 'Time Out'
77.0945 	EXP 	pract_trial_feedback_text: text = 'Time Out'
77.1105 	EXP 	pract_trial_feedback_text: text = 'Time Out'
77.1303 	EXP 	pract_trial_feedback_text: text = 'Time Out'
77.1467 	EXP 	pract_trial_feedback_text: text = 'Time Out'
77.1658 	EXP 	pract_trial_feedback_text: text = 'Time Out'
77.1967 	EXP 	pract_trial_feedback_text: text = 'Time Out'
77.2131 	EXP 	pract_trial_feedback_text: text = 'Time Out'
77.2317 	EXP 	pract_trial_feedback_text: text = 'Time Out'
77.2599 	EXP 	pract_trial_feedback_text: text = 'Time Out'
77.2751 	EXP 	pract_trial_feedback_text: text = 'Time Out'
77.2956 	EXP 	pract_trial_feedback_text: text = 'Time Out'
77.3123 	EXP 	pract_trial_feedback_text: text = 'Time Out'
77.3309 	EXP 	pract_trial_feedback_text: text = 'Time Out'
77.3469 	EXP 	pract_trial_feedback_text: text = 'Time Out'
77.3660 	EXP 	pract_trial_feedback_text: text = 'Time Out'
77.3931 	EXP 	pract_trial_feedback_text: text = 'Time Out'
77.4090 	EXP 	pract_trial_feedback_text: text = 'Time Out'
77.4295 	EXP 	pract_trial_feedback_text: text = 'Time Out'
77.4458 	EXP 	pract_trial_feedback_text: text = 'Time Out'
77.4656 	EXP 	pract_trial_feedback_text: text = 'Time Out'
77.4940 	EXP 	pract_trial_feedback_text: text = 'Time Out'
77.5097 	EXP 	pract_trial_feedback_text: text = 'Time Out'
77.5295 	EXP 	pract_trial_feedback_text: text = 'Time Out'
77.5456 	EXP 	pract_trial_feedback_text: text = 'Time Out'
77.5653 	EXP 	pract_trial_feedback_text: text = 'Time Out'
77.5810 	EXP 	pract_trial_feedback_text: text = 'Time Out'
77.6002 	EXP 	pract_trial_feedback_text: text = 'Time Out'
77.6255 	EXP 	pract_trial_feedback_text: text = 'Time Out'
77.6428 	EXP 	pract_trial_feedback_text: text = 'Time Out'
77.6588 	EXP 	pract_trial_feedback_text: text = 'Time Out'
77.6780 	EXP 	pract_trial_feedback_text: text = 'Time Out'
77.6981 	EXP 	pract_trial_feedback_text: text = 'Time Out'
77.7264 	EXP 	pract_trial_feedback_text: text = 'Time Out'
77.7424 	EXP 	pract_trial_feedback_text: text = 'Time Out'
77.7590 	EXP 	pract_trial_feedback_text: text = 'Time Out'
77.7790 	EXP 	pract_trial_feedback_text: text = 'Time Out'
77.7989 	EXP 	pract_trial_feedback_text: text = 'Time Out'
77.8259 	EXP 	pract_trial_feedback_text: text = 'Time Out'
77.8430 	EXP 	pract_trial_feedback_text: text = 'Time Out'
77.8638 	EXP 	pract_trial_feedback_text: text = 'Time Out'
77.8786 	EXP 	prac_trial_faceImage: autoDraw = False
77.8786 	EXP 	prac_trial_nameText: autoDraw = False
77.8786 	EXP 	prac_trial_faceImage: autoDraw = False
77.8786 	EXP 	prac_trial_nameText: autoDraw = False
77.8786 	EXP 	pract_trial_feedback_text: autoDraw = True
78.3923 	EXP 	pract_trial_feedback_text: autoDraw = False
78.3923 	EXP 	prac_trial_blank_text: autoDraw = True
79.3971 	EXP 	prac_trial_blank_text: autoDraw = False
79.3971 	EXP 	pract_trial_feedback_text: autoDraw = False
79.3971 	EXP 	prac_trial_blank_text: autoDraw = False
79.3971 	EXP 	prac_trial_faceImage: size = array([0.405  , 0.50625])
79.3971 	EXP 	prac_trial_faceImage: image = './images/Clooney.jpg'
79.3971 	EXP 	prac_trial_nameText: text = 'XXXXX'
79.6113 	EXP 	pract_trial_feedback_text: text = 'Time Out'
79.6113 	EXP 	prac_trial_faceImage: autoDraw = True
79.6113 	EXP 	prac_trial_nameText: autoDraw = True
79.6270 	EXP 	pract_trial_feedback_text: text = 'Time Out'
79.6469 	EXP 	pract_trial_feedback_text: text = 'Time Out'
79.6630 	EXP 	pract_trial_feedback_text: text = 'Time Out'
79.6820 	EXP 	pract_trial_feedback_text: text = 'Time Out'
79.6989 	EXP 	pract_trial_feedback_text: text = 'Time Out'
79.7183 	EXP 	pract_trial_feedback_text: text = 'Time Out'
79.7440 	EXP 	pract_trial_feedback_text: text = 'Time Out'
79.7606 	EXP 	pract_trial_feedback_text: text = 'Time Out'
79.7798 	EXP 	pract_trial_feedback_text: text = 'Time Out'
79.7972 	EXP 	pract_trial_feedback_text: text = 'Time Out'
79.8160 	EXP 	pract_trial_feedback_text: text = 'Time Out'
79.8318 	EXP 	pract_trial_feedback_text: text = 'Time Out'
79.8520 	EXP 	pract_trial_feedback_text: text = 'Time Out'
79.8780 	EXP 	pract_trial_feedback_text: text = 'Time Out'
79.8939 	EXP 	pract_trial_feedback_text: text = 'Time Out'
79.9131 	EXP 	pract_trial_feedback_text: text = 'Time Out'
79.9293 	EXP 	pract_trial_feedback_text: text = 'Time Out'
79.9498 	EXP 	pract_trial_feedback_text: text = 'Time Out'
79.9654 	EXP 	pract_trial_feedback_text: text = 'Time Out'
79.9841 	EXP 	pract_trial_feedback_text: text = 'Time Out'
80.0108 	EXP 	pract_trial_feedback_text: text = 'Time Out'
80.0270 	EXP 	pract_trial_feedback_text: text = 'Time Out'
80.0465 	EXP 	pract_trial_feedback_text: text = 'Time Out'
80.0627 	EXP 	pract_trial_feedback_text: text = 'Time Out'
80.0820 	EXP 	pract_trial_feedback_text: text = 'Time Out'
80.0978 	EXP 	pract_trial_feedback_text: text = 'Time Out'
80.1166 	EXP 	pract_trial_feedback_text: text = 'Time Out'
80.1438 	EXP 	pract_trial_feedback_text: text = 'Time Out'
80.1598 	EXP 	pract_trial_feedback_text: text = 'Time Out'
80.1786 	EXP 	pract_trial_feedback_text: text = 'Time Out'
80.1944 	EXP 	pract_trial_feedback_text: text = 'Time Out'
80.1988 	DATA 	Keypress: b
80.2192 	EXP 	pract_trial_feedback_text: text = 'Time Out'
80.2451 	EXP 	pract_trial_feedback_text: text = 'Time Out'
80.2451 	EXP 	pract_trial_feedback_text: text = 'Incorrect'
80.2451 	EXP 	prac_trial_faceImage: autoDraw = False
80.2451 	EXP 	prac_trial_nameText: autoDraw = False
80.2451 	EXP 	pract_trial_feedback_text: autoDraw = True
80.7446 	EXP 	pract_trial_feedback_text: autoDraw = False
80.7446 	EXP 	prac_trial_blank_text: autoDraw = True
81.7503 	EXP 	prac_trial_blank_text: autoDraw = False
81.7503 	EXP 	pract_trial_feedback_text: autoDraw = False
81.7503 	EXP 	prac_trial_blank_text: autoDraw = False
81.7503 	EXP 	prac_trial_faceImage: size = array([0.405  , 0.50625])
81.7503 	EXP 	prac_trial_faceImage: image = './images/Damon.jpg'
81.7503 	EXP 	prac_trial_nameText: text = 'XXXXX'
81.9672 	EXP 	pract_trial_feedback_text: text = 'Time Out'
81.9672 	EXP 	prac_trial_faceImage: autoDraw = True
81.9672 	EXP 	prac_trial_nameText: autoDraw = True
81.9875 	EXP 	pract_trial_feedback_text: text = 'Time Out'
82.0110 	EXP 	pract_trial_feedback_text: text = 'Time Out'
82.0279 	EXP 	pract_trial_feedback_text: text = 'Time Out'
82.0479 	EXP 	pract_trial_feedback_text: text = 'Time Out'
82.0655 	EXP 	pract_trial_feedback_text: text = 'Time Out'
82.0861 	EXP 	pract_trial_feedback_text: text = 'Time Out'
82.1106 	EXP 	pract_trial_feedback_text: text = 'Time Out'
82.1280 	EXP 	pract_trial_feedback_text: text = 'Time Out'
82.1489 	EXP 	pract_trial_feedback_text: text = 'Time Out'
82.1667 	EXP 	pract_trial_feedback_text: text = 'Time Out'
82.1876 	EXP 	pract_trial_feedback_text: text = 'Time Out'
82.2100 	EXP 	pract_trial_feedback_text: text = 'Time Out'
82.2275 	EXP 	pract_trial_feedback_text: text = 'Time Out'
82.2493 	EXP 	pract_trial_feedback_text: text = 'Time Out'
82.2655 	EXP 	pract_trial_feedback_text: text = 'Time Out'
82.2839 	EXP 	pract_trial_feedback_text: text = 'Time Out'
82.3105 	EXP 	pract_trial_feedback_text: text = 'Time Out'
82.3273 	EXP 	pract_trial_feedback_text: text = 'Time Out'
82.3479 	EXP 	pract_trial_feedback_text: text = 'Time Out'
82.3644 	EXP 	pract_trial_feedback_text: text = 'Time Out'
82.3837 	EXP 	pract_trial_feedback_text: text = 'Time Out'
82.4006 	EXP 	pract_trial_feedback_text: text = 'Time Out'
82.4249 	EXP 	pract_trial_feedback_text: text = 'Time Out'
82.4457 	EXP 	pract_trial_feedback_text: text = 'Time Out'
82.4623 	EXP 	pract_trial_feedback_text: text = 'Time Out'
82.4649 	DATA 	Keypress: v
82.4916 	EXP 	pract_trial_feedback_text: text = 'Time Out'
82.4916 	EXP 	pract_trial_feedback_text: text = 'Incorrect'
82.4916 	EXP 	prac_trial_faceImage: autoDraw = False
82.4916 	EXP 	prac_trial_nameText: autoDraw = False
82.4916 	EXP 	pract_trial_feedback_text: autoDraw = True
82.9944 	EXP 	pract_trial_feedback_text: autoDraw = False
82.9944 	EXP 	prac_trial_blank_text: autoDraw = True
83.9956 	EXP 	prac_trial_blank_text: autoDraw = False
83.9956 	EXP 	pract_trial_feedback_text: autoDraw = False
83.9956 	EXP 	prac_trial_blank_text: autoDraw = False
83.9956 	EXP 	prac_trial_faceImage: size = array([0.405  , 0.50625])
83.9956 	EXP 	prac_trial_faceImage: image = './images/Damon.jpg'
83.9956 	EXP 	prac_trial_nameText: text = 'XXXXX'
84.2167 	EXP 	pract_trial_feedback_text: text = 'Time Out'
84.2167 	EXP 	prac_trial_faceImage: autoDraw = True
84.2167 	EXP 	prac_trial_nameText: autoDraw = True
84.2330 	EXP 	pract_trial_feedback_text: text = 'Time Out'
84.2522 	EXP 	pract_trial_feedback_text: text = 'Time Out'
84.2780 	EXP 	pract_trial_feedback_text: text = 'Time Out'
84.2940 	EXP 	pract_trial_feedback_text: text = 'Time Out'
84.3142 	EXP 	pract_trial_feedback_text: text = 'Time Out'
84.3296 	EXP 	pract_trial_feedback_text: text = 'Time Out'
84.3489 	EXP 	pract_trial_feedback_text: text = 'Time Out'
84.3635 	EXP 	pract_trial_feedback_text: text = 'Time Out'
84.3822 	EXP 	pract_trial_feedback_text: text = 'Time Out'
84.3986 	EXP 	pract_trial_feedback_text: text = 'Time Out'
84.4170 	EXP 	pract_trial_feedback_text: text = 'Time Out'
84.4329 	EXP 	pract_trial_feedback_text: text = 'Time Out'
84.4520 	EXP 	pract_trial_feedback_text: text = 'Time Out'
84.4774 	EXP 	pract_trial_feedback_text: text = 'Time Out'
84.4954 	EXP 	pract_trial_feedback_text: text = 'Time Out'
84.5162 	EXP 	pract_trial_feedback_text: text = 'Time Out'
84.5326 	EXP 	pract_trial_feedback_text: text = 'Time Out'
84.5516 	EXP 	pract_trial_feedback_text: text = 'Time Out'
84.5776 	EXP 	pract_trial_feedback_text: text = 'Time Out'
84.5944 	EXP 	pract_trial_feedback_text: text = 'Time Out'
84.6127 	EXP 	pract_trial_feedback_text: text = 'Time Out'
84.6287 	EXP 	pract_trial_feedback_text: text = 'Time Out'
84.6476 	EXP 	pract_trial_feedback_text: text = 'Time Out'
84.6630 	EXP 	pract_trial_feedback_text: text = 'Time Out'
84.6815 	EXP 	pract_trial_feedback_text: text = 'Time Out'
84.6970 	EXP 	pract_trial_feedback_text: text = 'Time Out'
84.7164 	EXP 	pract_trial_feedback_text: text = 'Time Out'
84.7324 	EXP 	pract_trial_feedback_text: text = 'Time Out'
84.7506 	EXP 	pract_trial_feedback_text: text = 'Time Out'
84.7663 	EXP 	pract_trial_feedback_text: text = 'Time Out'
84.7846 	EXP 	pract_trial_feedback_text: text = 'Time Out'
84.8005 	EXP 	pract_trial_feedback_text: text = 'Time Out'
84.8197 	EXP 	pract_trial_feedback_text: text = 'Time Out'
84.8425 	EXP 	pract_trial_feedback_text: text = 'Time Out'
84.8477 	DATA 	Keypress: b
84.8628 	EXP 	pract_trial_feedback_text: text = 'Time Out'
84.8840 	EXP 	pract_trial_feedback_text: text = 'Time Out'
84.8840 	EXP 	pract_trial_feedback_text: text = 'Correct'
84.8840 	EXP 	prac_trial_faceImage: autoDraw = False
84.8840 	EXP 	prac_trial_nameText: autoDraw = False
84.8840 	EXP 	pract_trial_feedback_text: autoDraw = True
85.3952 	EXP 	pract_trial_feedback_text: autoDraw = False
85.3952 	EXP 	prac_trial_blank_text: autoDraw = True
86.3978 	EXP 	prac_trial_blank_text: autoDraw = False
86.3978 	EXP 	pract_trial_feedback_text: autoDraw = False
86.3978 	EXP 	prac_trial_blank_text: autoDraw = False
86.3978 	EXP 	prac_trial_faceImage: size = array([0.405  , 0.50625])
86.3978 	EXP 	prac_trial_faceImage: image = './images/Damon.jpg'
86.3978 	EXP 	prac_trial_nameText: text = 'XXXXX'
86.6182 	EXP 	pract_trial_feedback_text: text = 'Time Out'
86.6182 	EXP 	prac_trial_faceImage: autoDraw = True
86.6182 	EXP 	prac_trial_nameText: autoDraw = True
86.6341 	EXP 	pract_trial_feedback_text: text = 'Time Out'
86.6532 	EXP 	pract_trial_feedback_text: text = 'Time Out'
86.6689 	EXP 	pract_trial_feedback_text: text = 'Time Out'
86.6919 	EXP 	pract_trial_feedback_text: text = 'Time Out'
86.7092 	EXP 	pract_trial_feedback_text: text = 'Time Out'
86.7294 	EXP 	pract_trial_feedback_text: text = 'Time Out'
86.7491 	EXP 	pract_trial_feedback_text: text = 'Time Out'
86.7643 	EXP 	pract_trial_feedback_text: text = 'Time Out'
86.7844 	EXP 	pract_trial_feedback_text: text = 'Time Out'
86.8017 	EXP 	pract_trial_feedback_text: text = 'Time Out'
86.8244 	EXP 	pract_trial_feedback_text: text = 'Time Out'
86.8411 	EXP 	pract_trial_feedback_text: text = 'Time Out'
86.8585 	EXP 	pract_trial_feedback_text: text = 'Time Out'
86.8773 	EXP 	pract_trial_feedback_text: text = 'Time Out'
86.8929 	EXP 	pract_trial_feedback_text: text = 'Time Out'
86.9116 	EXP 	pract_trial_feedback_text: text = 'Time Out'
86.9281 	EXP 	pract_trial_feedback_text: text = 'Time Out'
86.9484 	EXP 	pract_trial_feedback_text: text = 'Time Out'
86.9646 	EXP 	pract_trial_feedback_text: text = 'Time Out'
86.9828 	EXP 	pract_trial_feedback_text: text = 'Time Out'
86.9983 	EXP 	pract_trial_feedback_text: text = 'Time Out'
87.0170 	EXP 	pract_trial_feedback_text: text = 'Time Out'
87.0326 	EXP 	pract_trial_feedback_text: text = 'Time Out'
87.0509 	EXP 	pract_trial_feedback_text: text = 'Time Out'
87.0669 	EXP 	pract_trial_feedback_text: text = 'Time Out'
87.0848 	EXP 	pract_trial_feedback_text: text = 'Time Out'
87.1008 	EXP 	pract_trial_feedback_text: text = 'Time Out'
87.1192 	EXP 	pract_trial_feedback_text: text = 'Time Out'
87.1352 	EXP 	pract_trial_feedback_text: text = 'Time Out'
87.1570 	EXP 	pract_trial_feedback_text: text = 'Time Out'
87.1761 	EXP 	pract_trial_feedback_text: text = 'Time Out'
87.1917 	EXP 	pract_trial_feedback_text: text = 'Time Out'
87.2108 	EXP 	pract_trial_feedback_text: text = 'Time Out'
87.2269 	EXP 	pract_trial_feedback_text: text = 'Time Out'
87.2465 	EXP 	pract_trial_feedback_text: text = 'Time Out'
87.2621 	EXP 	pract_trial_feedback_text: text = 'Time Out'
87.2808 	EXP 	pract_trial_feedback_text: text = 'Time Out'
87.2962 	EXP 	pract_trial_feedback_text: text = 'Time Out'
87.3152 	EXP 	pract_trial_feedback_text: text = 'Time Out'
87.3305 	EXP 	pract_trial_feedback_text: text = 'Time Out'
87.3487 	EXP 	pract_trial_feedback_text: text = 'Time Out'
87.3642 	EXP 	pract_trial_feedback_text: text = 'Time Out'
87.3831 	EXP 	pract_trial_feedback_text: text = 'Time Out'
87.3859 	DATA 	Keypress: b
87.4113 	EXP 	pract_trial_feedback_text: text = 'Time Out'
87.4113 	EXP 	pract_trial_feedback_text: text = 'Correct'
87.4113 	EXP 	prac_trial_faceImage: autoDraw = False
87.4113 	EXP 	prac_trial_nameText: autoDraw = False
87.4113 	EXP 	pract_trial_feedback_text: autoDraw = True
87.9248 	EXP 	pract_trial_feedback_text: autoDraw = False
87.9248 	EXP 	prac_trial_blank_text: autoDraw = True
88.9280 	EXP 	prac_trial_blank_text: autoDraw = False
88.9280 	EXP 	pract_trial_feedback_text: autoDraw = False
88.9280 	EXP 	prac_trial_blank_text: autoDraw = False
88.9280 	EXP 	prac_trial_faceImage: size = array([0.405  , 0.50625])
88.9280 	EXP 	prac_trial_faceImage: image = './images/Damon.jpg'
88.9280 	EXP 	prac_trial_nameText: text = 'XXXXX'
89.1323 	EXP 	pract_trial_feedback_text: text = 'Time Out'
89.1323 	EXP 	prac_trial_faceImage: autoDraw = True
89.1323 	EXP 	prac_trial_nameText: autoDraw = True
89.1520 	EXP 	pract_trial_feedback_text: text = 'Time Out'
89.1711 	EXP 	pract_trial_feedback_text: text = 'Time Out'
89.1907 	EXP 	pract_trial_feedback_text: text = 'Time Out'
89.2106 	EXP 	pract_trial_feedback_text: text = 'Time Out'
89.2274 	EXP 	pract_trial_feedback_text: text = 'Time Out'
89.2463 	EXP 	pract_trial_feedback_text: text = 'Time Out'
89.2626 	EXP 	pract_trial_feedback_text: text = 'Time Out'
89.2816 	EXP 	pract_trial_feedback_text: text = 'Time Out'
89.2980 	EXP 	pract_trial_feedback_text: text = 'Time Out'
89.3174 	EXP 	pract_trial_feedback_text: text = 'Time Out'
89.3331 	EXP 	pract_trial_feedback_text: text = 'Time Out'
89.3528 	EXP 	pract_trial_feedback_text: text = 'Time Out'
89.3712 	EXP 	pract_trial_feedback_text: text = 'Time Out'
89.3875 	EXP 	pract_trial_feedback_text: text = 'Time Out'
89.4101 	EXP 	pract_trial_feedback_text: text = 'Time Out'
89.4262 	EXP 	pract_trial_feedback_text: text = 'Time Out'
89.4448 	EXP 	pract_trial_feedback_text: text = 'Time Out'
89.4605 	EXP 	pract_trial_feedback_text: text = 'Time Out'
89.4794 	EXP 	pract_trial_feedback_text: text = 'Time Out'
89.4951 	EXP 	pract_trial_feedback_text: text = 'Time Out'
89.5140 	EXP 	pract_trial_feedback_text: text = 'Time Out'
89.5311 	EXP 	pract_trial_feedback_text: text = 'Time Out'
89.5506 	EXP 	pract_trial_feedback_text: text = 'Time Out'
89.5715 	EXP 	pract_trial_feedback_text: text = 'Time Out'
89.5924 	EXP 	pract_trial_feedback_text: text = 'Time Out'
89.5971 	DATA 	Keypress: b
89.6163 	EXP 	pract_trial_feedback_text: text = 'Time Out'
89.6163 	EXP 	pract_trial_feedback_text: text = 'Correct'
89.6163 	EXP 	prac_trial_faceImage: autoDraw = False
89.6163 	EXP 	prac_trial_nameText: autoDraw = False
89.6163 	EXP 	pract_trial_feedback_text: autoDraw = True
90.1325 	EXP 	pract_trial_feedback_text: autoDraw = False
90.1325 	EXP 	prac_trial_blank_text: autoDraw = True
91.1305 	EXP 	prac_trial_blank_text: autoDraw = False
91.1305 	EXP 	pract_trial_feedback_text: autoDraw = False
91.1305 	EXP 	prac_trial_blank_text: autoDraw = False
91.1305 	EXP 	prac_accuracy_text: autoDraw = True
97.4070 	DATA 	Keypress: space
97.4246 	EXP 	prac_accuracy_text: autoDraw = False
97.4246 	EXP 	instr_text: autoDraw = True
107.5822 	DATA 	Keypress: escape
107.8980 	EXP 	window1: mouseVisible = True
