4.1195 	WARNING 	Import Error: No module named 'psychtoolbox'. Using event module for keyboard component.
6.4192 	WARNING 	User requested fullscreen with size [1920 1080], but screen is actually [1280, 800]. Using actual size
7.1641 	EXP 	Created window1 = Window(allowGUI=False, allowStencil=False, args=UNKNOWN, autoLog=True, bitsMode=UNKNOWN, blendMode='avg', color=array([0., 0., 0.]), colorSpace='rgb', fullscr=<method-wrapper '__getattribute__' of attributeSetter object at 0x11dfb32b0>, gamma=None, kwargs=UNKNOWN, lms=UNKNOWN, monitor=<psychopy.monitors.calibTools.Monitor object at 0x11ed83c50>, multiSample=False, name='window1', numSamples=2, pos=[0.0, 0.0], screen=0, size=array([2560, 1600]), stereo=False, units='height', useFBO=True, useRetina=True, viewOri=0.0, viewPos=None, viewScale=None, waitBlanking=True, winType='pyglet')
7.3219 	EXP 	Created instr_text = TextStim(__class__=<class 'psychopy.visual.text.TextStim'>, alignHoriz='center', alignVert='center', antialias=True, autoLog=True, bold=False, color='white', colorSpace='named', contrast=1.0, depth=0.0, flipHoriz=False, flipVert=False, font='Arial', fontFiles=[], height=0.04, italic=False, languageStyle='LTR', name='instr_text', opacity=1.0, ori=0, pos=array([0., 0.]), rgb=array([255., 255., 255.]), text=str(...), units='height', win=Window(...), wrapWidth=1)
7.3242 	EXP 	Created trial_faceImage = ImageStim(__class__=<class 'psychopy.visual.image.ImageStim'>, autoLog=True, color=array([1., 1., 1.]), colorSpace='rgb', contrast=1.0, depth=-1.0, flipHoriz=False, flipVert=False, image='sin', interpolate=True, mask=None, maskParams=None, name='trial_faceImage', opacity=1.0, ori=0.0, pos=array([0., 0.]), size=array([0.5, 0.5]), texRes=128, units='height', win=Window(...))
7.3358 	EXP 	Created trial_nameText = TextStim(__class__=<class 'psychopy.visual.text.TextStim'>, alignHoriz='center', alignVert='center', antialias=True, autoLog=True, bold=False, color='white', colorSpace='named', contrast=1.0, depth=-2.0, flipHoriz=False, flipVert=False, font='Arial', fontFiles=[], height=0.1, italic=False, languageStyle='LTR', name='trial_nameText', opacity=1.0, ori=0, pos=array([ 0. , -0.1]), rgb=array([255., 255., 255.]), text='default text', units='height', win=Window(...), wrapWidth=1)
7.3422 	EXP 	Created trial_feedback_text = TextStim(__class__=<class 'psychopy.visual.text.TextStim'>, alignHoriz='center', alignVert='center', antialias=True, autoLog=True, bold=False, color='white', colorSpace='named', contrast=1.0, depth=0.0, flipHoriz=False, flipVert=False, font='Arial', fontFiles=[], height=0.1, italic=False, languageStyle='LTR', name='trial_feedback_text', opacity=1.0, ori=0, pos=array([0., 0.]), rgb=array([255., 255., 255.]), text='Time Out', units='height', win=Window(...), wrapWidth=1)
7.3428 	EXP 	Created trial_blank_text = TextStim(__class__=<class 'psychopy.visual.text.TextStim'>, alignHoriz='center', alignVert='center', antialias=True, autoLog=True, bold=False, color='white', colorSpace='named', contrast=1.0, depth=-1.0, flipHoriz=False, flipVert=False, font='Arial', fontFiles=[], height=0.1, italic=False, languageStyle='LTR', name='trial_blank_text', opacity=1.0, ori=0, pos=array([0., 0.]), rgb=array([255., 255., 255.]), text='', units='height', win=Window(...), wrapWidth=1)
7.3702 	EXP 	Created break_text = TextStim(__class__=<class 'psychopy.visual.text.TextStim'>, alignHoriz='center', alignVert='center', antialias=True, autoLog=True, bold=False, color='white', colorSpace='named', contrast=1.0, depth=0.0, flipHoriz=False, flipVert=False, font='Arial', fontFiles=[], height=0.05, italic=False, languageStyle='LTR', name='break_text', opacity=1.0, ori=0, pos=array([0., 0.]), rgb=array([255., 255., 255.]), text=str(...), units='height', win=Window(...), wrapWidth=1)
7.3963 	EXP 	instr_text: autoDraw = True
7.9737 	DATA 	Keypress: space
8.0454 	EXP 	instr_text: autoDraw = False
8.0454 	EXP 	trial_faceImage: size = array([0.405  , 0.50625])
8.0454 	EXP 	trial_faceImage: image = './images/Cruise.jpg'
8.0454 	EXP 	trial_nameText: text = 'Cruise'
8.2020 	EXP 	trial_feedback_text: text = 'Time Out'
8.2020 	EXP 	trial_faceImage: autoDraw = True
8.2020 	EXP 	trial_nameText: autoDraw = True
8.2177 	EXP 	trial_feedback_text: text = 'Time Out'
8.2360 	EXP 	trial_feedback_text: text = 'Time Out'
8.2528 	EXP 	trial_feedback_text: text = 'Time Out'
8.2709 	EXP 	trial_feedback_text: text = 'Time Out'
8.2937 	EXP 	trial_feedback_text: text = 'Time Out'
8.3137 	EXP 	trial_feedback_text: text = 'Time Out'
8.3333 	EXP 	trial_feedback_text: text = 'Time Out'
8.3506 	EXP 	trial_feedback_text: text = 'Time Out'
8.3700 	EXP 	trial_feedback_text: text = 'Time Out'
8.3861 	EXP 	trial_feedback_text: text = 'Time Out'
8.4041 	EXP 	trial_feedback_text: text = 'Time Out'
8.4212 	EXP 	trial_feedback_text: text = 'Time Out'
8.4450 	EXP 	trial_feedback_text: text = 'Time Out'
8.4681 	EXP 	trial_feedback_text: text = 'Time Out'
8.4870 	EXP 	trial_feedback_text: text = 'Time Out'
8.5062 	EXP 	trial_feedback_text: text = 'Time Out'
8.5294 	EXP 	trial_feedback_text: text = 'Time Out'
8.5475 	EXP 	trial_feedback_text: text = 'Time Out'
8.5673 	EXP 	trial_feedback_text: text = 'Time Out'
8.5854 	EXP 	trial_feedback_text: text = 'Time Out'
8.6042 	EXP 	trial_feedback_text: text = 'Time Out'
8.6209 	EXP 	trial_feedback_text: text = 'Time Out'
8.6390 	EXP 	trial_feedback_text: text = 'Time Out'
8.6612 	EXP 	trial_feedback_text: text = 'Time Out'
8.6821 	EXP 	trial_feedback_text: text = 'Time Out'
8.7022 	EXP 	trial_feedback_text: text = 'Time Out'
8.7190 	EXP 	trial_feedback_text: text = 'Time Out'
8.7369 	EXP 	trial_feedback_text: text = 'Time Out'
8.7536 	EXP 	trial_feedback_text: text = 'Time Out'
8.7703 	EXP 	trial_feedback_text: text = 'Time Out'
8.7876 	EXP 	trial_feedback_text: text = 'Time Out'
8.8052 	EXP 	trial_feedback_text: text = 'Time Out'
8.8281 	EXP 	trial_feedback_text: text = 'Time Out'
8.8476 	EXP 	trial_feedback_text: text = 'Time Out'
8.8512 	DATA 	Keypress: v
8.8838 	EXP 	trial_feedback_text: text = 'Time Out'
8.8838 	EXP 	trial_feedback_text: text = 'Incorrect'
8.8838 	EXP 	trial_faceImage: autoDraw = False
8.8838 	EXP 	trial_nameText: autoDraw = False
8.8838 	EXP 	trial_feedback_text: autoDraw = True
9.3834 	EXP 	trial_feedback_text: autoDraw = False
9.3990 	EXP 	trial_blank_text: autoDraw = True
10.4540 	EXP 	trial_blank_text: autoDraw = False
10.4540 	EXP 	trial_feedback_text: autoDraw = False
10.4540 	EXP 	trial_blank_text: autoDraw = False
10.4540 	EXP 	trial_faceImage: size = array([0.405  , 0.50625])
10.4540 	EXP 	trial_faceImage: image = './images/Damon.jpg'
10.4540 	EXP 	trial_nameText: text = 'Cruise'
10.5879 	EXP 	trial_feedback_text: text = 'Time Out'
10.5879 	EXP 	trial_faceImage: autoDraw = True
10.5879 	EXP 	trial_nameText: autoDraw = True
10.6114 	EXP 	trial_feedback_text: text = 'Time Out'
10.6290 	EXP 	trial_feedback_text: text = 'Time Out'
10.6454 	EXP 	trial_feedback_text: text = 'Time Out'
10.6628 	EXP 	trial_feedback_text: text = 'Time Out'
10.6796 	EXP 	trial_feedback_text: text = 'Time Out'
10.6950 	EXP 	trial_feedback_text: text = 'Time Out'
10.7132 	EXP 	trial_feedback_text: text = 'Time Out'
10.7294 	EXP 	trial_feedback_text: text = 'Time Out'
10.7475 	EXP 	trial_feedback_text: text = 'Time Out'
10.7645 	EXP 	trial_feedback_text: text = 'Time Out'
10.7808 	EXP 	trial_feedback_text: text = 'Time Out'
10.7962 	EXP 	trial_feedback_text: text = 'Time Out'
10.8140 	EXP 	trial_feedback_text: text = 'Time Out'
10.8296 	EXP 	trial_feedback_text: text = 'Time Out'
10.8467 	EXP 	trial_feedback_text: text = 'Time Out'
10.8634 	EXP 	trial_feedback_text: text = 'Time Out'
10.8823 	EXP 	trial_feedback_text: text = 'Time Out'
10.8994 	EXP 	trial_feedback_text: text = 'Time Out'
10.9173 	EXP 	trial_feedback_text: text = 'Time Out'
10.9344 	EXP 	trial_feedback_text: text = 'Time Out'
10.9539 	EXP 	trial_feedback_text: text = 'Time Out'
10.9711 	EXP 	trial_feedback_text: text = 'Time Out'
10.9885 	EXP 	trial_feedback_text: text = 'Time Out'
11.0070 	EXP 	trial_feedback_text: text = 'Time Out'
11.0287 	EXP 	trial_feedback_text: text = 'Time Out'
11.0471 	EXP 	trial_feedback_text: text = 'Time Out'
11.0640 	EXP 	trial_feedback_text: text = 'Time Out'
11.0829 	EXP 	trial_feedback_text: text = 'Time Out'
11.0990 	EXP 	trial_feedback_text: text = 'Time Out'
11.1164 	EXP 	trial_feedback_text: text = 'Time Out'
11.1317 	EXP 	trial_feedback_text: text = 'Time Out'
11.1486 	EXP 	trial_feedback_text: text = 'Time Out'
11.1650 	EXP 	trial_feedback_text: text = 'Time Out'
11.1809 	EXP 	trial_feedback_text: text = 'Time Out'
11.1961 	EXP 	trial_feedback_text: text = 'Time Out'
11.2136 	EXP 	trial_feedback_text: text = 'Time Out'
11.2289 	EXP 	trial_feedback_text: text = 'Time Out'
11.2498 	EXP 	trial_feedback_text: text = 'Time Out'
11.2651 	EXP 	trial_feedback_text: text = 'Time Out'
11.2809 	EXP 	trial_feedback_text: text = 'Time Out'
11.2970 	EXP 	trial_feedback_text: text = 'Time Out'
11.3149 	EXP 	trial_feedback_text: text = 'Time Out'
11.3327 	EXP 	trial_feedback_text: text = 'Time Out'
11.3499 	EXP 	trial_feedback_text: text = 'Time Out'
11.3667 	EXP 	trial_feedback_text: text = 'Time Out'
11.3851 	EXP 	trial_feedback_text: text = 'Time Out'
11.4015 	EXP 	trial_feedback_text: text = 'Time Out'
11.4049 	DATA 	Keypress: n
11.4287 	EXP 	trial_feedback_text: text = 'Time Out'
11.4287 	EXP 	trial_feedback_text: text = 'Incorrect'
11.4287 	EXP 	trial_faceImage: autoDraw = False
11.4287 	EXP 	trial_nameText: autoDraw = False
11.4287 	EXP 	trial_feedback_text: autoDraw = True
11.9274 	EXP 	trial_feedback_text: autoDraw = False
11.9274 	EXP 	trial_blank_text: autoDraw = True
12.9346 	EXP 	trial_blank_text: autoDraw = False
12.9346 	EXP 	trial_feedback_text: autoDraw = False
12.9346 	EXP 	trial_blank_text: autoDraw = False
12.9346 	EXP 	trial_faceImage: size = array([0.405  , 0.50625])
12.9346 	EXP 	trial_faceImage: image = './images/Damon.jpg'
12.9346 	EXP 	trial_nameText: text = 'Damon'
13.1366 	EXP 	trial_feedback_text: text = 'Time Out'
13.1366 	EXP 	trial_faceImage: autoDraw = True
13.1366 	EXP 	trial_nameText: autoDraw = True
13.1526 	EXP 	trial_feedback_text: text = 'Time Out'
13.1684 	EXP 	trial_feedback_text: text = 'Time Out'
13.1850 	EXP 	trial_feedback_text: text = 'Time Out'
13.2010 	EXP 	trial_feedback_text: text = 'Time Out'
13.2209 	EXP 	trial_feedback_text: text = 'Time Out'
13.2388 	EXP 	trial_feedback_text: text = 'Time Out'
13.2565 	EXP 	trial_feedback_text: text = 'Time Out'
13.2733 	EXP 	trial_feedback_text: text = 'Time Out'
13.2907 	EXP 	trial_feedback_text: text = 'Time Out'
13.3114 	EXP 	trial_feedback_text: text = 'Time Out'
13.3297 	EXP 	trial_feedback_text: text = 'Time Out'
13.3482 	EXP 	trial_feedback_text: text = 'Time Out'
13.3637 	EXP 	trial_feedback_text: text = 'Time Out'
13.3811 	EXP 	trial_feedback_text: text = 'Time Out'
13.3967 	EXP 	trial_feedback_text: text = 'Time Out'
13.4141 	EXP 	trial_feedback_text: text = 'Time Out'
13.4300 	EXP 	trial_feedback_text: text = 'Time Out'
13.4474 	EXP 	trial_feedback_text: text = 'Time Out'
13.4645 	EXP 	trial_feedback_text: text = 'Time Out'
13.4832 	EXP 	trial_feedback_text: text = 'Time Out'
13.5001 	EXP 	trial_feedback_text: text = 'Time Out'
13.5174 	EXP 	trial_feedback_text: text = 'Time Out'
13.5348 	EXP 	trial_feedback_text: text = 'Time Out'
13.5548 	EXP 	trial_feedback_text: text = 'Time Out'
13.5718 	EXP 	trial_feedback_text: text = 'Time Out'
13.5891 	EXP 	trial_feedback_text: text = 'Time Out'
13.6064 	EXP 	trial_feedback_text: text = 'Time Out'
13.6240 	EXP 	trial_feedback_text: text = 'Time Out'
13.6502 	EXP 	trial_feedback_text: text = 'Time Out'
13.6535 	DATA 	Keypress: b
13.6792 	EXP 	trial_feedback_text: text = 'Time Out'
13.6792 	EXP 	trial_feedback_text: text = 'Correct'
13.6792 	EXP 	trial_faceImage: autoDraw = False
13.6792 	EXP 	trial_nameText: autoDraw = False
13.6792 	EXP 	trial_feedback_text: autoDraw = True
14.1812 	EXP 	trial_feedback_text: autoDraw = False
14.1812 	EXP 	trial_blank_text: autoDraw = True
15.1946 	EXP 	trial_blank_text: autoDraw = False
15.1946 	EXP 	trial_feedback_text: autoDraw = False
15.1946 	EXP 	trial_blank_text: autoDraw = False
15.1946 	EXP 	trial_faceImage: size = array([0.405  , 0.50625])
15.1946 	EXP 	trial_faceImage: image = './images/Clooney.jpg'
15.1946 	EXP 	trial_nameText: text = 'Clooney'
15.3992 	EXP 	trial_feedback_text: text = 'Time Out'
15.3992 	EXP 	trial_faceImage: autoDraw = True
15.3992 	EXP 	trial_nameText: autoDraw = True
15.4163 	EXP 	trial_feedback_text: text = 'Time Out'
15.4321 	EXP 	trial_feedback_text: text = 'Time Out'
15.4487 	EXP 	trial_feedback_text: text = 'Time Out'
15.4654 	EXP 	trial_feedback_text: text = 'Time Out'
15.4830 	EXP 	trial_feedback_text: text = 'Time Out'
15.4996 	EXP 	trial_feedback_text: text = 'Time Out'
15.5178 	EXP 	trial_feedback_text: text = 'Time Out'
15.5349 	EXP 	trial_feedback_text: text = 'Time Out'
15.5538 	EXP 	trial_feedback_text: text = 'Time Out'
15.5710 	EXP 	trial_feedback_text: text = 'Time Out'
15.5887 	EXP 	trial_feedback_text: text = 'Time Out'
15.6075 	EXP 	trial_feedback_text: text = 'Time Out'
15.6248 	EXP 	trial_feedback_text: text = 'Time Out'
15.6453 	EXP 	trial_feedback_text: text = 'Time Out'
15.6625 	EXP 	trial_feedback_text: text = 'Time Out'
15.6801 	EXP 	trial_feedback_text: text = 'Time Out'
15.6977 	EXP 	trial_feedback_text: text = 'Time Out'
15.7160 	EXP 	trial_feedback_text: text = 'Time Out'
15.7325 	EXP 	trial_feedback_text: text = 'Time Out'
15.7503 	EXP 	trial_feedback_text: text = 'Time Out'
15.7677 	EXP 	trial_feedback_text: text = 'Time Out'
15.7935 	EXP 	trial_feedback_text: text = 'Time Out'
15.8134 	EXP 	trial_feedback_text: text = 'Time Out'
15.8305 	EXP 	trial_feedback_text: text = 'Time Out'
15.8486 	EXP 	trial_feedback_text: text = 'Time Out'
15.8660 	EXP 	trial_feedback_text: text = 'Time Out'
15.8833 	EXP 	trial_feedback_text: text = 'Time Out'
15.9000 	EXP 	trial_feedback_text: text = 'Time Out'
15.9182 	EXP 	trial_feedback_text: text = 'Time Out'
15.9360 	EXP 	trial_feedback_text: text = 'Time Out'
15.9537 	EXP 	trial_feedback_text: text = 'Time Out'
15.9570 	DATA 	Keypress: b
15.9827 	EXP 	trial_feedback_text: text = 'Time Out'
15.9827 	EXP 	trial_feedback_text: text = 'Incorrect'
15.9827 	EXP 	trial_faceImage: autoDraw = False
15.9827 	EXP 	trial_nameText: autoDraw = False
15.9827 	EXP 	trial_feedback_text: autoDraw = True
16.4768 	EXP 	trial_feedback_text: autoDraw = False
16.4919 	EXP 	trial_blank_text: autoDraw = True
17.4925 	EXP 	trial_blank_text: autoDraw = False
17.4925 	EXP 	trial_feedback_text: autoDraw = False
17.4925 	EXP 	trial_blank_text: autoDraw = False
17.4925 	EXP 	trial_faceImage: size = array([0.405  , 0.50625])
17.4925 	EXP 	trial_faceImage: image = './images/Clooney.jpg'
17.4925 	EXP 	trial_nameText: text = 'Cruise'
17.7054 	EXP 	trial_feedback_text: text = 'Time Out'
17.7054 	EXP 	trial_faceImage: autoDraw = True
17.7054 	EXP 	trial_nameText: autoDraw = True
17.7226 	EXP 	trial_feedback_text: text = 'Time Out'
17.7380 	EXP 	trial_feedback_text: text = 'Time Out'
17.7547 	EXP 	trial_feedback_text: text = 'Time Out'
17.7712 	EXP 	trial_feedback_text: text = 'Time Out'
17.7879 	EXP 	trial_feedback_text: text = 'Time Out'
17.8043 	EXP 	trial_feedback_text: text = 'Time Out'
17.8211 	EXP 	trial_feedback_text: text = 'Time Out'
17.8374 	EXP 	trial_feedback_text: text = 'Time Out'
17.8551 	EXP 	trial_feedback_text: text = 'Time Out'
17.8720 	EXP 	trial_feedback_text: text = 'Time Out'
17.8894 	EXP 	trial_feedback_text: text = 'Time Out'
17.9056 	EXP 	trial_feedback_text: text = 'Time Out'
17.9241 	EXP 	trial_feedback_text: text = 'Time Out'
17.9385 	EXP 	trial_feedback_text: text = 'Time Out'
17.9564 	EXP 	trial_feedback_text: text = 'Time Out'
17.9732 	EXP 	trial_feedback_text: text = 'Time Out'
17.9902 	EXP 	trial_feedback_text: text = 'Time Out'
18.0067 	EXP 	trial_feedback_text: text = 'Time Out'
18.0239 	EXP 	trial_feedback_text: text = 'Time Out'
18.0393 	EXP 	trial_feedback_text: text = 'Time Out'
18.0433 	DATA 	Keypress: b
18.0593 	EXP 	trial_feedback_text: text = 'Time Out'
18.0796 	EXP 	trial_feedback_text: text = 'Time Out'
18.0796 	EXP 	trial_feedback_text: text = 'Incorrect'
18.0796 	EXP 	trial_faceImage: autoDraw = False
18.0796 	EXP 	trial_nameText: autoDraw = False
18.0796 	EXP 	trial_feedback_text: autoDraw = True
18.5856 	EXP 	trial_feedback_text: autoDraw = False
18.5856 	EXP 	trial_blank_text: autoDraw = True
19.5782 	EXP 	trial_blank_text: autoDraw = False
19.5782 	EXP 	trial_feedback_text: autoDraw = False
19.5782 	EXP 	trial_blank_text: autoDraw = False
19.5782 	EXP 	trial_faceImage: size = array([0.405  , 0.50625])
19.5782 	EXP 	trial_faceImage: image = './images/Cruise.jpg'
19.5782 	EXP 	trial_nameText: text = 'Damon'
19.7925 	EXP 	trial_feedback_text: text = 'Time Out'
19.7925 	EXP 	trial_faceImage: autoDraw = True
19.7925 	EXP 	trial_nameText: autoDraw = True
19.8092 	EXP 	trial_feedback_text: text = 'Time Out'
19.8260 	EXP 	trial_feedback_text: text = 'Time Out'
19.8422 	EXP 	trial_feedback_text: text = 'Time Out'
19.8593 	EXP 	trial_feedback_text: text = 'Time Out'
19.8764 	EXP 	trial_feedback_text: text = 'Time Out'
19.8937 	EXP 	trial_feedback_text: text = 'Time Out'
19.9107 	EXP 	trial_feedback_text: text = 'Time Out'
19.9358 	EXP 	trial_feedback_text: text = 'Time Out'
19.9545 	EXP 	trial_feedback_text: text = 'Time Out'
19.9703 	EXP 	trial_feedback_text: text = 'Time Out'
19.9882 	EXP 	trial_feedback_text: text = 'Time Out'
20.0045 	EXP 	trial_feedback_text: text = 'Time Out'
20.0220 	EXP 	trial_feedback_text: text = 'Time Out'
20.0368 	EXP 	trial_feedback_text: text = 'Time Out'
20.0550 	EXP 	trial_feedback_text: text = 'Time Out'
20.0701 	EXP 	trial_feedback_text: text = 'Time Out'
20.0878 	EXP 	trial_feedback_text: text = 'Time Out'
20.0903 	DATA 	Keypress: b
20.1112 	EXP 	trial_feedback_text: text = 'Time Out'
20.1112 	EXP 	trial_feedback_text: text = 'Incorrect'
20.1112 	EXP 	trial_faceImage: autoDraw = False
20.1112 	EXP 	trial_nameText: autoDraw = False
20.1112 	EXP 	trial_feedback_text: autoDraw = True
20.6029 	EXP 	trial_feedback_text: autoDraw = False
20.6216 	EXP 	trial_blank_text: autoDraw = True
21.6128 	EXP 	trial_blank_text: autoDraw = False
21.6128 	EXP 	trial_feedback_text: autoDraw = False
21.6128 	EXP 	trial_blank_text: autoDraw = False
21.6128 	EXP 	trial_faceImage: size = array([0.405  , 0.50625])
21.6128 	EXP 	trial_faceImage: image = './images/Cruise.jpg'
21.6128 	EXP 	trial_nameText: text = 'Clooney'
21.8275 	EXP 	trial_feedback_text: text = 'Time Out'
21.8275 	EXP 	trial_faceImage: autoDraw = True
21.8275 	EXP 	trial_nameText: autoDraw = True
21.8441 	EXP 	trial_feedback_text: text = 'Time Out'
21.8700 	EXP 	trial_feedback_text: text = 'Time Out'
21.8883 	EXP 	trial_feedback_text: text = 'Time Out'
21.9050 	EXP 	trial_feedback_text: text = 'Time Out'
21.9231 	EXP 	trial_feedback_text: text = 'Time Out'
21.9395 	EXP 	trial_feedback_text: text = 'Time Out'
21.9568 	EXP 	trial_feedback_text: text = 'Time Out'
21.9719 	EXP 	trial_feedback_text: text = 'Time Out'
21.9882 	EXP 	trial_feedback_text: text = 'Time Out'
22.0043 	EXP 	trial_feedback_text: text = 'Time Out'
22.0214 	EXP 	trial_feedback_text: text = 'Time Out'
22.0371 	EXP 	trial_feedback_text: text = 'Time Out'
22.0545 	EXP 	trial_feedback_text: text = 'Time Out'
22.0702 	EXP 	trial_feedback_text: text = 'Time Out'
22.0880 	EXP 	trial_feedback_text: text = 'Time Out'
22.1043 	EXP 	trial_feedback_text: text = 'Time Out'
22.1204 	EXP 	trial_feedback_text: text = 'Time Out'
22.1371 	EXP 	trial_feedback_text: text = 'Time Out'
22.1393 	DATA 	Keypress: b
22.1695 	EXP 	trial_feedback_text: text = 'Time Out'
22.1695 	EXP 	trial_feedback_text: text = 'Incorrect'
22.1695 	EXP 	trial_faceImage: autoDraw = False
22.1695 	EXP 	trial_nameText: autoDraw = False
22.1695 	EXP 	trial_feedback_text: autoDraw = True
22.6550 	EXP 	trial_feedback_text: autoDraw = False
22.6707 	EXP 	trial_blank_text: autoDraw = True
23.6635 	EXP 	trial_blank_text: autoDraw = False
23.6635 	EXP 	trial_feedback_text: autoDraw = False
23.6635 	EXP 	trial_blank_text: autoDraw = False
23.6635 	EXP 	trial_faceImage: size = array([0.405  , 0.50625])
23.6635 	EXP 	trial_faceImage: image = './images/Clooney.jpg'
23.6635 	EXP 	trial_nameText: text = 'Damon'
23.8783 	EXP 	trial_feedback_text: text = 'Time Out'
23.8783 	EXP 	trial_faceImage: autoDraw = True
23.8783 	EXP 	trial_nameText: autoDraw = True
23.9047 	EXP 	trial_feedback_text: text = 'Time Out'
23.9222 	EXP 	trial_feedback_text: text = 'Time Out'
23.9381 	EXP 	trial_feedback_text: text = 'Time Out'
23.9543 	EXP 	trial_feedback_text: text = 'Time Out'
23.9706 	EXP 	trial_feedback_text: text = 'Time Out'
23.9885 	EXP 	trial_feedback_text: text = 'Time Out'
24.0044 	EXP 	trial_feedback_text: text = 'Time Out'
24.0205 	EXP 	trial_feedback_text: text = 'Time Out'
24.0378 	EXP 	trial_feedback_text: text = 'Time Out'
24.0399 	DATA 	Keypress: b
24.0715 	EXP 	trial_feedback_text: text = 'Time Out'
24.0715 	EXP 	trial_feedback_text: text = 'Incorrect'
24.0715 	EXP 	trial_faceImage: autoDraw = False
24.0715 	EXP 	trial_nameText: autoDraw = False
24.0715 	EXP 	trial_feedback_text: autoDraw = True
24.5557 	EXP 	trial_feedback_text: autoDraw = False
24.5717 	EXP 	trial_blank_text: autoDraw = True
25.5527 	DATA 	Keypress: b
25.5735 	EXP 	trial_blank_text: autoDraw = False
25.5735 	EXP 	trial_feedback_text: autoDraw = False
25.5735 	EXP 	trial_blank_text: autoDraw = False
25.5735 	EXP 	trial_faceImage: size = array([0.405  , 0.50625])
25.5735 	EXP 	trial_faceImage: image = './images/Damon.jpg'
25.5735 	EXP 	trial_nameText: text = 'Clooney'
25.7722 	EXP 	trial_feedback_text: text = 'Time Out'
25.7722 	EXP 	trial_faceImage: autoDraw = True
25.7722 	EXP 	trial_nameText: autoDraw = True
25.7896 	EXP 	trial_feedback_text: text = 'Time Out'
25.8069 	EXP 	trial_feedback_text: text = 'Time Out'
25.8242 	EXP 	trial_feedback_text: text = 'Time Out'
25.8414 	EXP 	trial_feedback_text: text = 'Time Out'
25.8603 	EXP 	trial_feedback_text: text = 'Time Out'
25.8762 	EXP 	trial_feedback_text: text = 'Time Out'
25.8924 	EXP 	trial_feedback_text: text = 'Time Out'
25.9085 	EXP 	trial_feedback_text: text = 'Time Out'
25.9249 	EXP 	trial_feedback_text: text = 'Time Out'
25.9409 	EXP 	trial_feedback_text: text = 'Time Out'
25.9566 	EXP 	trial_feedback_text: text = 'Time Out'
25.9736 	EXP 	trial_feedback_text: text = 'Time Out'
25.9905 	EXP 	trial_feedback_text: text = 'Time Out'
26.0060 	EXP 	trial_feedback_text: text = 'Time Out'
26.0227 	EXP 	trial_feedback_text: text = 'Time Out'
26.0385 	EXP 	trial_feedback_text: text = 'Time Out'
26.0562 	EXP 	trial_feedback_text: text = 'Time Out'
26.0725 	EXP 	trial_feedback_text: text = 'Time Out'
26.0900 	EXP 	trial_feedback_text: text = 'Time Out'
26.1061 	EXP 	trial_feedback_text: text = 'Time Out'
26.1228 	EXP 	trial_feedback_text: text = 'Time Out'
26.1384 	EXP 	trial_feedback_text: text = 'Time Out'
26.1564 	EXP 	trial_feedback_text: text = 'Time Out'
26.1724 	EXP 	trial_feedback_text: text = 'Time Out'
26.1895 	EXP 	trial_feedback_text: text = 'Time Out'
26.2053 	EXP 	trial_feedback_text: text = 'Time Out'
26.2227 	EXP 	trial_feedback_text: text = 'Time Out'
26.2386 	EXP 	trial_feedback_text: text = 'Time Out'
26.2565 	EXP 	trial_feedback_text: text = 'Time Out'
26.2726 	EXP 	trial_feedback_text: text = 'Time Out'
26.2898 	EXP 	trial_feedback_text: text = 'Time Out'
26.2919 	DATA 	Keypress: b
26.3108 	EXP 	trial_feedback_text: text = 'Time Out'
26.3108 	EXP 	trial_feedback_text: text = 'Correct'
26.3108 	EXP 	trial_faceImage: autoDraw = False
26.3108 	EXP 	trial_nameText: autoDraw = False
26.3108 	EXP 	trial_feedback_text: autoDraw = True
26.8060 	EXP 	trial_feedback_text: autoDraw = False
26.8238 	EXP 	trial_blank_text: autoDraw = True
27.8069 	EXP 	trial_blank_text: autoDraw = False
27.8069 	EXP 	trial_feedback_text: autoDraw = False
27.8069 	EXP 	trial_blank_text: autoDraw = False
27.8069 	EXP 	break_text: autoDraw = True
28.1616 	DATA 	Keypress: b
47.8036 	EXP 	break_text: autoDraw = False
47.8036 	EXP 	break_text: autoDraw = False
47.8036 	EXP 	trial_faceImage: size = array([0.405  , 0.50625])
47.8036 	EXP 	trial_faceImage: image = './images/Clooney.jpg'
47.8036 	EXP 	trial_nameText: text = 'Clooney'
48.0216 	EXP 	trial_feedback_text: text = 'Time Out'
48.0216 	EXP 	trial_faceImage: autoDraw = True
48.0216 	EXP 	trial_nameText: autoDraw = True
48.0367 	EXP 	trial_feedback_text: text = 'Time Out'
48.0530 	EXP 	trial_feedback_text: text = 'Time Out'
48.0686 	EXP 	trial_feedback_text: text = 'Time Out'
48.0872 	EXP 	trial_feedback_text: text = 'Time Out'
48.1022 	EXP 	trial_feedback_text: text = 'Time Out'
48.1188 	EXP 	trial_feedback_text: text = 'Time Out'
48.1336 	EXP 	trial_feedback_text: text = 'Time Out'
48.1508 	EXP 	trial_feedback_text: text = 'Time Out'
48.1676 	EXP 	trial_feedback_text: text = 'Time Out'
48.1848 	EXP 	trial_feedback_text: text = 'Time Out'
48.1999 	EXP 	trial_feedback_text: text = 'Time Out'
48.2181 	EXP 	trial_feedback_text: text = 'Time Out'
48.2334 	EXP 	trial_feedback_text: text = 'Time Out'
48.2506 	EXP 	trial_feedback_text: text = 'Time Out'
48.2667 	EXP 	trial_feedback_text: text = 'Time Out'
48.2830 	EXP 	trial_feedback_text: text = 'Time Out'
48.2995 	EXP 	trial_feedback_text: text = 'Time Out'
48.3172 	EXP 	trial_feedback_text: text = 'Time Out'
48.3334 	EXP 	trial_feedback_text: text = 'Time Out'
48.3519 	EXP 	trial_feedback_text: text = 'Time Out'
48.3675 	EXP 	trial_feedback_text: text = 'Time Out'
48.3836 	EXP 	trial_feedback_text: text = 'Time Out'
48.3988 	EXP 	trial_feedback_text: text = 'Time Out'
48.4169 	EXP 	trial_feedback_text: text = 'Time Out'
48.4333 	EXP 	trial_feedback_text: text = 'Time Out'
48.4518 	EXP 	trial_feedback_text: text = 'Time Out'
48.4678 	EXP 	trial_feedback_text: text = 'Time Out'
48.4837 	EXP 	trial_feedback_text: text = 'Time Out'
48.4997 	EXP 	trial_feedback_text: text = 'Time Out'
48.5175 	EXP 	trial_feedback_text: text = 'Time Out'
48.5333 	EXP 	trial_feedback_text: text = 'Time Out'
48.5505 	EXP 	trial_feedback_text: text = 'Time Out'
48.5663 	EXP 	trial_feedback_text: text = 'Time Out'
48.5843 	EXP 	trial_feedback_text: text = 'Time Out'
48.6000 	EXP 	trial_feedback_text: text = 'Time Out'
48.6185 	EXP 	trial_feedback_text: text = 'Time Out'
48.6338 	EXP 	trial_feedback_text: text = 'Time Out'
48.6514 	EXP 	trial_feedback_text: text = 'Time Out'
48.6668 	EXP 	trial_feedback_text: text = 'Time Out'
48.6851 	EXP 	trial_feedback_text: text = 'Time Out'
48.7005 	EXP 	trial_feedback_text: text = 'Time Out'
48.7179 	EXP 	trial_feedback_text: text = 'Time Out'
48.7337 	EXP 	trial_feedback_text: text = 'Time Out'
48.7513 	EXP 	trial_feedback_text: text = 'Time Out'
48.7670 	EXP 	trial_feedback_text: text = 'Time Out'
48.7855 	EXP 	trial_feedback_text: text = 'Time Out'
48.8013 	EXP 	trial_feedback_text: text = 'Time Out'
48.8173 	EXP 	trial_feedback_text: text = 'Time Out'
48.8329 	EXP 	trial_feedback_text: text = 'Time Out'
48.8506 	EXP 	trial_feedback_text: text = 'Time Out'
48.8664 	EXP 	trial_feedback_text: text = 'Time Out'
48.8843 	EXP 	trial_feedback_text: text = 'Time Out'
48.9002 	EXP 	trial_feedback_text: text = 'Time Out'
48.9190 	EXP 	trial_feedback_text: text = 'Time Out'
48.9215 	DATA 	Keypress: b
48.9439 	EXP 	trial_feedback_text: text = 'Time Out'
48.9439 	EXP 	trial_feedback_text: text = 'Incorrect'
48.9439 	EXP 	trial_faceImage: autoDraw = False
48.9439 	EXP 	trial_nameText: autoDraw = False
48.9439 	EXP 	trial_feedback_text: autoDraw = True
49.4444 	EXP 	trial_feedback_text: autoDraw = False
49.4444 	EXP 	trial_blank_text: autoDraw = True
50.4493 	EXP 	trial_blank_text: autoDraw = False
50.4493 	EXP 	trial_feedback_text: autoDraw = False
50.4493 	EXP 	trial_blank_text: autoDraw = False
50.4493 	EXP 	trial_faceImage: size = array([0.405  , 0.50625])
50.4493 	EXP 	trial_faceImage: image = './images/Cruise.jpg'
50.4493 	EXP 	trial_nameText: text = 'Cruise'
50.6646 	EXP 	trial_feedback_text: text = 'Time Out'
50.6646 	EXP 	trial_faceImage: autoDraw = True
50.6646 	EXP 	trial_nameText: autoDraw = True
50.6806 	EXP 	trial_feedback_text: text = 'Time Out'
50.6975 	EXP 	trial_feedback_text: text = 'Time Out'
50.7135 	EXP 	trial_feedback_text: text = 'Time Out'
50.7306 	EXP 	trial_feedback_text: text = 'Time Out'
50.7460 	EXP 	trial_feedback_text: text = 'Time Out'
50.7632 	EXP 	trial_feedback_text: text = 'Time Out'
50.7794 	EXP 	trial_feedback_text: text = 'Time Out'
50.7964 	EXP 	trial_feedback_text: text = 'Time Out'
50.8133 	EXP 	trial_feedback_text: text = 'Time Out'
50.8313 	EXP 	trial_feedback_text: text = 'Time Out'
50.8477 	EXP 	trial_feedback_text: text = 'Time Out'
50.8650 	EXP 	trial_feedback_text: text = 'Time Out'
50.8813 	EXP 	trial_feedback_text: text = 'Time Out'
50.8988 	EXP 	trial_feedback_text: text = 'Time Out'
50.9153 	EXP 	trial_feedback_text: text = 'Time Out'
50.9324 	EXP 	trial_feedback_text: text = 'Time Out'
50.9498 	EXP 	trial_feedback_text: text = 'Time Out'
50.9546 	DATA 	Keypress: b
50.9723 	EXP 	trial_feedback_text: text = 'Time Out'
50.9934 	EXP 	trial_feedback_text: text = 'Time Out'
50.9934 	EXP 	trial_feedback_text: text = 'Incorrect'
50.9934 	EXP 	trial_faceImage: autoDraw = False
50.9934 	EXP 	trial_nameText: autoDraw = False
50.9934 	EXP 	trial_feedback_text: autoDraw = True
51.4937 	EXP 	trial_feedback_text: autoDraw = False
51.5112 	EXP 	trial_blank_text: autoDraw = True
52.4898 	EXP 	trial_blank_text: autoDraw = False
52.4898 	EXP 	trial_feedback_text: autoDraw = False
52.4898 	EXP 	trial_blank_text: autoDraw = False
52.4898 	EXP 	trial_faceImage: size = array([0.405  , 0.50625])
52.4898 	EXP 	trial_faceImage: image = './images/Clooney.jpg'
52.4898 	EXP 	trial_nameText: text = 'Damon'
52.7066 	EXP 	trial_feedback_text: text = 'Time Out'
52.7066 	EXP 	trial_faceImage: autoDraw = True
52.7066 	EXP 	trial_nameText: autoDraw = True
52.7237 	EXP 	trial_feedback_text: text = 'Time Out'
52.7400 	EXP 	trial_feedback_text: text = 'Time Out'
52.7564 	EXP 	trial_feedback_text: text = 'Time Out'
52.7719 	EXP 	trial_feedback_text: text = 'Time Out'
52.7871 	EXP 	trial_feedback_text: text = 'Time Out'
52.8035 	EXP 	trial_feedback_text: text = 'Time Out'
52.8188 	EXP 	trial_feedback_text: text = 'Time Out'
52.8354 	EXP 	trial_feedback_text: text = 'Time Out'
52.8519 	EXP 	trial_feedback_text: text = 'Time Out'
52.8688 	EXP 	trial_feedback_text: text = 'Time Out'
52.8845 	EXP 	trial_feedback_text: text = 'Time Out'
52.9009 	EXP 	trial_feedback_text: text = 'Time Out'
52.9191 	EXP 	trial_feedback_text: text = 'Time Out'
52.9347 	EXP 	trial_feedback_text: text = 'Time Out'
52.9518 	EXP 	trial_feedback_text: text = 'Time Out'
52.9679 	EXP 	trial_feedback_text: text = 'Time Out'
52.9700 	DATA 	Keypress: b
52.9898 	EXP 	trial_feedback_text: text = 'Time Out'
52.9898 	EXP 	trial_feedback_text: text = 'Incorrect'
52.9898 	EXP 	trial_faceImage: autoDraw = False
52.9898 	EXP 	trial_nameText: autoDraw = False
52.9898 	EXP 	trial_feedback_text: autoDraw = True
53.4861 	EXP 	trial_feedback_text: autoDraw = False
53.5020 	EXP 	trial_blank_text: autoDraw = True
54.4884 	EXP 	trial_blank_text: autoDraw = False
54.4884 	EXP 	trial_feedback_text: autoDraw = False
54.4884 	EXP 	trial_blank_text: autoDraw = False
54.4884 	EXP 	trial_faceImage: size = array([0.405  , 0.50625])
54.4884 	EXP 	trial_faceImage: image = './images/Damon.jpg'
54.4884 	EXP 	trial_nameText: text = 'Damon'
54.7069 	EXP 	trial_feedback_text: text = 'Time Out'
54.7069 	EXP 	trial_faceImage: autoDraw = True
54.7069 	EXP 	trial_nameText: autoDraw = True
54.7233 	EXP 	trial_feedback_text: text = 'Time Out'
54.7389 	EXP 	trial_feedback_text: text = 'Time Out'
54.7541 	EXP 	trial_feedback_text: text = 'Time Out'
54.7698 	EXP 	trial_feedback_text: text = 'Time Out'
54.7853 	EXP 	trial_feedback_text: text = 'Time Out'
54.8017 	EXP 	trial_feedback_text: text = 'Time Out'
54.8191 	EXP 	trial_feedback_text: text = 'Time Out'
54.8353 	EXP 	trial_feedback_text: text = 'Time Out'
54.8529 	EXP 	trial_feedback_text: text = 'Time Out'
54.8688 	EXP 	trial_feedback_text: text = 'Time Out'
54.8855 	EXP 	trial_feedback_text: text = 'Time Out'
54.9024 	EXP 	trial_feedback_text: text = 'Time Out'
54.9197 	EXP 	trial_feedback_text: text = 'Time Out'
54.9359 	EXP 	trial_feedback_text: text = 'Time Out'
54.9521 	EXP 	trial_feedback_text: text = 'Time Out'
54.9691 	EXP 	trial_feedback_text: text = 'Time Out'
54.9863 	EXP 	trial_feedback_text: text = 'Time Out'
55.0021 	EXP 	trial_feedback_text: text = 'Time Out'
55.0195 	EXP 	trial_feedback_text: text = 'Time Out'
55.0361 	EXP 	trial_feedback_text: text = 'Time Out'
55.0521 	EXP 	trial_feedback_text: text = 'Time Out'
55.0687 	EXP 	trial_feedback_text: text = 'Time Out'
55.0862 	EXP 	trial_feedback_text: text = 'Time Out'
55.1023 	EXP 	trial_feedback_text: text = 'Time Out'
55.1192 	EXP 	trial_feedback_text: text = 'Time Out'
55.1361 	EXP 	trial_feedback_text: text = 'Time Out'
55.1524 	EXP 	trial_feedback_text: text = 'Time Out'
55.1688 	EXP 	trial_feedback_text: text = 'Time Out'
55.1867 	EXP 	trial_feedback_text: text = 'Time Out'
55.2025 	EXP 	trial_feedback_text: text = 'Time Out'
55.2191 	EXP 	trial_feedback_text: text = 'Time Out'
55.2358 	EXP 	trial_feedback_text: text = 'Time Out'
55.2527 	EXP 	trial_feedback_text: text = 'Time Out'
55.2690 	EXP 	trial_feedback_text: text = 'Time Out'
55.2865 	EXP 	trial_feedback_text: text = 'Time Out'
55.3027 	EXP 	trial_feedback_text: text = 'Time Out'
55.3192 	EXP 	trial_feedback_text: text = 'Time Out'
55.3359 	EXP 	trial_feedback_text: text = 'Time Out'
55.3531 	EXP 	trial_feedback_text: text = 'Time Out'
55.3691 	EXP 	trial_feedback_text: text = 'Time Out'
55.3868 	EXP 	trial_feedback_text: text = 'Time Out'
55.4026 	EXP 	trial_feedback_text: text = 'Time Out'
55.4193 	EXP 	trial_feedback_text: text = 'Time Out'
55.4360 	EXP 	trial_feedback_text: text = 'Time Out'
55.4530 	EXP 	trial_feedback_text: text = 'Time Out'
55.4695 	EXP 	trial_feedback_text: text = 'Time Out'
55.4870 	EXP 	trial_feedback_text: text = 'Time Out'
55.5030 	EXP 	trial_feedback_text: text = 'Time Out'
55.5198 	EXP 	trial_feedback_text: text = 'Time Out'
55.5361 	EXP 	trial_feedback_text: text = 'Time Out'
55.5527 	EXP 	trial_feedback_text: text = 'Time Out'
55.5696 	EXP 	trial_feedback_text: text = 'Time Out'
55.5859 	EXP 	trial_feedback_text: text = 'Time Out'
55.6020 	EXP 	trial_feedback_text: text = 'Time Out'
55.6197 	EXP 	trial_feedback_text: text = 'Time Out'
55.6356 	EXP 	trial_feedback_text: text = 'Time Out'
55.6528 	EXP 	trial_feedback_text: text = 'Time Out'
55.6691 	EXP 	trial_feedback_text: text = 'Time Out'
55.6874 	EXP 	trial_faceImage: autoDraw = False
55.6874 	EXP 	trial_nameText: autoDraw = False
55.6874 	EXP 	trial_faceImage: autoDraw = False
55.6874 	EXP 	trial_nameText: autoDraw = False
55.6874 	EXP 	trial_feedback_text: autoDraw = True
56.1875 	EXP 	trial_feedback_text: autoDraw = False
56.1875 	EXP 	trial_blank_text: autoDraw = True
57.1925 	EXP 	trial_blank_text: autoDraw = False
57.1925 	EXP 	trial_feedback_text: autoDraw = False
57.1925 	EXP 	trial_blank_text: autoDraw = False
57.1925 	EXP 	trial_faceImage: size = array([0.405  , 0.50625])
57.1925 	EXP 	trial_faceImage: image = './images/Cruise.jpg'
57.1925 	EXP 	trial_nameText: text = 'Clooney'
57.4050 	EXP 	trial_feedback_text: text = 'Time Out'
57.4050 	EXP 	trial_faceImage: autoDraw = True
57.4050 	EXP 	trial_nameText: autoDraw = True
57.4208 	EXP 	trial_feedback_text: text = 'Time Out'
57.4369 	EXP 	trial_feedback_text: text = 'Time Out'
57.4547 	EXP 	trial_feedback_text: text = 'Time Out'
57.4705 	EXP 	trial_feedback_text: text = 'Time Out'
57.4881 	EXP 	trial_feedback_text: text = 'Time Out'
57.5038 	EXP 	trial_feedback_text: text = 'Time Out'
57.5201 	EXP 	trial_feedback_text: text = 'Time Out'
57.5365 	EXP 	trial_feedback_text: text = 'Time Out'
57.5536 	EXP 	trial_feedback_text: text = 'Time Out'
57.5700 	EXP 	trial_feedback_text: text = 'Time Out'
57.5878 	EXP 	trial_feedback_text: text = 'Time Out'
57.6035 	EXP 	trial_feedback_text: text = 'Time Out'
57.6208 	EXP 	trial_feedback_text: text = 'Time Out'
57.6368 	EXP 	trial_feedback_text: text = 'Time Out'
57.6538 	EXP 	trial_feedback_text: text = 'Time Out'
57.6699 	EXP 	trial_feedback_text: text = 'Time Out'
57.6876 	EXP 	trial_feedback_text: text = 'Time Out'
57.7033 	EXP 	trial_feedback_text: text = 'Time Out'
57.7205 	EXP 	trial_feedback_text: text = 'Time Out'
57.7377 	EXP 	trial_feedback_text: text = 'Time Out'
57.7403 	DATA 	Keypress: b
57.7623 	EXP 	trial_feedback_text: text = 'Time Out'
57.7623 	EXP 	trial_feedback_text: text = 'Incorrect'
57.7623 	EXP 	trial_faceImage: autoDraw = False
57.7623 	EXP 	trial_nameText: autoDraw = False
57.7623 	EXP 	trial_feedback_text: autoDraw = True
58.2547 	EXP 	trial_feedback_text: autoDraw = False
58.2708 	EXP 	trial_blank_text: autoDraw = True
59.2580 	EXP 	trial_blank_text: autoDraw = False
59.2580 	EXP 	trial_feedback_text: autoDraw = False
59.2580 	EXP 	trial_blank_text: autoDraw = False
59.2580 	EXP 	trial_faceImage: size = array([0.405  , 0.50625])
59.2580 	EXP 	trial_faceImage: image = './images/Damon.jpg'
59.2580 	EXP 	trial_nameText: text = 'Cruise'
59.4595 	EXP 	trial_feedback_text: text = 'Time Out'
59.4595 	EXP 	trial_faceImage: autoDraw = True
59.4595 	EXP 	trial_nameText: autoDraw = True
59.4755 	EXP 	trial_feedback_text: text = 'Time Out'
59.4900 	EXP 	trial_feedback_text: text = 'Time Out'
59.5062 	EXP 	trial_feedback_text: text = 'Time Out'
59.5214 	EXP 	trial_feedback_text: text = 'Time Out'
59.5390 	EXP 	trial_feedback_text: text = 'Time Out'
59.5552 	EXP 	trial_feedback_text: text = 'Time Out'
59.5734 	EXP 	trial_feedback_text: text = 'Time Out'
59.5888 	EXP 	trial_feedback_text: text = 'Time Out'
59.6055 	EXP 	trial_feedback_text: text = 'Time Out'
59.6218 	EXP 	trial_feedback_text: text = 'Time Out'
59.6402 	EXP 	trial_feedback_text: text = 'Time Out'
59.6555 	EXP 	trial_feedback_text: text = 'Time Out'
59.6729 	EXP 	trial_feedback_text: text = 'Time Out'
59.6883 	EXP 	trial_feedback_text: text = 'Time Out'
59.7068 	EXP 	trial_feedback_text: text = 'Time Out'
59.7220 	EXP 	trial_feedback_text: text = 'Time Out'
59.7404 	EXP 	trial_feedback_text: text = 'Time Out'
59.7437 	DATA 	Keypress: b
59.7611 	EXP 	trial_feedback_text: text = 'Time Out'
59.7883 	EXP 	trial_feedback_text: text = 'Time Out'
59.7883 	EXP 	trial_feedback_text: text = 'Correct'
59.7883 	EXP 	trial_faceImage: autoDraw = False
59.7883 	EXP 	trial_nameText: autoDraw = False
59.7883 	EXP 	trial_feedback_text: autoDraw = True
60.2884 	EXP 	trial_feedback_text: autoDraw = False
60.2884 	EXP 	trial_blank_text: autoDraw = True
61.2940 	EXP 	trial_blank_text: autoDraw = False
61.2940 	EXP 	trial_feedback_text: autoDraw = False
61.2940 	EXP 	trial_blank_text: autoDraw = False
61.2940 	EXP 	trial_faceImage: size = array([0.405  , 0.50625])
61.2940 	EXP 	trial_faceImage: image = './images/Cruise.jpg'
61.2940 	EXP 	trial_nameText: text = 'Damon'
61.4933 	EXP 	trial_feedback_text: text = 'Time Out'
61.4933 	EXP 	trial_faceImage: autoDraw = True
61.4933 	EXP 	trial_nameText: autoDraw = True
61.5098 	EXP 	trial_feedback_text: text = 'Time Out'
61.5241 	EXP 	trial_feedback_text: text = 'Time Out'
61.5408 	EXP 	trial_feedback_text: text = 'Time Out'
61.5562 	EXP 	trial_feedback_text: text = 'Time Out'
61.5735 	EXP 	trial_feedback_text: text = 'Time Out'
61.5891 	EXP 	trial_feedback_text: text = 'Time Out'
61.6069 	EXP 	trial_feedback_text: text = 'Time Out'
61.6230 	EXP 	trial_feedback_text: text = 'Time Out'
61.6408 	EXP 	trial_feedback_text: text = 'Time Out'
61.6563 	EXP 	trial_feedback_text: text = 'Time Out'
61.6732 	EXP 	trial_feedback_text: text = 'Time Out'
61.6891 	EXP 	trial_feedback_text: text = 'Time Out'
61.7064 	EXP 	trial_feedback_text: text = 'Time Out'
61.7223 	EXP 	trial_feedback_text: text = 'Time Out'
61.7401 	EXP 	trial_feedback_text: text = 'Time Out'
61.7552 	EXP 	trial_feedback_text: text = 'Time Out'
61.7746 	EXP 	trial_feedback_text: text = 'Time Out'
61.7906 	EXP 	trial_feedback_text: text = 'Time Out'
61.8073 	EXP 	trial_feedback_text: text = 'Time Out'
61.8223 	EXP 	trial_feedback_text: text = 'Time Out'
61.8409 	EXP 	trial_feedback_text: text = 'Time Out'
61.8569 	EXP 	trial_feedback_text: text = 'Time Out'
61.8741 	EXP 	trial_feedback_text: text = 'Time Out'
61.8898 	EXP 	trial_feedback_text: text = 'Time Out'
61.8928 	DATA 	Keypress: b
61.9223 	EXP 	trial_feedback_text: text = 'Time Out'
61.9223 	EXP 	trial_feedback_text: text = 'Incorrect'
61.9223 	EXP 	trial_faceImage: autoDraw = False
61.9223 	EXP 	trial_nameText: autoDraw = False
61.9223 	EXP 	trial_feedback_text: autoDraw = True
62.4081 	EXP 	trial_feedback_text: autoDraw = False
62.4235 	EXP 	trial_blank_text: autoDraw = True
63.4230 	EXP 	trial_blank_text: autoDraw = False
63.4230 	EXP 	trial_feedback_text: autoDraw = False
63.4230 	EXP 	trial_blank_text: autoDraw = False
63.4230 	EXP 	trial_faceImage: size = array([0.405  , 0.50625])
63.4230 	EXP 	trial_faceImage: image = './images/Clooney.jpg'
63.4230 	EXP 	trial_nameText: text = 'Cruise'
63.6304 	EXP 	trial_feedback_text: text = 'Time Out'
63.6304 	EXP 	trial_faceImage: autoDraw = True
63.6304 	EXP 	trial_nameText: autoDraw = True
63.6567 	EXP 	trial_feedback_text: text = 'Time Out'
63.6762 	EXP 	trial_feedback_text: text = 'Time Out'
63.6914 	EXP 	trial_feedback_text: text = 'Time Out'
63.7078 	EXP 	trial_feedback_text: text = 'Time Out'
63.7246 	EXP 	trial_feedback_text: text = 'Time Out'
63.7410 	EXP 	trial_feedback_text: text = 'Time Out'
63.7575 	EXP 	trial_feedback_text: text = 'Time Out'
63.7741 	EXP 	trial_feedback_text: text = 'Time Out'
63.7900 	EXP 	trial_feedback_text: text = 'Time Out'
63.8077 	EXP 	trial_feedback_text: text = 'Time Out'
63.8238 	EXP 	trial_feedback_text: text = 'Time Out'
63.8409 	EXP 	trial_feedback_text: text = 'Time Out'
63.8564 	EXP 	trial_feedback_text: text = 'Time Out'
63.8741 	EXP 	trial_feedback_text: text = 'Time Out'
63.8895 	EXP 	trial_feedback_text: text = 'Time Out'
63.9074 	EXP 	trial_feedback_text: text = 'Time Out'
63.9234 	EXP 	trial_feedback_text: text = 'Time Out'
63.9408 	EXP 	trial_feedback_text: text = 'Time Out'
63.9573 	EXP 	trial_feedback_text: text = 'Time Out'
63.9746 	EXP 	trial_feedback_text: text = 'Time Out'
63.9786 	DATA 	Keypress: b
63.9920 	EXP 	trial_feedback_text: text = 'Time Out'
64.0232 	EXP 	trial_feedback_text: text = 'Time Out'
64.0232 	EXP 	trial_feedback_text: text = 'Incorrect'
64.0232 	EXP 	trial_faceImage: autoDraw = False
64.0232 	EXP 	trial_nameText: autoDraw = False
64.0232 	EXP 	trial_feedback_text: autoDraw = True
64.5098 	EXP 	trial_feedback_text: autoDraw = False
64.5243 	EXP 	trial_blank_text: autoDraw = True
65.5244 	EXP 	trial_blank_text: autoDraw = False
65.5244 	EXP 	trial_feedback_text: autoDraw = False
65.5244 	EXP 	trial_blank_text: autoDraw = False
65.5244 	EXP 	trial_faceImage: size = array([0.405  , 0.50625])
65.5244 	EXP 	trial_faceImage: image = './images/Damon.jpg'
65.5244 	EXP 	trial_nameText: text = 'Clooney'
65.7299 	EXP 	trial_feedback_text: text = 'Time Out'
65.7299 	EXP 	trial_faceImage: autoDraw = True
65.7299 	EXP 	trial_nameText: autoDraw = True
65.7467 	EXP 	trial_feedback_text: text = 'Time Out'
65.7619 	EXP 	trial_feedback_text: text = 'Time Out'
65.7775 	EXP 	trial_feedback_text: text = 'Time Out'
65.7921 	EXP 	trial_feedback_text: text = 'Time Out'
65.8080 	EXP 	trial_feedback_text: text = 'Time Out'
65.8257 	EXP 	trial_feedback_text: text = 'Time Out'
65.8413 	EXP 	trial_feedback_text: text = 'Time Out'
65.8581 	EXP 	trial_feedback_text: text = 'Time Out'
65.8753 	EXP 	trial_feedback_text: text = 'Time Out'
65.8913 	EXP 	trial_feedback_text: text = 'Time Out'
65.9092 	EXP 	trial_feedback_text: text = 'Time Out'
65.9261 	EXP 	trial_feedback_text: text = 'Time Out'
65.9433 	EXP 	trial_feedback_text: text = 'Time Out'
65.9595 	EXP 	trial_feedback_text: text = 'Time Out'
65.9760 	EXP 	trial_feedback_text: text = 'Time Out'
65.9912 	EXP 	trial_feedback_text: text = 'Time Out'
66.0081 	EXP 	trial_feedback_text: text = 'Time Out'
66.0239 	EXP 	trial_feedback_text: text = 'Time Out'
66.0416 	EXP 	trial_feedback_text: text = 'Time Out'
66.0576 	EXP 	trial_feedback_text: text = 'Time Out'
66.0755 	EXP 	trial_feedback_text: text = 'Time Out'
66.0914 	EXP 	trial_feedback_text: text = 'Time Out'
66.1087 	EXP 	trial_feedback_text: text = 'Time Out'
66.1249 	EXP 	trial_feedback_text: text = 'Time Out'
66.1417 	EXP 	trial_feedback_text: text = 'Time Out'
66.1583 	EXP 	trial_feedback_text: text = 'Time Out'
66.1751 	EXP 	trial_feedback_text: text = 'Time Out'
66.1912 	EXP 	trial_feedback_text: text = 'Time Out'
66.2085 	EXP 	trial_feedback_text: text = 'Time Out'
66.2242 	EXP 	trial_feedback_text: text = 'Time Out'
66.2420 	EXP 	trial_feedback_text: text = 'Time Out'
66.2586 	EXP 	trial_feedback_text: text = 'Time Out'
66.2755 	EXP 	trial_feedback_text: text = 'Time Out'
66.2912 	EXP 	trial_feedback_text: text = 'Time Out'
66.3089 	EXP 	trial_feedback_text: text = 'Time Out'
66.3252 	EXP 	trial_feedback_text: text = 'Time Out'
66.3427 	EXP 	trial_feedback_text: text = 'Time Out'
66.3584 	EXP 	trial_feedback_text: text = 'Time Out'
66.3754 	EXP 	trial_feedback_text: text = 'Time Out'
66.3917 	EXP 	trial_feedback_text: text = 'Time Out'
66.4086 	EXP 	trial_feedback_text: text = 'Time Out'
66.4251 	EXP 	trial_feedback_text: text = 'Time Out'
66.4420 	EXP 	trial_feedback_text: text = 'Time Out'
66.4581 	EXP 	trial_feedback_text: text = 'Time Out'
66.4751 	EXP 	trial_feedback_text: text = 'Time Out'
66.4912 	EXP 	trial_feedback_text: text = 'Time Out'
66.5084 	EXP 	trial_feedback_text: text = 'Time Out'
66.5255 	EXP 	trial_feedback_text: text = 'Time Out'
66.5425 	EXP 	trial_feedback_text: text = 'Time Out'
66.5589 	EXP 	trial_feedback_text: text = 'Time Out'
66.5756 	EXP 	trial_feedback_text: text = 'Time Out'
66.5914 	EXP 	trial_feedback_text: text = 'Time Out'
66.6087 	EXP 	trial_feedback_text: text = 'Time Out'
66.6250 	EXP 	trial_feedback_text: text = 'Time Out'
66.6418 	EXP 	trial_feedback_text: text = 'Time Out'
66.6586 	EXP 	trial_feedback_text: text = 'Time Out'
66.6754 	EXP 	trial_feedback_text: text = 'Time Out'
66.6916 	EXP 	trial_feedback_text: text = 'Time Out'
66.7082 	EXP 	trial_faceImage: autoDraw = False
66.7082 	EXP 	trial_nameText: autoDraw = False
66.7082 	EXP 	trial_faceImage: autoDraw = False
66.7082 	EXP 	trial_nameText: autoDraw = False
66.7082 	EXP 	trial_feedback_text: autoDraw = True
67.2091 	EXP 	trial_feedback_text: autoDraw = False
67.2250 	EXP 	trial_blank_text: autoDraw = True
68.2096 	EXP 	trial_blank_text: autoDraw = False
68.2096 	EXP 	trial_feedback_text: autoDraw = False
68.2096 	EXP 	trial_blank_text: autoDraw = False
68.2096 	EXP 	break_text: autoDraw = True
88.2031 	EXP 	break_text: autoDraw = False
88.2031 	EXP 	break_text: autoDraw = False
88.5210 	EXP 	window1: mouseVisible = True
