10.5164 	WARNING 	Import Error: No module named 'psychtoolbox'. Using event module for keyboard component.
13.4368 	WARNING 	User requested fullscreen with size [1920 1080], but screen is actually [1280, 800]. Using actual size
14.2839 	EXP 	Created window1 = Window(allowGUI=False, allowStencil=False, args=UNKNOWN, autoLog=True, bitsMode=UNKNOWN, blendMode='avg', color=array([0., 0., 0.]), colorSpace='rgb', fullscr=<method-wrapper '__getattribute__' of attributeSetter object at 0x128cae438>, gamma=None, kwargs=UNKNOWN, lms=UNKNOWN, monitor=<psychopy.monitors.calibTools.Monitor object at 0x128d02208>, multiSample=False, name='window1', numSamples=2, pos=[0.0, 0.0], screen=0, size=array([2560, 1600]), stereo=False, units='height', useFBO=True, useRetina=True, viewOri=0.0, viewPos=None, viewScale=None, waitBlanking=True, winType='pyglet')
14.4856 	EXP 	Created instr_text = TextStim(__class__=<class 'psychopy.visual.text.TextStim'>, alignHoriz='center', alignVert='center', antialias=True, autoLog=True, bold=False, color='white', colorSpace='named', contrast=1.0, depth=0.0, flipHoriz=False, flipVert=False, font='Arial', fontFiles=[], height=0.04, italic=False, languageStyle='LTR', name='instr_text', opacity=1.0, ori=0, pos=array([0., 0.]), rgb=array([255., 255., 255.]), text=str(...), units='height', win=Window(...), wrapWidth=1)
14.4876 	EXP 	Created trial_faceImage = ImageStim(__class__=<class 'psychopy.visual.image.ImageStim'>, autoLog=True, color=array([1., 1., 1.]), colorSpace='rgb', contrast=1.0, depth=-1.0, flipHoriz=False, flipVert=False, image='sin', interpolate=True, mask=None, maskParams=None, name='trial_faceImage', opacity=1.0, ori=0.0, pos=array([0., 0.]), size=array([0.5, 0.5]), texRes=128, units='height', win=Window(...))
14.5021 	EXP 	Created trial_nameText = TextStim(__class__=<class 'psychopy.visual.text.TextStim'>, alignHoriz='center', alignVert='center', antialias=True, autoLog=True, bold=False, color='white', colorSpace='named', contrast=1.0, depth=-2.0, flipHoriz=False, flipVert=False, font='Arial', fontFiles=[], height=0.1, italic=False, languageStyle='LTR', name='trial_nameText', opacity=1.0, ori=0, pos=array([ 0. , -0.1]), rgb=array([255., 255., 255.]), text='default text', units='height', win=Window(...), wrapWidth=1)
14.5081 	EXP 	Created trial_feedback_text = TextStim(__class__=<class 'psychopy.visual.text.TextStim'>, alignHoriz='center', alignVert='center', antialias=True, autoLog=True, bold=False, color='white', colorSpace='named', contrast=1.0, depth=0.0, flipHoriz=False, flipVert=False, font='Arial', fontFiles=[], height=0.1, italic=False, languageStyle='LTR', name='trial_feedback_text', opacity=1.0, ori=0, pos=array([0., 0.]), rgb=array([255., 255., 255.]), text='Time Out', units='height', win=Window(...), wrapWidth=1)
14.5088 	EXP 	Created trial_blank_text = TextStim(__class__=<class 'psychopy.visual.text.TextStim'>, alignHoriz='center', alignVert='center', antialias=True, autoLog=True, bold=False, color='white', colorSpace='named', contrast=1.0, depth=-1.0, flipHoriz=False, flipVert=False, font='Arial', fontFiles=[], height=0.1, italic=False, languageStyle='LTR', name='trial_blank_text', opacity=1.0, ori=0, pos=array([0., 0.]), rgb=array([255., 255., 255.]), text='', units='height', win=Window(...), wrapWidth=1)
14.5372 	EXP 	Created break_text = TextStim(__class__=<class 'psychopy.visual.text.TextStim'>, alignHoriz='center', alignVert='center', antialias=True, autoLog=True, bold=False, color='white', colorSpace='named', contrast=1.0, depth=0.0, flipHoriz=False, flipVert=False, font='Arial', fontFiles=[], height=0.05, italic=False, languageStyle='LTR', name='break_text', opacity=1.0, ori=0, pos=array([0., 0.]), rgb=array([255., 255., 255.]), text=str(...), units='height', win=Window(...), wrapWidth=1)
14.5552 	EXP 	instr_text: autoDraw = True
17.3150 	DATA 	Keypress: space
17.4688 	EXP 	instr_text: autoDraw = False
17.4688 	EXP 	trial_faceImage: size = array([0.405  , 0.50625])
17.4688 	EXP 	trial_faceImage: image = './images/Clooney.jpg'
17.4688 	EXP 	trial_nameText: text = 'Cruise'
17.5679 	EXP 	trial_feedback_text: text = 'Time Out'
17.5679 	EXP 	trial_faceImage: autoDraw = True
17.5679 	EXP 	trial_nameText: autoDraw = True
17.5863 	EXP 	trial_feedback_text: text = 'Time Out'
17.6062 	EXP 	trial_feedback_text: text = 'Time Out'
17.6263 	EXP 	trial_feedback_text: text = 'Time Out'
17.6457 	EXP 	trial_feedback_text: text = 'Time Out'
17.6672 	EXP 	trial_feedback_text: text = 'Time Out'
17.6875 	EXP 	trial_feedback_text: text = 'Time Out'
17.7163 	EXP 	trial_feedback_text: text = 'Time Out'
17.7387 	EXP 	trial_feedback_text: text = 'Time Out'
17.7599 	EXP 	trial_feedback_text: text = 'Time Out'
17.7840 	EXP 	trial_feedback_text: text = 'Time Out'
17.8040 	EXP 	trial_feedback_text: text = 'Time Out'
17.8226 	EXP 	trial_feedback_text: text = 'Time Out'
17.8501 	EXP 	trial_feedback_text: text = 'Time Out'
17.8703 	EXP 	trial_feedback_text: text = 'Time Out'
17.8897 	EXP 	trial_feedback_text: text = 'Time Out'
17.9160 	EXP 	trial_feedback_text: text = 'Time Out'
17.9366 	EXP 	trial_feedback_text: text = 'Time Out'
17.9552 	EXP 	trial_feedback_text: text = 'Time Out'
17.9735 	EXP 	trial_feedback_text: text = 'Time Out'
17.9924 	EXP 	trial_feedback_text: text = 'Time Out'
18.0115 	EXP 	trial_feedback_text: text = 'Time Out'
18.0293 	EXP 	trial_feedback_text: text = 'Time Out'
18.0505 	EXP 	trial_feedback_text: text = 'Time Out'
18.0696 	EXP 	trial_feedback_text: text = 'Time Out'
18.0874 	EXP 	trial_feedback_text: text = 'Time Out'
18.1162 	EXP 	trial_feedback_text: text = 'Time Out'
18.1370 	EXP 	trial_feedback_text: text = 'Time Out'
18.1558 	EXP 	trial_feedback_text: text = 'Time Out'
18.1827 	EXP 	trial_feedback_text: text = 'Time Out'
18.2032 	EXP 	trial_feedback_text: text = 'Time Out'
18.2205 	EXP 	trial_feedback_text: text = 'Time Out'
18.2380 	EXP 	trial_feedback_text: text = 'Time Out'
18.2563 	EXP 	trial_feedback_text: text = 'Time Out'
18.2741 	EXP 	trial_feedback_text: text = 'Time Out'
18.2921 	EXP 	trial_feedback_text: text = 'Time Out'
18.3116 	EXP 	trial_feedback_text: text = 'Time Out'
18.3289 	EXP 	trial_feedback_text: text = 'Time Out'
18.3500 	EXP 	trial_feedback_text: text = 'Time Out'
18.3696 	EXP 	trial_feedback_text: text = 'Time Out'
18.3861 	EXP 	trial_feedback_text: text = 'Time Out'
18.4053 	EXP 	trial_feedback_text: text = 'Time Out'
18.4217 	EXP 	trial_feedback_text: text = 'Time Out'
18.4496 	EXP 	trial_feedback_text: text = 'Time Out'
18.4692 	EXP 	trial_feedback_text: text = 'Time Out'
18.4720 	DATA 	Keypress: b
18.5020 	EXP 	trial_feedback_text: text = 'Time Out'
18.5020 	EXP 	trial_feedback_text: text = 'Correct'
18.5020 	EXP 	trial_faceImage: autoDraw = False
18.5020 	EXP 	trial_nameText: autoDraw = False
18.5020 	EXP 	trial_feedback_text: autoDraw = True
19.0013 	EXP 	trial_feedback_text: autoDraw = False
19.0013 	EXP 	trial_blank_text: autoDraw = True
20.0243 	EXP 	trial_blank_text: autoDraw = False
20.0243 	EXP 	trial_feedback_text: autoDraw = False
20.0243 	EXP 	trial_blank_text: autoDraw = False
20.0243 	EXP 	trial_faceImage: size = array([0.405  , 0.50625])
20.0243 	EXP 	trial_faceImage: image = './images/Damon.jpg'
20.0243 	EXP 	trial_nameText: text = 'Clooney'
20.2157 	EXP 	trial_feedback_text: text = 'Time Out'
20.2157 	EXP 	trial_faceImage: autoDraw = True
20.2157 	EXP 	trial_nameText: autoDraw = True
20.2360 	EXP 	trial_feedback_text: text = 'Time Out'
20.2555 	EXP 	trial_feedback_text: text = 'Time Out'
20.2727 	EXP 	trial_feedback_text: text = 'Time Out'
20.2911 	EXP 	trial_feedback_text: text = 'Time Out'
20.3111 	EXP 	trial_feedback_text: text = 'Time Out'
20.3279 	EXP 	trial_feedback_text: text = 'Time Out'
20.3513 	EXP 	trial_feedback_text: text = 'Time Out'
20.3691 	EXP 	trial_feedback_text: text = 'Time Out'
20.3867 	EXP 	trial_feedback_text: text = 'Time Out'
20.4065 	EXP 	trial_feedback_text: text = 'Time Out'
20.4231 	EXP 	trial_feedback_text: text = 'Time Out'
20.4421 	EXP 	trial_feedback_text: text = 'Time Out'
20.4603 	EXP 	trial_feedback_text: text = 'Time Out'
20.4774 	EXP 	trial_feedback_text: text = 'Time Out'
20.4969 	EXP 	trial_feedback_text: text = 'Time Out'
20.5160 	EXP 	trial_feedback_text: text = 'Time Out'
20.5344 	EXP 	trial_feedback_text: text = 'Time Out'
20.5527 	EXP 	trial_feedback_text: text = 'Time Out'
20.5701 	EXP 	trial_feedback_text: text = 'Time Out'
20.5874 	EXP 	trial_feedback_text: text = 'Time Out'
20.6056 	EXP 	trial_feedback_text: text = 'Time Out'
20.6219 	EXP 	trial_feedback_text: text = 'Time Out'
20.6400 	EXP 	trial_feedback_text: text = 'Time Out'
20.6583 	EXP 	trial_feedback_text: text = 'Time Out'
20.6751 	EXP 	trial_feedback_text: text = 'Time Out'
20.6929 	EXP 	trial_feedback_text: text = 'Time Out'
20.7112 	EXP 	trial_feedback_text: text = 'Time Out'
20.7290 	EXP 	trial_feedback_text: text = 'Time Out'
20.7471 	EXP 	trial_feedback_text: text = 'Time Out'
20.7664 	EXP 	trial_feedback_text: text = 'Time Out'
20.7836 	EXP 	trial_feedback_text: text = 'Time Out'
20.8033 	EXP 	trial_feedback_text: text = 'Time Out'
20.8200 	EXP 	trial_feedback_text: text = 'Time Out'
20.8379 	EXP 	trial_feedback_text: text = 'Time Out'
20.8555 	EXP 	trial_feedback_text: text = 'Time Out'
20.8734 	EXP 	trial_feedback_text: text = 'Time Out'
20.8915 	EXP 	trial_feedback_text: text = 'Time Out'
20.9100 	EXP 	trial_feedback_text: text = 'Time Out'
20.9259 	EXP 	trial_feedback_text: text = 'Time Out'
20.9449 	EXP 	trial_feedback_text: text = 'Time Out'
20.9627 	EXP 	trial_feedback_text: text = 'Time Out'
20.9795 	EXP 	trial_feedback_text: text = 'Time Out'
21.0001 	EXP 	trial_feedback_text: text = 'Time Out'
21.0168 	EXP 	trial_feedback_text: text = 'Time Out'
21.0358 	EXP 	trial_feedback_text: text = 'Time Out'
21.0547 	EXP 	trial_feedback_text: text = 'Time Out'
21.0719 	EXP 	trial_feedback_text: text = 'Time Out'
21.0913 	EXP 	trial_feedback_text: text = 'Time Out'
21.1109 	EXP 	trial_feedback_text: text = 'Time Out'
21.1282 	EXP 	trial_feedback_text: text = 'Time Out'
21.1463 	EXP 	trial_feedback_text: text = 'Time Out'
21.1668 	EXP 	trial_feedback_text: text = 'Time Out'
21.1846 	EXP 	trial_feedback_text: text = 'Time Out'
21.2029 	EXP 	trial_faceImage: autoDraw = False
21.2029 	EXP 	trial_nameText: autoDraw = False
21.2029 	EXP 	trial_faceImage: autoDraw = False
21.2029 	EXP 	trial_nameText: autoDraw = False
21.2029 	EXP 	trial_feedback_text: autoDraw = True
21.6906 	EXP 	trial_feedback_text: autoDraw = False
21.7082 	EXP 	trial_blank_text: autoDraw = True
22.7034 	EXP 	trial_blank_text: autoDraw = False
22.7034 	EXP 	trial_feedback_text: autoDraw = False
22.7034 	EXP 	trial_blank_text: autoDraw = False
22.7034 	EXP 	trial_faceImage: size = array([0.405  , 0.50625])
22.7034 	EXP 	trial_faceImage: image = './images/Cruise.jpg'
22.7034 	EXP 	trial_nameText: text = 'Cruise'
22.9106 	EXP 	trial_feedback_text: text = 'Time Out'
22.9106 	EXP 	trial_faceImage: autoDraw = True
22.9106 	EXP 	trial_nameText: autoDraw = True
22.9264 	EXP 	trial_feedback_text: text = 'Time Out'
22.9456 	EXP 	trial_feedback_text: text = 'Time Out'
22.9630 	EXP 	trial_feedback_text: text = 'Time Out'
22.9805 	EXP 	trial_feedback_text: text = 'Time Out'
22.9979 	EXP 	trial_feedback_text: text = 'Time Out'
23.0174 	EXP 	trial_feedback_text: text = 'Time Out'
23.0356 	EXP 	trial_feedback_text: text = 'Time Out'
23.0548 	EXP 	trial_feedback_text: text = 'Time Out'
23.0726 	EXP 	trial_feedback_text: text = 'Time Out'
23.0908 	EXP 	trial_feedback_text: text = 'Time Out'
23.1087 	EXP 	trial_feedback_text: text = 'Time Out'
23.1251 	EXP 	trial_feedback_text: text = 'Time Out'
23.1430 	EXP 	trial_feedback_text: text = 'Time Out'
23.1595 	EXP 	trial_feedback_text: text = 'Time Out'
23.1768 	EXP 	trial_feedback_text: text = 'Time Out'
23.1938 	EXP 	trial_feedback_text: text = 'Time Out'
23.2113 	EXP 	trial_feedback_text: text = 'Time Out'
23.2280 	EXP 	trial_feedback_text: text = 'Time Out'
23.2452 	EXP 	trial_feedback_text: text = 'Time Out'
23.2622 	EXP 	trial_feedback_text: text = 'Time Out'
23.2800 	EXP 	trial_feedback_text: text = 'Time Out'
23.2961 	EXP 	trial_feedback_text: text = 'Time Out'
23.3144 	EXP 	trial_feedback_text: text = 'Time Out'
23.3334 	EXP 	trial_feedback_text: text = 'Time Out'
23.3495 	EXP 	trial_feedback_text: text = 'Time Out'
23.3655 	EXP 	trial_feedback_text: text = 'Time Out'
23.3831 	EXP 	trial_feedback_text: text = 'Time Out'
23.3996 	EXP 	trial_feedback_text: text = 'Time Out'
23.4164 	EXP 	trial_feedback_text: text = 'Time Out'
23.4322 	EXP 	trial_feedback_text: text = 'Time Out'
23.4494 	EXP 	trial_feedback_text: text = 'Time Out'
23.4655 	EXP 	trial_feedback_text: text = 'Time Out'
23.4829 	EXP 	trial_feedback_text: text = 'Time Out'
23.5009 	EXP 	trial_feedback_text: text = 'Time Out'
23.5186 	EXP 	trial_feedback_text: text = 'Time Out'
23.5353 	EXP 	trial_feedback_text: text = 'Time Out'
23.5537 	EXP 	trial_feedback_text: text = 'Time Out'
23.5703 	EXP 	trial_feedback_text: text = 'Time Out'
23.5880 	EXP 	trial_feedback_text: text = 'Time Out'
23.6053 	EXP 	trial_feedback_text: text = 'Time Out'
23.6224 	EXP 	trial_feedback_text: text = 'Time Out'
23.6400 	EXP 	trial_feedback_text: text = 'Time Out'
23.6577 	EXP 	trial_feedback_text: text = 'Time Out'
23.6757 	EXP 	trial_feedback_text: text = 'Time Out'
23.6918 	EXP 	trial_feedback_text: text = 'Time Out'
23.7096 	EXP 	trial_feedback_text: text = 'Time Out'
23.7257 	EXP 	trial_feedback_text: text = 'Time Out'
23.7431 	EXP 	trial_feedback_text: text = 'Time Out'
23.7596 	EXP 	trial_feedback_text: text = 'Time Out'
23.7770 	EXP 	trial_feedback_text: text = 'Time Out'
23.7930 	EXP 	trial_feedback_text: text = 'Time Out'
23.8106 	EXP 	trial_feedback_text: text = 'Time Out'
23.8266 	EXP 	trial_feedback_text: text = 'Time Out'
23.8437 	EXP 	trial_feedback_text: text = 'Time Out'
23.8603 	EXP 	trial_feedback_text: text = 'Time Out'
23.8781 	EXP 	trial_feedback_text: text = 'Time Out'
23.8917 	EXP 	trial_faceImage: autoDraw = False
23.8917 	EXP 	trial_nameText: autoDraw = False
23.8917 	EXP 	trial_faceImage: autoDraw = False
23.8917 	EXP 	trial_nameText: autoDraw = False
23.8917 	EXP 	trial_feedback_text: autoDraw = True
24.3921 	EXP 	trial_feedback_text: autoDraw = False
24.4098 	EXP 	trial_blank_text: autoDraw = True
25.4030 	EXP 	trial_blank_text: autoDraw = False
25.4030 	EXP 	trial_feedback_text: autoDraw = False
25.4030 	EXP 	trial_blank_text: autoDraw = False
25.4030 	EXP 	trial_faceImage: size = array([0.405  , 0.50625])
25.4030 	EXP 	trial_faceImage: image = './images/Cruise.jpg'
25.4030 	EXP 	trial_nameText: text = 'Damon'
25.6112 	EXP 	trial_feedback_text: text = 'Time Out'
25.6112 	EXP 	trial_faceImage: autoDraw = True
25.6112 	EXP 	trial_nameText: autoDraw = True
25.6310 	EXP 	trial_feedback_text: text = 'Time Out'
25.6483 	EXP 	trial_feedback_text: text = 'Time Out'
25.6664 	EXP 	trial_feedback_text: text = 'Time Out'
25.6858 	EXP 	trial_feedback_text: text = 'Time Out'
25.7046 	EXP 	trial_feedback_text: text = 'Time Out'
25.7224 	EXP 	trial_feedback_text: text = 'Time Out'
25.7428 	EXP 	trial_feedback_text: text = 'Time Out'
25.7639 	EXP 	trial_feedback_text: text = 'Time Out'
25.7924 	EXP 	trial_feedback_text: text = 'Time Out'
25.8145 	EXP 	trial_feedback_text: text = 'Time Out'
25.8325 	EXP 	trial_feedback_text: text = 'Time Out'
25.8539 	EXP 	trial_feedback_text: text = 'Time Out'
25.8775 	EXP 	trial_feedback_text: text = 'Time Out'
25.8967 	EXP 	trial_feedback_text: text = 'Time Out'
25.9181 	EXP 	trial_feedback_text: text = 'Time Out'
25.9403 	EXP 	trial_feedback_text: text = 'Time Out'
25.9609 	EXP 	trial_feedback_text: text = 'Time Out'
25.9797 	EXP 	trial_feedback_text: text = 'Time Out'
26.0028 	EXP 	trial_feedback_text: text = 'Time Out'
26.0260 	EXP 	trial_feedback_text: text = 'Time Out'
26.0478 	EXP 	trial_feedback_text: text = 'Time Out'
26.0688 	EXP 	trial_feedback_text: text = 'Time Out'
26.0933 	EXP 	trial_feedback_text: text = 'Time Out'
26.1202 	EXP 	trial_feedback_text: text = 'Time Out'
26.1425 	EXP 	trial_feedback_text: text = 'Time Out'
26.1604 	EXP 	trial_feedback_text: text = 'Time Out'
26.1780 	EXP 	trial_feedback_text: text = 'Time Out'
26.1966 	EXP 	trial_feedback_text: text = 'Time Out'
26.2167 	EXP 	trial_feedback_text: text = 'Time Out'
26.2347 	EXP 	trial_feedback_text: text = 'Time Out'
26.2525 	EXP 	trial_feedback_text: text = 'Time Out'
26.2708 	EXP 	trial_feedback_text: text = 'Time Out'
26.2924 	EXP 	trial_feedback_text: text = 'Time Out'
26.3111 	EXP 	trial_feedback_text: text = 'Time Out'
26.3296 	EXP 	trial_feedback_text: text = 'Time Out'
26.3486 	EXP 	trial_feedback_text: text = 'Time Out'
26.3676 	EXP 	trial_feedback_text: text = 'Time Out'
26.3846 	EXP 	trial_feedback_text: text = 'Time Out'
26.4030 	EXP 	trial_feedback_text: text = 'Time Out'
26.4260 	EXP 	trial_feedback_text: text = 'Time Out'
26.4461 	EXP 	trial_feedback_text: text = 'Time Out'
26.4661 	EXP 	trial_feedback_text: text = 'Time Out'
26.4856 	EXP 	trial_feedback_text: text = 'Time Out'
26.5040 	EXP 	trial_feedback_text: text = 'Time Out'
26.5258 	EXP 	trial_feedback_text: text = 'Time Out'
26.5446 	EXP 	trial_feedback_text: text = 'Time Out'
26.5648 	EXP 	trial_feedback_text: text = 'Time Out'
26.5830 	EXP 	trial_faceImage: autoDraw = False
26.5830 	EXP 	trial_nameText: autoDraw = False
26.5830 	EXP 	trial_faceImage: autoDraw = False
26.5830 	EXP 	trial_nameText: autoDraw = False
26.5830 	EXP 	trial_feedback_text: autoDraw = True
27.0826 	EXP 	trial_feedback_text: autoDraw = False
27.1020 	EXP 	trial_blank_text: autoDraw = True
28.0974 	EXP 	trial_blank_text: autoDraw = False
28.0974 	EXP 	trial_feedback_text: autoDraw = False
28.0974 	EXP 	trial_blank_text: autoDraw = False
28.0974 	EXP 	trial_faceImage: size = array([0.405  , 0.50625])
28.0974 	EXP 	trial_faceImage: image = './images/Damon.jpg'
28.0974 	EXP 	trial_nameText: text = 'Damon'
28.2987 	EXP 	trial_feedback_text: text = 'Time Out'
28.2987 	EXP 	trial_faceImage: autoDraw = True
28.2987 	EXP 	trial_nameText: autoDraw = True
28.3186 	EXP 	trial_feedback_text: text = 'Time Out'
28.3454 	EXP 	trial_feedback_text: text = 'Time Out'
28.3630 	EXP 	trial_feedback_text: text = 'Time Out'
28.3840 	EXP 	trial_feedback_text: text = 'Time Out'
28.4131 	EXP 	trial_feedback_text: text = 'Time Out'
28.4320 	EXP 	trial_feedback_text: text = 'Time Out'
28.4521 	EXP 	trial_feedback_text: text = 'Time Out'
28.4721 	EXP 	trial_feedback_text: text = 'Time Out'
28.4961 	EXP 	trial_feedback_text: text = 'Time Out'
28.5228 	EXP 	trial_feedback_text: text = 'Time Out'
28.5445 	EXP 	trial_feedback_text: text = 'Time Out'
28.5668 	EXP 	trial_feedback_text: text = 'Time Out'
28.5972 	EXP 	trial_feedback_text: text = 'Time Out'
28.6160 	EXP 	trial_feedback_text: text = 'Time Out'
28.6451 	EXP 	trial_feedback_text: text = 'Time Out'
28.6631 	EXP 	trial_feedback_text: text = 'Time Out'
28.6836 	EXP 	trial_feedback_text: text = 'Time Out'
28.7125 	EXP 	trial_feedback_text: text = 'Time Out'
28.7333 	EXP 	trial_feedback_text: text = 'Time Out'
28.7619 	EXP 	trial_feedback_text: text = 'Time Out'
28.7801 	EXP 	trial_feedback_text: text = 'Time Out'
28.8013 	EXP 	trial_feedback_text: text = 'Time Out'
28.8234 	EXP 	trial_feedback_text: text = 'Time Out'
28.8441 	EXP 	trial_feedback_text: text = 'Time Out'
28.8654 	EXP 	trial_feedback_text: text = 'Time Out'
28.8843 	EXP 	trial_feedback_text: text = 'Time Out'
28.9106 	EXP 	trial_feedback_text: text = 'Time Out'
28.9343 	EXP 	trial_feedback_text: text = 'Time Out'
28.9536 	EXP 	trial_feedback_text: text = 'Time Out'
28.9773 	EXP 	trial_feedback_text: text = 'Time Out'
28.9995 	EXP 	trial_feedback_text: text = 'Time Out'
29.0187 	EXP 	trial_feedback_text: text = 'Time Out'
29.0447 	EXP 	trial_feedback_text: text = 'Time Out'
29.0667 	EXP 	trial_feedback_text: text = 'Time Out'
29.0852 	EXP 	trial_feedback_text: text = 'Time Out'
29.1052 	EXP 	trial_feedback_text: text = 'Time Out'
29.1322 	EXP 	trial_feedback_text: text = 'Time Out'
29.1565 	EXP 	trial_feedback_text: text = 'Time Out'
29.1782 	EXP 	trial_feedback_text: text = 'Time Out'
29.2000 	EXP 	trial_feedback_text: text = 'Time Out'
29.2206 	EXP 	trial_feedback_text: text = 'Time Out'
29.2437 	EXP 	trial_feedback_text: text = 'Time Out'
29.2661 	EXP 	trial_feedback_text: text = 'Time Out'
29.2816 	EXP 	trial_faceImage: autoDraw = False
29.2816 	EXP 	trial_nameText: autoDraw = False
29.2816 	EXP 	trial_faceImage: autoDraw = False
29.2816 	EXP 	trial_nameText: autoDraw = False
29.2816 	EXP 	trial_feedback_text: autoDraw = True
29.7815 	EXP 	trial_feedback_text: autoDraw = False
29.7991 	EXP 	trial_blank_text: autoDraw = True
30.7969 	EXP 	trial_blank_text: autoDraw = False
30.7969 	EXP 	trial_feedback_text: autoDraw = False
30.7969 	EXP 	trial_blank_text: autoDraw = False
30.7969 	EXP 	trial_faceImage: size = array([0.405  , 0.50625])
30.7969 	EXP 	trial_faceImage: image = './images/Cruise.jpg'
30.7969 	EXP 	trial_nameText: text = 'Clooney'
31.0026 	EXP 	trial_feedback_text: text = 'Time Out'
31.0026 	EXP 	trial_faceImage: autoDraw = True
31.0026 	EXP 	trial_nameText: autoDraw = True
31.0206 	EXP 	trial_feedback_text: text = 'Time Out'
31.0454 	EXP 	trial_feedback_text: text = 'Time Out'
31.0665 	EXP 	trial_feedback_text: text = 'Time Out'
31.0857 	EXP 	trial_feedback_text: text = 'Time Out'
31.1109 	EXP 	trial_feedback_text: text = 'Time Out'
31.1325 	EXP 	trial_feedback_text: text = 'Time Out'
31.1506 	EXP 	trial_feedback_text: text = 'Time Out'
31.1787 	EXP 	trial_feedback_text: text = 'Time Out'
31.1997 	EXP 	trial_feedback_text: text = 'Time Out'
31.2199 	EXP 	trial_feedback_text: text = 'Time Out'
31.2454 	EXP 	trial_feedback_text: text = 'Time Out'
31.2674 	EXP 	trial_feedback_text: text = 'Time Out'
31.2855 	EXP 	trial_feedback_text: text = 'Time Out'
31.3119 	EXP 	trial_feedback_text: text = 'Time Out'
31.3340 	EXP 	trial_feedback_text: text = 'Time Out'
31.3531 	EXP 	trial_feedback_text: text = 'Time Out'
31.3786 	EXP 	trial_feedback_text: text = 'Time Out'
31.4043 	EXP 	trial_feedback_text: text = 'Time Out'
31.4287 	EXP 	trial_feedback_text: text = 'Time Out'
31.4498 	EXP 	trial_feedback_text: text = 'Time Out'
31.4705 	EXP 	trial_feedback_text: text = 'Time Out'
31.4903 	EXP 	trial_feedback_text: text = 'Time Out'
31.5133 	EXP 	trial_feedback_text: text = 'Time Out'
31.5329 	EXP 	trial_feedback_text: text = 'Time Out'
31.5526 	EXP 	trial_feedback_text: text = 'Time Out'
31.5736 	EXP 	trial_feedback_text: text = 'Time Out'
31.5967 	EXP 	trial_feedback_text: text = 'Time Out'
31.6168 	EXP 	trial_feedback_text: text = 'Time Out'
31.6451 	EXP 	trial_feedback_text: text = 'Time Out'
31.6658 	EXP 	trial_feedback_text: text = 'Time Out'
31.6854 	EXP 	trial_feedback_text: text = 'Time Out'
31.7058 	EXP 	trial_feedback_text: text = 'Time Out'
31.7286 	EXP 	trial_feedback_text: text = 'Time Out'
31.7495 	EXP 	trial_feedback_text: text = 'Time Out'
31.7683 	EXP 	trial_feedback_text: text = 'Time Out'
31.7896 	EXP 	trial_feedback_text: text = 'Time Out'
31.8119 	EXP 	trial_feedback_text: text = 'Time Out'
31.8302 	EXP 	trial_feedback_text: text = 'Time Out'
31.8502 	EXP 	trial_feedback_text: text = 'Time Out'
31.8681 	EXP 	trial_feedback_text: text = 'Time Out'
31.8958 	EXP 	trial_feedback_text: text = 'Time Out'
31.9160 	EXP 	trial_feedback_text: text = 'Time Out'
31.9353 	EXP 	trial_feedback_text: text = 'Time Out'
31.9619 	EXP 	trial_feedback_text: text = 'Time Out'
31.9786 	EXP 	trial_faceImage: autoDraw = False
31.9786 	EXP 	trial_nameText: autoDraw = False
31.9786 	EXP 	trial_faceImage: autoDraw = False
31.9786 	EXP 	trial_nameText: autoDraw = False
31.9786 	EXP 	trial_feedback_text: autoDraw = True
32.4793 	EXP 	trial_feedback_text: autoDraw = False
32.4793 	EXP 	trial_blank_text: autoDraw = True
33.4979 	EXP 	trial_blank_text: autoDraw = False
33.4979 	EXP 	trial_feedback_text: autoDraw = False
33.4979 	EXP 	trial_blank_text: autoDraw = False
33.4979 	EXP 	trial_faceImage: size = array([0.405  , 0.50625])
33.4979 	EXP 	trial_faceImage: image = './images/Clooney.jpg'
33.4979 	EXP 	trial_nameText: text = 'Damon'
33.7019 	EXP 	trial_feedback_text: text = 'Time Out'
33.7019 	EXP 	trial_faceImage: autoDraw = True
33.7019 	EXP 	trial_nameText: autoDraw = True
33.7306 	EXP 	trial_feedback_text: text = 'Time Out'
33.7508 	EXP 	trial_feedback_text: text = 'Time Out'
33.7699 	EXP 	trial_feedback_text: text = 'Time Out'
33.7883 	EXP 	trial_feedback_text: text = 'Time Out'
33.8127 	EXP 	trial_feedback_text: text = 'Time Out'
33.8311 	EXP 	trial_feedback_text: text = 'Time Out'
33.8495 	EXP 	trial_feedback_text: text = 'Time Out'
33.8694 	EXP 	trial_feedback_text: text = 'Time Out'
33.8960 	EXP 	trial_feedback_text: text = 'Time Out'
33.9145 	EXP 	trial_feedback_text: text = 'Time Out'
33.9320 	EXP 	trial_feedback_text: text = 'Time Out'
33.9503 	EXP 	trial_feedback_text: text = 'Time Out'
33.9682 	EXP 	trial_feedback_text: text = 'Time Out'
33.9865 	EXP 	trial_feedback_text: text = 'Time Out'
34.0058 	EXP 	trial_feedback_text: text = 'Time Out'
34.0290 	EXP 	trial_feedback_text: text = 'Time Out'
34.0481 	EXP 	trial_feedback_text: text = 'Time Out'
34.0659 	EXP 	trial_feedback_text: text = 'Time Out'
34.0899 	EXP 	trial_feedback_text: text = 'Time Out'
34.1146 	EXP 	trial_feedback_text: text = 'Time Out'
34.1334 	EXP 	trial_feedback_text: text = 'Time Out'
34.1509 	EXP 	trial_feedback_text: text = 'Time Out'
34.1684 	EXP 	trial_feedback_text: text = 'Time Out'
34.1876 	EXP 	trial_feedback_text: text = 'Time Out'
34.2131 	EXP 	trial_feedback_text: text = 'Time Out'
34.2312 	EXP 	trial_feedback_text: text = 'Time Out'
34.2495 	EXP 	trial_feedback_text: text = 'Time Out'
34.2679 	EXP 	trial_feedback_text: text = 'Time Out'
34.2869 	EXP 	trial_feedback_text: text = 'Time Out'
34.3154 	EXP 	trial_feedback_text: text = 'Time Out'
34.3347 	EXP 	trial_feedback_text: text = 'Time Out'
34.3536 	EXP 	trial_feedback_text: text = 'Time Out'
34.3798 	EXP 	trial_feedback_text: text = 'Time Out'
34.3997 	EXP 	trial_feedback_text: text = 'Time Out'
34.4212 	EXP 	trial_feedback_text: text = 'Time Out'
34.4456 	EXP 	trial_feedback_text: text = 'Time Out'
34.4658 	EXP 	trial_feedback_text: text = 'Time Out'
34.4827 	EXP 	trial_feedback_text: text = 'Time Out'
34.5008 	EXP 	trial_feedback_text: text = 'Time Out'
34.5211 	EXP 	trial_feedback_text: text = 'Time Out'
34.5461 	EXP 	trial_feedback_text: text = 'Time Out'
34.5653 	EXP 	trial_feedback_text: text = 'Time Out'
34.5861 	EXP 	trial_feedback_text: text = 'Time Out'
34.6058 	EXP 	trial_feedback_text: text = 'Time Out'
34.6300 	EXP 	trial_feedback_text: text = 'Time Out'
34.6495 	EXP 	trial_feedback_text: text = 'Time Out'
34.6686 	EXP 	trial_feedback_text: text = 'Time Out'
34.6845 	EXP 	trial_faceImage: autoDraw = False
34.6845 	EXP 	trial_nameText: autoDraw = False
34.6845 	EXP 	trial_faceImage: autoDraw = False
34.6845 	EXP 	trial_nameText: autoDraw = False
34.6845 	EXP 	trial_feedback_text: autoDraw = True
35.1799 	EXP 	trial_feedback_text: autoDraw = False
35.1972 	EXP 	trial_blank_text: autoDraw = True
36.1997 	EXP 	trial_blank_text: autoDraw = False
36.1997 	EXP 	trial_feedback_text: autoDraw = False
36.1997 	EXP 	trial_blank_text: autoDraw = False
36.1997 	EXP 	trial_faceImage: size = array([0.405  , 0.50625])
36.1997 	EXP 	trial_faceImage: image = './images/Damon.jpg'
36.1997 	EXP 	trial_nameText: text = 'Cruise'
36.3995 	EXP 	trial_feedback_text: text = 'Time Out'
36.3995 	EXP 	trial_faceImage: autoDraw = True
36.3995 	EXP 	trial_nameText: autoDraw = True
36.4149 	EXP 	trial_feedback_text: text = 'Time Out'
36.4319 	EXP 	trial_feedback_text: text = 'Time Out'
36.4477 	EXP 	trial_feedback_text: text = 'Time Out'
36.4653 	EXP 	trial_feedback_text: text = 'Time Out'
36.4810 	EXP 	trial_feedback_text: text = 'Time Out'
36.4983 	EXP 	trial_feedback_text: text = 'Time Out'
36.5144 	EXP 	trial_feedback_text: text = 'Time Out'
36.5315 	EXP 	trial_feedback_text: text = 'Time Out'
36.5487 	EXP 	trial_feedback_text: text = 'Time Out'
36.5674 	EXP 	trial_feedback_text: text = 'Time Out'
36.5829 	EXP 	trial_feedback_text: text = 'Time Out'
36.5998 	EXP 	trial_feedback_text: text = 'Time Out'
36.6175 	EXP 	trial_feedback_text: text = 'Time Out'
36.6357 	EXP 	trial_feedback_text: text = 'Time Out'
36.6521 	EXP 	trial_feedback_text: text = 'Time Out'
36.6684 	EXP 	trial_feedback_text: text = 'Time Out'
36.6847 	EXP 	trial_feedback_text: text = 'Time Out'
36.7017 	EXP 	trial_feedback_text: text = 'Time Out'
36.7173 	EXP 	trial_feedback_text: text = 'Time Out'
36.7341 	EXP 	trial_feedback_text: text = 'Time Out'
36.7492 	EXP 	trial_feedback_text: text = 'Time Out'
36.7661 	EXP 	trial_feedback_text: text = 'Time Out'
36.7816 	EXP 	trial_feedback_text: text = 'Time Out'
36.7993 	EXP 	trial_feedback_text: text = 'Time Out'
36.8153 	EXP 	trial_feedback_text: text = 'Time Out'
36.8338 	EXP 	trial_feedback_text: text = 'Time Out'
36.8496 	EXP 	trial_feedback_text: text = 'Time Out'
36.8666 	EXP 	trial_feedback_text: text = 'Time Out'
36.8820 	EXP 	trial_feedback_text: text = 'Time Out'
36.8992 	EXP 	trial_feedback_text: text = 'Time Out'
36.9150 	EXP 	trial_feedback_text: text = 'Time Out'
36.9318 	EXP 	trial_feedback_text: text = 'Time Out'
36.9482 	EXP 	trial_feedback_text: text = 'Time Out'
36.9659 	EXP 	trial_feedback_text: text = 'Time Out'
36.9815 	EXP 	trial_feedback_text: text = 'Time Out'
36.9994 	EXP 	trial_feedback_text: text = 'Time Out'
37.0159 	EXP 	trial_feedback_text: text = 'Time Out'
37.0327 	EXP 	trial_feedback_text: text = 'Time Out'
37.0489 	EXP 	trial_feedback_text: text = 'Time Out'
37.0658 	EXP 	trial_feedback_text: text = 'Time Out'
37.0813 	EXP 	trial_feedback_text: text = 'Time Out'
37.0984 	EXP 	trial_feedback_text: text = 'Time Out'
37.1150 	EXP 	trial_feedback_text: text = 'Time Out'
37.1324 	EXP 	trial_feedback_text: text = 'Time Out'
37.1483 	EXP 	trial_feedback_text: text = 'Time Out'
37.1684 	EXP 	trial_feedback_text: text = 'Time Out'
37.1882 	EXP 	trial_feedback_text: text = 'Time Out'
37.2147 	EXP 	trial_feedback_text: text = 'Time Out'
37.2352 	EXP 	trial_feedback_text: text = 'Time Out'
37.2543 	EXP 	trial_feedback_text: text = 'Time Out'
37.2722 	EXP 	trial_feedback_text: text = 'Time Out'
37.2995 	EXP 	trial_feedback_text: text = 'Time Out'
37.3152 	EXP 	trial_feedback_text: text = 'Time Out'
37.3326 	EXP 	trial_feedback_text: text = 'Time Out'
37.3491 	EXP 	trial_feedback_text: text = 'Time Out'
37.3674 	EXP 	trial_feedback_text: text = 'Time Out'
37.3816 	EXP 	trial_faceImage: autoDraw = False
37.3816 	EXP 	trial_nameText: autoDraw = False
37.3816 	EXP 	trial_faceImage: autoDraw = False
37.3816 	EXP 	trial_nameText: autoDraw = False
37.3816 	EXP 	trial_feedback_text: autoDraw = True
37.8815 	EXP 	trial_feedback_text: autoDraw = False
37.8986 	EXP 	trial_blank_text: autoDraw = True
38.8994 	EXP 	trial_blank_text: autoDraw = False
38.8994 	EXP 	trial_feedback_text: autoDraw = False
38.8994 	EXP 	trial_blank_text: autoDraw = False
38.8994 	EXP 	trial_faceImage: size = array([0.405  , 0.50625])
38.8994 	EXP 	trial_faceImage: image = './images/Clooney.jpg'
38.8994 	EXP 	trial_nameText: text = 'Clooney'
39.0835 	EXP 	trial_feedback_text: text = 'Time Out'
39.0835 	EXP 	trial_faceImage: autoDraw = True
39.0835 	EXP 	trial_nameText: autoDraw = True
39.0999 	EXP 	trial_feedback_text: text = 'Time Out'
39.1163 	EXP 	trial_feedback_text: text = 'Time Out'
39.1340 	EXP 	trial_feedback_text: text = 'Time Out'
39.1501 	EXP 	trial_feedback_text: text = 'Time Out'
39.1670 	EXP 	trial_feedback_text: text = 'Time Out'
39.1839 	EXP 	trial_feedback_text: text = 'Time Out'
39.2013 	EXP 	trial_feedback_text: text = 'Time Out'
39.2180 	EXP 	trial_feedback_text: text = 'Time Out'
39.2353 	EXP 	trial_feedback_text: text = 'Time Out'
39.2507 	EXP 	trial_feedback_text: text = 'Time Out'
39.2686 	EXP 	trial_feedback_text: text = 'Time Out'
39.2844 	EXP 	trial_feedback_text: text = 'Time Out'
39.3016 	EXP 	trial_feedback_text: text = 'Time Out'
39.3202 	EXP 	trial_feedback_text: text = 'Time Out'
39.3378 	EXP 	trial_feedback_text: text = 'Time Out'
39.3662 	EXP 	trial_feedback_text: text = 'Time Out'
39.3834 	EXP 	trial_feedback_text: text = 'Time Out'
39.4033 	EXP 	trial_feedback_text: text = 'Time Out'
39.4229 	EXP 	trial_feedback_text: text = 'Time Out'
39.4487 	EXP 	trial_feedback_text: text = 'Time Out'
39.4659 	EXP 	trial_feedback_text: text = 'Time Out'
39.4825 	EXP 	trial_feedback_text: text = 'Time Out'
39.5026 	EXP 	trial_feedback_text: text = 'Time Out'
39.5204 	EXP 	trial_feedback_text: text = 'Time Out'
39.5389 	EXP 	trial_feedback_text: text = 'Time Out'
39.5661 	EXP 	trial_feedback_text: text = 'Time Out'
39.5842 	EXP 	trial_feedback_text: text = 'Time Out'
39.6030 	EXP 	trial_feedback_text: text = 'Time Out'
39.6207 	EXP 	trial_feedback_text: text = 'Time Out'
39.6390 	EXP 	trial_feedback_text: text = 'Time Out'
39.6660 	EXP 	trial_feedback_text: text = 'Time Out'
39.6827 	EXP 	trial_feedback_text: text = 'Time Out'
39.7012 	EXP 	trial_feedback_text: text = 'Time Out'
39.7196 	EXP 	trial_feedback_text: text = 'Time Out'
39.7386 	EXP 	trial_feedback_text: text = 'Time Out'
39.7660 	EXP 	trial_feedback_text: text = 'Time Out'
39.7841 	EXP 	trial_feedback_text: text = 'Time Out'
39.8035 	EXP 	trial_feedback_text: text = 'Time Out'
39.8222 	EXP 	trial_feedback_text: text = 'Time Out'
39.8487 	EXP 	trial_feedback_text: text = 'Time Out'
39.8676 	EXP 	trial_feedback_text: text = 'Time Out'
39.8863 	EXP 	trial_feedback_text: text = 'Time Out'
39.9057 	EXP 	trial_feedback_text: text = 'Time Out'
39.9328 	EXP 	trial_feedback_text: text = 'Time Out'
39.9494 	EXP 	trial_feedback_text: text = 'Time Out'
39.9672 	EXP 	trial_feedback_text: text = 'Time Out'
39.9843 	EXP 	trial_feedback_text: text = 'Time Out'
40.0020 	EXP 	trial_feedback_text: text = 'Time Out'
40.0176 	EXP 	trial_feedback_text: text = 'Time Out'
40.0357 	EXP 	trial_feedback_text: text = 'Time Out'
40.0526 	EXP 	trial_feedback_text: text = 'Time Out'
40.0698 	EXP 	trial_feedback_text: text = 'Time Out'
40.0837 	EXP 	trial_faceImage: autoDraw = False
40.0837 	EXP 	trial_nameText: autoDraw = False
40.0837 	EXP 	trial_faceImage: autoDraw = False
40.0837 	EXP 	trial_nameText: autoDraw = False
40.0837 	EXP 	trial_feedback_text: autoDraw = True
40.5838 	EXP 	trial_feedback_text: autoDraw = False
40.6007 	EXP 	trial_blank_text: autoDraw = True
41.5825 	EXP 	trial_blank_text: autoDraw = False
41.5825 	EXP 	trial_feedback_text: autoDraw = False
41.5825 	EXP 	trial_blank_text: autoDraw = False
41.5825 	EXP 	break_text: autoDraw = True
61.5833 	EXP 	break_text: autoDraw = False
61.5833 	EXP 	break_text: autoDraw = False
61.5833 	EXP 	trial_faceImage: size = array([0.405  , 0.50625])
61.5833 	EXP 	trial_faceImage: image = './images/Cruise.jpg'
61.5833 	EXP 	trial_nameText: text = 'Cruise'
61.7967 	EXP 	trial_feedback_text: text = 'Time Out'
61.7967 	EXP 	trial_faceImage: autoDraw = True
61.7967 	EXP 	trial_nameText: autoDraw = True
61.8147 	EXP 	trial_feedback_text: text = 'Time Out'
61.8314 	EXP 	trial_feedback_text: text = 'Time Out'
61.8486 	EXP 	trial_feedback_text: text = 'Time Out'
61.8657 	EXP 	trial_feedback_text: text = 'Time Out'
61.8827 	EXP 	trial_feedback_text: text = 'Time Out'
61.9017 	EXP 	trial_feedback_text: text = 'Time Out'
61.9172 	EXP 	trial_feedback_text: text = 'Time Out'
61.9339 	EXP 	trial_feedback_text: text = 'Time Out'
61.9501 	EXP 	trial_feedback_text: text = 'Time Out'
61.9761 	EXP 	trial_feedback_text: text = 'Time Out'
61.9940 	EXP 	trial_feedback_text: text = 'Time Out'
62.0099 	EXP 	trial_feedback_text: text = 'Time Out'
62.0280 	EXP 	trial_feedback_text: text = 'Time Out'
62.0448 	EXP 	trial_feedback_text: text = 'Time Out'
62.0635 	EXP 	trial_feedback_text: text = 'Time Out'
62.0804 	EXP 	trial_feedback_text: text = 'Time Out'
62.0986 	EXP 	trial_feedback_text: text = 'Time Out'
62.1161 	EXP 	trial_feedback_text: text = 'Time Out'
62.1425 	EXP 	trial_feedback_text: text = 'Time Out'
62.1627 	EXP 	trial_feedback_text: text = 'Time Out'
62.1799 	EXP 	trial_feedback_text: text = 'Time Out'
62.1992 	EXP 	trial_feedback_text: text = 'Time Out'
62.2162 	EXP 	trial_feedback_text: text = 'Time Out'
62.2351 	EXP 	trial_feedback_text: text = 'Time Out'
62.2523 	EXP 	trial_feedback_text: text = 'Time Out'
62.2714 	EXP 	trial_feedback_text: text = 'Time Out'
62.2943 	EXP 	trial_feedback_text: text = 'Time Out'
62.3115 	EXP 	trial_feedback_text: text = 'Time Out'
62.3308 	EXP 	trial_feedback_text: text = 'Time Out'
62.3471 	EXP 	trial_feedback_text: text = 'Time Out'
62.3669 	EXP 	trial_feedback_text: text = 'Time Out'
62.3846 	EXP 	trial_feedback_text: text = 'Time Out'
62.4032 	EXP 	trial_feedback_text: text = 'Time Out'
62.4209 	EXP 	trial_feedback_text: text = 'Time Out'
62.4433 	EXP 	trial_feedback_text: text = 'Time Out'
62.4631 	EXP 	trial_feedback_text: text = 'Time Out'
62.4805 	EXP 	trial_feedback_text: text = 'Time Out'
62.4992 	EXP 	trial_feedback_text: text = 'Time Out'
62.5169 	EXP 	trial_feedback_text: text = 'Time Out'
62.5429 	EXP 	trial_feedback_text: text = 'Time Out'
62.5623 	EXP 	trial_feedback_text: text = 'Time Out'
62.5791 	EXP 	trial_feedback_text: text = 'Time Out'
62.5979 	EXP 	trial_feedback_text: text = 'Time Out'
62.6160 	EXP 	trial_feedback_text: text = 'Time Out'
62.6344 	EXP 	trial_feedback_text: text = 'Time Out'
62.6519 	EXP 	trial_feedback_text: text = 'Time Out'
62.6762 	EXP 	trial_feedback_text: text = 'Time Out'
62.6952 	EXP 	trial_feedback_text: text = 'Time Out'
62.7127 	EXP 	trial_feedback_text: text = 'Time Out'
62.7321 	EXP 	trial_feedback_text: text = 'Time Out'
62.7612 	EXP 	trial_feedback_text: text = 'Time Out'
62.7766 	EXP 	trial_faceImage: autoDraw = False
62.7766 	EXP 	trial_nameText: autoDraw = False
62.7766 	EXP 	trial_faceImage: autoDraw = False
62.7766 	EXP 	trial_nameText: autoDraw = False
62.7766 	EXP 	trial_feedback_text: autoDraw = True
63.2764 	EXP 	trial_feedback_text: autoDraw = False
63.2959 	EXP 	trial_blank_text: autoDraw = True
64.2964 	EXP 	trial_blank_text: autoDraw = False
64.2964 	EXP 	trial_feedback_text: autoDraw = False
64.2964 	EXP 	trial_blank_text: autoDraw = False
64.2964 	EXP 	trial_faceImage: size = array([0.405  , 0.50625])
64.2964 	EXP 	trial_faceImage: image = './images/Clooney.jpg'
64.2964 	EXP 	trial_nameText: text = 'Damon'
64.4972 	EXP 	trial_feedback_text: text = 'Time Out'
64.4972 	EXP 	trial_faceImage: autoDraw = True
64.4972 	EXP 	trial_nameText: autoDraw = True
64.5147 	EXP 	trial_feedback_text: text = 'Time Out'
64.5336 	EXP 	trial_feedback_text: text = 'Time Out'
64.5515 	EXP 	trial_feedback_text: text = 'Time Out'
64.5767 	EXP 	trial_feedback_text: text = 'Time Out'
64.5956 	EXP 	trial_feedback_text: text = 'Time Out'
64.6125 	EXP 	trial_feedback_text: text = 'Time Out'
64.6299 	EXP 	trial_feedback_text: text = 'Time Out'
64.6459 	EXP 	trial_feedback_text: text = 'Time Out'
64.6632 	EXP 	trial_feedback_text: text = 'Time Out'
64.6796 	EXP 	trial_feedback_text: text = 'Time Out'
64.6973 	EXP 	trial_feedback_text: text = 'Time Out'
64.7141 	EXP 	trial_feedback_text: text = 'Time Out'
64.7316 	EXP 	trial_feedback_text: text = 'Time Out'
64.7472 	EXP 	trial_feedback_text: text = 'Time Out'
64.7646 	EXP 	trial_feedback_text: text = 'Time Out'
64.7803 	EXP 	trial_feedback_text: text = 'Time Out'
64.7988 	EXP 	trial_feedback_text: text = 'Time Out'
64.8154 	EXP 	trial_feedback_text: text = 'Time Out'
64.8330 	EXP 	trial_feedback_text: text = 'Time Out'
64.8501 	EXP 	trial_feedback_text: text = 'Time Out'
64.8671 	EXP 	trial_feedback_text: text = 'Time Out'
64.8836 	EXP 	trial_feedback_text: text = 'Time Out'
64.9010 	EXP 	trial_feedback_text: text = 'Time Out'
64.9170 	EXP 	trial_feedback_text: text = 'Time Out'
64.9440 	EXP 	trial_feedback_text: text = 'Time Out'
64.9620 	EXP 	trial_feedback_text: text = 'Time Out'
64.9780 	EXP 	trial_feedback_text: text = 'Time Out'
64.9970 	EXP 	trial_feedback_text: text = 'Time Out'
65.0139 	EXP 	trial_feedback_text: text = 'Time Out'
65.0313 	EXP 	trial_feedback_text: text = 'Time Out'
65.0478 	EXP 	trial_feedback_text: text = 'Time Out'
65.0651 	EXP 	trial_feedback_text: text = 'Time Out'
65.0819 	EXP 	trial_feedback_text: text = 'Time Out'
65.1004 	EXP 	trial_feedback_text: text = 'Time Out'
65.1173 	EXP 	trial_feedback_text: text = 'Time Out'
65.1341 	EXP 	trial_feedback_text: text = 'Time Out'
65.1510 	EXP 	trial_feedback_text: text = 'Time Out'
65.1775 	EXP 	trial_feedback_text: text = 'Time Out'
65.1961 	EXP 	trial_feedback_text: text = 'Time Out'
65.2127 	EXP 	trial_feedback_text: text = 'Time Out'
65.2307 	EXP 	trial_feedback_text: text = 'Time Out'
65.2467 	EXP 	trial_feedback_text: text = 'Time Out'
65.2646 	EXP 	trial_feedback_text: text = 'Time Out'
65.2802 	EXP 	trial_feedback_text: text = 'Time Out'
65.2984 	EXP 	trial_feedback_text: text = 'Time Out'
65.3141 	EXP 	trial_feedback_text: text = 'Time Out'
65.3317 	EXP 	trial_feedback_text: text = 'Time Out'
65.3494 	EXP 	trial_feedback_text: text = 'Time Out'
65.3685 	EXP 	trial_feedback_text: text = 'Time Out'
65.3852 	EXP 	trial_feedback_text: text = 'Time Out'
65.4108 	EXP 	trial_feedback_text: text = 'Time Out'
65.4286 	EXP 	trial_feedback_text: text = 'Time Out'
65.4454 	EXP 	trial_feedback_text: text = 'Time Out'
65.4632 	EXP 	trial_feedback_text: text = 'Time Out'
65.4775 	EXP 	trial_faceImage: autoDraw = False
65.4775 	EXP 	trial_nameText: autoDraw = False
65.4775 	EXP 	trial_faceImage: autoDraw = False
65.4775 	EXP 	trial_nameText: autoDraw = False
65.4775 	EXP 	trial_feedback_text: autoDraw = True
65.9785 	EXP 	trial_feedback_text: autoDraw = False
65.9965 	EXP 	trial_blank_text: autoDraw = True
66.9801 	EXP 	trial_blank_text: autoDraw = False
66.9801 	EXP 	trial_feedback_text: autoDraw = False
66.9801 	EXP 	trial_blank_text: autoDraw = False
66.9801 	EXP 	trial_faceImage: size = array([0.405  , 0.50625])
66.9801 	EXP 	trial_faceImage: image = './images/Cruise.jpg'
66.9801 	EXP 	trial_nameText: text = 'Damon'
67.1974 	EXP 	trial_feedback_text: text = 'Time Out'
67.1974 	EXP 	trial_faceImage: autoDraw = True
67.1974 	EXP 	trial_nameText: autoDraw = True
67.2145 	EXP 	trial_feedback_text: text = 'Time Out'
67.2337 	EXP 	trial_feedback_text: text = 'Time Out'
67.2520 	EXP 	trial_feedback_text: text = 'Time Out'
67.2787 	EXP 	trial_feedback_text: text = 'Time Out'
67.2973 	EXP 	trial_feedback_text: text = 'Time Out'
67.3130 	EXP 	trial_feedback_text: text = 'Time Out'
67.3305 	EXP 	trial_feedback_text: text = 'Time Out'
67.3480 	EXP 	trial_feedback_text: text = 'Time Out'
67.3663 	EXP 	trial_feedback_text: text = 'Time Out'
67.3827 	EXP 	trial_feedback_text: text = 'Time Out'
67.4024 	EXP 	trial_feedback_text: text = 'Time Out'
67.4188 	EXP 	trial_feedback_text: text = 'Time Out'
67.4459 	EXP 	trial_feedback_text: text = 'Time Out'
67.4646 	EXP 	trial_feedback_text: text = 'Time Out'
67.4801 	EXP 	trial_feedback_text: text = 'Time Out'
67.4986 	EXP 	trial_feedback_text: text = 'Time Out'
67.5155 	EXP 	trial_feedback_text: text = 'Time Out'
67.5334 	EXP 	trial_feedback_text: text = 'Time Out'
67.5519 	EXP 	trial_feedback_text: text = 'Time Out'
67.5684 	EXP 	trial_feedback_text: text = 'Time Out'
67.5849 	EXP 	trial_feedback_text: text = 'Time Out'
67.6117 	EXP 	trial_feedback_text: text = 'Time Out'
67.6290 	EXP 	trial_feedback_text: text = 'Time Out'
67.6461 	EXP 	trial_feedback_text: text = 'Time Out'
67.6656 	EXP 	trial_feedback_text: text = 'Time Out'
67.6820 	EXP 	trial_feedback_text: text = 'Time Out'
67.7015 	EXP 	trial_feedback_text: text = 'Time Out'
67.7172 	EXP 	trial_feedback_text: text = 'Time Out'
67.7352 	EXP 	trial_feedback_text: text = 'Time Out'
67.7532 	EXP 	trial_feedback_text: text = 'Time Out'
67.7787 	EXP 	trial_feedback_text: text = 'Time Out'
67.7989 	EXP 	trial_feedback_text: text = 'Time Out'
67.8161 	EXP 	trial_feedback_text: text = 'Time Out'
67.8340 	EXP 	trial_feedback_text: text = 'Time Out'
67.8523 	EXP 	trial_feedback_text: text = 'Time Out'
67.8789 	EXP 	trial_feedback_text: text = 'Time Out'
67.8984 	EXP 	trial_feedback_text: text = 'Time Out'
67.9154 	EXP 	trial_feedback_text: text = 'Time Out'
67.9329 	EXP 	trial_feedback_text: text = 'Time Out'
67.9505 	EXP 	trial_feedback_text: text = 'Time Out'
67.9685 	EXP 	trial_feedback_text: text = 'Time Out'
67.9842 	EXP 	trial_feedback_text: text = 'Time Out'
68.0121 	EXP 	trial_feedback_text: text = 'Time Out'
68.0299 	EXP 	trial_feedback_text: text = 'Time Out'
68.0476 	EXP 	trial_feedback_text: text = 'Time Out'
68.0661 	EXP 	trial_feedback_text: text = 'Time Out'
68.0827 	EXP 	trial_feedback_text: text = 'Time Out'
68.1020 	EXP 	trial_feedback_text: text = 'Time Out'
68.1184 	EXP 	trial_feedback_text: text = 'Time Out'
68.1358 	EXP 	trial_feedback_text: text = 'Time Out'
68.1532 	EXP 	trial_feedback_text: text = 'Time Out'
68.1789 	EXP 	trial_faceImage: autoDraw = False
68.1789 	EXP 	trial_nameText: autoDraw = False
68.1789 	EXP 	trial_faceImage: autoDraw = False
68.1789 	EXP 	trial_nameText: autoDraw = False
68.1789 	EXP 	trial_feedback_text: autoDraw = True
68.6642 	EXP 	trial_feedback_text: autoDraw = False
68.6796 	EXP 	trial_blank_text: autoDraw = True
69.6799 	EXP 	trial_blank_text: autoDraw = False
69.6799 	EXP 	trial_feedback_text: autoDraw = False
69.6799 	EXP 	trial_blank_text: autoDraw = False
69.6799 	EXP 	trial_faceImage: size = array([0.405  , 0.50625])
69.6799 	EXP 	trial_faceImage: image = './images/Cruise.jpg'
69.6799 	EXP 	trial_nameText: text = 'Clooney'
69.8817 	EXP 	trial_feedback_text: text = 'Time Out'
69.8817 	EXP 	trial_faceImage: autoDraw = True
69.8817 	EXP 	trial_nameText: autoDraw = True
69.8991 	EXP 	trial_feedback_text: text = 'Time Out'
69.9189 	EXP 	trial_feedback_text: text = 'Time Out'
69.9365 	EXP 	trial_feedback_text: text = 'Time Out'
69.9541 	EXP 	trial_feedback_text: text = 'Time Out'
69.9796 	EXP 	trial_feedback_text: text = 'Time Out'
69.9984 	EXP 	trial_feedback_text: text = 'Time Out'
70.0175 	EXP 	trial_feedback_text: text = 'Time Out'
70.0372 	EXP 	trial_feedback_text: text = 'Time Out'
70.0633 	EXP 	trial_feedback_text: text = 'Time Out'
70.0823 	EXP 	trial_feedback_text: text = 'Time Out'
70.1126 	EXP 	trial_feedback_text: text = 'Time Out'
70.1354 	EXP 	trial_feedback_text: text = 'Time Out'
70.1579 	EXP 	trial_feedback_text: text = 'Time Out'
70.1815 	EXP 	trial_feedback_text: text = 'Time Out'
70.2028 	EXP 	trial_feedback_text: text = 'Time Out'
70.2210 	EXP 	trial_feedback_text: text = 'Time Out'
70.2468 	EXP 	trial_feedback_text: text = 'Time Out'
70.2671 	EXP 	trial_feedback_text: text = 'Time Out'
70.2849 	EXP 	trial_feedback_text: text = 'Time Out'
70.3129 	EXP 	trial_feedback_text: text = 'Time Out'
70.3309 	EXP 	trial_feedback_text: text = 'Time Out'
70.3510 	EXP 	trial_feedback_text: text = 'Time Out'
70.3699 	EXP 	trial_feedback_text: text = 'Time Out'
70.3879 	EXP 	trial_feedback_text: text = 'Time Out'
70.4132 	EXP 	trial_feedback_text: text = 'Time Out'
70.4334 	EXP 	trial_feedback_text: text = 'Time Out'
70.4536 	EXP 	trial_feedback_text: text = 'Time Out'
70.4797 	EXP 	trial_feedback_text: text = 'Time Out'
70.5013 	EXP 	trial_feedback_text: text = 'Time Out'
70.5217 	EXP 	trial_feedback_text: text = 'Time Out'
70.5485 	EXP 	trial_feedback_text: text = 'Time Out'
70.5695 	EXP 	trial_feedback_text: text = 'Time Out'
70.5988 	EXP 	trial_feedback_text: text = 'Time Out'
70.6194 	EXP 	trial_feedback_text: text = 'Time Out'
70.6481 	EXP 	trial_feedback_text: text = 'Time Out'
70.6708 	EXP 	trial_feedback_text: text = 'Time Out'
70.6985 	EXP 	trial_feedback_text: text = 'Time Out'
70.7182 	EXP 	trial_feedback_text: text = 'Time Out'
70.7468 	EXP 	trial_feedback_text: text = 'Time Out'
70.7662 	EXP 	trial_feedback_text: text = 'Time Out'
70.7862 	EXP 	trial_feedback_text: text = 'Time Out'
70.8043 	EXP 	trial_feedback_text: text = 'Time Out'
70.8311 	EXP 	trial_feedback_text: text = 'Time Out'
70.8487 	EXP 	trial_feedback_text: text = 'Time Out'
70.8651 	EXP 	trial_faceImage: autoDraw = False
70.8651 	EXP 	trial_nameText: autoDraw = False
70.8651 	EXP 	trial_faceImage: autoDraw = False
70.8651 	EXP 	trial_nameText: autoDraw = False
70.8651 	EXP 	trial_feedback_text: autoDraw = True
71.3651 	EXP 	trial_feedback_text: autoDraw = False
71.3803 	EXP 	trial_blank_text: autoDraw = True
72.3832 	EXP 	trial_blank_text: autoDraw = False
72.3832 	EXP 	trial_feedback_text: autoDraw = False
72.3832 	EXP 	trial_blank_text: autoDraw = False
72.3832 	EXP 	trial_faceImage: size = array([0.405  , 0.50625])
72.3832 	EXP 	trial_faceImage: image = './images/Clooney.jpg'
72.3832 	EXP 	trial_nameText: text = 'Cruise'
72.5827 	EXP 	trial_feedback_text: text = 'Time Out'
72.5827 	EXP 	trial_faceImage: autoDraw = True
72.5827 	EXP 	trial_nameText: autoDraw = True
72.5991 	EXP 	trial_feedback_text: text = 'Time Out'
72.6160 	EXP 	trial_feedback_text: text = 'Time Out'
72.6332 	EXP 	trial_feedback_text: text = 'Time Out'
72.6531 	EXP 	trial_feedback_text: text = 'Time Out'
72.6821 	EXP 	trial_feedback_text: text = 'Time Out'
72.7008 	EXP 	trial_feedback_text: text = 'Time Out'
72.7212 	EXP 	trial_feedback_text: text = 'Time Out'
72.7481 	EXP 	trial_feedback_text: text = 'Time Out'
72.7675 	EXP 	trial_feedback_text: text = 'Time Out'
72.7874 	EXP 	trial_feedback_text: text = 'Time Out'
72.8164 	EXP 	trial_feedback_text: text = 'Time Out'
72.8325 	EXP 	trial_feedback_text: text = 'Time Out'
72.8498 	EXP 	trial_feedback_text: text = 'Time Out'
72.8659 	EXP 	trial_feedback_text: text = 'Time Out'
72.8830 	EXP 	trial_feedback_text: text = 'Time Out'
72.8998 	EXP 	trial_feedback_text: text = 'Time Out'
72.9187 	EXP 	trial_feedback_text: text = 'Time Out'
72.9359 	EXP 	trial_feedback_text: text = 'Time Out'
72.9547 	EXP 	trial_feedback_text: text = 'Time Out'
72.9821 	EXP 	trial_feedback_text: text = 'Time Out'
73.0015 	EXP 	trial_feedback_text: text = 'Time Out'
73.0315 	EXP 	trial_feedback_text: text = 'Time Out'
73.0768 	EXP 	trial_feedback_text: text = 'Time Out'
73.0997 	EXP 	trial_feedback_text: text = 'Time Out'
73.1209 	EXP 	trial_feedback_text: text = 'Time Out'
73.1485 	EXP 	trial_feedback_text: text = 'Time Out'
73.1731 	EXP 	trial_feedback_text: text = 'Time Out'
73.2010 	EXP 	trial_feedback_text: text = 'Time Out'
73.2170 	EXP 	trial_feedback_text: text = 'Time Out'
73.2333 	EXP 	trial_feedback_text: text = 'Time Out'
73.2526 	EXP 	trial_feedback_text: text = 'Time Out'
73.2700 	EXP 	trial_feedback_text: text = 'Time Out'
73.2884 	EXP 	trial_feedback_text: text = 'Time Out'
73.3166 	EXP 	trial_feedback_text: text = 'Time Out'
73.3323 	EXP 	trial_feedback_text: text = 'Time Out'
73.3510 	EXP 	trial_feedback_text: text = 'Time Out'
73.3674 	EXP 	trial_feedback_text: text = 'Time Out'
73.3844 	EXP 	trial_feedback_text: text = 'Time Out'
73.4020 	EXP 	trial_feedback_text: text = 'Time Out'
73.4191 	EXP 	trial_feedback_text: text = 'Time Out'
73.4365 	EXP 	trial_feedback_text: text = 'Time Out'
73.4550 	EXP 	trial_feedback_text: text = 'Time Out'
73.4820 	EXP 	trial_feedback_text: text = 'Time Out'
73.5034 	EXP 	trial_feedback_text: text = 'Time Out'
73.5318 	EXP 	trial_feedback_text: text = 'Time Out'
73.5510 	EXP 	trial_feedback_text: text = 'Time Out'
73.5679 	EXP 	trial_faceImage: autoDraw = False
73.5679 	EXP 	trial_nameText: autoDraw = False
73.5679 	EXP 	trial_faceImage: autoDraw = False
73.5679 	EXP 	trial_nameText: autoDraw = False
73.5679 	EXP 	trial_feedback_text: autoDraw = True
74.0713 	EXP 	trial_feedback_text: autoDraw = False
74.0713 	EXP 	trial_blank_text: autoDraw = True
75.0862 	EXP 	trial_blank_text: autoDraw = False
75.0862 	EXP 	trial_feedback_text: autoDraw = False
75.0862 	EXP 	trial_blank_text: autoDraw = False
75.0862 	EXP 	trial_faceImage: size = array([0.405  , 0.50625])
75.0862 	EXP 	trial_faceImage: image = './images/Damon.jpg'
75.0862 	EXP 	trial_nameText: text = 'Clooney'
75.3008 	EXP 	trial_feedback_text: text = 'Time Out'
75.3008 	EXP 	trial_faceImage: autoDraw = True
75.3008 	EXP 	trial_nameText: autoDraw = True
75.3212 	EXP 	trial_feedback_text: text = 'Time Out'
75.3491 	EXP 	trial_feedback_text: text = 'Time Out'
75.3737 	EXP 	trial_feedback_text: text = 'Time Out'
75.4040 	EXP 	trial_feedback_text: text = 'Time Out'
75.4348 	EXP 	trial_feedback_text: text = 'Time Out'
75.4591 	EXP 	trial_feedback_text: text = 'Time Out'
75.4854 	EXP 	trial_feedback_text: text = 'Time Out'
75.5052 	EXP 	trial_feedback_text: text = 'Time Out'
75.5347 	EXP 	trial_feedback_text: text = 'Time Out'
75.5560 	EXP 	trial_feedback_text: text = 'Time Out'
75.5825 	EXP 	trial_feedback_text: text = 'Time Out'
75.6109 	EXP 	trial_feedback_text: text = 'Time Out'
75.6357 	EXP 	trial_feedback_text: text = 'Time Out'
75.6564 	EXP 	trial_feedback_text: text = 'Time Out'
75.6849 	EXP 	trial_feedback_text: text = 'Time Out'
75.7037 	EXP 	trial_feedback_text: text = 'Time Out'
75.7226 	EXP 	trial_feedback_text: text = 'Time Out'
75.7494 	EXP 	trial_feedback_text: text = 'Time Out'
75.7700 	EXP 	trial_feedback_text: text = 'Time Out'
75.8038 	EXP 	trial_feedback_text: text = 'Time Out'
75.8320 	EXP 	trial_feedback_text: text = 'Time Out'
75.8514 	EXP 	trial_feedback_text: text = 'Time Out'
75.8721 	EXP 	trial_feedback_text: text = 'Time Out'
75.9017 	EXP 	trial_feedback_text: text = 'Time Out'
75.9208 	EXP 	trial_feedback_text: text = 'Time Out'
75.9414 	EXP 	trial_feedback_text: text = 'Time Out'
75.9670 	EXP 	trial_feedback_text: text = 'Time Out'
75.9847 	EXP 	trial_feedback_text: text = 'Time Out'
76.0041 	EXP 	trial_feedback_text: text = 'Time Out'
76.0214 	EXP 	trial_feedback_text: text = 'Time Out'
76.0400 	EXP 	trial_feedback_text: text = 'Time Out'
76.0676 	EXP 	trial_feedback_text: text = 'Time Out'
76.0894 	EXP 	trial_feedback_text: text = 'Time Out'
76.1168 	EXP 	trial_feedback_text: text = 'Time Out'
76.1395 	EXP 	trial_feedback_text: text = 'Time Out'
76.1661 	EXP 	trial_feedback_text: text = 'Time Out'
76.1864 	EXP 	trial_feedback_text: text = 'Time Out'
76.2228 	EXP 	trial_feedback_text: text = 'Time Out'
76.2500 	EXP 	trial_feedback_text: text = 'Time Out'
76.2666 	EXP 	trial_faceImage: autoDraw = False
76.2666 	EXP 	trial_nameText: autoDraw = False
76.2666 	EXP 	trial_faceImage: autoDraw = False
76.2666 	EXP 	trial_nameText: autoDraw = False
76.2666 	EXP 	trial_feedback_text: autoDraw = True
76.7681 	EXP 	trial_feedback_text: autoDraw = False
76.7843 	EXP 	trial_blank_text: autoDraw = True
77.7839 	EXP 	trial_blank_text: autoDraw = False
77.7839 	EXP 	trial_feedback_text: autoDraw = False
77.7839 	EXP 	trial_blank_text: autoDraw = False
77.7839 	EXP 	trial_faceImage: size = array([0.405  , 0.50625])
77.7839 	EXP 	trial_faceImage: image = './images/Damon.jpg'
77.7839 	EXP 	trial_nameText: text = 'Cruise'
77.9887 	EXP 	trial_feedback_text: text = 'Time Out'
77.9887 	EXP 	trial_faceImage: autoDraw = True
77.9887 	EXP 	trial_nameText: autoDraw = True
78.0192 	EXP 	trial_feedback_text: text = 'Time Out'
78.0410 	EXP 	trial_feedback_text: text = 'Time Out'
78.0608 	EXP 	trial_feedback_text: text = 'Time Out'
78.0847 	EXP 	trial_feedback_text: text = 'Time Out'
78.1064 	EXP 	trial_feedback_text: text = 'Time Out'
78.1353 	EXP 	trial_feedback_text: text = 'Time Out'
78.1562 	EXP 	trial_feedback_text: text = 'Time Out'
78.1862 	EXP 	trial_feedback_text: text = 'Time Out'
78.2093 	EXP 	trial_feedback_text: text = 'Time Out'
78.2354 	EXP 	trial_feedback_text: text = 'Time Out'
78.2567 	EXP 	trial_feedback_text: text = 'Time Out'
78.2762 	EXP 	trial_feedback_text: text = 'Time Out'
78.3014 	EXP 	trial_feedback_text: text = 'Time Out'
78.3245 	EXP 	trial_feedback_text: text = 'Time Out'
78.3521 	EXP 	trial_feedback_text: text = 'Time Out'
78.3751 	EXP 	trial_feedback_text: text = 'Time Out'
78.4006 	EXP 	trial_feedback_text: text = 'Time Out'
78.4242 	EXP 	trial_feedback_text: text = 'Time Out'
78.4429 	EXP 	trial_feedback_text: text = 'Time Out'
78.4679 	EXP 	trial_feedback_text: text = 'Time Out'
78.4917 	EXP 	trial_feedback_text: text = 'Time Out'
78.5115 	EXP 	trial_feedback_text: text = 'Time Out'
78.5349 	EXP 	trial_feedback_text: text = 'Time Out'
78.5573 	EXP 	trial_feedback_text: text = 'Time Out'
78.5837 	EXP 	trial_feedback_text: text = 'Time Out'
78.6073 	EXP 	trial_feedback_text: text = 'Time Out'
78.6345 	EXP 	trial_feedback_text: text = 'Time Out'
78.6592 	EXP 	trial_feedback_text: text = 'Time Out'
78.6845 	EXP 	trial_feedback_text: text = 'Time Out'
78.7082 	EXP 	trial_feedback_text: text = 'Time Out'
78.7354 	EXP 	trial_feedback_text: text = 'Time Out'
78.7594 	EXP 	trial_feedback_text: text = 'Time Out'
78.7852 	EXP 	trial_feedback_text: text = 'Time Out'
78.8080 	EXP 	trial_feedback_text: text = 'Time Out'
78.8279 	EXP 	trial_feedback_text: text = 'Time Out'
78.8513 	EXP 	trial_feedback_text: text = 'Time Out'
78.8745 	EXP 	trial_feedback_text: text = 'Time Out'
78.8935 	EXP 	trial_feedback_text: text = 'Time Out'
78.9183 	EXP 	trial_feedback_text: text = 'Time Out'
78.9438 	EXP 	trial_feedback_text: text = 'Time Out'
78.9589 	EXP 	trial_faceImage: autoDraw = False
78.9589 	EXP 	trial_nameText: autoDraw = False
78.9589 	EXP 	trial_faceImage: autoDraw = False
78.9589 	EXP 	trial_nameText: autoDraw = False
78.9589 	EXP 	trial_feedback_text: autoDraw = True
79.4680 	EXP 	trial_feedback_text: autoDraw = False
79.4891 	EXP 	trial_blank_text: autoDraw = True
80.4677 	EXP 	trial_blank_text: autoDraw = False
80.4677 	EXP 	trial_feedback_text: autoDraw = False
80.4677 	EXP 	trial_blank_text: autoDraw = False
80.4677 	EXP 	trial_faceImage: size = array([0.405  , 0.50625])
80.4677 	EXP 	trial_faceImage: image = './images/Damon.jpg'
80.4677 	EXP 	trial_nameText: text = 'Damon'
80.6589 	EXP 	trial_feedback_text: text = 'Time Out'
80.6589 	EXP 	trial_faceImage: autoDraw = True
80.6589 	EXP 	trial_nameText: autoDraw = True
80.6841 	EXP 	trial_feedback_text: text = 'Time Out'
80.7074 	EXP 	trial_feedback_text: text = 'Time Out'
80.7259 	EXP 	trial_feedback_text: text = 'Time Out'
80.7514 	EXP 	trial_feedback_text: text = 'Time Out'
80.7743 	EXP 	trial_feedback_text: text = 'Time Out'
80.8000 	EXP 	trial_feedback_text: text = 'Time Out'
80.8214 	EXP 	trial_feedback_text: text = 'Time Out'
80.8413 	EXP 	trial_feedback_text: text = 'Time Out'
80.8660 	EXP 	trial_feedback_text: text = 'Time Out'
80.8877 	EXP 	trial_feedback_text: text = 'Time Out'
80.9060 	EXP 	trial_feedback_text: text = 'Time Out'
80.9235 	EXP 	trial_feedback_text: text = 'Time Out'
80.9433 	EXP 	trial_feedback_text: text = 'Time Out'
80.9595 	EXP 	trial_feedback_text: text = 'Time Out'
80.9829 	EXP 	trial_feedback_text: text = 'Time Out'
81.0041 	EXP 	trial_feedback_text: text = 'Time Out'
81.0237 	EXP 	trial_feedback_text: text = 'Time Out'
81.0404 	EXP 	trial_feedback_text: text = 'Time Out'
81.0573 	EXP 	trial_feedback_text: text = 'Time Out'
81.0730 	EXP 	trial_feedback_text: text = 'Time Out'
81.0991 	EXP 	trial_feedback_text: text = 'Time Out'
81.1188 	EXP 	trial_feedback_text: text = 'Time Out'
81.1397 	EXP 	trial_feedback_text: text = 'Time Out'
81.1573 	EXP 	trial_feedback_text: text = 'Time Out'
81.1762 	EXP 	trial_feedback_text: text = 'Time Out'
81.1987 	EXP 	trial_feedback_text: text = 'Time Out'
81.2195 	EXP 	trial_feedback_text: text = 'Time Out'
81.2407 	EXP 	trial_feedback_text: text = 'Time Out'
81.2576 	EXP 	trial_feedback_text: text = 'Time Out'
81.2753 	EXP 	trial_feedback_text: text = 'Time Out'
81.2990 	EXP 	trial_feedback_text: text = 'Time Out'
81.3187 	EXP 	trial_feedback_text: text = 'Time Out'
81.3401 	EXP 	trial_feedback_text: text = 'Time Out'
81.3585 	EXP 	trial_feedback_text: text = 'Time Out'
81.3829 	EXP 	trial_feedback_text: text = 'Time Out'
81.4043 	EXP 	trial_feedback_text: text = 'Time Out'
81.4249 	EXP 	trial_feedback_text: text = 'Time Out'
81.4494 	EXP 	trial_feedback_text: text = 'Time Out'
81.4704 	EXP 	trial_feedback_text: text = 'Time Out'
81.4905 	EXP 	trial_feedback_text: text = 'Time Out'
81.5086 	EXP 	trial_feedback_text: text = 'Time Out'
81.5252 	EXP 	trial_feedback_text: text = 'Time Out'
81.5491 	EXP 	trial_feedback_text: text = 'Time Out'
81.5703 	EXP 	trial_feedback_text: text = 'Time Out'
81.5903 	EXP 	trial_feedback_text: text = 'Time Out'
81.6071 	EXP 	trial_feedback_text: text = 'Time Out'
81.6247 	EXP 	trial_feedback_text: text = 'Time Out'
81.6415 	EXP 	trial_feedback_text: text = 'Time Out'
81.6564 	EXP 	trial_faceImage: autoDraw = False
81.6564 	EXP 	trial_nameText: autoDraw = False
81.6564 	EXP 	trial_faceImage: autoDraw = False
81.6564 	EXP 	trial_nameText: autoDraw = False
81.6564 	EXP 	trial_feedback_text: autoDraw = True
82.1708 	EXP 	trial_feedback_text: autoDraw = False
82.1708 	EXP 	trial_blank_text: autoDraw = True
83.2353 	EXP 	trial_blank_text: autoDraw = False
83.2353 	EXP 	trial_feedback_text: autoDraw = False
83.2353 	EXP 	trial_blank_text: autoDraw = False
83.2353 	EXP 	trial_faceImage: size = array([0.405  , 0.50625])
83.2353 	EXP 	trial_faceImage: image = './images/Clooney.jpg'
83.2353 	EXP 	trial_nameText: text = 'Clooney'
83.3777 	EXP 	trial_feedback_text: text = 'Time Out'
83.3777 	EXP 	trial_faceImage: autoDraw = True
83.3777 	EXP 	trial_nameText: autoDraw = True
83.4001 	EXP 	trial_feedback_text: text = 'Time Out'
83.4237 	EXP 	trial_feedback_text: text = 'Time Out'
83.4439 	EXP 	trial_feedback_text: text = 'Time Out'
83.4668 	EXP 	trial_feedback_text: text = 'Time Out'
83.4882 	EXP 	trial_feedback_text: text = 'Time Out'
83.5094 	EXP 	trial_feedback_text: text = 'Time Out'
83.5386 	EXP 	trial_feedback_text: text = 'Time Out'
83.5616 	EXP 	trial_feedback_text: text = 'Time Out'
83.5883 	EXP 	trial_feedback_text: text = 'Time Out'
83.6093 	EXP 	trial_feedback_text: text = 'Time Out'
83.6326 	EXP 	trial_feedback_text: text = 'Time Out'
83.6564 	EXP 	trial_feedback_text: text = 'Time Out'
83.6736 	EXP 	trial_feedback_text: text = 'Time Out'
83.6971 	EXP 	trial_feedback_text: text = 'Time Out'
83.7165 	EXP 	trial_feedback_text: text = 'Time Out'
83.7362 	EXP 	trial_feedback_text: text = 'Time Out'
83.7589 	EXP 	trial_feedback_text: text = 'Time Out'
83.7765 	EXP 	trial_feedback_text: text = 'Time Out'
83.7998 	EXP 	trial_feedback_text: text = 'Time Out'
83.8187 	EXP 	trial_feedback_text: text = 'Time Out'
83.8391 	EXP 	trial_feedback_text: text = 'Time Out'
83.8665 	EXP 	trial_feedback_text: text = 'Time Out'
83.8867 	EXP 	trial_feedback_text: text = 'Time Out'
83.9091 	EXP 	trial_feedback_text: text = 'Time Out'
83.9323 	EXP 	trial_feedback_text: text = 'Time Out'
83.9513 	EXP 	trial_feedback_text: text = 'Time Out'
83.9849 	EXP 	trial_feedback_text: text = 'Time Out'
84.0040 	EXP 	trial_feedback_text: text = 'Time Out'
84.0263 	EXP 	trial_feedback_text: text = 'Time Out'
84.0512 	EXP 	trial_feedback_text: text = 'Time Out'
84.0697 	EXP 	trial_feedback_text: text = 'Time Out'
84.0888 	EXP 	trial_feedback_text: text = 'Time Out'
84.1182 	EXP 	trial_feedback_text: text = 'Time Out'
84.1369 	EXP 	trial_feedback_text: text = 'Time Out'
84.1677 	EXP 	trial_feedback_text: text = 'Time Out'
84.1852 	EXP 	trial_feedback_text: text = 'Time Out'
84.2174 	EXP 	trial_feedback_text: text = 'Time Out'
84.2370 	EXP 	trial_feedback_text: text = 'Time Out'
84.2663 	EXP 	trial_feedback_text: text = 'Time Out'
84.2849 	EXP 	trial_feedback_text: text = 'Time Out'
84.3037 	EXP 	trial_feedback_text: text = 'Time Out'
84.3228 	EXP 	trial_feedback_text: text = 'Time Out'
84.3510 	EXP 	trial_feedback_text: text = 'Time Out'
84.3668 	EXP 	trial_faceImage: autoDraw = False
84.3668 	EXP 	trial_nameText: autoDraw = False
84.3668 	EXP 	trial_faceImage: autoDraw = False
84.3668 	EXP 	trial_nameText: autoDraw = False
84.3668 	EXP 	trial_feedback_text: autoDraw = True
84.8693 	EXP 	trial_feedback_text: autoDraw = False
84.8693 	EXP 	trial_blank_text: autoDraw = True
85.8635 	EXP 	trial_blank_text: autoDraw = False
85.8635 	EXP 	trial_feedback_text: autoDraw = False
85.8635 	EXP 	trial_blank_text: autoDraw = False
85.8635 	EXP 	break_text: autoDraw = True
105.8493 	EXP 	break_text: autoDraw = False
105.8493 	EXP 	break_text: autoDraw = False
106.1740 	EXP 	window1: mouseVisible = True
