6.5257 	WARNING 	Import Error: No module named 'psychtoolbox'. Using event module for keyboard component.
9.5733 	WARNING 	User requested fullscreen with size [1920 1080], but screen is actually [1280, 800]. Using actual size
11.1076 	EXP 	Created window1 = Window(allowGUI=False, allowStencil=False, args=UNKNOWN, autoLog=True, bitsMode=UNKNOWN, blendMode='avg', color=array([0., 0., 0.]), colorSpace='rgb', fullscr=<method-wrapper '__getattribute__' of attributeSetter object at 0x11c5273c8>, gamma=None, kwargs=UNKNOWN, lms=UNKNOWN, monitor=<psychopy.monitors.calibTools.Monitor object at 0x11d295550>, multiSample=False, name='window1', numSamples=2, pos=[0.0, 0.0], screen=0, size=array([2560, 1600]), stereo=False, units='height', useFBO=True, useRetina=True, viewOri=0.0, viewPos=None, viewScale=None, waitBlanking=True, winType='pyglet')
11.4377 	EXP 	Created instr_text = TextStim(__class__=<class 'psychopy.visual.text.TextStim'>, alignHoriz='center', alignVert='center', antialias=True, autoLog=True, bold=False, color='white', colorSpace='named', contrast=1.0, depth=0.0, flipHoriz=False, flipVert=False, font='Arial', fontFiles=[], height=0.04, italic=False, languageStyle='LTR', name='instr_text', opacity=1.0, ori=0, pos=array([0., 0.]), rgb=array([255., 255., 255.]), text=str(...), units='height', win=Window(...), wrapWidth=1)
11.4399 	EXP 	Created trial_faceImage = ImageStim(__class__=<class 'psychopy.visual.image.ImageStim'>, autoLog=True, color=array([1., 1., 1.]), colorSpace='rgb', contrast=1.0, depth=-1.0, flipHoriz=False, flipVert=False, image='sin', interpolate=True, mask=None, maskParams=None, name='trial_faceImage', opacity=1.0, ori=0.0, pos=array([0., 0.]), size=array([0.5, 0.5]), texRes=128, units='height', win=Window(...))
11.4509 	EXP 	Created trial_nameText = TextStim(__class__=<class 'psychopy.visual.text.TextStim'>, alignHoriz='center', alignVert='center', antialias=True, autoLog=True, bold=False, color='white', colorSpace='named', contrast=1.0, depth=-2.0, flipHoriz=False, flipVert=False, font='Arial', fontFiles=[], height=0.1, italic=False, languageStyle='LTR', name='trial_nameText', opacity=1.0, ori=0, pos=array([ 0. , -0.1]), rgb=array([255., 255., 255.]), text='default text', units='height', win=Window(...), wrapWidth=1)
11.4579 	EXP 	Created trial_feedback_text = TextStim(__class__=<class 'psychopy.visual.text.TextStim'>, alignHoriz='center', alignVert='center', antialias=True, autoLog=True, bold=False, color='white', colorSpace='named', contrast=1.0, depth=0.0, flipHoriz=False, flipVert=False, font='Arial', fontFiles=[], height=0.1, italic=False, languageStyle='LTR', name='trial_feedback_text', opacity=1.0, ori=0, pos=array([0., 0.]), rgb=array([255., 255., 255.]), text='Time Out', units='height', win=Window(...), wrapWidth=1)
11.4586 	EXP 	Created trial_blank_text = TextStim(__class__=<class 'psychopy.visual.text.TextStim'>, alignHoriz='center', alignVert='center', antialias=True, autoLog=True, bold=False, color='white', colorSpace='named', contrast=1.0, depth=-1.0, flipHoriz=False, flipVert=False, font='Arial', fontFiles=[], height=0.1, italic=False, languageStyle='LTR', name='trial_blank_text', opacity=1.0, ori=0, pos=array([0., 0.]), rgb=array([255., 255., 255.]), text='', units='height', win=Window(...), wrapWidth=1)
11.4866 	EXP 	Created break_text = TextStim(__class__=<class 'psychopy.visual.text.TextStim'>, alignHoriz='center', alignVert='center', antialias=True, autoLog=True, bold=False, color='white', colorSpace='named', contrast=1.0, depth=0.0, flipHoriz=False, flipVert=False, font='Arial', fontFiles=[], height=0.05, italic=False, languageStyle='LTR', name='break_text', opacity=1.0, ori=0, pos=array([0., 0.]), rgb=array([255., 255., 255.]), text=str(...), units='height', win=Window(...), wrapWidth=1)
11.5154 	EXP 	Created BYETEXT = TextStim(__class__=<class 'psychopy.visual.text.TextStim'>, alignHoriz='center', alignVert='center', antialias=True, autoLog=True, bold=False, color='white', colorSpace='named', contrast=1.0, depth=0.0, flipHoriz=False, flipVert=False, font='Arial', fontFiles=[], height=0.1, italic=False, languageStyle='LTR', name='BYETEXT', opacity=1.0, ori=0, pos=array([0., 0.]), rgb=array([255., 255., 255.]), text=str(...), units='height', win=Window(...), wrapWidth=1)
11.5383 	EXP 	instr_text: autoDraw = True
12.0795 	DATA 	Keypress: space
12.1874 	EXP 	instr_text: autoDraw = False
12.1874 	EXP 	trial_faceImage: size = array([0.405  , 0.50625])
12.1874 	EXP 	trial_faceImage: image = './images/Damon.jpg'
12.1874 	EXP 	trial_nameText: text = 'Damon'
12.3114 	EXP 	trial_feedback_text: text = 'Time Out'
12.3114 	EXP 	trial_faceImage: autoDraw = True
12.3114 	EXP 	trial_nameText: autoDraw = True
12.3385 	EXP 	trial_feedback_text: text = 'Time Out'
12.3557 	EXP 	trial_feedback_text: text = 'Time Out'
12.3754 	EXP 	trial_feedback_text: text = 'Time Out'
12.3919 	EXP 	trial_feedback_text: text = 'Time Out'
12.4109 	EXP 	trial_feedback_text: text = 'Time Out'
12.4282 	EXP 	trial_feedback_text: text = 'Time Out'
12.4450 	EXP 	trial_feedback_text: text = 'Time Out'
12.4697 	EXP 	trial_feedback_text: text = 'Time Out'
12.4896 	EXP 	trial_feedback_text: text = 'Time Out'
12.5098 	EXP 	trial_feedback_text: text = 'Time Out'
12.5264 	EXP 	trial_feedback_text: text = 'Time Out'
12.5444 	EXP 	trial_feedback_text: text = 'Time Out'
12.5608 	EXP 	trial_feedback_text: text = 'Time Out'
12.5776 	EXP 	trial_feedback_text: text = 'Time Out'
12.5941 	EXP 	trial_feedback_text: text = 'Time Out'
12.6111 	EXP 	trial_feedback_text: text = 'Time Out'
12.6370 	EXP 	trial_feedback_text: text = 'Time Out'
12.6567 	EXP 	trial_feedback_text: text = 'Time Out'
12.6743 	EXP 	trial_feedback_text: text = 'Time Out'
12.6899 	EXP 	trial_feedback_text: text = 'Time Out'
12.7109 	EXP 	trial_feedback_text: text = 'Time Out'
12.7270 	EXP 	trial_feedback_text: text = 'Time Out'
12.7444 	EXP 	trial_feedback_text: text = 'Time Out'
12.7708 	EXP 	trial_feedback_text: text = 'Time Out'
12.7892 	EXP 	trial_feedback_text: text = 'Time Out'
12.8105 	EXP 	trial_feedback_text: text = 'Time Out'
12.8269 	EXP 	trial_feedback_text: text = 'Time Out'
12.8440 	EXP 	trial_feedback_text: text = 'Time Out'
12.8699 	EXP 	trial_feedback_text: text = 'Time Out'
12.8890 	EXP 	trial_feedback_text: text = 'Time Out'
12.9123 	EXP 	trial_feedback_text: text = 'Time Out'
12.9374 	EXP 	trial_feedback_text: text = 'Time Out'
12.9567 	EXP 	trial_feedback_text: text = 'Time Out'
12.9771 	EXP 	trial_feedback_text: text = 'Time Out'
12.9949 	EXP 	trial_feedback_text: text = 'Time Out'
13.0193 	EXP 	trial_feedback_text: text = 'Time Out'
13.0224 	DATA 	Keypress: n
13.0567 	EXP 	trial_feedback_text: text = 'Time Out'
13.0567 	EXP 	trial_feedback_text: text = 'Correct'
13.0567 	EXP 	trial_faceImage: autoDraw = False
13.0567 	EXP 	trial_nameText: autoDraw = False
13.0567 	EXP 	trial_feedback_text: autoDraw = True
13.5573 	EXP 	trial_feedback_text: autoDraw = False
13.5573 	EXP 	trial_blank_text: autoDraw = True
14.5878 	EXP 	trial_blank_text: autoDraw = False
14.5878 	EXP 	trial_feedback_text: autoDraw = False
14.5878 	EXP 	trial_blank_text: autoDraw = False
14.5878 	EXP 	trial_faceImage: size = array([0.405  , 0.50625])
14.5878 	EXP 	trial_faceImage: image = './images/Cruise.jpg'
14.5878 	EXP 	trial_nameText: text = 'Clooney'
14.7885 	EXP 	trial_feedback_text: text = 'Time Out'
14.7885 	EXP 	trial_faceImage: autoDraw = True
14.7885 	EXP 	trial_nameText: autoDraw = True
14.8080 	EXP 	trial_feedback_text: text = 'Time Out'
14.8306 	EXP 	trial_feedback_text: text = 'Time Out'
14.8535 	EXP 	trial_feedback_text: text = 'Time Out'
14.8782 	EXP 	trial_feedback_text: text = 'Time Out'
14.8969 	EXP 	trial_feedback_text: text = 'Time Out'
14.9198 	EXP 	trial_feedback_text: text = 'Time Out'
14.9393 	EXP 	trial_feedback_text: text = 'Time Out'
14.9612 	EXP 	trial_feedback_text: text = 'Time Out'
14.9792 	EXP 	trial_feedback_text: text = 'Time Out'
14.9961 	EXP 	trial_feedback_text: text = 'Time Out'
15.0197 	EXP 	trial_feedback_text: text = 'Time Out'
15.0399 	EXP 	trial_feedback_text: text = 'Time Out'
15.0599 	EXP 	trial_feedback_text: text = 'Time Out'
15.0786 	EXP 	trial_feedback_text: text = 'Time Out'
15.1042 	EXP 	trial_feedback_text: text = 'Time Out'
15.1256 	EXP 	trial_feedback_text: text = 'Time Out'
15.1438 	EXP 	trial_feedback_text: text = 'Time Out'
15.1627 	EXP 	trial_feedback_text: text = 'Time Out'
15.1865 	EXP 	trial_feedback_text: text = 'Time Out'
15.2064 	EXP 	trial_feedback_text: text = 'Time Out'
15.2275 	EXP 	trial_feedback_text: text = 'Time Out'
15.2461 	EXP 	trial_feedback_text: text = 'Time Out'
15.2693 	EXP 	trial_feedback_text: text = 'Time Out'
15.2905 	EXP 	trial_feedback_text: text = 'Time Out'
15.3092 	EXP 	trial_feedback_text: text = 'Time Out'
15.3274 	EXP 	trial_feedback_text: text = 'Time Out'
15.3470 	EXP 	trial_feedback_text: text = 'Time Out'
15.3502 	DATA 	Keypress: b
15.3737 	EXP 	trial_feedback_text: text = 'Time Out'
15.3737 	EXP 	trial_feedback_text: text = 'Correct'
15.3737 	EXP 	trial_faceImage: autoDraw = False
15.3737 	EXP 	trial_nameText: autoDraw = False
15.3737 	EXP 	trial_feedback_text: autoDraw = True
15.8748 	EXP 	trial_feedback_text: autoDraw = False
15.8903 	EXP 	trial_blank_text: autoDraw = True
16.8882 	EXP 	trial_blank_text: autoDraw = False
16.8882 	EXP 	trial_feedback_text: autoDraw = False
16.8882 	EXP 	trial_blank_text: autoDraw = False
16.8882 	EXP 	trial_faceImage: size = array([0.405  , 0.50625])
16.8882 	EXP 	trial_faceImage: image = './images/Damon.jpg'
16.8882 	EXP 	trial_nameText: text = 'Cruise'
17.0959 	EXP 	trial_feedback_text: text = 'Time Out'
17.0959 	EXP 	trial_faceImage: autoDraw = True
17.0959 	EXP 	trial_nameText: autoDraw = True
17.1143 	EXP 	trial_feedback_text: text = 'Time Out'
17.1366 	EXP 	trial_feedback_text: text = 'Time Out'
17.1558 	EXP 	trial_feedback_text: text = 'Time Out'
17.1743 	EXP 	trial_feedback_text: text = 'Time Out'
17.1929 	EXP 	trial_feedback_text: text = 'Time Out'
17.2112 	EXP 	trial_feedback_text: text = 'Time Out'
17.2302 	EXP 	trial_feedback_text: text = 'Time Out'
17.2533 	EXP 	trial_feedback_text: text = 'Time Out'
17.2709 	EXP 	trial_feedback_text: text = 'Time Out'
17.2893 	EXP 	trial_feedback_text: text = 'Time Out'
17.3088 	EXP 	trial_feedback_text: text = 'Time Out'
17.3370 	EXP 	trial_feedback_text: text = 'Time Out'
17.3571 	EXP 	trial_feedback_text: text = 'Time Out'
17.3755 	EXP 	trial_feedback_text: text = 'Time Out'
17.4037 	EXP 	trial_feedback_text: text = 'Time Out'
17.4240 	EXP 	trial_feedback_text: text = 'Time Out'
17.4431 	EXP 	trial_feedback_text: text = 'Time Out'
17.4624 	EXP 	trial_feedback_text: text = 'Time Out'
17.4867 	EXP 	trial_feedback_text: text = 'Time Out'
17.5051 	EXP 	trial_feedback_text: text = 'Time Out'
17.5230 	EXP 	trial_feedback_text: text = 'Time Out'
17.5430 	EXP 	trial_feedback_text: text = 'Time Out'
17.5702 	EXP 	trial_feedback_text: text = 'Time Out'
17.5887 	EXP 	trial_feedback_text: text = 'Time Out'
17.6073 	EXP 	trial_feedback_text: text = 'Time Out'
17.6238 	EXP 	trial_feedback_text: text = 'Time Out'
17.6407 	EXP 	trial_feedback_text: text = 'Time Out'
17.6692 	EXP 	trial_feedback_text: text = 'Time Out'
17.6880 	EXP 	trial_feedback_text: text = 'Time Out'
17.7073 	EXP 	trial_feedback_text: text = 'Time Out'
17.7257 	EXP 	trial_feedback_text: text = 'Time Out'
17.7428 	EXP 	trial_feedback_text: text = 'Time Out'
17.7628 	EXP 	trial_feedback_text: text = 'Time Out'
17.7877 	EXP 	trial_feedback_text: text = 'Time Out'
17.8070 	EXP 	trial_feedback_text: text = 'Time Out'
17.8253 	EXP 	trial_feedback_text: text = 'Time Out'
17.8280 	DATA 	Keypress: n
17.8549 	EXP 	trial_feedback_text: text = 'Time Out'
17.8549 	EXP 	trial_feedback_text: text = 'Correct'
17.8549 	EXP 	trial_faceImage: autoDraw = False
17.8549 	EXP 	trial_nameText: autoDraw = False
17.8549 	EXP 	trial_feedback_text: autoDraw = True
18.3566 	EXP 	trial_feedback_text: autoDraw = False
18.3716 	EXP 	trial_blank_text: autoDraw = True
19.3702 	EXP 	trial_blank_text: autoDraw = False
19.3702 	EXP 	trial_feedback_text: autoDraw = False
19.3702 	EXP 	trial_blank_text: autoDraw = False
19.3702 	EXP 	trial_faceImage: size = array([0.405  , 0.50625])
19.3702 	EXP 	trial_faceImage: image = './images/Clooney.jpg'
19.3702 	EXP 	trial_nameText: text = 'Cruise'
19.5799 	EXP 	trial_feedback_text: text = 'Time Out'
19.5799 	EXP 	trial_faceImage: autoDraw = True
19.5799 	EXP 	trial_nameText: autoDraw = True
19.6028 	EXP 	trial_feedback_text: text = 'Time Out'
19.6218 	EXP 	trial_feedback_text: text = 'Time Out'
19.6398 	EXP 	trial_feedback_text: text = 'Time Out'
19.6583 	EXP 	trial_feedback_text: text = 'Time Out'
19.6753 	EXP 	trial_feedback_text: text = 'Time Out'
19.7029 	EXP 	trial_feedback_text: text = 'Time Out'
19.7222 	EXP 	trial_feedback_text: text = 'Time Out'
19.7389 	EXP 	trial_feedback_text: text = 'Time Out'
19.7572 	EXP 	trial_feedback_text: text = 'Time Out'
19.7746 	EXP 	trial_feedback_text: text = 'Time Out'
19.7924 	EXP 	trial_feedback_text: text = 'Time Out'
19.8098 	EXP 	trial_feedback_text: text = 'Time Out'
19.8269 	EXP 	trial_feedback_text: text = 'Time Out'
19.8440 	EXP 	trial_feedback_text: text = 'Time Out'
19.8643 	EXP 	trial_feedback_text: text = 'Time Out'
19.8825 	EXP 	trial_feedback_text: text = 'Time Out'
19.9021 	EXP 	trial_feedback_text: text = 'Time Out'
19.9209 	EXP 	trial_feedback_text: text = 'Time Out'
19.9384 	EXP 	trial_feedback_text: text = 'Time Out'
19.9585 	EXP 	trial_feedback_text: text = 'Time Out'
19.9758 	EXP 	trial_feedback_text: text = 'Time Out'
19.9940 	EXP 	trial_feedback_text: text = 'Time Out'
20.0117 	EXP 	trial_feedback_text: text = 'Time Out'
20.0296 	EXP 	trial_feedback_text: text = 'Time Out'
20.0467 	EXP 	trial_feedback_text: text = 'Time Out'
20.0659 	EXP 	trial_feedback_text: text = 'Time Out'
20.0877 	EXP 	trial_feedback_text: text = 'Time Out'
20.1060 	EXP 	trial_feedback_text: text = 'Time Out'
20.1246 	EXP 	trial_feedback_text: text = 'Time Out'
20.1419 	EXP 	trial_feedback_text: text = 'Time Out'
20.1448 	DATA 	Keypress: v
20.1737 	EXP 	trial_feedback_text: text = 'Time Out'
20.1737 	EXP 	trial_feedback_text: text = 'Correct'
20.1737 	EXP 	trial_faceImage: autoDraw = False
20.1737 	EXP 	trial_nameText: autoDraw = False
20.1737 	EXP 	trial_feedback_text: autoDraw = True
20.6693 	EXP 	trial_feedback_text: autoDraw = False
20.6871 	EXP 	trial_blank_text: autoDraw = True
21.6764 	EXP 	trial_blank_text: autoDraw = False
21.6764 	EXP 	trial_feedback_text: autoDraw = False
21.6764 	EXP 	trial_blank_text: autoDraw = False
21.6764 	EXP 	trial_faceImage: size = array([0.405  , 0.50625])
21.6764 	EXP 	trial_faceImage: image = './images/Cruise.jpg'
21.6764 	EXP 	trial_nameText: text = 'Damon'
21.8813 	EXP 	trial_feedback_text: text = 'Time Out'
21.8813 	EXP 	trial_faceImage: autoDraw = True
21.8813 	EXP 	trial_nameText: autoDraw = True
21.8987 	EXP 	trial_feedback_text: text = 'Time Out'
21.9151 	EXP 	trial_feedback_text: text = 'Time Out'
21.9320 	EXP 	trial_feedback_text: text = 'Time Out'
21.9483 	EXP 	trial_feedback_text: text = 'Time Out'
21.9660 	EXP 	trial_feedback_text: text = 'Time Out'
21.9825 	EXP 	trial_feedback_text: text = 'Time Out'
22.0023 	EXP 	trial_feedback_text: text = 'Time Out'
22.0209 	EXP 	trial_feedback_text: text = 'Time Out'
22.0379 	EXP 	trial_feedback_text: text = 'Time Out'
22.0560 	EXP 	trial_feedback_text: text = 'Time Out'
22.0723 	EXP 	trial_feedback_text: text = 'Time Out'
22.0894 	EXP 	trial_feedback_text: text = 'Time Out'
22.1060 	EXP 	trial_feedback_text: text = 'Time Out'
22.1232 	EXP 	trial_feedback_text: text = 'Time Out'
22.1400 	EXP 	trial_feedback_text: text = 'Time Out'
22.1568 	EXP 	trial_feedback_text: text = 'Time Out'
22.1733 	EXP 	trial_feedback_text: text = 'Time Out'
22.1907 	EXP 	trial_feedback_text: text = 'Time Out'
22.2109 	EXP 	trial_feedback_text: text = 'Time Out'
22.2270 	EXP 	trial_feedback_text: text = 'Time Out'
22.2439 	EXP 	trial_feedback_text: text = 'Time Out'
22.2622 	EXP 	trial_feedback_text: text = 'Time Out'
22.2779 	EXP 	trial_feedback_text: text = 'Time Out'
22.2948 	EXP 	trial_feedback_text: text = 'Time Out'
22.3143 	EXP 	trial_feedback_text: text = 'Time Out'
22.3309 	EXP 	trial_feedback_text: text = 'Time Out'
22.3487 	EXP 	trial_feedback_text: text = 'Time Out'
22.3688 	EXP 	trial_feedback_text: text = 'Time Out'
22.3875 	EXP 	trial_feedback_text: text = 'Time Out'
22.4068 	EXP 	trial_feedback_text: text = 'Time Out'
22.4244 	EXP 	trial_feedback_text: text = 'Time Out'
22.4408 	EXP 	trial_feedback_text: text = 'Time Out'
22.4607 	EXP 	trial_feedback_text: text = 'Time Out'
22.4770 	EXP 	trial_feedback_text: text = 'Time Out'
22.4803 	DATA 	Keypress: b
22.5052 	EXP 	trial_feedback_text: text = 'Time Out'
22.5052 	EXP 	trial_feedback_text: text = 'Correct'
22.5052 	EXP 	trial_faceImage: autoDraw = False
22.5052 	EXP 	trial_nameText: autoDraw = False
22.5052 	EXP 	trial_feedback_text: autoDraw = True
23.0023 	EXP 	trial_feedback_text: autoDraw = False
23.0196 	EXP 	trial_blank_text: autoDraw = True
24.0021 	EXP 	trial_blank_text: autoDraw = False
24.0021 	EXP 	trial_feedback_text: autoDraw = False
24.0021 	EXP 	trial_blank_text: autoDraw = False
24.0021 	EXP 	trial_faceImage: size = array([0.405  , 0.50625])
24.0021 	EXP 	trial_faceImage: image = './images/Cruise.jpg'
24.0021 	EXP 	trial_nameText: text = 'Cruise'
24.2001 	EXP 	trial_feedback_text: text = 'Time Out'
24.2001 	EXP 	trial_faceImage: autoDraw = True
24.2001 	EXP 	trial_nameText: autoDraw = True
24.2189 	EXP 	trial_feedback_text: text = 'Time Out'
24.2357 	EXP 	trial_feedback_text: text = 'Time Out'
24.2535 	EXP 	trial_feedback_text: text = 'Time Out'
24.2706 	EXP 	trial_feedback_text: text = 'Time Out'
24.2876 	EXP 	trial_feedback_text: text = 'Time Out'
24.3065 	EXP 	trial_feedback_text: text = 'Time Out'
24.3229 	EXP 	trial_feedback_text: text = 'Time Out'
24.3388 	EXP 	trial_feedback_text: text = 'Time Out'
24.3562 	EXP 	trial_feedback_text: text = 'Time Out'
24.3721 	EXP 	trial_feedback_text: text = 'Time Out'
24.3887 	EXP 	trial_feedback_text: text = 'Time Out'
24.4057 	EXP 	trial_feedback_text: text = 'Time Out'
24.4225 	EXP 	trial_feedback_text: text = 'Time Out'
24.4389 	EXP 	trial_feedback_text: text = 'Time Out'
24.4572 	EXP 	trial_feedback_text: text = 'Time Out'
24.4732 	EXP 	trial_feedback_text: text = 'Time Out'
24.4903 	EXP 	trial_feedback_text: text = 'Time Out'
24.5077 	EXP 	trial_feedback_text: text = 'Time Out'
24.5243 	EXP 	trial_feedback_text: text = 'Time Out'
24.5420 	EXP 	trial_feedback_text: text = 'Time Out'
24.5690 	EXP 	trial_feedback_text: text = 'Time Out'
24.5867 	EXP 	trial_feedback_text: text = 'Time Out'
24.6047 	EXP 	trial_feedback_text: text = 'Time Out'
24.6228 	EXP 	trial_feedback_text: text = 'Time Out'
24.6388 	EXP 	trial_feedback_text: text = 'Time Out'
24.6617 	EXP 	trial_feedback_text: text = 'Time Out'
24.6795 	EXP 	trial_feedback_text: text = 'Time Out'
24.6959 	EXP 	trial_feedback_text: text = 'Time Out'
24.7153 	EXP 	trial_feedback_text: text = 'Time Out'
24.7312 	EXP 	trial_feedback_text: text = 'Time Out'
24.7495 	EXP 	trial_feedback_text: text = 'Time Out'
24.7671 	EXP 	trial_feedback_text: text = 'Time Out'
24.7845 	EXP 	trial_feedback_text: text = 'Time Out'
24.7873 	DATA 	Keypress: b
24.8133 	EXP 	trial_feedback_text: text = 'Time Out'
24.8133 	EXP 	trial_feedback_text: text = 'Correct'
24.8133 	EXP 	trial_faceImage: autoDraw = False
24.8133 	EXP 	trial_nameText: autoDraw = False
24.8133 	EXP 	trial_feedback_text: autoDraw = True
25.3120 	EXP 	trial_feedback_text: autoDraw = False
25.3281 	EXP 	trial_blank_text: autoDraw = True
26.3194 	EXP 	trial_blank_text: autoDraw = False
26.3194 	EXP 	trial_feedback_text: autoDraw = False
26.3194 	EXP 	trial_blank_text: autoDraw = False
26.3194 	EXP 	trial_faceImage: size = array([0.405  , 0.50625])
26.3194 	EXP 	trial_faceImage: image = './images/Clooney.jpg'
26.3194 	EXP 	trial_nameText: text = 'Clooney'
26.5342 	EXP 	trial_feedback_text: text = 'Time Out'
26.5342 	EXP 	trial_faceImage: autoDraw = True
26.5342 	EXP 	trial_nameText: autoDraw = True
26.5609 	EXP 	trial_feedback_text: text = 'Time Out'
26.5796 	EXP 	trial_feedback_text: text = 'Time Out'
26.5965 	EXP 	trial_feedback_text: text = 'Time Out'
26.6148 	EXP 	trial_feedback_text: text = 'Time Out'
26.6317 	EXP 	trial_feedback_text: text = 'Time Out'
26.6499 	EXP 	trial_feedback_text: text = 'Time Out'
26.6649 	EXP 	trial_feedback_text: text = 'Time Out'
26.6842 	EXP 	trial_feedback_text: text = 'Time Out'
26.7021 	EXP 	trial_feedback_text: text = 'Time Out'
26.7198 	EXP 	trial_feedback_text: text = 'Time Out'
26.7356 	EXP 	trial_feedback_text: text = 'Time Out'
26.7534 	EXP 	trial_feedback_text: text = 'Time Out'
26.7694 	EXP 	trial_feedback_text: text = 'Time Out'
26.7867 	EXP 	trial_feedback_text: text = 'Time Out'
26.8035 	EXP 	trial_feedback_text: text = 'Time Out'
26.8201 	EXP 	trial_feedback_text: text = 'Time Out'
26.8360 	EXP 	trial_feedback_text: text = 'Time Out'
26.8544 	EXP 	trial_feedback_text: text = 'Time Out'
26.8701 	EXP 	trial_feedback_text: text = 'Time Out'
26.8872 	EXP 	trial_feedback_text: text = 'Time Out'
26.9044 	EXP 	trial_feedback_text: text = 'Time Out'
26.9215 	EXP 	trial_feedback_text: text = 'Time Out'
26.9376 	EXP 	trial_feedback_text: text = 'Time Out'
26.9553 	EXP 	trial_feedback_text: text = 'Time Out'
26.9712 	EXP 	trial_feedback_text: text = 'Time Out'
26.9883 	EXP 	trial_feedback_text: text = 'Time Out'
27.0060 	EXP 	trial_feedback_text: text = 'Time Out'
27.0241 	EXP 	trial_feedback_text: text = 'Time Out'
27.0405 	EXP 	trial_feedback_text: text = 'Time Out'
27.0582 	EXP 	trial_feedback_text: text = 'Time Out'
27.0747 	EXP 	trial_feedback_text: text = 'Time Out'
27.0916 	EXP 	trial_feedback_text: text = 'Time Out'
27.1087 	EXP 	trial_feedback_text: text = 'Time Out'
27.1255 	EXP 	trial_feedback_text: text = 'Time Out'
27.1458 	EXP 	trial_feedback_text: text = 'Time Out'
27.1635 	EXP 	trial_feedback_text: text = 'Time Out'
27.1699 	DATA 	Keypress: v
27.1856 	EXP 	trial_feedback_text: text = 'Time Out'
27.2133 	EXP 	trial_feedback_text: text = 'Time Out'
27.2133 	EXP 	trial_feedback_text: text = 'Correct'
27.2133 	EXP 	trial_faceImage: autoDraw = False
27.2133 	EXP 	trial_nameText: autoDraw = False
27.2133 	EXP 	trial_feedback_text: autoDraw = True
27.7137 	EXP 	trial_feedback_text: autoDraw = False
27.7137 	EXP 	trial_blank_text: autoDraw = True
28.7166 	EXP 	trial_blank_text: autoDraw = False
28.7166 	EXP 	trial_feedback_text: autoDraw = False
28.7166 	EXP 	trial_blank_text: autoDraw = False
28.7166 	EXP 	trial_faceImage: size = array([0.405  , 0.50625])
28.7166 	EXP 	trial_faceImage: image = './images/Damon.jpg'
28.7166 	EXP 	trial_nameText: text = 'Clooney'
28.9347 	EXP 	trial_feedback_text: text = 'Time Out'
28.9347 	EXP 	trial_faceImage: autoDraw = True
28.9347 	EXP 	trial_nameText: autoDraw = True
28.9529 	EXP 	trial_feedback_text: text = 'Time Out'
28.9700 	EXP 	trial_feedback_text: text = 'Time Out'
28.9873 	EXP 	trial_feedback_text: text = 'Time Out'
29.0037 	EXP 	trial_feedback_text: text = 'Time Out'
29.0291 	EXP 	trial_feedback_text: text = 'Time Out'
29.0482 	EXP 	trial_feedback_text: text = 'Time Out'
29.0664 	EXP 	trial_feedback_text: text = 'Time Out'
29.0839 	EXP 	trial_feedback_text: text = 'Time Out'
29.1007 	EXP 	trial_feedback_text: text = 'Time Out'
29.1193 	EXP 	trial_feedback_text: text = 'Time Out'
29.1356 	EXP 	trial_feedback_text: text = 'Time Out'
29.1630 	EXP 	trial_feedback_text: text = 'Time Out'
29.1821 	EXP 	trial_feedback_text: text = 'Time Out'
29.1998 	EXP 	trial_feedback_text: text = 'Time Out'
29.2179 	EXP 	trial_feedback_text: text = 'Time Out'
29.2360 	EXP 	trial_feedback_text: text = 'Time Out'
29.2622 	EXP 	trial_feedback_text: text = 'Time Out'
29.2808 	EXP 	trial_feedback_text: text = 'Time Out'
29.2974 	EXP 	trial_feedback_text: text = 'Time Out'
29.3153 	EXP 	trial_feedback_text: text = 'Time Out'
29.3320 	EXP 	trial_feedback_text: text = 'Time Out'
29.3506 	EXP 	trial_feedback_text: text = 'Time Out'
29.3678 	EXP 	trial_feedback_text: text = 'Time Out'
29.3865 	EXP 	trial_feedback_text: text = 'Time Out'
29.4052 	EXP 	trial_feedback_text: text = 'Time Out'
29.4205 	EXP 	trial_feedback_text: text = 'Time Out'
29.4371 	EXP 	trial_feedback_text: text = 'Time Out'
29.4628 	EXP 	trial_feedback_text: text = 'Time Out'
29.4803 	EXP 	trial_feedback_text: text = 'Time Out'
29.4976 	EXP 	trial_feedback_text: text = 'Time Out'
29.5148 	EXP 	trial_feedback_text: text = 'Time Out'
29.5314 	EXP 	trial_feedback_text: text = 'Time Out'
29.5511 	EXP 	trial_feedback_text: text = 'Time Out'
29.5543 	DATA 	Keypress: n
29.5805 	EXP 	trial_feedback_text: text = 'Time Out'
29.5805 	EXP 	trial_feedback_text: text = 'Correct'
29.5805 	EXP 	trial_faceImage: autoDraw = False
29.5805 	EXP 	trial_nameText: autoDraw = False
29.5805 	EXP 	trial_feedback_text: autoDraw = True
30.0810 	EXP 	trial_feedback_text: autoDraw = False
30.0810 	EXP 	trial_blank_text: autoDraw = True
31.0976 	EXP 	trial_blank_text: autoDraw = False
31.0976 	EXP 	trial_feedback_text: autoDraw = False
31.0976 	EXP 	trial_blank_text: autoDraw = False
31.0976 	EXP 	trial_faceImage: size = array([0.405  , 0.50625])
31.0976 	EXP 	trial_faceImage: image = './images/Clooney.jpg'
31.0976 	EXP 	trial_nameText: text = 'Damon'
31.3033 	EXP 	trial_feedback_text: text = 'Time Out'
31.3033 	EXP 	trial_faceImage: autoDraw = True
31.3033 	EXP 	trial_nameText: autoDraw = True
31.3304 	EXP 	trial_feedback_text: text = 'Time Out'
31.3475 	EXP 	trial_feedback_text: text = 'Time Out'
31.3644 	EXP 	trial_feedback_text: text = 'Time Out'
31.3810 	EXP 	trial_feedback_text: text = 'Time Out'
31.3977 	EXP 	trial_feedback_text: text = 'Time Out'
31.4151 	EXP 	trial_feedback_text: text = 'Time Out'
31.4310 	EXP 	trial_feedback_text: text = 'Time Out'
31.4477 	EXP 	trial_feedback_text: text = 'Time Out'
31.4653 	EXP 	trial_feedback_text: text = 'Time Out'
31.4817 	EXP 	trial_feedback_text: text = 'Time Out'
31.4983 	EXP 	trial_feedback_text: text = 'Time Out'
31.5155 	EXP 	trial_feedback_text: text = 'Time Out'
31.5317 	EXP 	trial_feedback_text: text = 'Time Out'
31.5502 	EXP 	trial_feedback_text: text = 'Time Out'
31.5687 	EXP 	trial_feedback_text: text = 'Time Out'
31.5870 	EXP 	trial_feedback_text: text = 'Time Out'
31.6142 	EXP 	trial_feedback_text: text = 'Time Out'
31.6310 	EXP 	trial_feedback_text: text = 'Time Out'
31.6484 	EXP 	trial_feedback_text: text = 'Time Out'
31.6658 	EXP 	trial_feedback_text: text = 'Time Out'
31.6831 	EXP 	trial_feedback_text: text = 'Time Out'
31.6992 	EXP 	trial_feedback_text: text = 'Time Out'
31.7171 	EXP 	trial_feedback_text: text = 'Time Out'
31.7355 	EXP 	trial_feedback_text: text = 'Time Out'
31.7633 	EXP 	trial_feedback_text: text = 'Time Out'
31.7808 	EXP 	trial_feedback_text: text = 'Time Out'
31.7987 	EXP 	trial_feedback_text: text = 'Time Out'
31.8155 	EXP 	trial_feedback_text: text = 'Time Out'
31.8316 	EXP 	trial_feedback_text: text = 'Time Out'
31.8481 	EXP 	trial_feedback_text: text = 'Time Out'
31.8646 	EXP 	trial_feedback_text: text = 'Time Out'
31.8821 	EXP 	trial_feedback_text: text = 'Time Out'
31.8844 	DATA 	Keypress: v
31.9143 	EXP 	trial_feedback_text: text = 'Time Out'
31.9143 	EXP 	trial_feedback_text: text = 'Correct'
31.9143 	EXP 	trial_faceImage: autoDraw = False
31.9143 	EXP 	trial_nameText: autoDraw = False
31.9143 	EXP 	trial_feedback_text: autoDraw = True
32.3978 	EXP 	trial_feedback_text: autoDraw = False
32.4169 	EXP 	trial_blank_text: autoDraw = True
33.3983 	EXP 	trial_blank_text: autoDraw = False
33.3983 	EXP 	trial_feedback_text: autoDraw = False
33.3983 	EXP 	trial_blank_text: autoDraw = False
33.3983 	EXP 	break_text: autoDraw = True
34.6034 	DATA 	Keypress: space
35.4525 	DATA 	Keypress: space
36.6544 	DATA 	Keypress: space
37.6540 	DATA 	Keypress: space
38.2201 	DATA 	Keypress: space
38.4544 	DATA 	Keypress: space
38.4841 	EXP 	break_text: autoDraw = False
38.4841 	EXP 	trial_faceImage: size = array([0.405  , 0.50625])
38.4841 	EXP 	trial_faceImage: image = './images/Damon.jpg'
38.4841 	EXP 	trial_nameText: text = 'Clooney'
38.6898 	EXP 	trial_feedback_text: text = 'Time Out'
38.6898 	EXP 	trial_faceImage: autoDraw = True
38.6898 	EXP 	trial_nameText: autoDraw = True
38.7065 	EXP 	trial_feedback_text: text = 'Time Out'
38.7231 	EXP 	trial_feedback_text: text = 'Time Out'
38.7403 	EXP 	trial_feedback_text: text = 'Time Out'
38.7566 	EXP 	trial_feedback_text: text = 'Time Out'
38.7729 	EXP 	trial_feedback_text: text = 'Time Out'
38.7893 	EXP 	trial_feedback_text: text = 'Time Out'
38.8066 	EXP 	trial_feedback_text: text = 'Time Out'
38.8238 	EXP 	trial_feedback_text: text = 'Time Out'
38.8501 	EXP 	trial_feedback_text: text = 'Time Out'
38.8683 	EXP 	trial_feedback_text: text = 'Time Out'
38.8843 	EXP 	trial_feedback_text: text = 'Time Out'
38.9022 	EXP 	trial_feedback_text: text = 'Time Out'
38.9183 	EXP 	trial_feedback_text: text = 'Time Out'
38.9355 	EXP 	trial_feedback_text: text = 'Time Out'
38.9512 	EXP 	trial_feedback_text: text = 'Time Out'
38.9688 	EXP 	trial_feedback_text: text = 'Time Out'
38.9847 	EXP 	trial_feedback_text: text = 'Time Out'
39.0021 	EXP 	trial_feedback_text: text = 'Time Out'
39.0183 	EXP 	trial_feedback_text: text = 'Time Out'
39.0356 	EXP 	trial_feedback_text: text = 'Time Out'
39.0514 	EXP 	trial_feedback_text: text = 'Time Out'
39.0686 	EXP 	trial_feedback_text: text = 'Time Out'
39.0846 	EXP 	trial_feedback_text: text = 'Time Out'
39.1019 	EXP 	trial_feedback_text: text = 'Time Out'
39.1179 	EXP 	trial_feedback_text: text = 'Time Out'
39.1353 	EXP 	trial_feedback_text: text = 'Time Out'
39.1513 	EXP 	trial_feedback_text: text = 'Time Out'
39.1686 	EXP 	trial_feedback_text: text = 'Time Out'
39.1858 	EXP 	trial_feedback_text: text = 'Time Out'
39.2045 	EXP 	trial_feedback_text: text = 'Time Out'
39.2204 	EXP 	trial_feedback_text: text = 'Time Out'
39.2372 	EXP 	trial_feedback_text: text = 'Time Out'
39.2539 	EXP 	trial_feedback_text: text = 'Time Out'
39.2709 	EXP 	trial_feedback_text: text = 'Time Out'
39.2860 	EXP 	trial_feedback_text: text = 'Time Out'
39.3045 	EXP 	trial_feedback_text: text = 'Time Out'
39.3199 	EXP 	trial_feedback_text: text = 'Time Out'
39.3368 	EXP 	trial_feedback_text: text = 'Time Out'
39.3534 	EXP 	trial_feedback_text: text = 'Time Out'
39.3702 	EXP 	trial_feedback_text: text = 'Time Out'
39.3859 	EXP 	trial_feedback_text: text = 'Time Out'
39.4047 	EXP 	trial_feedback_text: text = 'Time Out'
39.4230 	EXP 	trial_feedback_text: text = 'Time Out'
39.4403 	EXP 	trial_feedback_text: text = 'Time Out'
39.4575 	EXP 	trial_feedback_text: text = 'Time Out'
39.4746 	EXP 	trial_feedback_text: text = 'Time Out'
39.4908 	EXP 	trial_feedback_text: text = 'Time Out'
39.5086 	EXP 	trial_feedback_text: text = 'Time Out'
39.5248 	EXP 	trial_feedback_text: text = 'Time Out'
39.5507 	EXP 	trial_feedback_text: text = 'Time Out'
39.5694 	EXP 	trial_feedback_text: text = 'Time Out'
39.5858 	EXP 	trial_feedback_text: text = 'Time Out'
39.6046 	EXP 	trial_feedback_text: text = 'Time Out'
39.6199 	EXP 	trial_feedback_text: text = 'Time Out'
39.6370 	EXP 	trial_feedback_text: text = 'Time Out'
39.6539 	EXP 	trial_feedback_text: text = 'Time Out'
39.6696 	EXP 	trial_faceImage: autoDraw = False
39.6696 	EXP 	trial_nameText: autoDraw = False
39.6696 	EXP 	trial_faceImage: autoDraw = False
39.6696 	EXP 	trial_nameText: autoDraw = False
39.6696 	EXP 	trial_feedback_text: autoDraw = True
39.9062 	DATA 	Keypress: escape
40.2009 	EXP 	window1: mouseVisible = True
