3.5130 	WARNING 	Import Error: No module named 'psychtoolbox'. Using event module for keyboard component.
10.1747 	WARNING 	User requested fullscreen with size [1920 1080], but screen is actually [1280, 800]. Using actual size
11.1177 	EXP 	Created window1 = Window(allowGUI=False, allowStencil=False, args=UNKNOWN, autoLog=True, bitsMode=UNKNOWN, blendMode='avg', color=array([0., 0., 0.]), colorSpace='rgb', fullscr=<method-wrapper '__getattribute__' of attributeSetter object at 0x1236dd400>, gamma=None, kwargs=UNKNOWN, lms=UNKNOWN, monitor=<psychopy.monitors.calibTools.Monitor object at 0x1237342e8>, multiSample=False, name='window1', numSamples=2, pos=[0.0, 0.0], screen=0, size=array([2560, 1600]), stereo=False, units='height', useFBO=True, useRetina=True, viewOri=0.0, viewPos=None, viewScale=None, waitBlanking=True, winType='pyglet')
11.5436 	EXP 	Created instr_text = TextStim(__class__=<class 'psychopy.visual.text.TextStim'>, alignHoriz='center', alignVert='center', antialias=True, autoLog=True, bold=False, color='white', colorSpace='named', contrast=1.0, depth=0.0, flipHoriz=False, flipVert=False, font='Arial', fontFiles=[], height=0.04, italic=False, languageStyle='LTR', name='instr_text', opacity=1.0, ori=0, pos=array([0., 0.]), rgb=array([255., 255., 255.]), text=str(...), units='height', win=Window(...), wrapWidth=1)
11.5459 	EXP 	Created trial_faceImage = ImageStim(__class__=<class 'psychopy.visual.image.ImageStim'>, autoLog=True, color=array([1., 1., 1.]), colorSpace='rgb', contrast=1.0, depth=-1.0, flipHoriz=False, flipVert=False, image='sin', interpolate=True, mask=None, maskParams=None, name='trial_faceImage', opacity=1.0, ori=0.0, pos=array([0., 0.]), size=array([0.5, 0.5]), texRes=128, units='height', win=Window(...))
11.5578 	EXP 	Created trial_nameText = TextStim(__class__=<class 'psychopy.visual.text.TextStim'>, alignHoriz='center', alignVert='center', antialias=True, autoLog=True, bold=False, color='white', colorSpace='named', contrast=1.0, depth=-2.0, flipHoriz=False, flipVert=False, font='Arial', fontFiles=[], height=0.1, italic=False, languageStyle='LTR', name='trial_nameText', opacity=1.0, ori=0, pos=array([ 0. , -0.1]), rgb=array([255., 255., 255.]), text='default text', units='height', win=Window(...), wrapWidth=1)
11.5642 	EXP 	Created trial_feedback_text = TextStim(__class__=<class 'psychopy.visual.text.TextStim'>, alignHoriz='center', alignVert='center', antialias=True, autoLog=True, bold=False, color='white', colorSpace='named', contrast=1.0, depth=0.0, flipHoriz=False, flipVert=False, font='Arial', fontFiles=[], height=0.1, italic=False, languageStyle='LTR', name='trial_feedback_text', opacity=1.0, ori=0, pos=array([0., 0.]), rgb=array([255., 255., 255.]), text='Time Out', units='height', win=Window(...), wrapWidth=1)
11.5651 	EXP 	Created trial_blank_text = TextStim(__class__=<class 'psychopy.visual.text.TextStim'>, alignHoriz='center', alignVert='center', antialias=True, autoLog=True, bold=False, color='white', colorSpace='named', contrast=1.0, depth=-1.0, flipHoriz=False, flipVert=False, font='Arial', fontFiles=[], height=0.1, italic=False, languageStyle='LTR', name='trial_blank_text', opacity=1.0, ori=0, pos=array([0., 0.]), rgb=array([255., 255., 255.]), text='', units='height', win=Window(...), wrapWidth=1)
11.5979 	EXP 	Created break_text = TextStim(__class__=<class 'psychopy.visual.text.TextStim'>, alignHoriz='center', alignVert='center', antialias=True, autoLog=True, bold=False, color='white', colorSpace='named', contrast=1.0, depth=0.0, flipHoriz=False, flipVert=False, font='Arial', fontFiles=[], height=0.05, italic=False, languageStyle='LTR', name='break_text', opacity=1.0, ori=0, pos=array([0., 0.]), rgb=array([255., 255., 255.]), text=str(...), units='height', win=Window(...), wrapWidth=1)
11.6173 	EXP 	instr_text: autoDraw = True
15.9396 	DATA 	Keypress: space
16.1140 	EXP 	instr_text: autoDraw = False
16.1140 	EXP 	trial_faceImage: size = array([0.405  , 0.50625])
16.1140 	EXP 	trial_faceImage: image = './images/Cruise.jpg'
16.1140 	EXP 	trial_nameText: text = 'Cruise'
16.1815 	EXP 	trial_feedback_text: text = 'Time Out'
16.1815 	EXP 	trial_faceImage: autoDraw = True
16.1815 	EXP 	trial_nameText: autoDraw = True
16.2035 	EXP 	trial_feedback_text: text = 'Time Out'
16.2221 	EXP 	trial_feedback_text: text = 'Time Out'
16.2465 	EXP 	trial_feedback_text: text = 'Time Out'
16.2676 	EXP 	trial_feedback_text: text = 'Time Out'
16.2859 	EXP 	trial_feedback_text: text = 'Time Out'
16.3065 	EXP 	trial_feedback_text: text = 'Time Out'
16.3300 	EXP 	trial_feedback_text: text = 'Time Out'
16.3514 	EXP 	trial_feedback_text: text = 'Time Out'
16.3736 	EXP 	trial_feedback_text: text = 'Time Out'
16.3983 	EXP 	trial_feedback_text: text = 'Time Out'
16.4184 	EXP 	trial_feedback_text: text = 'Time Out'
16.4394 	EXP 	trial_feedback_text: text = 'Time Out'
16.4643 	EXP 	trial_feedback_text: text = 'Time Out'
16.4836 	EXP 	trial_feedback_text: text = 'Time Out'
16.5055 	EXP 	trial_feedback_text: text = 'Time Out'
16.5244 	EXP 	trial_feedback_text: text = 'Time Out'
16.5469 	EXP 	trial_feedback_text: text = 'Time Out'
16.5672 	EXP 	trial_feedback_text: text = 'Time Out'
16.5849 	EXP 	trial_feedback_text: text = 'Time Out'
16.6050 	EXP 	trial_feedback_text: text = 'Time Out'
16.6300 	EXP 	trial_feedback_text: text = 'Time Out'
16.6501 	EXP 	trial_feedback_text: text = 'Time Out'
16.6709 	EXP 	trial_feedback_text: text = 'Time Out'
16.6905 	EXP 	trial_feedback_text: text = 'Time Out'
16.7137 	EXP 	trial_feedback_text: text = 'Time Out'
16.7357 	EXP 	trial_feedback_text: text = 'Time Out'
16.7543 	EXP 	trial_feedback_text: text = 'Time Out'
16.7730 	EXP 	trial_feedback_text: text = 'Time Out'
16.7966 	EXP 	trial_feedback_text: text = 'Time Out'
16.8177 	EXP 	trial_feedback_text: text = 'Time Out'
16.8354 	EXP 	trial_feedback_text: text = 'Time Out'
16.8534 	EXP 	trial_feedback_text: text = 'Time Out'
16.8726 	EXP 	trial_feedback_text: text = 'Time Out'
16.8906 	EXP 	trial_feedback_text: text = 'Time Out'
16.9132 	EXP 	trial_feedback_text: text = 'Time Out'
16.9323 	EXP 	trial_feedback_text: text = 'Time Out'
16.9505 	EXP 	trial_feedback_text: text = 'Time Out'
16.9700 	EXP 	trial_feedback_text: text = 'Time Out'
16.9881 	EXP 	trial_feedback_text: text = 'Time Out'
17.0068 	EXP 	trial_feedback_text: text = 'Time Out'
17.0303 	EXP 	trial_feedback_text: text = 'Time Out'
17.0495 	EXP 	trial_feedback_text: text = 'Time Out'
17.0691 	EXP 	trial_feedback_text: text = 'Time Out'
17.0876 	EXP 	trial_feedback_text: text = 'Time Out'
17.1072 	EXP 	trial_feedback_text: text = 'Time Out'
17.1311 	EXP 	trial_feedback_text: text = 'Time Out'
17.1501 	EXP 	trial_feedback_text: text = 'Time Out'
17.1657 	EXP 	trial_faceImage: autoDraw = False
17.1657 	EXP 	trial_nameText: autoDraw = False
17.1657 	EXP 	trial_feedback_text: autoDraw = True
17.6656 	EXP 	trial_feedback_text: autoDraw = False
17.6815 	EXP 	trial_blank_text: autoDraw = True
18.6811 	EXP 	trial_feedback_text: autoDraw = False
18.6811 	EXP 	trial_blank_text: autoDraw = False
18.6811 	EXP 	trial_faceImage: size = array([0.405  , 0.50625])
18.6811 	EXP 	trial_faceImage: image = './images/Cruise.jpg'
18.6811 	EXP 	trial_nameText: text = 'Damon'
18.8676 	EXP 	trial_feedback_text: text = 'Time Out'
18.8676 	EXP 	trial_faceImage: autoDraw = True
18.8676 	EXP 	trial_nameText: autoDraw = True
18.8840 	EXP 	trial_feedback_text: text = 'Time Out'
18.9142 	EXP 	trial_feedback_text: text = 'Time Out'
18.9328 	EXP 	trial_feedback_text: text = 'Time Out'
18.9525 	EXP 	trial_feedback_text: text = 'Time Out'
18.9701 	EXP 	trial_feedback_text: text = 'Time Out'
18.9893 	EXP 	trial_feedback_text: text = 'Time Out'
19.0082 	EXP 	trial_feedback_text: text = 'Time Out'
19.0302 	EXP 	trial_feedback_text: text = 'Time Out'
19.0505 	EXP 	trial_feedback_text: text = 'Time Out'
19.0682 	EXP 	trial_feedback_text: text = 'Time Out'
19.0852 	EXP 	trial_feedback_text: text = 'Time Out'
19.1135 	EXP 	trial_feedback_text: text = 'Time Out'
19.1318 	EXP 	trial_feedback_text: text = 'Time Out'
19.1508 	EXP 	trial_feedback_text: text = 'Time Out'
19.1708 	EXP 	trial_feedback_text: text = 'Time Out'
19.1896 	EXP 	trial_feedback_text: text = 'Time Out'
19.2086 	EXP 	trial_feedback_text: text = 'Time Out'
19.2306 	EXP 	trial_feedback_text: text = 'Time Out'
19.2507 	EXP 	trial_feedback_text: text = 'Time Out'
19.2689 	EXP 	trial_feedback_text: text = 'Time Out'
19.2867 	EXP 	trial_feedback_text: text = 'Time Out'
19.3129 	EXP 	trial_feedback_text: text = 'Time Out'
19.3325 	EXP 	trial_feedback_text: text = 'Time Out'
19.3524 	EXP 	trial_feedback_text: text = 'Time Out'
19.3802 	EXP 	trial_feedback_text: text = 'Time Out'
19.4002 	EXP 	trial_feedback_text: text = 'Time Out'
19.4184 	EXP 	trial_feedback_text: text = 'Time Out'
19.4375 	EXP 	trial_feedback_text: text = 'Time Out'
19.4564 	EXP 	trial_feedback_text: text = 'Time Out'
19.4743 	EXP 	trial_feedback_text: text = 'Time Out'
19.4924 	EXP 	trial_feedback_text: text = 'Time Out'
19.5139 	EXP 	trial_feedback_text: text = 'Time Out'
19.5344 	EXP 	trial_feedback_text: text = 'Time Out'
19.5527 	EXP 	trial_feedback_text: text = 'Time Out'
19.5791 	EXP 	trial_feedback_text: text = 'Time Out'
19.6006 	EXP 	trial_feedback_text: text = 'Time Out'
19.6187 	EXP 	trial_feedback_text: text = 'Time Out'
19.6373 	EXP 	trial_feedback_text: text = 'Time Out'
19.6567 	EXP 	trial_feedback_text: text = 'Time Out'
19.6753 	EXP 	trial_feedback_text: text = 'Time Out'
19.6981 	EXP 	trial_feedback_text: text = 'Time Out'
19.7150 	EXP 	trial_feedback_text: text = 'Time Out'
19.7323 	EXP 	trial_feedback_text: text = 'Time Out'
19.7506 	EXP 	trial_feedback_text: text = 'Time Out'
19.7673 	EXP 	trial_feedback_text: text = 'Time Out'
19.7837 	EXP 	trial_feedback_text: text = 'Time Out'
19.8029 	EXP 	trial_feedback_text: text = 'Time Out'
19.8201 	EXP 	trial_feedback_text: text = 'Time Out'
19.8376 	EXP 	trial_feedback_text: text = 'Time Out'
19.8535 	EXP 	trial_faceImage: autoDraw = False
19.8535 	EXP 	trial_nameText: autoDraw = False
19.8535 	EXP 	trial_faceImage: autoDraw = False
19.8535 	EXP 	trial_nameText: autoDraw = False
19.8535 	EXP 	trial_feedback_text: autoDraw = True
20.3529 	EXP 	trial_feedback_text: autoDraw = False
20.3694 	EXP 	trial_blank_text: autoDraw = True
21.3579 	EXP 	trial_blank_text: autoDraw = False
21.3579 	EXP 	trial_feedback_text: autoDraw = False
21.3579 	EXP 	trial_blank_text: autoDraw = False
21.3579 	EXP 	trial_faceImage: size = array([0.405  , 0.50625])
21.3579 	EXP 	trial_faceImage: image = './images/Clooney.jpg'
21.3579 	EXP 	trial_nameText: text = 'Clooney'
21.5555 	EXP 	trial_feedback_text: text = 'Time Out'
21.5555 	EXP 	trial_faceImage: autoDraw = True
21.5555 	EXP 	trial_nameText: autoDraw = True
21.5726 	EXP 	trial_feedback_text: text = 'Time Out'
21.5893 	EXP 	trial_feedback_text: text = 'Time Out'
21.6086 	EXP 	trial_feedback_text: text = 'Time Out'
21.6251 	EXP 	trial_feedback_text: text = 'Time Out'
21.6428 	EXP 	trial_feedback_text: text = 'Time Out'
21.6634 	EXP 	trial_feedback_text: text = 'Time Out'
21.6802 	EXP 	trial_feedback_text: text = 'Time Out'
21.7002 	EXP 	trial_feedback_text: text = 'Time Out'
21.7184 	EXP 	trial_feedback_text: text = 'Time Out'
21.7356 	EXP 	trial_feedback_text: text = 'Time Out'
21.7538 	EXP 	trial_feedback_text: text = 'Time Out'
21.7704 	EXP 	trial_feedback_text: text = 'Time Out'
21.7871 	EXP 	trial_feedback_text: text = 'Time Out'
21.8055 	EXP 	trial_feedback_text: text = 'Time Out'
21.8214 	EXP 	trial_feedback_text: text = 'Time Out'
21.8378 	EXP 	trial_feedback_text: text = 'Time Out'
21.8551 	EXP 	trial_feedback_text: text = 'Time Out'
21.8716 	EXP 	trial_feedback_text: text = 'Time Out'
21.8881 	EXP 	trial_feedback_text: text = 'Time Out'
21.9057 	EXP 	trial_feedback_text: text = 'Time Out'
21.9215 	EXP 	trial_feedback_text: text = 'Time Out'
21.9380 	EXP 	trial_feedback_text: text = 'Time Out'
21.9550 	EXP 	trial_feedback_text: text = 'Time Out'
21.9715 	EXP 	trial_feedback_text: text = 'Time Out'
21.9876 	EXP 	trial_feedback_text: text = 'Time Out'
22.0049 	EXP 	trial_feedback_text: text = 'Time Out'
22.0210 	EXP 	trial_feedback_text: text = 'Time Out'
22.0378 	EXP 	trial_feedback_text: text = 'Time Out'
22.0548 	EXP 	trial_feedback_text: text = 'Time Out'
22.0711 	EXP 	trial_feedback_text: text = 'Time Out'
22.0875 	EXP 	trial_feedback_text: text = 'Time Out'
22.1057 	EXP 	trial_feedback_text: text = 'Time Out'
22.1218 	EXP 	trial_feedback_text: text = 'Time Out'
22.1387 	EXP 	trial_feedback_text: text = 'Time Out'
22.1566 	EXP 	trial_feedback_text: text = 'Time Out'
22.1622 	DATA 	Keypress: b
22.1797 	EXP 	trial_feedback_text: text = 'Time Out'
22.2058 	EXP 	trial_feedback_text: text = 'Time Out'
22.2058 	EXP 	trial_feedback_text: text = 'Correct'
22.2058 	EXP 	trial_faceImage: autoDraw = False
22.2058 	EXP 	trial_nameText: autoDraw = False
22.2058 	EXP 	trial_feedback_text: autoDraw = True
22.7041 	EXP 	trial_feedback_text: autoDraw = False
22.7206 	EXP 	trial_blank_text: autoDraw = True
23.7132 	EXP 	trial_blank_text: autoDraw = False
23.7132 	EXP 	trial_feedback_text: autoDraw = False
23.7132 	EXP 	trial_blank_text: autoDraw = False
23.7132 	EXP 	trial_faceImage: size = array([0.405  , 0.50625])
23.7132 	EXP 	trial_faceImage: image = './images/Clooney.jpg'
23.7132 	EXP 	trial_nameText: text = 'Cruise'
23.9247 	EXP 	trial_feedback_text: text = 'Time Out'
23.9247 	EXP 	trial_faceImage: autoDraw = True
23.9247 	EXP 	trial_nameText: autoDraw = True
23.9419 	EXP 	trial_feedback_text: text = 'Time Out'
23.9630 	EXP 	trial_feedback_text: text = 'Time Out'
23.9808 	EXP 	trial_feedback_text: text = 'Time Out'
24.0009 	EXP 	trial_feedback_text: text = 'Time Out'
24.0183 	EXP 	trial_feedback_text: text = 'Time Out'
24.0357 	EXP 	trial_feedback_text: text = 'Time Out'
24.0547 	EXP 	trial_feedback_text: text = 'Time Out'
24.0711 	EXP 	trial_feedback_text: text = 'Time Out'
24.0880 	EXP 	trial_feedback_text: text = 'Time Out'
24.1064 	EXP 	trial_feedback_text: text = 'Time Out'
24.1224 	EXP 	trial_feedback_text: text = 'Time Out'
24.1393 	EXP 	trial_feedback_text: text = 'Time Out'
24.1575 	EXP 	trial_feedback_text: text = 'Time Out'
24.1741 	EXP 	trial_feedback_text: text = 'Time Out'
24.1907 	EXP 	trial_feedback_text: text = 'Time Out'
24.2090 	EXP 	trial_feedback_text: text = 'Time Out'
24.2264 	EXP 	trial_feedback_text: text = 'Time Out'
24.2434 	EXP 	trial_feedback_text: text = 'Time Out'
24.2634 	EXP 	trial_feedback_text: text = 'Time Out'
24.2802 	EXP 	trial_feedback_text: text = 'Time Out'
24.2995 	EXP 	trial_feedback_text: text = 'Time Out'
24.3170 	EXP 	trial_feedback_text: text = 'Time Out'
24.3196 	DATA 	Keypress: b
24.3437 	EXP 	trial_feedback_text: text = 'Time Out'
24.3437 	EXP 	trial_feedback_text: text = 'Correct'
24.3437 	EXP 	trial_faceImage: autoDraw = False
24.3437 	EXP 	trial_nameText: autoDraw = False
24.3437 	EXP 	trial_feedback_text: autoDraw = True
24.8394 	EXP 	trial_feedback_text: autoDraw = False
24.8553 	EXP 	trial_blank_text: autoDraw = True
25.8439 	EXP 	trial_blank_text: autoDraw = False
25.8439 	EXP 	trial_feedback_text: autoDraw = False
25.8439 	EXP 	trial_blank_text: autoDraw = False
25.8439 	EXP 	trial_faceImage: size = array([0.405  , 0.50625])
25.8439 	EXP 	trial_faceImage: image = './images/Clooney.jpg'
25.8439 	EXP 	trial_nameText: text = 'Damon'
26.0626 	EXP 	trial_feedback_text: text = 'Time Out'
26.0626 	EXP 	trial_faceImage: autoDraw = True
26.0626 	EXP 	trial_nameText: autoDraw = True
26.0798 	EXP 	trial_feedback_text: text = 'Time Out'
26.0961 	EXP 	trial_feedback_text: text = 'Time Out'
26.1139 	EXP 	trial_feedback_text: text = 'Time Out'
26.1301 	EXP 	trial_feedback_text: text = 'Time Out'
26.1478 	EXP 	trial_feedback_text: text = 'Time Out'
26.1635 	EXP 	trial_feedback_text: text = 'Time Out'
26.1800 	EXP 	trial_feedback_text: text = 'Time Out'
26.1973 	EXP 	trial_feedback_text: text = 'Time Out'
26.2137 	EXP 	trial_feedback_text: text = 'Time Out'
26.2299 	EXP 	trial_feedback_text: text = 'Time Out'
26.2478 	EXP 	trial_feedback_text: text = 'Time Out'
26.2644 	EXP 	trial_feedback_text: text = 'Time Out'
26.2810 	EXP 	trial_feedback_text: text = 'Time Out'
26.2994 	EXP 	trial_feedback_text: text = 'Time Out'
26.3178 	EXP 	trial_feedback_text: text = 'Time Out'
26.3354 	EXP 	trial_feedback_text: text = 'Time Out'
26.3550 	EXP 	trial_feedback_text: text = 'Time Out'
26.3729 	EXP 	trial_feedback_text: text = 'Time Out'
26.3893 	EXP 	trial_feedback_text: text = 'Time Out'
26.4075 	EXP 	trial_feedback_text: text = 'Time Out'
26.4233 	EXP 	trial_feedback_text: text = 'Time Out'
26.4418 	EXP 	trial_feedback_text: text = 'Time Out'
26.4596 	EXP 	trial_feedback_text: text = 'Time Out'
26.4769 	EXP 	trial_feedback_text: text = 'Time Out'
26.4939 	EXP 	trial_feedback_text: text = 'Time Out'
26.5122 	EXP 	trial_feedback_text: text = 'Time Out'
26.5304 	EXP 	trial_feedback_text: text = 'Time Out'
26.5490 	EXP 	trial_feedback_text: text = 'Time Out'
26.5646 	EXP 	trial_feedback_text: text = 'Time Out'
26.5705 	DATA 	Keypress: b
26.5850 	EXP 	trial_feedback_text: text = 'Time Out'
26.6096 	EXP 	trial_feedback_text: text = 'Time Out'
26.6096 	EXP 	trial_feedback_text: text = 'Correct'
26.6096 	EXP 	trial_faceImage: autoDraw = False
26.6096 	EXP 	trial_nameText: autoDraw = False
26.6096 	EXP 	trial_feedback_text: autoDraw = True
27.1071 	EXP 	trial_feedback_text: autoDraw = False
27.1222 	EXP 	trial_blank_text: autoDraw = True
28.1223 	EXP 	trial_blank_text: autoDraw = False
28.1223 	EXP 	trial_feedback_text: autoDraw = False
28.1223 	EXP 	trial_blank_text: autoDraw = False
28.1223 	EXP 	trial_faceImage: size = array([0.405  , 0.50625])
28.1223 	EXP 	trial_faceImage: image = './images/Damon.jpg'
28.1223 	EXP 	trial_nameText: text = 'Clooney'
28.3276 	EXP 	trial_feedback_text: text = 'Time Out'
28.3276 	EXP 	trial_faceImage: autoDraw = True
28.3276 	EXP 	trial_nameText: autoDraw = True
28.3466 	EXP 	trial_feedback_text: text = 'Time Out'
28.3638 	EXP 	trial_feedback_text: text = 'Time Out'
28.3813 	EXP 	trial_feedback_text: text = 'Time Out'
28.3990 	EXP 	trial_feedback_text: text = 'Time Out'
28.4157 	EXP 	trial_feedback_text: text = 'Time Out'
28.4316 	EXP 	trial_feedback_text: text = 'Time Out'
28.4488 	EXP 	trial_feedback_text: text = 'Time Out'
28.4658 	EXP 	trial_feedback_text: text = 'Time Out'
28.4820 	EXP 	trial_feedback_text: text = 'Time Out'
28.4998 	EXP 	trial_feedback_text: text = 'Time Out'
28.5170 	EXP 	trial_feedback_text: text = 'Time Out'
28.5335 	EXP 	trial_feedback_text: text = 'Time Out'
28.5511 	EXP 	trial_feedback_text: text = 'Time Out'
28.5671 	EXP 	trial_feedback_text: text = 'Time Out'
28.5840 	EXP 	trial_feedback_text: text = 'Time Out'
28.6002 	EXP 	trial_feedback_text: text = 'Time Out'
28.6179 	EXP 	trial_feedback_text: text = 'Time Out'
28.6341 	EXP 	trial_feedback_text: text = 'Time Out'
28.6524 	EXP 	trial_feedback_text: text = 'Time Out'
28.6691 	EXP 	trial_feedback_text: text = 'Time Out'
28.6862 	EXP 	trial_feedback_text: text = 'Time Out'
28.7071 	EXP 	trial_feedback_text: text = 'Time Out'
28.7244 	EXP 	trial_feedback_text: text = 'Time Out'
28.7421 	EXP 	trial_feedback_text: text = 'Time Out'
28.7589 	EXP 	trial_feedback_text: text = 'Time Out'
28.7762 	EXP 	trial_feedback_text: text = 'Time Out'
28.7927 	EXP 	trial_feedback_text: text = 'Time Out'
28.8105 	EXP 	trial_feedback_text: text = 'Time Out'
28.8265 	EXP 	trial_feedback_text: text = 'Time Out'
28.8447 	EXP 	trial_feedback_text: text = 'Time Out'
28.8620 	EXP 	trial_feedback_text: text = 'Time Out'
28.8798 	EXP 	trial_feedback_text: text = 'Time Out'
28.8968 	EXP 	trial_feedback_text: text = 'Time Out'
28.9143 	EXP 	trial_feedback_text: text = 'Time Out'
28.9312 	EXP 	trial_feedback_text: text = 'Time Out'
28.9555 	EXP 	trial_feedback_text: text = 'Time Out'
28.9736 	EXP 	trial_feedback_text: text = 'Time Out'
28.9906 	EXP 	trial_feedback_text: text = 'Time Out'
29.0095 	EXP 	trial_feedback_text: text = 'Time Out'
29.0255 	EXP 	trial_feedback_text: text = 'Time Out'
29.0434 	EXP 	trial_feedback_text: text = 'Time Out'
29.0608 	EXP 	trial_feedback_text: text = 'Time Out'
29.0787 	EXP 	trial_feedback_text: text = 'Time Out'
29.0956 	EXP 	trial_feedback_text: text = 'Time Out'
29.1133 	EXP 	trial_feedback_text: text = 'Time Out'
29.1298 	EXP 	trial_feedback_text: text = 'Time Out'
29.1480 	EXP 	trial_feedback_text: text = 'Time Out'
29.1641 	EXP 	trial_feedback_text: text = 'Time Out'
29.1892 	EXP 	trial_feedback_text: text = 'Time Out'
29.2084 	EXP 	trial_feedback_text: text = 'Time Out'
29.2256 	EXP 	trial_feedback_text: text = 'Time Out'
29.2432 	EXP 	trial_feedback_text: text = 'Time Out'
29.2603 	EXP 	trial_feedback_text: text = 'Time Out'
29.2785 	EXP 	trial_feedback_text: text = 'Time Out'
29.2938 	EXP 	trial_faceImage: autoDraw = False
29.2938 	EXP 	trial_nameText: autoDraw = False
29.2938 	EXP 	trial_faceImage: autoDraw = False
29.2938 	EXP 	trial_nameText: autoDraw = False
29.2938 	EXP 	trial_feedback_text: autoDraw = True
29.7906 	EXP 	trial_feedback_text: autoDraw = False
29.8067 	EXP 	trial_blank_text: autoDraw = True
30.7956 	EXP 	trial_blank_text: autoDraw = False
30.7956 	EXP 	trial_feedback_text: autoDraw = False
30.7956 	EXP 	trial_blank_text: autoDraw = False
30.7956 	EXP 	trial_faceImage: size = array([0.405  , 0.50625])
30.7956 	EXP 	trial_faceImage: image = './images/Cruise.jpg'
30.7956 	EXP 	trial_nameText: text = 'Clooney'
30.9947 	EXP 	trial_feedback_text: text = 'Time Out'
30.9947 	EXP 	trial_faceImage: autoDraw = True
30.9947 	EXP 	trial_nameText: autoDraw = True
31.0129 	EXP 	trial_feedback_text: text = 'Time Out'
31.0297 	EXP 	trial_feedback_text: text = 'Time Out'
31.0568 	EXP 	trial_feedback_text: text = 'Time Out'
31.0741 	EXP 	trial_feedback_text: text = 'Time Out'
31.0914 	EXP 	trial_feedback_text: text = 'Time Out'
31.1085 	EXP 	trial_feedback_text: text = 'Time Out'
31.1256 	EXP 	trial_feedback_text: text = 'Time Out'
31.1431 	EXP 	trial_feedback_text: text = 'Time Out'
31.1621 	EXP 	trial_feedback_text: text = 'Time Out'
31.1906 	EXP 	trial_feedback_text: text = 'Time Out'
31.2098 	EXP 	trial_feedback_text: text = 'Time Out'
31.2290 	EXP 	trial_feedback_text: text = 'Time Out'
31.2488 	EXP 	trial_feedback_text: text = 'Time Out'
31.2655 	EXP 	trial_feedback_text: text = 'Time Out'
31.2822 	EXP 	trial_feedback_text: text = 'Time Out'
31.3001 	EXP 	trial_feedback_text: text = 'Time Out'
31.3184 	EXP 	trial_feedback_text: text = 'Time Out'
31.3360 	EXP 	trial_feedback_text: text = 'Time Out'
31.3574 	EXP 	trial_feedback_text: text = 'Time Out'
31.3745 	EXP 	trial_feedback_text: text = 'Time Out'
31.3918 	EXP 	trial_feedback_text: text = 'Time Out'
31.4085 	EXP 	trial_feedback_text: text = 'Time Out'
31.4251 	EXP 	trial_feedback_text: text = 'Time Out'
31.4420 	EXP 	trial_feedback_text: text = 'Time Out'
31.4603 	EXP 	trial_feedback_text: text = 'Time Out'
31.4768 	EXP 	trial_feedback_text: text = 'Time Out'
31.4953 	EXP 	trial_feedback_text: text = 'Time Out'
31.5132 	EXP 	trial_feedback_text: text = 'Time Out'
31.5301 	EXP 	trial_feedback_text: text = 'Time Out'
31.5571 	EXP 	trial_feedback_text: text = 'Time Out'
31.5746 	EXP 	trial_feedback_text: text = 'Time Out'
31.5916 	EXP 	trial_feedback_text: text = 'Time Out'
31.6090 	EXP 	trial_feedback_text: text = 'Time Out'
31.6256 	EXP 	trial_feedback_text: text = 'Time Out'
31.6417 	EXP 	trial_feedback_text: text = 'Time Out'
31.6585 	EXP 	trial_feedback_text: text = 'Time Out'
31.6751 	EXP 	trial_feedback_text: text = 'Time Out'
31.6920 	EXP 	trial_feedback_text: text = 'Time Out'
31.7088 	EXP 	trial_feedback_text: text = 'Time Out'
31.7256 	EXP 	trial_feedback_text: text = 'Time Out'
31.7424 	EXP 	trial_feedback_text: text = 'Time Out'
31.7586 	EXP 	trial_feedback_text: text = 'Time Out'
31.7749 	EXP 	trial_feedback_text: text = 'Time Out'
31.7915 	EXP 	trial_feedback_text: text = 'Time Out'
31.8079 	EXP 	trial_feedback_text: text = 'Time Out'
31.8248 	EXP 	trial_feedback_text: text = 'Time Out'
31.8415 	EXP 	trial_feedback_text: text = 'Time Out'
31.8589 	EXP 	trial_feedback_text: text = 'Time Out'
31.8753 	EXP 	trial_feedback_text: text = 'Time Out'
31.8925 	EXP 	trial_feedback_text: text = 'Time Out'
31.9089 	EXP 	trial_feedback_text: text = 'Time Out'
31.9261 	EXP 	trial_feedback_text: text = 'Time Out'
31.9436 	EXP 	trial_feedback_text: text = 'Time Out'
31.9619 	EXP 	trial_feedback_text: text = 'Time Out'
31.9791 	EXP 	trial_feedback_text: text = 'Time Out'
31.9932 	EXP 	trial_faceImage: autoDraw = False
31.9932 	EXP 	trial_nameText: autoDraw = False
31.9932 	EXP 	trial_faceImage: autoDraw = False
31.9932 	EXP 	trial_nameText: autoDraw = False
31.9932 	EXP 	trial_feedback_text: autoDraw = True
32.4915 	EXP 	trial_feedback_text: autoDraw = False
32.5084 	EXP 	trial_blank_text: autoDraw = True
33.4992 	EXP 	trial_blank_text: autoDraw = False
33.4992 	EXP 	trial_feedback_text: autoDraw = False
33.4992 	EXP 	trial_blank_text: autoDraw = False
33.4992 	EXP 	trial_faceImage: size = array([0.405  , 0.50625])
33.4992 	EXP 	trial_faceImage: image = './images/Damon.jpg'
33.4992 	EXP 	trial_nameText: text = 'Damon'
33.7096 	EXP 	trial_feedback_text: text = 'Time Out'
33.7096 	EXP 	trial_faceImage: autoDraw = True
33.7096 	EXP 	trial_nameText: autoDraw = True
33.7274 	EXP 	trial_feedback_text: text = 'Time Out'
33.7452 	EXP 	trial_feedback_text: text = 'Time Out'
33.7629 	EXP 	trial_feedback_text: text = 'Time Out'
33.7807 	EXP 	trial_feedback_text: text = 'Time Out'
33.7977 	EXP 	trial_feedback_text: text = 'Time Out'
33.8251 	EXP 	trial_feedback_text: text = 'Time Out'
33.8422 	EXP 	trial_feedback_text: text = 'Time Out'
33.8589 	EXP 	trial_feedback_text: text = 'Time Out'
33.8754 	EXP 	trial_feedback_text: text = 'Time Out'
33.8922 	EXP 	trial_feedback_text: text = 'Time Out'
33.9088 	EXP 	trial_feedback_text: text = 'Time Out'
33.9253 	EXP 	trial_feedback_text: text = 'Time Out'
33.9419 	EXP 	trial_feedback_text: text = 'Time Out'
33.9599 	EXP 	trial_feedback_text: text = 'Time Out'
33.9768 	EXP 	trial_feedback_text: text = 'Time Out'
33.9943 	EXP 	trial_feedback_text: text = 'Time Out'
34.0103 	EXP 	trial_feedback_text: text = 'Time Out'
34.0275 	EXP 	trial_feedback_text: text = 'Time Out'
34.0442 	EXP 	trial_feedback_text: text = 'Time Out'
34.0621 	EXP 	trial_feedback_text: text = 'Time Out'
34.0785 	EXP 	trial_feedback_text: text = 'Time Out'
34.0956 	EXP 	trial_feedback_text: text = 'Time Out'
34.1146 	EXP 	trial_feedback_text: text = 'Time Out'
34.1424 	EXP 	trial_feedback_text: text = 'Time Out'
34.1592 	EXP 	trial_feedback_text: text = 'Time Out'
34.1760 	EXP 	trial_feedback_text: text = 'Time Out'
34.1934 	EXP 	trial_feedback_text: text = 'Time Out'
34.2095 	EXP 	trial_feedback_text: text = 'Time Out'
34.2271 	EXP 	trial_feedback_text: text = 'Time Out'
34.2431 	EXP 	trial_feedback_text: text = 'Time Out'
34.2605 	EXP 	trial_feedback_text: text = 'Time Out'
34.2774 	EXP 	trial_feedback_text: text = 'Time Out'
34.2962 	EXP 	trial_feedback_text: text = 'Time Out'
34.3144 	EXP 	trial_feedback_text: text = 'Time Out'
34.3312 	EXP 	trial_feedback_text: text = 'Time Out'
34.3484 	EXP 	trial_feedback_text: text = 'Time Out'
34.3657 	EXP 	trial_feedback_text: text = 'Time Out'
34.3919 	EXP 	trial_feedback_text: text = 'Time Out'
34.4102 	EXP 	trial_feedback_text: text = 'Time Out'
34.4274 	EXP 	trial_feedback_text: text = 'Time Out'
34.4448 	EXP 	trial_feedback_text: text = 'Time Out'
34.4610 	EXP 	trial_feedback_text: text = 'Time Out'
34.4774 	EXP 	trial_feedback_text: text = 'Time Out'
34.4955 	EXP 	trial_feedback_text: text = 'Time Out'
34.5130 	EXP 	trial_feedback_text: text = 'Time Out'
34.5296 	EXP 	trial_feedback_text: text = 'Time Out'
34.5462 	EXP 	trial_feedback_text: text = 'Time Out'
34.5624 	EXP 	trial_feedback_text: text = 'Time Out'
34.5796 	EXP 	trial_feedback_text: text = 'Time Out'
34.5962 	EXP 	trial_feedback_text: text = 'Time Out'
34.6135 	EXP 	trial_feedback_text: text = 'Time Out'
34.6296 	EXP 	trial_feedback_text: text = 'Time Out'
34.6463 	EXP 	trial_feedback_text: text = 'Time Out'
34.6630 	EXP 	trial_feedback_text: text = 'Time Out'
34.6801 	EXP 	trial_feedback_text: text = 'Time Out'
34.6932 	EXP 	trial_faceImage: autoDraw = False
34.6932 	EXP 	trial_nameText: autoDraw = False
34.6932 	EXP 	trial_faceImage: autoDraw = False
34.6932 	EXP 	trial_nameText: autoDraw = False
34.6932 	EXP 	trial_feedback_text: autoDraw = True
35.1937 	EXP 	trial_feedback_text: autoDraw = False
35.2124 	EXP 	trial_blank_text: autoDraw = True
36.2008 	EXP 	trial_blank_text: autoDraw = False
36.2008 	EXP 	trial_feedback_text: autoDraw = False
36.2008 	EXP 	trial_blank_text: autoDraw = False
36.2008 	EXP 	trial_faceImage: size = array([0.405  , 0.50625])
36.2008 	EXP 	trial_faceImage: image = './images/Damon.jpg'
36.2008 	EXP 	trial_nameText: text = 'Cruise'
36.4132 	EXP 	trial_feedback_text: text = 'Time Out'
36.4132 	EXP 	trial_faceImage: autoDraw = True
36.4132 	EXP 	trial_nameText: autoDraw = True
36.4305 	EXP 	trial_feedback_text: text = 'Time Out'
36.4488 	EXP 	trial_feedback_text: text = 'Time Out'
36.4662 	EXP 	trial_feedback_text: text = 'Time Out'
36.4930 	EXP 	trial_feedback_text: text = 'Time Out'
36.5120 	EXP 	trial_feedback_text: text = 'Time Out'
36.5285 	EXP 	trial_feedback_text: text = 'Time Out'
36.5474 	EXP 	trial_feedback_text: text = 'Time Out'
36.5645 	EXP 	trial_feedback_text: text = 'Time Out'
36.5828 	EXP 	trial_feedback_text: text = 'Time Out'
36.6002 	EXP 	trial_feedback_text: text = 'Time Out'
36.6259 	EXP 	trial_feedback_text: text = 'Time Out'
36.6454 	EXP 	trial_feedback_text: text = 'Time Out'
36.6628 	EXP 	trial_feedback_text: text = 'Time Out'
36.6822 	EXP 	trial_feedback_text: text = 'Time Out'
36.7000 	EXP 	trial_feedback_text: text = 'Time Out'
36.7258 	EXP 	trial_feedback_text: text = 'Time Out'
36.7456 	EXP 	trial_feedback_text: text = 'Time Out'
36.7632 	EXP 	trial_feedback_text: text = 'Time Out'
36.7824 	EXP 	trial_feedback_text: text = 'Time Out'
36.8008 	EXP 	trial_feedback_text: text = 'Time Out'
36.8265 	EXP 	trial_feedback_text: text = 'Time Out'
36.8451 	EXP 	trial_feedback_text: text = 'Time Out'
36.8647 	EXP 	trial_feedback_text: text = 'Time Out'
36.8831 	EXP 	trial_feedback_text: text = 'Time Out'
36.9010 	EXP 	trial_feedback_text: text = 'Time Out'
36.9265 	EXP 	trial_feedback_text: text = 'Time Out'
36.9448 	EXP 	trial_feedback_text: text = 'Time Out'
36.9614 	EXP 	trial_feedback_text: text = 'Time Out'
36.9767 	EXP 	trial_feedback_text: text = 'Time Out'
36.9933 	EXP 	trial_feedback_text: text = 'Time Out'
37.0116 	EXP 	trial_feedback_text: text = 'Time Out'
37.0276 	EXP 	trial_feedback_text: text = 'Time Out'
37.0451 	EXP 	trial_feedback_text: text = 'Time Out'
37.0606 	EXP 	trial_feedback_text: text = 'Time Out'
37.0784 	EXP 	trial_feedback_text: text = 'Time Out'
37.0944 	EXP 	trial_feedback_text: text = 'Time Out'
37.1120 	EXP 	trial_feedback_text: text = 'Time Out'
37.1276 	EXP 	trial_feedback_text: text = 'Time Out'
37.1453 	EXP 	trial_feedback_text: text = 'Time Out'
37.1617 	EXP 	trial_feedback_text: text = 'Time Out'
37.1784 	EXP 	trial_feedback_text: text = 'Time Out'
37.1943 	EXP 	trial_feedback_text: text = 'Time Out'
37.2120 	EXP 	trial_feedback_text: text = 'Time Out'
37.2278 	EXP 	trial_feedback_text: text = 'Time Out'
37.2452 	EXP 	trial_feedback_text: text = 'Time Out'
37.2608 	EXP 	trial_feedback_text: text = 'Time Out'
37.2786 	EXP 	trial_feedback_text: text = 'Time Out'
37.2943 	EXP 	trial_feedback_text: text = 'Time Out'
37.3120 	EXP 	trial_feedback_text: text = 'Time Out'
37.3278 	EXP 	trial_feedback_text: text = 'Time Out'
37.3456 	EXP 	trial_feedback_text: text = 'Time Out'
37.3616 	EXP 	trial_feedback_text: text = 'Time Out'
37.3784 	EXP 	trial_feedback_text: text = 'Time Out'
37.3942 	EXP 	trial_faceImage: autoDraw = False
37.3942 	EXP 	trial_nameText: autoDraw = False
37.3942 	EXP 	trial_faceImage: autoDraw = False
37.3942 	EXP 	trial_nameText: autoDraw = False
37.3942 	EXP 	trial_feedback_text: autoDraw = True
37.8945 	EXP 	trial_feedback_text: autoDraw = False
37.8945 	EXP 	trial_blank_text: autoDraw = True
38.8947 	EXP 	trial_blank_text: autoDraw = False
38.8947 	EXP 	trial_feedback_text: autoDraw = False
38.8947 	EXP 	trial_blank_text: autoDraw = False
38.8947 	EXP 	break_text: autoDraw = True
58.8953 	EXP 	break_text: autoDraw = False
58.8953 	EXP 	break_text: autoDraw = False
59.1985 	EXP 	window1: mouseVisible = True
