13.3733 	WARNING 	Import Error: No module named 'psychtoolbox'. Using event module for keyboard component.
18.6711 	WARNING 	User requested fullscreen with size [1920 1080], but screen is actually [1280, 800]. Using actual size
19.8455 	EXP 	Created window1 = Window(allowGUI=False, allowStencil=False, args=UNKNOWN, autoLog=True, bitsMode=UNKNOWN, blendMode='avg', color=array([0., 0., 0.]), colorSpace='rgb', fullscr=<method-wrapper '__getattribute__' of attributeSetter object at 0x12168fc18>, gamma=None, kwargs=UNKNOWN, lms=UNKNOWN, monitor=<psychopy.monitors.calibTools.Monitor object at 0x12240f0b8>, multiSample=False, name='window1', numSamples=2, pos=[0.0, 0.0], screen=0, size=array([2560, 1600]), stereo=False, units='height', useFBO=True, useRetina=True, viewOri=0.0, viewPos=None, viewScale=None, waitBlanking=True, winType='pyglet')
20.1220 	EXP 	Created prac_instr_text = TextStim(__class__=<class 'psychopy.visual.text.TextStim'>, alignHoriz='center', alignVert='center', antialias=True, autoLog=True, bold=False, color='white', colorSpace='named', contrast=1.0, depth=0.0, flipHoriz=False, flipVert=False, font='Arial', fontFiles=[], height=0.04, italic=False, languageStyle='LTR', name='prac_instr_text', opacity=1.0, ori=0, pos=array([0., 0.]), rgb=array([255., 255., 255.]), text=str(...), units='height', win=Window(...), wrapWidth=1)
20.1242 	EXP 	Created prac_trial_faceImage = ImageStim(__class__=<class 'psychopy.visual.image.ImageStim'>, autoLog=True, color=array([1., 1., 1.]), colorSpace='rgb', contrast=1.0, depth=-1.0, flipHoriz=False, flipVert=False, image='sin', interpolate=True, mask=None, maskParams=None, name='prac_trial_faceImage', opacity=1.0, ori=0.0, pos=array([0., 0.]), size=array([0.5, 0.5]), texRes=128, units='height', win=Window(...))
20.1399 	EXP 	Created prac_trial_nameText = TextStim(__class__=<class 'psychopy.visual.text.TextStim'>, alignHoriz='center', alignVert='center', antialias=True, autoLog=True, bold=False, color='white', colorSpace='named', contrast=1.0, depth=-2.0, flipHoriz=False, flipVert=False, font='Arial', fontFiles=[], height=0.1, italic=False, languageStyle='LTR', name='prac_trial_nameText', opacity=1.0, ori=0, pos=array([ 0. , -0.1]), rgb=array([255., 255., 255.]), text='default text', units='height', win=Window(...), wrapWidth=1)
20.1467 	EXP 	Created pract_trial_feedback_text = TextStim(__class__=<class 'psychopy.visual.text.TextStim'>, alignHoriz='center', alignVert='center', antialias=True, autoLog=True, bold=False, color='white', colorSpace='named', contrast=1.0, depth=0.0, flipHoriz=False, flipVert=False, font='Arial', fontFiles=[], height=0.1, italic=False, languageStyle='LTR', name='pract_trial_feedback_text', opacity=1.0, ori=0, pos=array([0., 0.]), rgb=array([255., 255., 255.]), text='Time Out', units='height', win=Window(...), wrapWidth=1)
20.1477 	EXP 	Created prac_trial_blank_text = TextStim(__class__=<class 'psychopy.visual.text.TextStim'>, alignHoriz='center', alignVert='center', antialias=True, autoLog=True, bold=False, color='white', colorSpace='named', contrast=1.0, depth=-1.0, flipHoriz=False, flipVert=False, font='Arial', fontFiles=[], height=0.1, italic=False, languageStyle='LTR', name='prac_trial_blank_text', opacity=1.0, ori=0, pos=array([0., 0.]), rgb=array([255., 255., 255.]), text='', units='height', win=Window(...), wrapWidth=1)
20.1793 	EXP 	Created prac_accuracy_text = TextStim(__class__=<class 'psychopy.visual.text.TextStim'>, alignHoriz='center', alignVert='center', antialias=True, autoLog=True, bold=False, color='white', colorSpace='named', contrast=1.0, depth=0.0, flipHoriz=False, flipVert=False, font='Arial', fontFiles=[], height=0.05, italic=False, languageStyle='LTR', name='prac_accuracy_text', opacity=1.0, ori=0, pos=array([0., 0.]), rgb=array([255., 255., 255.]), text=str(...), units='height', win=Window(...), wrapWidth=1)
20.2385 	EXP 	Created instr_text = TextStim(__class__=<class 'psychopy.visual.text.TextStim'>, alignHoriz='center', alignVert='center', antialias=True, autoLog=True, bold=False, color='white', colorSpace='named', contrast=1.0, depth=0.0, flipHoriz=False, flipVert=False, font='Arial', fontFiles=[], height=0.04, italic=False, languageStyle='LTR', name='instr_text', opacity=1.0, ori=0, pos=array([0., 0.]), rgb=array([255., 255., 255.]), text=str(...), units='height', win=Window(...), wrapWidth=1)
20.2404 	EXP 	Created trial_faceImage = ImageStim(__class__=<class 'psychopy.visual.image.ImageStim'>, autoLog=True, color=array([1., 1., 1.]), colorSpace='rgb', contrast=1.0, depth=-1.0, flipHoriz=False, flipVert=False, image='sin', interpolate=True, mask=None, maskParams=None, name='trial_faceImage', opacity=1.0, ori=0.0, pos=array([0., 0.]), size=array([0.5, 0.5]), texRes=128, units='height', win=Window(...))
20.2446 	EXP 	Created trial_nameText = TextStim(__class__=<class 'psychopy.visual.text.TextStim'>, alignHoriz='center', alignVert='center', antialias=True, autoLog=True, bold=False, color='white', colorSpace='named', contrast=1.0, depth=-2.0, flipHoriz=False, flipVert=False, font='Arial', fontFiles=[], height=0.1, italic=False, languageStyle='LTR', name='trial_nameText', opacity=1.0, ori=0, pos=array([ 0. , -0.1]), rgb=array([255., 255., 255.]), text='default text', units='height', win=Window(...), wrapWidth=1)
20.2502 	EXP 	Created trial_feedback_text = TextStim(__class__=<class 'psychopy.visual.text.TextStim'>, alignHoriz='center', alignVert='center', antialias=True, autoLog=True, bold=False, color='white', colorSpace='named', contrast=1.0, depth=0.0, flipHoriz=False, flipVert=False, font='Arial', fontFiles=[], height=0.1, italic=False, languageStyle='LTR', name='trial_feedback_text', opacity=1.0, ori=0, pos=array([0., 0.]), rgb=array([255., 255., 255.]), text='Time Out', units='height', win=Window(...), wrapWidth=1)
20.2509 	EXP 	Created trial_blank_text = TextStim(__class__=<class 'psychopy.visual.text.TextStim'>, alignHoriz='center', alignVert='center', antialias=True, autoLog=True, bold=False, color='white', colorSpace='named', contrast=1.0, depth=-1.0, flipHoriz=False, flipVert=False, font='Arial', fontFiles=[], height=0.1, italic=False, languageStyle='LTR', name='trial_blank_text', opacity=1.0, ori=0, pos=array([0., 0.]), rgb=array([255., 255., 255.]), text='', units='height', win=Window(...), wrapWidth=1)
20.2709 	EXP 	Created break_text = TextStim(__class__=<class 'psychopy.visual.text.TextStim'>, alignHoriz='center', alignVert='center', antialias=True, autoLog=True, bold=False, color='white', colorSpace='named', contrast=1.0, depth=0.0, flipHoriz=False, flipVert=False, font='Arial', fontFiles=[], height=0.05, italic=False, languageStyle='LTR', name='break_text', opacity=1.0, ori=0, pos=array([0., 0.]), rgb=array([255., 255., 255.]), text=str(...), units='height', win=Window(...), wrapWidth=1)
20.2919 	EXP 	prac_instr_text: autoDraw = True
21.4967 	DATA 	Keypress: space
21.5309 	EXP 	prac_instr_text: autoDraw = False
21.5309 	EXP 	instr_text: autoDraw = True
25.3329 	DATA 	Keypress: space
25.5326 	EXP 	instr_text: autoDraw = False
25.5326 	EXP 	trial_faceImage: size = array([0.405  , 0.50625])
25.5326 	EXP 	trial_faceImage: image = './images/Damon.jpg'
25.5326 	EXP 	trial_nameText: text = 'Cruise'
25.5762 	EXP 	trial_feedback_text: text = 'Time Out'
25.5762 	EXP 	trial_faceImage: autoDraw = True
25.5762 	EXP 	trial_nameText: autoDraw = True
25.5965 	EXP 	trial_feedback_text: text = 'Time Out'
25.6119 	EXP 	trial_feedback_text: text = 'Time Out'
25.6303 	EXP 	trial_feedback_text: text = 'Time Out'
25.6450 	EXP 	trial_feedback_text: text = 'Time Out'
25.6644 	EXP 	trial_feedback_text: text = 'Time Out'
25.6791 	EXP 	trial_feedback_text: text = 'Time Out'
25.6986 	EXP 	trial_feedback_text: text = 'Time Out'
25.7151 	EXP 	trial_feedback_text: text = 'Time Out'
25.7329 	EXP 	trial_feedback_text: text = 'Time Out'
25.7481 	EXP 	trial_feedback_text: text = 'Time Out'
25.7657 	EXP 	trial_feedback_text: text = 'Time Out'
25.7817 	EXP 	trial_feedback_text: text = 'Time Out'
25.8007 	EXP 	trial_feedback_text: text = 'Time Out'
25.8184 	EXP 	trial_feedback_text: text = 'Time Out'
25.8425 	EXP 	trial_feedback_text: text = 'Time Out'
25.8643 	EXP 	trial_feedback_text: text = 'Time Out'
25.8815 	EXP 	trial_feedback_text: text = 'Time Out'
25.8997 	EXP 	trial_feedback_text: text = 'Time Out'
25.9147 	EXP 	trial_feedback_text: text = 'Time Out'
25.9321 	EXP 	trial_feedback_text: text = 'Time Out'
25.9472 	EXP 	trial_feedback_text: text = 'Time Out'
25.9652 	EXP 	trial_feedback_text: text = 'Time Out'
25.9813 	EXP 	trial_feedback_text: text = 'Time Out'
25.9984 	EXP 	trial_feedback_text: text = 'Time Out'
26.0149 	EXP 	trial_feedback_text: text = 'Time Out'
26.0342 	EXP 	trial_feedback_text: text = 'Time Out'
26.0516 	EXP 	trial_feedback_text: text = 'Time Out'
26.0760 	EXP 	trial_feedback_text: text = 'Time Out'
26.0961 	EXP 	trial_feedback_text: text = 'Time Out'
26.1117 	EXP 	trial_feedback_text: text = 'Time Out'
26.1313 	EXP 	trial_feedback_text: text = 'Time Out'
26.1479 	EXP 	trial_feedback_text: text = 'Time Out'
26.1678 	EXP 	trial_feedback_text: text = 'Time Out'
26.1847 	EXP 	trial_feedback_text: text = 'Time Out'
26.2091 	EXP 	trial_feedback_text: text = 'Time Out'
26.2308 	EXP 	trial_feedback_text: text = 'Time Out'
26.2462 	EXP 	trial_feedback_text: text = 'Time Out'
26.2647 	EXP 	trial_feedback_text: text = 'Time Out'
26.2813 	EXP 	trial_feedback_text: text = 'Time Out'
26.2991 	EXP 	trial_feedback_text: text = 'Time Out'
26.3032 	DATA 	Keypress: v
26.3438 	EXP 	trial_feedback_text: text = 'Time Out'
26.3438 	EXP 	trial_feedback_text: text = 'Incorrect'
26.3438 	EXP 	trial_faceImage: autoDraw = False
26.3438 	EXP 	trial_nameText: autoDraw = False
26.3438 	EXP 	trial_feedback_text: autoDraw = True
26.8300 	EXP 	trial_feedback_text: autoDraw = False
26.8440 	EXP 	trial_blank_text: autoDraw = True
27.8644 	EXP 	trial_blank_text: autoDraw = False
27.8644 	EXP 	trial_feedback_text: autoDraw = False
27.8644 	EXP 	trial_blank_text: autoDraw = False
27.8644 	EXP 	trial_faceImage: size = array([0.405  , 0.50625])
27.8644 	EXP 	trial_faceImage: image = './images/Clooney.jpg'
27.8644 	EXP 	trial_nameText: text = 'Clooney'
28.0634 	EXP 	trial_feedback_text: text = 'Time Out'
28.0634 	EXP 	trial_faceImage: autoDraw = True
28.0634 	EXP 	trial_nameText: autoDraw = True
28.0785 	EXP 	trial_feedback_text: text = 'Time Out'
28.0985 	EXP 	trial_feedback_text: text = 'Time Out'
28.1145 	EXP 	trial_feedback_text: text = 'Time Out'
28.1340 	EXP 	trial_feedback_text: text = 'Time Out'
28.1490 	EXP 	trial_feedback_text: text = 'Time Out'
28.1668 	EXP 	trial_feedback_text: text = 'Time Out'
28.1824 	EXP 	trial_feedback_text: text = 'Time Out'
28.1999 	EXP 	trial_feedback_text: text = 'Time Out'
28.2152 	EXP 	trial_feedback_text: text = 'Time Out'
28.2329 	EXP 	trial_feedback_text: text = 'Time Out'
28.2476 	EXP 	trial_feedback_text: text = 'Time Out'
28.2667 	EXP 	trial_feedback_text: text = 'Time Out'
28.2825 	EXP 	trial_feedback_text: text = 'Time Out'
28.3010 	EXP 	trial_feedback_text: text = 'Time Out'
28.3166 	EXP 	trial_feedback_text: text = 'Time Out'
28.3355 	EXP 	trial_feedback_text: text = 'Time Out'
28.3615 	EXP 	trial_feedback_text: text = 'Time Out'
28.3647 	DATA 	Keypress: escape
28.6564 	EXP 	window1: mouseVisible = True
9.8524 	WARNING 	Import Error: No module named 'psychtoolbox'. Using event module for keyboard component.
13.6219 	WARNING 	User requested fullscreen with size [1920 1080], but screen is actually [1280, 800]. Using actual size
15.9191 	WARNING 	Couldn't measure a consistent frame rate.
  - Is your graphics card set to sync to vertical blank?
  - Are you running other processes on your computer?

15.9195 	EXP 	Created window1 = Window(allowGUI=False, allowStencil=False, args=UNKNOWN, autoLog=True, bitsMode=UNKNOWN, blendMode='avg', color=array([0., 0., 0.]), colorSpace='rgb', fullscr=<method-wrapper '__getattribute__' of attributeSetter object at 0x11edebb00>, gamma=None, kwargs=UNKNOWN, lms=UNKNOWN, monitor=<psychopy.monitors.calibTools.Monitor object at 0x11fbaf080>, multiSample=False, name='window1', numSamples=2, pos=[0.0, 0.0], screen=0, size=array([2560, 1600]), stereo=False, units='height', useFBO=True, useRetina=True, viewOri=0.0, viewPos=None, viewScale=None, waitBlanking=True, winType='pyglet')
16.1163 	EXP 	Created prac_instr_text = TextStim(__class__=<class 'psychopy.visual.text.TextStim'>, alignHoriz='center', alignVert='center', antialias=True, autoLog=True, bold=False, color='white', colorSpace='named', contrast=1.0, depth=0.0, flipHoriz=False, flipVert=False, font='Arial', fontFiles=[], height=0.04, italic=False, languageStyle='LTR', name='prac_instr_text', opacity=1.0, ori=0, pos=array([0., 0.]), rgb=array([255., 255., 255.]), text=str(...), units='height', win=Window(...), wrapWidth=1)
16.1183 	EXP 	Created prac_trial_faceImage = ImageStim(__class__=<class 'psychopy.visual.image.ImageStim'>, autoLog=True, color=array([1., 1., 1.]), colorSpace='rgb', contrast=1.0, depth=-1.0, flipHoriz=False, flipVert=False, image='sin', interpolate=True, mask=None, maskParams=None, name='prac_trial_faceImage', opacity=1.0, ori=0.0, pos=array([0., 0.]), size=array([0.5, 0.5]), texRes=128, units='height', win=Window(...))
16.1288 	EXP 	Created prac_trial_nameText = TextStim(__class__=<class 'psychopy.visual.text.TextStim'>, alignHoriz='center', alignVert='center', antialias=True, autoLog=True, bold=False, color='white', colorSpace='named', contrast=1.0, depth=-2.0, flipHoriz=False, flipVert=False, font='Arial', fontFiles=[], height=0.1, italic=False, languageStyle='LTR', name='prac_trial_nameText', opacity=1.0, ori=0, pos=array([ 0. , -0.1]), rgb=array([255., 255., 255.]), text='default text', units='height', win=Window(...), wrapWidth=1)
16.1350 	EXP 	Created pract_trial_feedback_text = TextStim(__class__=<class 'psychopy.visual.text.TextStim'>, alignHoriz='center', alignVert='center', antialias=True, autoLog=True, bold=False, color='white', colorSpace='named', contrast=1.0, depth=0.0, flipHoriz=False, flipVert=False, font='Arial', fontFiles=[], height=0.1, italic=False, languageStyle='LTR', name='pract_trial_feedback_text', opacity=1.0, ori=0, pos=array([0., 0.]), rgb=array([255., 255., 255.]), text='Time Out', units='height', win=Window(...), wrapWidth=1)
16.1356 	EXP 	Created prac_trial_blank_text = TextStim(__class__=<class 'psychopy.visual.text.TextStim'>, alignHoriz='center', alignVert='center', antialias=True, autoLog=True, bold=False, color='white', colorSpace='named', contrast=1.0, depth=-1.0, flipHoriz=False, flipVert=False, font='Arial', fontFiles=[], height=0.1, italic=False, languageStyle='LTR', name='prac_trial_blank_text', opacity=1.0, ori=0, pos=array([0., 0.]), rgb=array([255., 255., 255.]), text='', units='height', win=Window(...), wrapWidth=1)
16.1677 	EXP 	Created prac_accuracy_text = TextStim(__class__=<class 'psychopy.visual.text.TextStim'>, alignHoriz='center', alignVert='center', antialias=True, autoLog=True, bold=False, color='white', colorSpace='named', contrast=1.0, depth=0.0, flipHoriz=False, flipVert=False, font='Arial', fontFiles=[], height=0.05, italic=False, languageStyle='LTR', name='prac_accuracy_text', opacity=1.0, ori=0, pos=array([0., 0.]), rgb=array([255., 255., 255.]), text=str(...), units='height', win=Window(...), wrapWidth=1)
16.2353 	EXP 	Created instr_text = TextStim(__class__=<class 'psychopy.visual.text.TextStim'>, alignHoriz='center', alignVert='center', antialias=True, autoLog=True, bold=False, color='white', colorSpace='named', contrast=1.0, depth=0.0, flipHoriz=False, flipVert=False, font='Arial', fontFiles=[], height=0.04, italic=False, languageStyle='LTR', name='instr_text', opacity=1.0, ori=0, pos=array([0., 0.]), rgb=array([255., 255., 255.]), text=str(...), units='height', win=Window(...), wrapWidth=1)
16.2371 	EXP 	Created trial_faceImage = ImageStim(__class__=<class 'psychopy.visual.image.ImageStim'>, autoLog=True, color=array([1., 1., 1.]), colorSpace='rgb', contrast=1.0, depth=-1.0, flipHoriz=False, flipVert=False, image='sin', interpolate=True, mask=None, maskParams=None, name='trial_faceImage', opacity=1.0, ori=0.0, pos=array([0., 0.]), size=array([0.5, 0.5]), texRes=128, units='height', win=Window(...))
16.2413 	EXP 	Created trial_nameText = TextStim(__class__=<class 'psychopy.visual.text.TextStim'>, alignHoriz='center', alignVert='center', antialias=True, autoLog=True, bold=False, color='white', colorSpace='named', contrast=1.0, depth=-2.0, flipHoriz=False, flipVert=False, font='Arial', fontFiles=[], height=0.1, italic=False, languageStyle='LTR', name='trial_nameText', opacity=1.0, ori=0, pos=array([ 0. , -0.1]), rgb=array([255., 255., 255.]), text='default text', units='height', win=Window(...), wrapWidth=1)
16.2480 	EXP 	Created trial_feedback_text = TextStim(__class__=<class 'psychopy.visual.text.TextStim'>, alignHoriz='center', alignVert='center', antialias=True, autoLog=True, bold=False, color='white', colorSpace='named', contrast=1.0, depth=0.0, flipHoriz=False, flipVert=False, font='Arial', fontFiles=[], height=0.1, italic=False, languageStyle='LTR', name='trial_feedback_text', opacity=1.0, ori=0, pos=array([0., 0.]), rgb=array([255., 255., 255.]), text='Time Out', units='height', win=Window(...), wrapWidth=1)
16.2486 	EXP 	Created trial_blank_text = TextStim(__class__=<class 'psychopy.visual.text.TextStim'>, alignHoriz='center', alignVert='center', antialias=True, autoLog=True, bold=False, color='white', colorSpace='named', contrast=1.0, depth=-1.0, flipHoriz=False, flipVert=False, font='Arial', fontFiles=[], height=0.1, italic=False, languageStyle='LTR', name='trial_blank_text', opacity=1.0, ori=0, pos=array([0., 0.]), rgb=array([255., 255., 255.]), text='', units='height', win=Window(...), wrapWidth=1)
16.2664 	EXP 	Created break_text = TextStim(__class__=<class 'psychopy.visual.text.TextStim'>, alignHoriz='center', alignVert='center', antialias=True, autoLog=True, bold=False, color='white', colorSpace='named', contrast=1.0, depth=0.0, flipHoriz=False, flipVert=False, font='Arial', fontFiles=[], height=0.05, italic=False, languageStyle='LTR', name='break_text', opacity=1.0, ori=0, pos=array([0., 0.]), rgb=array([255., 255., 255.]), text=str(...), units='height', win=Window(...), wrapWidth=1)
16.2862 	WARNING 	t of last frame was 367.24ms (=1/2)
16.2862 	EXP 	prac_instr_text: autoDraw = True
17.2233 	DATA 	Keypress: space
17.2570 	EXP 	prac_instr_text: autoDraw = False
17.2570 	EXP 	instr_text: autoDraw = True
18.2218 	WARNING 	t of last frame was 20.51ms (=1/48)
18.3851 	WARNING 	t of last frame was 25.46ms (=1/39)
18.5585 	WARNING 	t of last frame was 20.91ms (=1/47)
18.6183 	WARNING 	Multiple dropped frames have occurred - I'll stop bothering you about them!
18.7272 	DATA 	Keypress: space
19.0735 	EXP 	instr_text: autoDraw = False
19.0735 	EXP 	trial_faceImage: size = array([0.405  , 0.50625])
19.0735 	EXP 	trial_faceImage: image = './images/Damon.jpg'
19.0735 	EXP 	trial_nameText: text = 'Cruise'
19.0735 	EXP 	trial_feedback_text: text = 'Time Out'
19.0735 	EXP 	trial_faceImage: autoDraw = True
19.0735 	EXP 	trial_nameText: autoDraw = True
19.0938 	EXP 	trial_feedback_text: text = 'Time Out'
19.1180 	EXP 	trial_feedback_text: text = 'Time Out'
19.1346 	EXP 	trial_feedback_text: text = 'Time Out'
19.1529 	EXP 	trial_feedback_text: text = 'Time Out'
19.1709 	EXP 	trial_feedback_text: text = 'Time Out'
19.1893 	EXP 	trial_feedback_text: text = 'Time Out'
19.2049 	EXP 	trial_feedback_text: text = 'Time Out'
19.2228 	EXP 	trial_feedback_text: text = 'Time Out'
19.2391 	EXP 	trial_feedback_text: text = 'Time Out'
19.2579 	EXP 	trial_feedback_text: text = 'Time Out'
19.2743 	EXP 	trial_feedback_text: text = 'Time Out'
19.2931 	EXP 	trial_feedback_text: text = 'Time Out'
19.3181 	EXP 	trial_feedback_text: text = 'Time Out'
19.3356 	EXP 	trial_feedback_text: text = 'Time Out'
19.3546 	EXP 	trial_feedback_text: text = 'Time Out'
19.3709 	EXP 	trial_feedback_text: text = 'Time Out'
19.3901 	EXP 	trial_feedback_text: text = 'Time Out'
19.4075 	EXP 	trial_feedback_text: text = 'Time Out'
19.4272 	EXP 	trial_feedback_text: text = 'Time Out'
19.4511 	EXP 	trial_feedback_text: text = 'Time Out'
19.4687 	EXP 	trial_feedback_text: text = 'Time Out'
19.4889 	EXP 	trial_feedback_text: text = 'Time Out'
19.5045 	EXP 	trial_feedback_text: text = 'Time Out'
19.5247 	EXP 	trial_feedback_text: text = 'Time Out'
19.5406 	EXP 	trial_feedback_text: text = 'Time Out'
19.5599 	EXP 	trial_feedback_text: text = 'Time Out'
19.5754 	EXP 	trial_feedback_text: text = 'Time Out'
19.5979 	EXP 	trial_feedback_text: text = 'Time Out'
19.6184 	EXP 	trial_feedback_text: text = 'Time Out'
19.6346 	EXP 	trial_feedback_text: text = 'Time Out'
19.6531 	EXP 	trial_feedback_text: text = 'Time Out'
19.6693 	EXP 	trial_feedback_text: text = 'Time Out'
19.6879 	EXP 	trial_feedback_text: text = 'Time Out'
19.7027 	EXP 	trial_feedback_text: text = 'Time Out'
19.7198 	EXP 	trial_feedback_text: text = 'Time Out'
19.7352 	EXP 	trial_feedback_text: text = 'Time Out'
19.7524 	EXP 	trial_feedback_text: text = 'Time Out'
19.7682 	EXP 	trial_feedback_text: text = 'Time Out'
19.7859 	EXP 	trial_feedback_text: text = 'Time Out'
19.8023 	EXP 	trial_feedback_text: text = 'Time Out'
19.8200 	EXP 	trial_feedback_text: text = 'Time Out'
19.8350 	EXP 	trial_feedback_text: text = 'Time Out'
19.8528 	EXP 	trial_feedback_text: text = 'Time Out'
19.8697 	EXP 	trial_feedback_text: text = 'Time Out'
19.8895 	EXP 	trial_feedback_text: text = 'Time Out'
19.9047 	EXP 	trial_feedback_text: text = 'Time Out'
19.9232 	EXP 	trial_feedback_text: text = 'Time Out'
19.9386 	EXP 	trial_feedback_text: text = 'Time Out'
19.9558 	EXP 	trial_faceImage: autoDraw = False
19.9558 	EXP 	trial_nameText: autoDraw = False
19.9558 	EXP 	trial_feedback_text: autoDraw = True
20.3560 	DATA 	Keypress: escape
20.6802 	EXP 	window1: mouseVisible = True
